2026-04-18 10:58:44.420 [info] Reading sessions from keychain...
2026-04-18 10:58:44.420 [info] Getting sessions for all scopes...
2026-04-18 10:58:44.445 [info] Got stored sessions!
2026-04-18 10:58:44.445 [info] Got 1 verified sessions.
2026-04-18 10:58:44.445 [info] Got 1 sessions for ...
2026-04-18 10:58:44.445 [info] Getting sessions for all scopes...
2026-04-18 10:58:44.445 [info] Got 1 sessions for ...
2026-04-18 10:58:44.478 [info] Getting sessions for all scopes...
2026-04-18 10:58:44.479 [info] Got 1 sessions for ...
2026-04-18 10:58:44.527 [info] Getting sessions for all scopes...
2026-04-18 10:58:44.527 [info] Got 1 sessions for ...
2026-04-18 10:58:45.162 [info] Getting sessions for read:user,repo,user:email,workflow...
2026-04-18 10:58:45.163 [info] Got 1 sessions for read:user,repo,user:email,workflow...
2026-04-18 10:58:45.324 [info] Getting sessions for all scopes...
2026-04-18 10:58:45.324 [info] Got 1 sessions for ...
2026-04-18 10:58:45.340 [info] Getting sessions for all scopes...
2026-04-18 10:58:45.340 [info] Got 1 sessions for ...
2026-04-18 10:58:46.101 [info] Getting sessions for all scopes...
2026-04-18 10:58:46.101 [info] Got 1 sessions for ...
2026-04-18 10:58:48.037 [info] Getting sessions for all scopes...
2026-04-18 10:58:48.037 [info] Got 1 sessions for ...
2026-04-18 10:58:48.038 [info] Getting sessions for all scopes...
2026-04-18 10:58:48.038 [info] Got 1 sessions for ...
2026-04-18 11:00:18.182 [info] Getting sessions for all scopes...
2026-04-18 11:00:18.182 [info] Got 1 sessions for ...
2026-04-18 11:00:18.183 [info] Getting sessions for all scopes...
2026-04-18 11:00:18.183 [info] Got 1 sessions for ...
2026-04-18 11:00:21.582 [info] Getting sessions for all scopes...
2026-04-18 11:00:21.582 [info] Got 1 sessions for ...
2026-04-18 11:00:21.582 [info] Getting sessions for all scopes...
2026-04-18 11:00:21.583 [info] Got 1 sessions for ...
2026-04-18 11:00:29.637 [info] Getting sessions for all scopes...
2026-04-18 11:00:29.637 [info] Got 1 sessions for ...
2026-04-18 11:00:29.638 [info] Getting sessions for all scopes...
2026-04-18 11:00:29.638 [info] Got 1 sessions for ...
2026-04-18 11:00:58.706 [info] Getting sessions for all scopes...
2026-04-18 11:00:58.706 [info] Got 1 sessions for ...
2026-04-18 11:00:58.709 [info] Getting sessions for all scopes...
2026-04-18 11:00:58.709 [info] Got 1 sessions for ...
2026-04-18 11:01:25.674 [info] Getting sessions for all scopes...
2026-04-18 11:01:25.674 [info] Got 1 sessions for ...
2026-04-18 11:01:25.675 [info] Getting sessions for all scopes...
2026-04-18 11:01:25.675 [info] Got 1 sessions for ...
2026-04-18 11:01:28.048 [info] Getting sessions for all scopes...
2026-04-18 11:01:28.048 [info] Got 1 sessions for ...
2026-04-18 11:01:28.049 [info] Getting sessions for all scopes...
2026-04-18 11:01:28.049 [info] Got 1 sessions for ...
2026-04-18 11:01:37.980 [info] Getting sessions for all scopes...
2026-04-18 11:01:37.980 [info] Got 1 sessions for ...
2026-04-18 11:01:37.982 [info] Getting sessions for all scopes...
2026-04-18 11:01:37.982 [info] Got 1 sessions for ...
2026-04-18 11:01:54.430 [info] Getting sessions for all scopes...
2026-04-18 11:01:54.430 [info] Got 1 sessions for ...
2026-04-18 11:01:54.447 [info] Getting sessions for all scopes...
2026-04-18 11:01:54.447 [info] Got 1 sessions for ...
2026-04-18 11:02:24.829 [info] Getting sessions for all scopes...
2026-04-18 11:02:24.829 [info] Got 1 sessions for ...
2026-04-18 11:02:24.831 [info] Getting sessions for all scopes...
2026-04-18 11:02:24.831 [info] Got 1 sessions for ...
2026-04-18 11:02:53.934 [info] Getting sessions for all scopes...
2026-04-18 11:02:53.934 [info] Got 1 sessions for ...
2026-04-18 11:02:53.948 [info] Getting sessions for all scopes...
2026-04-18 11:02:53.948 [info] Got 1 sessions for ...
2026-04-18 11:03:16.595 [info] Getting sessions for all scopes...
2026-04-18 11:03:16.595 [info] Got 1 sessions for ...
2026-04-18 11:03:16.599 [info] Getting sessions for all scopes...
2026-04-18 11:03:16.600 [info] Got 1 sessions for ...
2026-04-18 11:03:17.790 [info] Getting sessions for all scopes...
2026-04-18 11:03:17.790 [info] Got 1 sessions for ...
2026-04-18 11:03:17.803 [info] Getting sessions for all scopes...
2026-04-18 11:03:17.803 [info] Got 1 sessions for ...
2026-04-18 11:03:19.658 [info] Getting sessions for all scopes...
2026-04-18 11:03:19.658 [info] Got 1 sessions for ...
2026-04-18 11:03:19.661 [info] Getting sessions for all scopes...
2026-04-18 11:03:19.661 [info] Got 1 sessions for ...
2026-04-18 11:03:25.004 [info] Getting sessions for all scopes...
2026-04-18 11:03:25.004 [info] Got 1 sessions for ...
2026-04-18 11:03:25.006 [info] Getting sessions for all scopes...
2026-04-18 11:03:25.006 [info] Got 1 sessions for ...
2026-04-18 11:03:26.228 [info] Getting sessions for all scopes...
2026-04-18 11:03:26.228 [info] Got 1 sessions for ...
2026-04-18 11:03:26.229 [info] Getting sessions for all scopes...
2026-04-18 11:03:26.229 [info] Got 1 sessions for ...
2026-04-18 11:04:31.844 [info] Getting sessions for all scopes...
2026-04-18 11:04:31.844 [info] Got 1 sessions for ...
2026-04-18 11:04:31.864 [info] Getting sessions for all scopes...
2026-04-18 11:04:31.866 [info] Got 1 sessions for ...
2026-04-18 11:04:33.199 [info] Getting sessions for all scopes...
2026-04-18 11:04:33.199 [info] Got 1 sessions for ...
2026-04-18 11:04:33.200 [info] Getting sessions for all scopes...
2026-04-18 11:04:33.200 [info] Got 1 sessions for ...
2026-04-18 11:04:46.257 [info] Getting sessions for all scopes...
2026-04-18 11:04:46.258 [info] Got 1 sessions for ...
2026-04-18 11:04:46.259 [info] Getting sessions for all scopes...
2026-04-18 11:04:46.259 [info] Got 1 sessions for ...
2026-04-18 11:04:48.662 [info] Getting sessions for all scopes...
2026-04-18 11:04:48.662 [info] Got 1 sessions for ...
2026-04-18 11:04:48.664 [info] Getting sessions for all scopes...
2026-04-18 11:04:48.664 [info] Got 1 sessions for ...
2026-04-18 11:04:55.196 [info] Getting sessions for all scopes...
2026-04-18 11:04:55.196 [info] Got 1 sessions for ...
2026-04-18 11:04:55.197 [info] Getting sessions for all scopes...
2026-04-18 11:04:55.197 [info] Got 1 sessions for ...
2026-04-18 11:05:10.784 [info] Getting sessions for all scopes...
2026-04-18 11:05:10.784 [info] Got 1 sessions for ...
2026-04-18 11:05:10.786 [info] Getting sessions for all scopes...
2026-04-18 11:05:10.786 [info] Got 1 sessions for ...
2026-04-18 11:05:22.848 [info] Getting sessions for all scopes...
2026-04-18 11:05:22.848 [info] Got 1 sessions for ...
2026-04-18 11:05:22.850 [info] Getting sessions for all scopes...
2026-04-18 11:05:22.850 [info] Got 1 sessions for ...
2026-04-18 11:05:50.719 [info] Getting sessions for all scopes...
2026-04-18 11:05:50.719 [info] Got 1 sessions for ...
2026-04-18 11:05:50.720 [info] Getting sessions for all scopes...
2026-04-18 11:05:50.720 [info] Got 1 sessions for ...
2026-04-18 11:05:52.678 [info] Getting sessions for all scopes...
2026-04-18 11:05:52.678 [info] Got 1 sessions for ...
2026-04-18 11:05:52.679 [info] Getting sessions for all scopes...
2026-04-18 11:05:52.679 [info] Got 1 sessions for ...
2026-04-18 11:06:26.828 [info] Getting sessions for all scopes...
2026-04-18 11:06:26.829 [info] Got 1 sessions for ...
2026-04-18 11:06:26.830 [info] Getting sessions for all scopes...
2026-04-18 11:06:26.830 [info] Got 1 sessions for ...
2026-04-18 11:06:41.669 [info] Getting sessions for all scopes...
2026-04-18 11:06:41.669 [info] Got 1 sessions for ...
2026-04-18 11:06:41.672 [info] Getting sessions for all scopes...
2026-04-18 11:06:41.673 [info] Got 1 sessions for ...
2026-04-18 11:06:45.232 [info] Getting sessions for all scopes...
2026-04-18 11:06:45.233 [info] Got 1 sessions for ...
2026-04-18 11:06:45.249 [info] Getting sessions for all scopes...
2026-04-18 11:06:45.249 [info] Got 1 sessions for ...
2026-04-18 11:06:54.032 [info] Getting sessions for all scopes...
2026-04-18 11:06:54.032 [info] Got 1 sessions for ...
2026-04-18 11:06:54.037 [info] Getting sessions for all scopes...
2026-04-18 11:06:54.037 [info] Got 1 sessions for ...
2026-04-18 11:08:18.787 [info] Getting sessions for all scopes...
2026-04-18 11:08:18.787 [info] Got 1 sessions for ...
2026-04-18 11:08:18.787 [info] Getting sessions for all scopes...
2026-04-18 11:08:18.787 [info] Got 1 sessions for ...
2026-04-18 11:08:44.899 [info] Getting sessions for all scopes...
2026-04-18 11:08:44.899 [info] Got 1 sessions for ...
2026-04-18 11:08:44.899 [info] Getting sessions for all scopes...
2026-04-18 11:08:44.899 [info] Got 1 sessions for ...
2026-04-18 11:09:21.647 [info] Getting sessions for all scopes...
2026-04-18 11:09:21.648 [info] Got 1 sessions for ...
2026-04-18 11:09:21.649 [info] Getting sessions for all scopes...
2026-04-18 11:09:21.649 [info] Got 1 sessions for ...
2026-04-18 11:09:48.911 [info] Getting sessions for all scopes...
2026-04-18 11:09:48.911 [info] Got 1 sessions for ...
2026-04-18 11:09:48.915 [info] Getting sessions for all scopes...
2026-04-18 11:09:48.915 [info] Got 1 sessions for ...
2026-04-18 11:09:53.956 [info] Getting sessions for all scopes...
2026-04-18 11:09:53.956 [info] Got 1 sessions for ...
2026-04-18 11:09:53.957 [info] Getting sessions for all scopes...
2026-04-18 11:09:53.958 [info] Got 1 sessions for ...
2026-04-18 11:10:01.971 [info] Getting sessions for all scopes...
2026-04-18 11:10:01.971 [info] Got 1 sessions for ...
2026-04-18 11:10:01.973 [info] Getting sessions for all scopes...
2026-04-18 11:10:01.973 [info] Got 1 sessions for ...
2026-04-18 11:10:59.376 [info] Getting sessions for all scopes...
2026-04-18 11:10:59.376 [info] Got 1 sessions for ...
2026-04-18 11:10:59.376 [info] Getting sessions for all scopes...
2026-04-18 11:10:59.376 [info] Got 1 sessions for ...
2026-04-18 11:11:01.856 [info] Getting sessions for all scopes...
2026-04-18 11:11:01.856 [info] Got 1 sessions for ...
2026-04-18 11:11:01.858 [info] Getting sessions for all scopes...
2026-04-18 11:11:01.858 [info] Got 1 sessions for ...
2026-04-18 11:11:03.589 [info] Getting sessions for all scopes...
2026-04-18 11:11:03.589 [info] Got 1 sessions for ...
2026-04-18 11:11:03.590 [info] Getting sessions for all scopes...
2026-04-18 11:11:03.591 [info] Got 1 sessions for ...
2026-04-18 11:11:09.736 [info] Getting sessions for all scopes...
2026-04-18 11:11:09.736 [info] Got 1 sessions for ...
2026-04-18 11:11:09.737 [info] Getting sessions for all scopes...
2026-04-18 11:11:09.738 [info] Got 1 sessions for ...
2026-04-18 11:11:23.581 [info] Getting sessions for all scopes...
2026-04-18 11:11:23.581 [info] Got 1 sessions for ...
2026-04-18 11:11:23.581 [info] Getting sessions for all scopes...
2026-04-18 11:11:23.581 [info] Got 1 sessions for ...
2026-04-18 11:11:37.436 [info] Getting sessions for all scopes...
2026-04-18 11:11:37.436 [info] Got 1 sessions for ...
2026-04-18 11:11:37.439 [info] Getting sessions for all scopes...
2026-04-18 11:11:37.439 [info] Got 1 sessions for ...
2026-04-18 11:11:57.055 [info] Getting sessions for all scopes...
2026-04-18 11:11:57.055 [info] Got 1 sessions for ...
2026-04-18 11:11:57.056 [info] Getting sessions for all scopes...
2026-04-18 11:11:57.057 [info] Got 1 sessions for ...
2026-04-18 11:12:07.250 [info] Getting sessions for all scopes...
2026-04-18 11:12:07.250 [info] Got 1 sessions for ...
2026-04-18 11:12:07.255 [info] Getting sessions for all scopes...
2026-04-18 11:12:07.255 [info] Got 1 sessions for ...
2026-04-18 11:12:12.683 [info] Getting sessions for all scopes...
2026-04-18 11:12:12.683 [info] Got 1 sessions for ...
2026-04-18 11:12:12.687 [info] Getting sessions for all scopes...
2026-04-18 11:12:12.687 [info] Got 1 sessions for ...
2026-04-18 11:12:13.337 [info] Getting sessions for all scopes...
2026-04-18 11:12:13.337 [info] Got 1 sessions for ...
2026-04-18 11:12:13.339 [info] Getting sessions for all scopes...
2026-04-18 11:12:13.339 [info] Got 1 sessions for ...
2026-04-18 11:12:16.528 [info] Getting sessions for all scopes...
2026-04-18 11:12:16.528 [info] Got 1 sessions for ...
2026-04-18 11:12:16.532 [info] Getting sessions for all scopes...
2026-04-18 11:12:16.532 [info] Got 1 sessions for ...
2026-04-18 11:12:16.732 [info] Getting sessions for all scopes...
2026-04-18 11:12:16.732 [info] Got 1 sessions for ...
2026-04-18 11:12:16.733 [info] Getting sessions for all scopes...
2026-04-18 11:12:16.733 [info] Got 1 sessions for ...
2026-04-18 11:12:33.489 [info] Getting sessions for all scopes...
2026-04-18 11:12:33.489 [info] Got 1 sessions for ...
2026-04-18 11:12:33.489 [info] Getting sessions for all scopes...
2026-04-18 11:12:33.489 [info] Got 1 sessions for ...
2026-04-18 11:12:34.208 [info] Getting sessions for all scopes...
2026-04-18 11:12:34.208 [info] Got 1 sessions for ...
2026-04-18 11:12:34.211 [info] Getting sessions for all scopes...
2026-04-18 11:12:34.211 [info] Got 1 sessions for ...
2026-04-18 11:12:43.870 [info] Getting sessions for all scopes...
2026-04-18 11:12:43.871 [info] Got 1 sessions for ...
2026-04-18 11:12:43.871 [info] Getting sessions for all scopes...
2026-04-18 11:12:43.871 [info] Got 1 sessions for ...
2026-04-18 11:12:56.283 [info] Getting sessions for all scopes...
2026-04-18 11:12:56.283 [info] Got 1 sessions for ...
2026-04-18 11:12:56.285 [info] Getting sessions for all scopes...
2026-04-18 11:12:56.285 [info] Got 1 sessions for ...
2026-04-18 11:13:04.237 [info] Getting sessions for all scopes...
2026-04-18 11:13:04.237 [info] Got 1 sessions for ...
2026-04-18 11:13:04.239 [info] Getting sessions for all scopes...
2026-04-18 11:13:04.239 [info] Got 1 sessions for ...
2026-04-18 11:13:22.987 [info] Getting sessions for all scopes...
2026-04-18 11:13:22.987 [info] Got 1 sessions for ...
2026-04-18 11:13:22.988 [info] Getting sessions for all scopes...
2026-04-18 11:13:22.988 [info] Got 1 sessions for ...
2026-04-18 11:13:32.119 [info] Getting sessions for all scopes...
2026-04-18 11:13:32.120 [info] Got 1 sessions for ...
2026-04-18 11:13:32.121 [info] Getting sessions for all scopes...
2026-04-18 11:13:32.121 [info] Got 1 sessions for ...
2026-04-18 11:14:07.587 [info] Getting sessions for all scopes...
2026-04-18 11:14:07.587 [info] Got 1 sessions for ...
2026-04-18 11:14:07.588 [info] Getting sessions for all scopes...
2026-04-18 11:14:07.588 [info] Got 1 sessions for ...
2026-04-18 11:15:35.332 [info] Getting sessions for all scopes...
2026-04-18 11:15:35.332 [info] Got 1 sessions for ...
2026-04-18 11:15:35.333 [info] Getting sessions for all scopes...
2026-04-18 11:15:35.333 [info] Got 1 sessions for ...
2026-04-18 11:15:48.898 [info] Getting sessions for all scopes...
2026-04-18 11:15:48.898 [info] Got 1 sessions for ...
2026-04-18 11:15:48.900 [info] Getting sessions for all scopes...
2026-04-18 11:15:48.901 [info] Got 1 sessions for ...
2026-04-18 11:16:15.547 [info] Getting sessions for all scopes...
2026-04-18 11:16:15.550 [info] Got 1 sessions for ...
2026-04-18 11:16:15.567 [info] Getting sessions for all scopes...
2026-04-18 11:16:15.569 [info] Got 1 sessions for ...
2026-04-18 11:16:49.042 [info] Getting sessions for all scopes...
2026-04-18 11:16:49.045 [info] Got 1 sessions for ...
2026-04-18 11:16:49.046 [info] Getting sessions for all scopes...
2026-04-18 11:16:49.046 [info] Got 1 sessions for ...
2026-04-18 11:16:50.688 [info] Getting sessions for all scopes...
2026-04-18 11:16:50.688 [info] Got 1 sessions for ...
2026-04-18 11:16:50.689 [info] Getting sessions for all scopes...
2026-04-18 11:16:50.689 [info] Got 1 sessions for ...
2026-04-18 11:17:04.065 [info] Getting sessions for all scopes...
2026-04-18 11:17:04.065 [info] Got 1 sessions for ...
2026-04-18 11:17:04.066 [info] Getting sessions for all scopes...
2026-04-18 11:17:04.066 [info] Got 1 sessions for ...
2026-04-18 11:17:36.114 [info] Getting sessions for all scopes...
2026-04-18 11:17:36.114 [info] Got 1 sessions for ...
2026-04-18 11:17:36.114 [info] Getting sessions for all scopes...
2026-04-18 11:17:36.114 [info] Got 1 sessions for ...
2026-04-18 11:17:36.749 [info] Getting sessions for all scopes...
2026-04-18 11:17:36.749 [info] Got 1 sessions for ...
2026-04-18 11:17:36.761 [info] Getting sessions for all scopes...
2026-04-18 11:17:36.761 [info] Got 1 sessions for ...
2026-04-18 11:17:38.735 [info] Getting sessions for all scopes...
2026-04-18 11:17:38.735 [info] Got 1 sessions for ...
2026-04-18 11:17:38.738 [info] Getting sessions for all scopes...
2026-04-18 11:17:38.738 [info] Got 1 sessions for ...
2026-04-18 11:19:09.810 [info] Getting sessions for all scopes...
2026-04-18 11:19:09.810 [info] Got 1 sessions for ...
2026-04-18 11:19:09.810 [info] Getting sessions for all scopes...
2026-04-18 11:19:09.811 [info] Got 1 sessions for ...
2026-04-18 11:19:54.180 [info] Getting sessions for all scopes...
2026-04-18 11:19:54.180 [info] Got 1 sessions for ...
2026-04-18 11:19:54.181 [info] Getting sessions for all scopes...
2026-04-18 11:19:54.181 [info] Got 1 sessions for ...
2026-04-18 11:20:09.217 [info] Getting sessions for all scopes...
2026-04-18 11:20:09.217 [info] Got 1 sessions for ...
2026-04-18 11:20:09.217 [info] Getting sessions for all scopes...
2026-04-18 11:20:09.217 [info] Got 1 sessions for ...
2026-04-18 11:20:09.765 [info] Getting sessions for all scopes...
2026-04-18 11:20:09.766 [info] Got 1 sessions for ...
2026-04-18 11:20:09.785 [info] Getting sessions for all scopes...
2026-04-18 11:20:09.785 [info] Got 1 sessions for ...
2026-04-18 11:20:10.380 [info] Getting sessions for all scopes...
2026-04-18 11:20:10.381 [info] Got 1 sessions for ...
2026-04-18 11:20:10.382 [info] Getting sessions for all scopes...
2026-04-18 11:20:10.382 [info] Got 1 sessions for ...
2026-04-18 11:20:55.795 [info] Getting sessions for all scopes...
2026-04-18 11:20:55.804 [info] Got 1 sessions for ...
2026-04-18 11:20:55.807 [info] Getting sessions for all scopes...
2026-04-18 11:20:55.807 [info] Got 1 sessions for ...
2026-04-18 11:21:13.634 [info] Getting sessions for all scopes...
2026-04-18 11:21:13.634 [info] Got 1 sessions for ...
2026-04-18 11:21:13.635 [info] Getting sessions for all scopes...
2026-04-18 11:21:13.635 [info] Got 1 sessions for ...
2026-04-18 11:21:14.077 [info] Getting sessions for all scopes...
2026-04-18 11:21:14.077 [info] Got 1 sessions for ...
2026-04-18 11:21:14.078 [info] Getting sessions for all scopes...
2026-04-18 11:21:14.078 [info] Got 1 sessions for ...
2026-04-18 11:21:18.048 [info] Getting sessions for all scopes...
2026-04-18 11:21:18.048 [info] Got 1 sessions for ...
2026-04-18 11:21:18.050 [info] Getting sessions for all scopes...
2026-04-18 11:21:18.050 [info] Got 1 sessions for ...
2026-04-18 11:21:18.389 [info] Getting sessions for all scopes...
2026-04-18 11:21:18.389 [info] Got 1 sessions for ...
2026-04-18 11:21:18.390 [info] Getting sessions for all scopes...
2026-04-18 11:21:18.390 [info] Got 1 sessions for ...
2026-04-18 11:21:28.232 [info] Getting sessions for all scopes...
2026-04-18 11:21:28.232 [info] Got 1 sessions for ...
2026-04-18 11:21:28.239 [info] Getting sessions for all scopes...
2026-04-18 11:21:28.239 [info] Got 1 sessions for ...
2026-04-18 11:21:39.859 [info] Getting sessions for all scopes...
2026-04-18 11:21:39.861 [info] Got 1 sessions for ...
2026-04-18 11:21:39.864 [info] Getting sessions for all scopes...
2026-04-18 11:21:39.864 [info] Got 1 sessions for ...
2026-04-18 11:21:54.471 [info] Getting sessions for all scopes...
2026-04-18 11:21:54.471 [info] Got 1 sessions for ...
2026-04-18 11:21:54.471 [info] Getting sessions for all scopes...
2026-04-18 11:21:54.471 [info] Got 1 sessions for ...
2026-04-18 11:21:54.703 [info] Getting sessions for all scopes...
2026-04-18 11:21:54.703 [info] Got 1 sessions for ...
2026-04-18 11:21:54.704 [info] Getting sessions for all scopes...
2026-04-18 11:21:54.704 [info] Got 1 sessions for ...
2026-04-18 11:22:11.608 [info] Getting sessions for all scopes...
2026-04-18 11:22:11.608 [info] Got 1 sessions for ...
2026-04-18 11:22:11.612 [info] Getting sessions for all scopes...
2026-04-18 11:22:11.612 [info] Got 1 sessions for ...
2026-04-18 11:22:12.118 [info] Getting sessions for all scopes...
2026-04-18 11:22:12.118 [info] Got 1 sessions for ...
2026-04-18 11:22:12.129 [info] Getting sessions for all scopes...
2026-04-18 11:22:12.130 [info] Got 1 sessions for ...
2026-04-18 11:22:21.271 [info] Getting sessions for all scopes...
2026-04-18 11:22:21.271 [info] Got 1 sessions for ...
2026-04-18 11:22:21.273 [info] Getting sessions for all scopes...
2026-04-18 11:22:21.273 [info] Got 1 sessions for ...
2026-04-18 11:22:21.808 [info] Getting sessions for all scopes...
2026-04-18 11:22:21.808 [info] Got 1 sessions for ...
2026-04-18 11:22:21.808 [info] Getting sessions for all scopes...
2026-04-18 11:22:21.808 [info] Got 1 sessions for ...
2026-04-18 11:22:37.564 [info] Getting sessions for all scopes...
2026-04-18 11:22:37.564 [info] Got 1 sessions for ...
2026-04-18 11:22:37.567 [info] Getting sessions for all scopes...
2026-04-18 11:22:37.567 [info] Got 1 sessions for ...
2026-04-18 11:22:38.240 [info] Getting sessions for all scopes...
2026-04-18 11:22:38.240 [info] Got 1 sessions for ...
2026-04-18 11:22:38.241 [info] Getting sessions for all scopes...
2026-04-18 11:22:38.241 [info] Got 1 sessions for ...
2026-04-18 11:22:41.489 [info] Getting sessions for all scopes...
2026-04-18 11:22:41.489 [info] Got 1 sessions for ...
2026-04-18 11:22:41.489 [info] Getting sessions for all scopes...
2026-04-18 11:22:41.489 [info] Got 1 sessions for ...
2026-04-18 11:22:45.923 [info] Getting sessions for all scopes...
2026-04-18 11:22:45.923 [info] Got 1 sessions for ...
2026-04-18 11:22:45.923 [info] Getting sessions for all scopes...
2026-04-18 11:22:45.924 [info] Got 1 sessions for ...
2026-04-18 11:22:50.756 [info] Getting sessions for all scopes...
2026-04-18 11:22:50.756 [info] Got 1 sessions for ...
2026-04-18 11:22:50.757 [info] Getting sessions for all scopes...
2026-04-18 11:22:50.757 [info] Got 1 sessions for ...
2026-04-18 11:23:13.616 [info] Getting sessions for all scopes...
2026-04-18 11:23:13.617 [info] Got 1 sessions for ...
2026-04-18 11:23:13.617 [info] Getting sessions for all scopes...
2026-04-18 11:23:13.617 [info] Got 1 sessions for ...
2026-04-18 11:23:54.226 [info] Getting sessions for all scopes...
2026-04-18 11:23:54.226 [info] Got 1 sessions for ...
2026-04-18 11:23:54.234 [info] Getting sessions for all scopes...
2026-04-18 11:23:54.234 [info] Got 1 sessions for ...
2026-04-18 11:24:03.525 [info] Getting sessions for all scopes...
2026-04-18 11:24:03.525 [info] Got 1 sessions for ...
2026-04-18 11:24:03.528 [info] Getting sessions for all scopes...
2026-04-18 11:24:03.528 [info] Got 1 sessions for ...
2026-04-18 11:24:15.457 [info] Getting sessions for all scopes...
2026-04-18 11:24:15.457 [info] Got 1 sessions for ...
2026-04-18 11:24:15.465 [info] Getting sessions for all scopes...
2026-04-18 11:24:15.465 [info] Got 1 sessions for ...
2026-04-18 11:24:34.982 [info] Getting sessions for all scopes...
2026-04-18 11:24:34.982 [info] Got 1 sessions for ...
2026-04-18 11:24:34.984 [info] Getting sessions for all scopes...
2026-04-18 11:24:34.984 [info] Got 1 sessions for ...
2026-04-18 11:24:58.795 [info] Getting sessions for all scopes...
2026-04-18 11:24:58.796 [info] Got 1 sessions for ...
2026-04-18 11:24:58.797 [info] Getting sessions for all scopes...
2026-04-18 11:24:58.797 [info] Got 1 sessions for ...
2026-04-18 11:25:01.019 [info] Getting sessions for all scopes...
2026-04-18 11:25:01.020 [info] Got 1 sessions for ...
2026-04-18 11:25:01.024 [info] Getting sessions for all scopes...
2026-04-18 11:25:01.025 [info] Got 1 sessions for ...
2026-04-18 11:25:52.572 [info] Getting sessions for all scopes...
2026-04-18 11:25:52.573 [info] Got 1 sessions for ...
2026-04-18 11:25:52.593 [info] Getting sessions for all scopes...
2026-04-18 11:25:52.593 [info] Got 1 sessions for ...
2026-04-18 11:26:02.663 [info] Getting sessions for all scopes...
2026-04-18 11:26:02.663 [info] Got 1 sessions for ...
2026-04-18 11:26:02.671 [info] Getting sessions for all scopes...
2026-04-18 11:26:02.671 [info] Got 1 sessions for ...
2026-04-18 11:26:38.479 [info] Getting sessions for all scopes...
2026-04-18 11:26:38.479 [info] Got 1 sessions for ...
2026-04-18 11:26:38.482 [info] Getting sessions for all scopes...
2026-04-18 11:26:38.483 [info] Got 1 sessions for ...
2026-04-18 11:27:55.814 [info] Getting sessions for all scopes...
2026-04-18 11:27:55.814 [info] Got 1 sessions for ...
2026-04-18 11:27:55.818 [info] Getting sessions for all scopes...
2026-04-18 11:27:55.818 [info] Got 1 sessions for ...
2026-04-18 11:27:56.138 [info] Getting sessions for all scopes...
2026-04-18 11:27:56.138 [info] Got 1 sessions for ...
2026-04-18 11:27:56.139 [info] Getting sessions for all scopes...
2026-04-18 11:27:56.139 [info] Got 1 sessions for ...
2026-04-18 11:29:05.517 [info] Getting sessions for all scopes...
2026-04-18 11:29:05.519 [info] Got 1 sessions for ...
2026-04-18 11:29:05.529 [info] Getting sessions for all scopes...
2026-04-18 11:29:05.529 [info] Got 1 sessions for ...
2026-04-18 11:29:07.407 [info] Getting sessions for all scopes...
2026-04-18 11:29:07.408 [info] Got 1 sessions for ...
2026-04-18 11:29:07.408 [info] Getting sessions for all scopes...
2026-04-18 11:29:07.408 [info] Got 1 sessions for ...
2026-04-18 11:29:37.379 [info] Getting sessions for all scopes...
2026-04-18 11:29:37.379 [info] Got 1 sessions for ...
2026-04-18 11:29:37.391 [info] Getting sessions for all scopes...
2026-04-18 11:29:37.391 [info] Got 1 sessions for ...
2026-04-18 11:29:39.588 [info] Getting sessions for all scopes...
2026-04-18 11:29:39.588 [info] Got 1 sessions for ...
2026-04-18 11:29:39.588 [info] Getting sessions for all scopes...
2026-04-18 11:29:39.589 [info] Got 1 sessions for ...
2026-04-18 11:30:08.355 [info] Getting sessions for all scopes...
2026-04-18 11:30:08.355 [info] Got 1 sessions for ...
2026-04-18 11:30:08.357 [info] Getting sessions for all scopes...
2026-04-18 11:30:08.357 [info] Got 1 sessions for ...
2026-04-18 11:30:15.889 [info] Getting sessions for all scopes...
2026-04-18 11:30:15.889 [info] Got 1 sessions for ...
2026-04-18 11:30:15.896 [info] Getting sessions for all scopes...
2026-04-18 11:30:15.896 [info] Got 1 sessions for ...
2026-04-18 11:30:34.567 [info] Getting sessions for all scopes...
2026-04-18 11:30:34.567 [info] Got 1 sessions for ...
2026-04-18 11:30:34.568 [info] Getting sessions for all scopes...
2026-04-18 11:30:34.568 [info] Got 1 sessions for ...
2026-04-18 11:30:36.303 [info] Getting sessions for all scopes...
2026-04-18 11:30:36.303 [info] Got 1 sessions for ...
2026-04-18 11:30:36.306 [info] Getting sessions for all scopes...
2026-04-18 11:30:36.306 [info] Got 1 sessions for ...
2026-04-18 11:30:59.499 [info] Getting sessions for all scopes...
2026-04-18 11:30:59.499 [info] Got 1 sessions for ...
2026-04-18 11:30:59.504 [info] Getting sessions for all scopes...
2026-04-18 11:30:59.504 [info] Got 1 sessions for ...
2026-04-18 11:30:59.970 [info] Getting sessions for all scopes...
2026-04-18 11:30:59.970 [info] Got 1 sessions for ...
2026-04-18 11:30:59.974 [info] Getting sessions for all scopes...
2026-04-18 11:30:59.974 [info] Got 1 sessions for ...
2026-04-18 11:31:37.927 [info] Getting sessions for all scopes...
2026-04-18 11:31:37.927 [info] Got 1 sessions for ...
2026-04-18 11:31:37.928 [info] Getting sessions for all scopes...
2026-04-18 11:31:37.928 [info] Got 1 sessions for ...
2026-04-18 11:31:44.319 [info] Getting sessions for all scopes...
2026-04-18 11:31:44.319 [info] Got 1 sessions for ...
2026-04-18 11:31:44.339 [info] Getting sessions for all scopes...
2026-04-18 11:31:44.339 [info] Got 1 sessions for ...
2026-04-18 11:31:44.417 [info] Getting sessions for all scopes...
2026-04-18 11:31:44.417 [info] Got 1 sessions for ...
2026-04-18 11:31:44.417 [info] Getting sessions for all scopes...
2026-04-18 11:31:44.417 [info] Got 1 sessions for ...
2026-04-18 11:32:09.485 [info] Getting sessions for all scopes...
2026-04-18 11:32:09.485 [info] Got 1 sessions for ...
2026-04-18 11:32:09.486 [info] Getting sessions for all scopes...
2026-04-18 11:32:09.486 [info] Got 1 sessions for ...
2026-04-18 11:32:09.842 [info] Getting sessions for all scopes...
2026-04-18 11:32:09.842 [info] Got 1 sessions for ...
2026-04-18 11:32:09.853 [info] Getting sessions for all scopes...
2026-04-18 11:32:09.853 [info] Got 1 sessions for ...
2026-04-18 11:32:15.087 [info] Getting sessions for all scopes...
2026-04-18 11:32:15.087 [info] Got 1 sessions for ...
2026-04-18 11:32:15.091 [info] Getting sessions for all scopes...
2026-04-18 11:32:15.091 [info] Got 1 sessions for ...
2026-04-18 11:32:18.557 [info] Getting sessions for all scopes...
2026-04-18 11:32:18.557 [info] Got 1 sessions for ...
2026-04-18 11:32:18.557 [info] Getting sessions for all scopes...
2026-04-18 11:32:18.557 [info] Got 1 sessions for ...
2026-04-18 11:32:23.942 [info] Getting sessions for all scopes...
2026-04-18 11:32:23.942 [info] Got 1 sessions for ...
2026-04-18 11:32:23.951 [info] Getting sessions for all scopes...
2026-04-18 11:32:23.951 [info] Got 1 sessions for ...
2026-04-18 11:32:24.240 [info] Getting sessions for all scopes...
2026-04-18 11:32:24.240 [info] Got 1 sessions for ...
2026-04-18 11:32:24.242 [info] Getting sessions for all scopes...
2026-04-18 11:32:24.242 [info] Got 1 sessions for ...
2026-04-18 11:33:17.569 [info] Getting sessions for all scopes...
2026-04-18 11:33:17.569 [info] Got 1 sessions for ...
2026-04-18 11:33:17.570 [info] Getting sessions for all scopes...
2026-04-18 11:33:17.573 [info] Got 1 sessions for ...
2026-04-18 11:33:18.151 [info] Getting sessions for all scopes...
2026-04-18 11:33:18.151 [info] Got 1 sessions for ...
2026-04-18 11:33:18.152 [info] Getting sessions for all scopes...
2026-04-18 11:33:18.152 [info] Got 1 sessions for ...
2026-04-18 11:33:20.370 [info] Getting sessions for all scopes...
2026-04-18 11:33:20.370 [info] Got 1 sessions for ...
2026-04-18 11:33:20.371 [info] Getting sessions for all scopes...
2026-04-18 11:33:20.371 [info] Got 1 sessions for ...
2026-04-18 11:33:44.113 [info] Getting sessions for all scopes...
2026-04-18 11:33:44.113 [info] Got 1 sessions for ...
2026-04-18 11:33:44.126 [info] Getting sessions for all scopes...
2026-04-18 11:33:44.126 [info] Got 1 sessions for ...
2026-04-18 11:33:44.364 [info] Getting sessions for all scopes...
2026-04-18 11:33:44.364 [info] Got 1 sessions for ...
2026-04-18 11:33:44.365 [info] Getting sessions for all scopes...
2026-04-18 11:33:44.365 [info] Got 1 sessions for ...
2026-04-18 11:33:56.118 [info] Getting sessions for all scopes...
2026-04-18 11:33:56.118 [info] Got 1 sessions for ...
2026-04-18 11:33:56.120 [info] Getting sessions for all scopes...
2026-04-18 11:33:56.120 [info] Got 1 sessions for ...
2026-04-18 11:34:42.564 [info] Getting sessions for all scopes...
2026-04-18 11:34:42.564 [info] Got 1 sessions for ...
2026-04-18 11:34:42.585 [info] Getting sessions for all scopes...
2026-04-18 11:34:42.585 [info] Got 1 sessions for ...
2026-04-18 11:35:08.812 [info] Getting sessions for all scopes...
2026-04-18 11:35:08.812 [info] Got 1 sessions for ...
2026-04-18 11:35:08.813 [info] Getting sessions for all scopes...
2026-04-18 11:35:08.813 [info] Got 1 sessions for ...
2026-04-18 11:35:26.053 [info] Getting sessions for all scopes...
2026-04-18 11:35:26.053 [info] Got 1 sessions for ...
2026-04-18 11:35:26.063 [info] Getting sessions for all scopes...
2026-04-18 11:35:26.063 [info] Got 1 sessions for ...
2026-04-18 11:35:48.079 [info] Getting sessions for all scopes...
2026-04-18 11:35:48.079 [info] Got 1 sessions for ...
2026-04-18 11:35:48.087 [info] Getting sessions for all scopes...
2026-04-18 11:35:48.087 [info] Got 1 sessions for ...
2026-04-18 11:36:27.462 [info] Getting sessions for all scopes...
2026-04-18 11:36:27.462 [info] Got 1 sessions for ...
2026-04-18 11:36:27.467 [info] Getting sessions for all scopes...
2026-04-18 11:36:27.467 [info] Got 1 sessions for ...
2026-04-18 11:37:00.826 [info] Getting sessions for all scopes...
2026-04-18 11:37:00.826 [info] Got 1 sessions for ...
2026-04-18 11:37:00.827 [info] Getting sessions for all scopes...
2026-04-18 11:37:00.827 [info] Got 1 sessions for ...
2026-04-18 11:38:01.373 [info] Getting sessions for all scopes...
2026-04-18 11:38:01.373 [info] Got 1 sessions for ...
2026-04-18 11:38:01.377 [info] Getting sessions for all scopes...
2026-04-18 11:38:01.378 [info] Got 1 sessions for ...
2026-04-18 11:38:40.011 [info] Getting sessions for all scopes...
2026-04-18 11:38:40.011 [info] Got 1 sessions for ...
2026-04-18 11:38:40.013 [info] Getting sessions for all scopes...
2026-04-18 11:38:40.013 [info] Got 1 sessions for ...
2026-04-18 11:52:26.519 [info] Getting sessions for all scopes...
2026-04-18 11:52:26.520 [info] Got 1 sessions for ...
2026-04-18 11:52:26.524 [info] Getting sessions for all scopes...
2026-04-18 11:52:26.524 [info] Got 1 sessions for ...
2026-04-18 11:52:26.707 [info] Getting sessions for all scopes...
2026-04-18 11:52:26.707 [info] Got 1 sessions for ...
2026-04-18 11:52:26.710 [info] Getting sessions for all scopes...
2026-04-18 11:52:26.711 [info] Got 1 sessions for ...
2026-04-18 11:53:19.872 [info] Getting sessions for all scopes...
2026-04-18 11:53:19.875 [info] Got 1 sessions for ...
2026-04-18 11:53:19.876 [info] Getting sessions for all scopes...
2026-04-18 11:53:19.876 [info] Got 1 sessions for ...
2026-04-18 11:53:28.758 [info] Getting sessions for all scopes...
2026-04-18 11:53:28.758 [info] Got 1 sessions for ...
2026-04-18 11:53:28.761 [info] Getting sessions for all scopes...
2026-04-18 11:53:28.761 [info] Got 1 sessions for ...
2026-04-18 11:54:12.460 [info] Getting sessions for all scopes...
2026-04-18 11:54:12.464 [info] Got 1 sessions for ...
2026-04-18 11:54:12.476 [info] Getting sessions for all scopes...
2026-04-18 11:54:12.476 [info] Got 1 sessions for ...
2026-04-18 11:54:14.495 [info] Getting sessions for all scopes...
2026-04-18 11:54:14.497 [info] Got 1 sessions for ...
2026-04-18 11:54:14.498 [info] Getting sessions for all scopes...
2026-04-18 11:54:14.498 [info] Got 1 sessions for ...
2026-04-18 11:54:38.970 [info] Getting sessions for all scopes...
2026-04-18 11:54:38.970 [info] Got 1 sessions for ...
2026-04-18 11:54:38.970 [info] Getting sessions for all scopes...
2026-04-18 11:54:38.970 [info] Got 1 sessions for ...
2026-04-18 11:55:23.885 [info] Getting sessions for all scopes...
2026-04-18 11:55:23.888 [info] Got 1 sessions for ...
2026-04-18 11:55:23.890 [info] Getting sessions for all scopes...
2026-04-18 11:55:23.890 [info] Got 1 sessions for ...
2026-04-18 11:56:35.434 [info] Getting sessions for all scopes...
2026-04-18 11:56:35.437 [info] Got 1 sessions for ...
2026-04-18 11:56:35.438 [info] Getting sessions for all scopes...
2026-04-18 11:56:35.438 [info] Got 1 sessions for ...
2026-04-18 11:56:42.500 [info] Getting sessions for all scopes...
2026-04-18 11:56:42.500 [info] Got 1 sessions for ...
2026-04-18 11:56:42.501 [info] Getting sessions for all scopes...
2026-04-18 11:56:42.501 [info] Got 1 sessions for ...
2026-04-18 11:57:05.635 [info] Getting sessions for all scopes...
2026-04-18 11:57:05.635 [info] Got 1 sessions for ...
2026-04-18 11:57:05.640 [info] Getting sessions for all scopes...
2026-04-18 11:57:05.640 [info] Got 1 sessions for ...
2026-04-18 11:57:44.787 [info] Getting sessions for all scopes...
2026-04-18 11:57:44.790 [info] Got 1 sessions for ...
2026-04-18 11:57:44.791 [info] Getting sessions for all scopes...
2026-04-18 11:57:44.791 [info] Got 1 sessions for ...
2026-04-18 11:57:45.426 [info] Getting sessions for all scopes...
2026-04-18 11:57:45.426 [info] Got 1 sessions for ...
2026-04-18 11:57:45.426 [info] Getting sessions for all scopes...
2026-04-18 11:57:45.426 [info] Got 1 sessions for ...
2026-04-18 11:58:05.417 [info] Getting sessions for all scopes...
2026-04-18 11:58:05.417 [info] Got 1 sessions for ...
2026-04-18 11:58:05.417 [info] Getting sessions for all scopes...
2026-04-18 11:58:05.417 [info] Got 1 sessions for ...
2026-04-18 11:58:14.195 [info] Getting sessions for all scopes...
2026-04-18 11:58:14.195 [info] Got 1 sessions for ...
2026-04-18 11:58:14.196 [info] Getting sessions for all scopes...
2026-04-18 11:58:14.196 [info] Got 1 sessions for ...
2026-04-18 11:58:48.200 [info] Getting sessions for all scopes...
2026-04-18 11:58:48.200 [info] Got 1 sessions for ...
2026-04-18 11:58:48.205 [info] Getting sessions for all scopes...
2026-04-18 11:58:48.205 [info] Got 1 sessions for ...
2026-04-18 11:59:03.773 [info] Getting sessions for all scopes...
2026-04-18 11:59:03.775 [info] Got 1 sessions for ...
2026-04-18 11:59:03.777 [info] Getting sessions for all scopes...
2026-04-18 11:59:03.777 [info] Got 1 sessions for ...
2026-04-18 11:59:06.690 [info] Getting sessions for all scopes...
2026-04-18 11:59:06.690 [info] Got 1 sessions for ...
2026-04-18 11:59:06.692 [info] Getting sessions for all scopes...
2026-04-18 11:59:06.692 [info] Got 1 sessions for ...
2026-04-18 11:59:11.568 [info] Getting sessions for all scopes...
2026-04-18 11:59:11.568 [info] Got 1 sessions for ...
2026-04-18 11:59:11.568 [info] Getting sessions for all scopes...
2026-04-18 11:59:11.568 [info] Got 1 sessions for ...
2026-04-18 11:59:24.642 [info] Getting sessions for all scopes...
2026-04-18 11:59:24.642 [info] Got 1 sessions for ...
2026-04-18 11:59:24.642 [info] Getting sessions for all scopes...
2026-04-18 11:59:24.642 [info] Got 1 sessions for ...
2026-04-18 11:59:32.019 [info] Getting sessions for all scopes...
2026-04-18 11:59:32.020 [info] Got 1 sessions for ...
2026-04-18 11:59:32.021 [info] Getting sessions for all scopes...
2026-04-18 11:59:32.021 [info] Got 1 sessions for ...
2026-04-18 11:59:46.978 [info] Getting sessions for all scopes...
2026-04-18 11:59:46.978 [info] Got 1 sessions for ...
2026-04-18 11:59:46.979 [info] Getting sessions for all scopes...
2026-04-18 11:59:46.979 [info] Got 1 sessions for ...
2026-04-18 12:00:04.944 [info] Getting sessions for all scopes...
2026-04-18 12:00:04.944 [info] Got 1 sessions for ...
2026-04-18 12:00:04.949 [info] Getting sessions for all scopes...
2026-04-18 12:00:04.949 [info] Got 1 sessions for ...
2026-04-18 12:00:10.664 [info] Getting sessions for all scopes...
2026-04-18 12:00:10.664 [info] Got 1 sessions for ...
2026-04-18 12:00:10.665 [info] Getting sessions for all scopes...
2026-04-18 12:00:10.665 [info] Got 1 sessions for ...
2026-04-18 12:00:17.417 [info] Getting sessions for all scopes...
2026-04-18 12:00:17.417 [info] Got 1 sessions for ...
2026-04-18 12:00:17.418 [info] Getting sessions for all scopes...
2026-04-18 12:00:17.418 [info] Got 1 sessions for ...
2026-04-18 12:00:37.891 [info] Getting sessions for all scopes...
2026-04-18 12:00:37.891 [info] Got 1 sessions for ...
2026-04-18 12:00:37.891 [info] Getting sessions for all scopes...
2026-04-18 12:00:37.891 [info] Got 1 sessions for ...
2026-04-18 12:01:22.467 [info] Reading sessions from keychain...
2026-04-18 12:01:22.467 [info] Getting sessions for all scopes...
2026-04-18 12:01:22.467 [info] Got stored sessions!
2026-04-18 12:01:22.467 [info] Got 1 verified sessions.
2026-04-18 12:01:22.467 [info] Got 1 sessions for ...
2026-04-18 12:01:22.467 [info] Getting sessions for all scopes...
2026-04-18 12:01:22.467 [info] Got 1 sessions for ...
2026-04-18 12:01:22.467 [info] Getting sessions for all scopes...
2026-04-18 12:01:22.467 [info] Got 1 sessions for ...
2026-04-18 12:01:22.649 [info] Getting sessions for all scopes...
2026-04-18 12:01:22.649 [info] Got 1 sessions for ...
2026-04-18 12:01:22.652 [info] Getting sessions for all scopes...
2026-04-18 12:01:22.652 [info] Got 1 sessions for ...
2026-04-18 12:01:22.653 [info] Getting sessions for all scopes...
2026-04-18 12:01:22.653 [info] Got 1 sessions for ...
2026-04-18 12:01:22.655 [info] Getting sessions for all scopes...
2026-04-18 12:01:22.655 [info] Got 1 sessions for ...
2026-04-18 12:01:22.841 [info] Getting sessions for read:user,repo,user:email,workflow...
2026-04-18 12:01:22.841 [info] Got 1 sessions for read:user,repo,user:email,workflow...
2026-04-18 12:01:27.943 [info] Getting sessions for all scopes...
2026-04-18 12:01:27.943 [info] Got 1 sessions for ...
2026-04-18 12:01:27.943 [info] Getting sessions for all scopes...
2026-04-18 12:01:27.943 [info] Got 1 sessions for ...
2026-04-18 12:01:38.418 [info] Getting sessions for all scopes...
2026-04-18 12:01:38.418 [info] Got 1 sessions for ...
2026-04-18 12:01:38.419 [info] Getting sessions for all scopes...
2026-04-18 12:01:38.419 [info] Got 1 sessions for ...
2026-04-18 12:01:49.060 [info] Getting sessions for all scopes...
2026-04-18 12:01:49.060 [info] Got 1 sessions for ...
2026-04-18 12:01:49.061 [info] Getting sessions for all scopes...
2026-04-18 12:01:49.061 [info] Got 1 sessions for ...
2026-04-18 12:02:05.977 [info] Getting sessions for all scopes...
2026-04-18 12:02:05.977 [info] Got 1 sessions for ...
2026-04-18 12:02:05.982 [info] Getting sessions for all scopes...
2026-04-18 12:02:05.982 [info] Got 1 sessions for ...
2026-04-18 12:02:13.154 [info] Getting sessions for all scopes...
2026-04-18 12:02:13.154 [info] Got 1 sessions for ...
2026-04-18 12:02:13.155 [info] Getting sessions for all scopes...
2026-04-18 12:02:13.155 [info] Got 1 sessions for ...
2026-04-18 12:02:13.582 [info] Getting sessions for all scopes...
2026-04-18 12:02:13.584 [info] Got 1 sessions for ...
2026-04-18 12:02:13.585 [info] Getting sessions for all scopes...
2026-04-18 12:02:13.585 [info] Got 1 sessions for ...
2026-04-18 12:02:51.905 [info] Getting sessions for all scopes...
2026-04-18 12:02:51.906 [info] Got 1 sessions for ...
2026-04-18 12:02:51.906 [info] Getting sessions for all scopes...
2026-04-18 12:02:51.906 [info] Got 1 sessions for ...
2026-04-18 12:02:53.695 [info] Getting sessions for all scopes...
2026-04-18 12:02:53.699 [info] Got 1 sessions for ...
2026-04-18 12:02:53.742 [info] Getting sessions for all scopes...
2026-04-18 12:02:53.742 [info] Got 1 sessions for ...
2026-04-18 12:03:32.566 [info] Getting sessions for all scopes...
2026-04-18 12:03:32.566 [info] Got 1 sessions for ...
2026-04-18 12:03:32.577 [info] Getting sessions for all scopes...
2026-04-18 12:03:32.577 [info] Got 1 sessions for ...
2026-04-18 12:03:32.730 [info] Getting sessions for all scopes...
2026-04-18 12:03:32.730 [info] Got 1 sessions for ...
2026-04-18 12:03:32.732 [info] Getting sessions for all scopes...
2026-04-18 12:03:32.732 [info] Got 1 sessions for ...
2026-04-18 12:03:55.375 [info] Getting sessions for all scopes...
2026-04-18 12:03:55.375 [info] Got 1 sessions for ...
2026-04-18 12:03:55.375 [info] Getting sessions for all scopes...
2026-04-18 12:03:55.375 [info] Got 1 sessions for ...
2026-04-18 12:04:11.915 [info] Getting sessions for all scopes...
2026-04-18 12:04:11.916 [info] Got 1 sessions for ...
2026-04-18 12:04:11.959 [info] Getting sessions for all scopes...
2026-04-18 12:04:11.959 [info] Got 1 sessions for ...
2026-04-18 12:04:13.635 [info] Getting sessions for all scopes...
2026-04-18 12:04:13.639 [info] Got 1 sessions for ...
2026-04-18 12:04:13.643 [info] Getting sessions for all scopes...
2026-04-18 12:04:13.643 [info] Got 1 sessions for ...
2026-04-18 12:04:17.329 [info] Getting sessions for all scopes...
2026-04-18 12:04:17.329 [info] Got 1 sessions for ...
2026-04-18 12:04:17.330 [info] Getting sessions for all scopes...
2026-04-18 12:04:17.330 [info] Got 1 sessions for ...
2026-04-18 12:04:19.572 [info] Getting sessions for all scopes...
2026-04-18 12:04:19.572 [info] Got 1 sessions for ...
2026-04-18 12:04:19.592 [info] Getting sessions for all scopes...
2026-04-18 12:04:19.592 [info] Got 1 sessions for ...
2026-04-18 12:09:25.715 [info] Getting sessions for all scopes...
2026-04-18 12:09:25.715 [info] Got 1 sessions for ...
2026-04-18 12:09:25.718 [info] Getting sessions for all scopes...
2026-04-18 12:09:25.718 [info] Got 1 sessions for ...
2026-04-18 12:09:51.228 [info] Getting sessions for all scopes...
2026-04-18 12:09:51.228 [info] Got 1 sessions for ...
2026-04-18 12:09:51.231 [info] Getting sessions for all scopes...
2026-04-18 12:09:51.231 [info] Got 1 sessions for ...
2026-04-18 12:09:53.107 [info] Getting sessions for all scopes...
2026-04-18 12:09:53.107 [info] Got 1 sessions for ...
2026-04-18 12:09:53.116 [info] Getting sessions for all scopes...
2026-04-18 12:09:53.116 [info] Got 1 sessions for ...
2026-04-18 12:10:37.497 [info] Getting sessions for all scopes...
2026-04-18 12:10:37.497 [info] Got 1 sessions for ...
2026-04-18 12:10:37.499 [info] Getting sessions for all scopes...
2026-04-18 12:10:37.499 [info] Got 1 sessions for ...
2026-04-18 12:12:14.025 [info] Getting sessions for all scopes...
2026-04-18 12:12:14.025 [info] Got 1 sessions for ...
2026-04-18 12:12:14.026 [info] Getting sessions for all scopes...
2026-04-18 12:12:14.026 [info] Got 1 sessions for ...
2026-04-18 12:12:16.072 [info] Getting sessions for all scopes...
2026-04-18 12:12:16.072 [info] Got 1 sessions for ...
2026-04-18 12:12:16.073 [info] Getting sessions for all scopes...
2026-04-18 12:12:16.073 [info] Got 1 sessions for ...
2026-04-18 12:12:55.596 [info] Getting sessions for all scopes...
2026-04-18 12:12:55.596 [info] Got 1 sessions for ...
2026-04-18 12:12:55.605 [info] Getting sessions for all scopes...
2026-04-18 12:12:55.605 [info] Got 1 sessions for ...
2026-04-18 12:14:10.740 [info] Getting sessions for all scopes...
2026-04-18 12:14:10.740 [info] Got 1 sessions for ...
2026-04-18 12:14:10.742 [info] Getting sessions for all scopes...
2026-04-18 12:14:10.742 [info] Got 1 sessions for ...
2026-04-18 12:14:50.541 [info] Getting sessions for all scopes...
2026-04-18 12:14:50.542 [info] Got 1 sessions for ...
2026-04-18 12:14:50.545 [info] Getting sessions for all scopes...
2026-04-18 12:14:50.545 [info] Got 1 sessions for ...
2026-04-18 12:14:51.333 [info] Getting sessions for all scopes...
2026-04-18 12:14:51.333 [info] Got 1 sessions for ...
2026-04-18 12:14:51.341 [info] Getting sessions for all scopes...
2026-04-18 12:14:51.341 [info] Got 1 sessions for ...
2026-04-18 12:15:07.846 [info] Getting sessions for all scopes...
2026-04-18 12:15:07.846 [info] Got 1 sessions for ...
2026-04-18 12:15:07.847 [info] Getting sessions for all scopes...
2026-04-18 12:15:07.847 [info] Got 1 sessions for ...
2026-04-18 12:16:20.676 [info] Getting sessions for all scopes...
2026-04-18 12:16:20.676 [info] Got 1 sessions for ...
2026-04-18 12:16:20.677 [info] Getting sessions for all scopes...
2026-04-18 12:16:20.677 [info] Got 1 sessions for ...
2026-04-18 12:16:20.919 [info] Getting sessions for all scopes...
2026-04-18 12:16:20.919 [info] Got 1 sessions for ...
2026-04-18 12:16:20.938 [info] Getting sessions for all scopes...
2026-04-18 12:16:20.938 [info] Got 1 sessions for ...
2026-04-18 12:16:32.008 [info] Getting sessions for all scopes...
2026-04-18 12:16:32.008 [info] Got 1 sessions for ...
2026-04-18 12:16:32.029 [info] Getting sessions for all scopes...
2026-04-18 12:16:32.029 [info] Got 1 sessions for ...
2026-04-18 12:16:55.187 [info] Getting sessions for all scopes...
2026-04-18 12:16:55.187 [info] Got 1 sessions for ...
2026-04-18 12:16:55.214 [info] Getting sessions for all scopes...
2026-04-18 12:16:55.215 [info] Got 1 sessions for ...
2026-04-18 12:16:56.726 [info] Getting sessions for all scopes...
2026-04-18 12:16:56.727 [info] Got 1 sessions for ...
2026-04-18 12:16:56.728 [info] Getting sessions for all scopes...
2026-04-18 12:16:56.728 [info] Got 1 sessions for ...
2026-04-18 12:17:10.010 [info] Getting sessions for all scopes...
2026-04-18 12:17:10.012 [info] Got 1 sessions for ...
2026-04-18 12:17:10.016 [info] Getting sessions for all scopes...
2026-04-18 12:17:10.016 [info] Got 1 sessions for ...
2026-04-18 12:17:11.522 [info] Getting sessions for all scopes...
2026-04-18 12:17:11.522 [info] Got 1 sessions for ...
2026-04-18 12:17:11.527 [info] Getting sessions for all scopes...
2026-04-18 12:17:11.527 [info] Got 1 sessions for ...
2026-04-18 12:17:16.867 [info] Getting sessions for all scopes...
2026-04-18 12:17:16.867 [info] Got 1 sessions for ...
2026-04-18 12:17:16.867 [info] Getting sessions for all scopes...
2026-04-18 12:17:16.867 [info] Got 1 sessions for ...
2026-04-18 12:17:17.759 [info] Getting sessions for all scopes...
2026-04-18 12:17:17.759 [info] Got 1 sessions for ...
2026-04-18 12:17:17.763 [info] Getting sessions for all scopes...
2026-04-18 12:17:17.763 [info] Got 1 sessions for ...
2026-04-18 12:17:28.095 [info] Getting sessions for all scopes...
2026-04-18 12:17:28.095 [info] Got 1 sessions for ...
2026-04-18 12:17:28.097 [info] Getting sessions for all scopes...
2026-04-18 12:17:28.097 [info] Got 1 sessions for ...
2026-04-18 12:19:34.811 [info] Getting sessions for all scopes...
2026-04-18 12:19:34.811 [info] Got 1 sessions for ...
2026-04-18 12:19:34.812 [info] Getting sessions for all scopes...
2026-04-18 12:19:34.812 [info] Got 1 sessions for ...
2026-04-18 12:19:35.751 [info] Getting sessions for all scopes...
2026-04-18 12:19:35.751 [info] Got 1 sessions for ...
2026-04-18 12:19:35.752 [info] Getting sessions for all scopes...
2026-04-18 12:19:35.752 [info] Got 1 sessions for ...
2026-04-18 12:20:00.274 [info] Getting sessions for all scopes...
2026-04-18 12:20:00.274 [info] Got 1 sessions for ...
2026-04-18 12:20:00.295 [info] Getting sessions for all scopes...
2026-04-18 12:20:00.295 [info] Got 1 sessions for ...
2026-04-18 12:20:14.567 [info] Getting sessions for all scopes...
2026-04-18 12:20:14.567 [info] Got 1 sessions for ...
2026-04-18 12:20:14.569 [info] Getting sessions for all scopes...
2026-04-18 12:20:14.569 [info] Got 1 sessions for ...
2026-04-18 12:20:18.643 [info] Getting sessions for all scopes...
2026-04-18 12:20:18.643 [info] Got 1 sessions for ...
2026-04-18 12:20:18.646 [info] Getting sessions for all scopes...
2026-04-18 12:20:18.646 [info] Got 1 sessions for ...
2026-04-18 12:20:58.949 [info] Getting sessions for all scopes...
2026-04-18 12:20:58.949 [info] Got 1 sessions for ...
2026-04-18 12:20:58.950 [info] Getting sessions for all scopes...
2026-04-18 12:20:58.950 [info] Got 1 sessions for ...
2026-04-18 12:21:38.449 [info] Getting sessions for all scopes...
2026-04-18 12:21:38.449 [info] Got 1 sessions for ...
2026-04-18 12:21:38.472 [info] Getting sessions for all scopes...
2026-04-18 12:21:38.472 [info] Got 1 sessions for ...
2026-04-18 12:21:39.837 [info] Getting sessions for all scopes...
2026-04-18 12:21:39.837 [info] Got 1 sessions for ...
2026-04-18 12:21:39.837 [info] Getting sessions for all scopes...
2026-04-18 12:21:39.838 [info] Got 1 sessions for ...
2026-04-18 12:22:04.296 [info] Getting sessions for all scopes...
2026-04-18 12:22:04.297 [info] Got 1 sessions for ...
2026-04-18 12:22:04.298 [info] Getting sessions for all scopes...
2026-04-18 12:22:04.298 [info] Got 1 sessions for ...
2026-04-18 12:22:04.460 [info] Getting sessions for all scopes...
2026-04-18 12:22:04.460 [info] Got 1 sessions for ...
2026-04-18 12:22:04.461 [info] Getting sessions for all scopes...
2026-04-18 12:22:04.461 [info] Got 1 sessions for ...
2026-04-18 12:22:08.375 [info] Getting sessions for all scopes...
2026-04-18 12:22:08.376 [info] Got 1 sessions for ...
2026-04-18 12:22:08.376 [info] Getting sessions for all scopes...
2026-04-18 12:22:08.376 [info] Got 1 sessions for ...
2026-04-18 12:22:16.516 [info] Getting sessions for all scopes...
2026-04-18 12:22:16.516 [info] Got 1 sessions for ...
2026-04-18 12:22:16.517 [info] Getting sessions for all scopes...
2026-04-18 12:22:16.517 [info] Got 1 sessions for ...
2026-04-18 12:23:23.111 [info] Getting sessions for all scopes...
2026-04-18 12:23:23.111 [info] Got 1 sessions for ...
2026-04-18 12:23:23.112 [info] Getting sessions for all scopes...
2026-04-18 12:23:23.112 [info] Got 1 sessions for ...
2026-04-18 12:24:19.153 [info] Getting sessions for all scopes...
2026-04-18 12:24:19.153 [info] Got 1 sessions for ...
2026-04-18 12:24:19.154 [info] Getting sessions for all scopes...
2026-04-18 12:24:19.154 [info] Got 1 sessions for ...
2026-04-18 12:26:29.210 [info] Getting sessions for all scopes...
2026-04-18 12:26:29.210 [info] Got 1 sessions for ...
2026-04-18 12:26:29.210 [info] Getting sessions for all scopes...
2026-04-18 12:26:29.210 [info] Got 1 sessions for ...
2026-04-18 12:27:37.055 [info] Getting sessions for all scopes...
2026-04-18 12:27:37.055 [info] Got 1 sessions for ...
2026-04-18 12:27:37.061 [info] Getting sessions for all scopes...
2026-04-18 12:27:37.061 [info] Got 1 sessions for ...
2026-04-18 12:28:37.641 [info] Getting sessions for all scopes...
2026-04-18 12:28:37.642 [info] Got 1 sessions for ...
2026-04-18 12:28:37.642 [info] Getting sessions for all scopes...
2026-04-18 12:28:37.642 [info] Got 1 sessions for ...
2026-04-18 12:28:57.483 [info] Getting sessions for all scopes...
2026-04-18 12:28:57.483 [info] Got 1 sessions for ...
2026-04-18 12:28:57.485 [info] Getting sessions for all scopes...
2026-04-18 12:28:57.485 [info] Got 1 sessions for ...
2026-04-18 12:29:20.049 [info] Getting sessions for all scopes...
2026-04-18 12:29:20.049 [info] Got 1 sessions for ...
2026-04-18 12:29:20.049 [info] Getting sessions for all scopes...
2026-04-18 12:29:20.049 [info] Got 1 sessions for ...
2026-04-18 12:29:20.403 [info] Getting sessions for all scopes...
2026-04-18 12:29:20.403 [info] Got 1 sessions for ...
2026-04-18 12:29:20.403 [info] Getting sessions for all scopes...
2026-04-18 12:29:20.404 [info] Got 1 sessions for ...
2026-04-18 12:30:12.299 [info] Getting sessions for all scopes...
2026-04-18 12:30:12.299 [info] Got 1 sessions for ...
2026-04-18 12:30:12.299 [info] Getting sessions for all scopes...
2026-04-18 12:30:12.299 [info] Got 1 sessions for ...
2026-04-18 12:30:15.423 [info] Getting sessions for all scopes...
2026-04-18 12:30:15.423 [info] Got 1 sessions for ...
2026-04-18 12:30:15.423 [info] Getting sessions for all scopes...
2026-04-18 12:30:15.423 [info] Got 1 sessions for ...
2026-04-18 12:30:19.032 [info] Getting sessions for all scopes...
2026-04-18 12:30:19.032 [info] Got 1 sessions for ...
2026-04-18 12:30:19.033 [info] Getting sessions for all scopes...
2026-04-18 12:30:19.033 [info] Got 1 sessions for ...
2026-04-18 12:30:59.223 [info] Getting sessions for all scopes...
2026-04-18 12:30:59.223 [info] Got 1 sessions for ...
2026-04-18 12:30:59.226 [info] Getting sessions for all scopes...
2026-04-18 12:30:59.226 [info] Got 1 sessions for ...
2026-04-18 12:31:05.970 [info] Getting sessions for all scopes...
2026-04-18 12:31:05.970 [info] Got 1 sessions for ...
2026-04-18 12:31:05.972 [info] Getting sessions for all scopes...
2026-04-18 12:31:05.972 [info] Got 1 sessions for ...
2026-04-18 12:31:15.501 [info] Getting sessions for all scopes...
2026-04-18 12:31:15.501 [info] Got 1 sessions for ...
2026-04-18 12:31:15.509 [info] Getting sessions for all scopes...
2026-04-18 12:31:15.509 [info] Got 1 sessions for ...
2026-04-18 12:31:20.901 [info] Getting sessions for all scopes...
2026-04-18 12:31:20.902 [info] Got 1 sessions for ...
2026-04-18 12:31:20.905 [info] Getting sessions for all scopes...
2026-04-18 12:31:20.906 [info] Got 1 sessions for ...
2026-04-18 12:34:15.080 [info] Getting sessions for all scopes...
2026-04-18 12:34:15.080 [info] Got 1 sessions for ...
2026-04-18 12:34:15.081 [info] Getting sessions for all scopes...
2026-04-18 12:34:15.081 [info] Got 1 sessions for ...
2026-04-18 12:34:49.184 [info] Getting sessions for all scopes...
2026-04-18 12:34:49.184 [info] Got 1 sessions for ...
2026-04-18 12:34:49.188 [info] Getting sessions for all scopes...
2026-04-18 12:34:49.188 [info] Got 1 sessions for ...
2026-04-18 12:35:12.658 [info] Getting sessions for all scopes...
2026-04-18 12:35:12.658 [info] Got 1 sessions for ...
2026-04-18 12:35:12.659 [info] Getting sessions for all scopes...
2026-04-18 12:35:12.659 [info] Got 1 sessions for ...
2026-04-18 12:35:14.162 [info] Getting sessions for all scopes...
2026-04-18 12:35:14.165 [info] Got 1 sessions for ...
2026-04-18 12:35:14.178 [info] Getting sessions for all scopes...
2026-04-18 12:35:14.178 [info] Got 1 sessions for ...
2026-04-18 12:35:15.850 [info] Getting sessions for all scopes...
2026-04-18 12:35:15.850 [info] Got 1 sessions for ...
2026-04-18 12:35:15.851 [info] Getting sessions for all scopes...
2026-04-18 12:35:15.851 [info] Got 1 sessions for ...
2026-04-18 12:35:45.983 [info] Getting sessions for all scopes...
2026-04-18 12:35:45.983 [info] Got 1 sessions for ...
2026-04-18 12:35:46.003 [info] Getting sessions for all scopes...
2026-04-18 12:35:46.003 [info] Got 1 sessions for ...
2026-04-18 12:37:18.135 [info] Getting sessions for all scopes...
2026-04-18 12:37:18.135 [info] Got 1 sessions for ...
2026-04-18 12:37:18.142 [info] Getting sessions for all scopes...
2026-04-18 12:37:18.142 [info] Got 1 sessions for ...
2026-04-18 12:39:09.459 [info] Getting sessions for all scopes...
2026-04-18 12:39:09.459 [info] Got 1 sessions for ...
2026-04-18 12:39:09.462 [info] Getting sessions for all scopes...
2026-04-18 12:39:09.462 [info] Got 1 sessions for ...
2026-04-18 12:39:11.839 [info] Getting sessions for all scopes...
2026-04-18 12:39:11.839 [info] Got 1 sessions for ...
2026-04-18 12:39:11.840 [info] Getting sessions for all scopes...
2026-04-18 12:39:11.840 [info] Got 1 sessions for ...
2026-04-18 12:39:32.599 [info] Getting sessions for all scopes...
2026-04-18 12:39:32.599 [info] Got 1 sessions for ...
2026-04-18 12:39:32.599 [info] Getting sessions for all scopes...
2026-04-18 12:39:32.599 [info] Got 1 sessions for ...
2026-04-18 12:39:48.753 [info] Getting sessions for all scopes...
2026-04-18 12:39:48.753 [info] Got 1 sessions for ...
2026-04-18 12:39:48.755 [info] Getting sessions for all scopes...
2026-04-18 12:39:48.756 [info] Got 1 sessions for ...
2026-04-18 12:39:54.004 [info] Getting sessions for all scopes...
2026-04-18 12:39:54.004 [info] Got 1 sessions for ...
2026-04-18 12:39:54.005 [info] Getting sessions for all scopes...
2026-04-18 12:39:54.005 [info] Got 1 sessions for ...
2026-04-18 12:42:38.183 [info] Getting sessions for all scopes...
2026-04-18 12:42:38.183 [info] Got 1 sessions for ...
2026-04-18 12:42:38.188 [info] Getting sessions for all scopes...
2026-04-18 12:42:38.188 [info] Got 1 sessions for ...
2026-04-18 12:42:38.516 [info] Getting sessions for all scopes...
2026-04-18 12:42:38.516 [info] Got 1 sessions for ...
2026-04-18 12:42:38.517 [info] Getting sessions for all scopes...
2026-04-18 12:42:38.518 [info] Got 1 sessions for ...
2026-04-18 12:44:25.421 [info] Getting sessions for all scopes...
2026-04-18 12:44:25.421 [info] Got 1 sessions for ...
2026-04-18 12:44:25.425 [info] Getting sessions for all scopes...
2026-04-18 12:44:25.425 [info] Got 1 sessions for ...
