2026-04-18 16:26:47.433 [info] [main] Log level: Info
2026-04-18 16:26:47.433 [info] [main] Validating found git in: "git"
2026-04-18 16:26:47.433 [info] [main] Using git "2.53.0" from "git"
2026-04-18 16:26:47.433 [info] [Model][doInitialScan] Initial repository scan started
2026-04-18 16:26:47.433 [info] > git rev-parse --show-toplevel [7ms]
2026-04-18 16:26:47.433 [info] fatal: not a git repository (or any parent up to mount point /)
Stopping at filesystem boundary (GIT_DISCOVERY_ACROSS_FILESYSTEM not set).
2026-04-18 16:26:47.433 [info] > git rev-parse --show-toplevel [1ms]
2026-04-18 16:26:47.433 [info] fatal: not a git repository (or any parent up to mount point /)
Stopping at filesystem boundary (GIT_DISCOVERY_ACROSS_FILESYSTEM not set).
2026-04-18 16:26:47.433 [info] > git rev-parse --show-toplevel [2ms]
2026-04-18 16:26:47.433 [info] fatal: not a git repository (or any parent up to mount point /)
Stopping at filesystem boundary (GIT_DISCOVERY_ACROSS_FILESYSTEM not set).
2026-04-18 16:26:47.433 [info] > git rev-parse --show-toplevel [0ms]
2026-04-18 16:26:47.433 [info] fatal: not a git repository (or any parent up to mount point /)
Stopping at filesystem boundary (GIT_DISCOVERY_ACROSS_FILESYSTEM not set).
2026-04-18 16:26:47.433 [info] > git rev-parse --show-toplevel [1ms]
2026-04-18 16:26:47.433 [info] fatal: not a git repository (or any parent up to mount point /)
Stopping at filesystem boundary (GIT_DISCOVERY_ACROSS_FILESYSTEM not set).
2026-04-18 16:26:47.433 [info] > git rev-parse --show-toplevel [1ms]
2026-04-18 16:26:47.433 [info] fatal: not a git repository (or any parent up to mount point /)
Stopping at filesystem boundary (GIT_DISCOVERY_ACROSS_FILESYSTEM not set).
2026-04-18 16:26:47.433 [info] > git rev-parse --show-toplevel [1ms]
2026-04-18 16:26:47.433 [info] fatal: not a git repository (or any parent up to mount point /)
Stopping at filesystem boundary (GIT_DISCOVERY_ACROSS_FILESYSTEM not set).
2026-04-18 16:26:47.433 [info] > git rev-parse --show-toplevel [1ms]
2026-04-18 16:26:47.433 [info] fatal: not a git repository (or any parent up to mount point /)
Stopping at filesystem boundary (GIT_DISCOVERY_ACROSS_FILESYSTEM not set).
2026-04-18 16:26:47.433 [info] > git rev-parse --show-toplevel [1ms]
2026-04-18 16:26:47.433 [info] fatal: not a git repository (or any parent up to mount point /)
Stopping at filesystem boundary (GIT_DISCOVERY_ACROSS_FILESYSTEM not set).
2026-04-18 16:26:47.433 [info] > git rev-parse --show-toplevel [1ms]
2026-04-18 16:26:47.433 [info] fatal: not a git repository (or any parent up to mount point /)
Stopping at filesystem boundary (GIT_DISCOVERY_ACROSS_FILESYSTEM not set).
2026-04-18 16:26:47.433 [info] > git rev-parse --show-toplevel [1ms]
2026-04-18 16:26:47.433 [info] fatal: not a git repository (or any parent up to mount point /)
Stopping at filesystem boundary (GIT_DISCOVERY_ACROSS_FILESYSTEM not set).
2026-04-18 16:26:47.433 [info] > git rev-parse --show-toplevel [1ms]
2026-04-18 16:26:47.433 [info] fatal: not a git repository (or any parent up to mount point /)
Stopping at filesystem boundary (GIT_DISCOVERY_ACROSS_FILESYSTEM not set).
2026-04-18 16:26:47.433 [info] > git rev-parse --show-toplevel [1ms]
2026-04-18 16:26:47.433 [info] fatal: not a git repository (or any parent up to mount point /)
Stopping at filesystem boundary (GIT_DISCOVERY_ACROSS_FILESYSTEM not set).
2026-04-18 16:26:47.433 [info] > git rev-parse --show-toplevel [1ms]
2026-04-18 16:26:47.433 [info] fatal: not a git repository (or any parent up to mount point /)
Stopping at filesystem boundary (GIT_DISCOVERY_ACROSS_FILESYSTEM not set).
2026-04-18 16:26:47.434 [info] > git rev-parse --show-toplevel [1ms]
2026-04-18 16:26:47.434 [info] fatal: not a git repository (or any parent up to mount point /)
Stopping at filesystem boundary (GIT_DISCOVERY_ACROSS_FILESYSTEM not set).
2026-04-18 16:26:47.434 [info] > git rev-parse --show-toplevel [1ms]
2026-04-18 16:26:47.434 [info] fatal: not a git repository (or any parent up to mount point /)
Stopping at filesystem boundary (GIT_DISCOVERY_ACROSS_FILESYSTEM not set).
2026-04-18 16:26:47.434 [info] > git rev-parse --show-toplevel [1ms]
2026-04-18 16:26:47.434 [info] fatal: not a git repository (or any parent up to mount point /)
Stopping at filesystem boundary (GIT_DISCOVERY_ACROSS_FILESYSTEM not set).
2026-04-18 16:26:47.434 [info] > git rev-parse --show-toplevel [0ms]
2026-04-18 16:26:47.434 [info] fatal: not a git repository (or any parent up to mount point /)
Stopping at filesystem boundary (GIT_DISCOVERY_ACROSS_FILESYSTEM not set).
2026-04-18 16:26:47.434 [info] > git rev-parse --show-toplevel [9ms]
2026-04-18 16:26:47.434 [info] fatal: not a git repository (or any parent up to mount point /)
Stopping at filesystem boundary (GIT_DISCOVERY_ACROSS_FILESYSTEM not set).
2026-04-18 16:26:47.437 [info] > git rev-parse --show-toplevel [1ms]
2026-04-18 16:26:47.437 [info] fatal: not a git repository (or any parent up to mount point /)
Stopping at filesystem boundary (GIT_DISCOVERY_ACROSS_FILESYSTEM not set).
2026-04-18 16:26:47.440 [info] > git rev-parse --show-toplevel [1ms]
2026-04-18 16:26:47.440 [info] fatal: not a git repository (or any parent up to mount point /)
Stopping at filesystem boundary (GIT_DISCOVERY_ACROSS_FILESYSTEM not set).
2026-04-18 16:26:47.464 [info] > git rev-parse --show-toplevel [22ms]
2026-04-18 16:26:47.464 [info] fatal: not a git repository (or any parent up to mount point /)
Stopping at filesystem boundary (GIT_DISCOVERY_ACROSS_FILESYSTEM not set).
2026-04-18 16:26:47.469 [info] > git rev-parse --show-toplevel [1ms]
2026-04-18 16:26:47.469 [info] fatal: not a git repository (or any parent up to mount point /)
Stopping at filesystem boundary (GIT_DISCOVERY_ACROSS_FILESYSTEM not set).
2026-04-18 16:26:47.472 [info] > git rev-parse --show-toplevel [0ms]
2026-04-18 16:26:47.472 [info] fatal: not a git repository (or any parent up to mount point /)
Stopping at filesystem boundary (GIT_DISCOVERY_ACROSS_FILESYSTEM not set).
2026-04-18 16:26:47.475 [info] > git rev-parse --show-toplevel [1ms]
2026-04-18 16:26:47.475 [info] fatal: not a git repository (or any parent up to mount point /)
Stopping at filesystem boundary (GIT_DISCOVERY_ACROSS_FILESYSTEM not set).
2026-04-18 16:26:47.477 [info] > git rev-parse --show-toplevel [0ms]
2026-04-18 16:26:47.477 [info] fatal: not a git repository (or any parent up to mount point /)
Stopping at filesystem boundary (GIT_DISCOVERY_ACROSS_FILESYSTEM not set).
2026-04-18 16:26:47.480 [info] > git rev-parse --show-toplevel [1ms]
2026-04-18 16:26:47.480 [info] fatal: not a git repository (or any parent up to mount point /)
Stopping at filesystem boundary (GIT_DISCOVERY_ACROSS_FILESYSTEM not set).
2026-04-18 16:26:47.482 [info] > git rev-parse --show-toplevel [0ms]
2026-04-18 16:26:47.482 [info] fatal: not a git repository (or any parent up to mount point /)
Stopping at filesystem boundary (GIT_DISCOVERY_ACROSS_FILESYSTEM not set).
2026-04-18 16:26:47.485 [info] > git rev-parse --show-toplevel [1ms]
2026-04-18 16:26:47.485 [info] fatal: not a git repository (or any parent up to mount point /)
Stopping at filesystem boundary (GIT_DISCOVERY_ACROSS_FILESYSTEM not set).
2026-04-18 16:26:47.487 [info] > git rev-parse --show-toplevel [0ms]
2026-04-18 16:26:47.491 [info] > git rev-parse --git-dir --git-common-dir --show-superproject-working-tree [1ms]
2026-04-18 16:26:47.501 [info] [Model][openRepository] Opened repository (path): /home/surfiks/clock-rs
2026-04-18 16:26:47.501 [info] [Model][openRepository] Opened repository (real path): /home/surfiks/clock-rs
2026-04-18 16:26:47.501 [info] [Model][openRepository] Opened repository (kind): repository
2026-04-18 16:26:47.507 [info] > git rev-parse --show-toplevel [1ms]
2026-04-18 16:26:47.507 [info] fatal: not a git repository (or any parent up to mount point /)
Stopping at filesystem boundary (GIT_DISCOVERY_ACROSS_FILESYSTEM not set).
2026-04-18 16:26:47.507 [info] > git config --get commit.template [3ms]
2026-04-18 16:26:47.513 [info] > git rev-parse --show-toplevel [3ms]
2026-04-18 16:26:47.513 [info] fatal: not a git repository (or any parent up to mount point /)
Stopping at filesystem boundary (GIT_DISCOVERY_ACROSS_FILESYSTEM not set).
2026-04-18 16:26:47.515 [info] > git for-each-ref --format=%(refname)%00%(upstream:short)%00%(objectname)%00%(upstream:track)%00%(upstream:remotename)%00%(upstream:remoteref) refs/heads/main refs/remotes/main [3ms]
2026-04-18 16:26:47.517 [warning] [Git][revParse] Unable to read file: ENOENT: no such file or directory, open '/home/surfiks/clock-rs/.git/refs/remotes/origin/main'
2026-04-18 16:26:47.520 [info] > git rev-parse --show-toplevel [5ms]
2026-04-18 16:26:47.520 [info] fatal: not a git repository (or any parent up to mount point /)
Stopping at filesystem boundary (GIT_DISCOVERY_ACROSS_FILESYSTEM not set).
2026-04-18 16:26:47.522 [info] > git rev-parse refs/remotes/origin/main [5ms]
2026-04-18 16:26:47.528 [info] > git status -z -uall [3ms]
2026-04-18 16:26:47.528 [info] > git rev-parse --show-toplevel [6ms]
2026-04-18 16:26:47.531 [info] > git for-each-ref --sort -committerdate --format %(refname)%00%(objectname)%00%(*objectname) [4ms]
2026-04-18 16:26:47.548 [info] > git for-each-ref --format=%(refname)%00%(upstream:short)%00%(objectname)%00%(upstream:track)%00%(upstream:remotename)%00%(upstream:remoteref) refs/heads/main refs/remotes/main [4ms]
2026-04-18 16:26:47.550 [info] > git rev-parse --git-dir --git-common-dir --show-superproject-working-tree [19ms]
2026-04-18 16:26:47.552 [info] > git config --get --local branch.main.vscode-merge-base [2ms]
2026-04-18 16:26:47.554 [info] > git config --get commit.template [6ms]
2026-04-18 16:26:47.554 [info] > git for-each-ref --format=%(refname)%00%(upstream:short)%00%(objectname)%00%(upstream:track)%00%(upstream:remotename)%00%(upstream:remoteref) refs/heads/origin/main refs/remotes/origin/main [0ms]
2026-04-18 16:26:47.561 [info] > git for-each-ref --format=%(refname)%00%(upstream:short)%00%(objectname)%00%(upstream:track)%00%(upstream:remotename)%00%(upstream:remoteref) refs/heads/main refs/remotes/main [2ms]
2026-04-18 16:26:47.561 [info] > git merge-base refs/heads/main refs/remotes/origin/main [4ms]
2026-04-18 16:26:47.568 [warning] [Git][revParse] Unable to read file: ENOENT: no such file or directory, open '/home/surfiks/clock-rs/.git/refs/remotes/origin/main'
2026-04-18 16:26:47.568 [info] > git diff --raw --numstat --diff-filter=ADMR -z --find-renames=50% eb23ae0de642211fa8b0bc49d30661ceeb6d17e7...refs/remotes/origin/main -- [4ms]
2026-04-18 16:26:47.573 [info] [Model][openRepository] Opened repository (path): /home/surfiks/yay
2026-04-18 16:26:47.573 [info] [Model][openRepository] Opened repository (real path): /home/surfiks/yay
2026-04-18 16:26:47.573 [info] [Model][openRepository] Opened repository (kind): repository
2026-04-18 16:26:47.573 [info] [Model][doInitialScan] Initial repository scan completed - repositories (2), closed repositories (0), parent repositories (0), unsafe repositories (0)
2026-04-18 16:26:47.577 [info] > git rev-parse refs/remotes/origin/main [9ms]
2026-04-18 16:26:47.583 [info] > git status -z -uall [3ms]
2026-04-18 16:26:47.583 [info] > git for-each-ref --sort -committerdate --format %(refname)%00%(objectname)%00%(*objectname) [2ms]
2026-04-18 16:26:47.585 [info] > git config --get commit.template [9ms]
2026-04-18 16:26:47.590 [info] > git for-each-ref --format=%(refname)%00%(upstream:short)%00%(objectname)%00%(upstream:track)%00%(upstream:remotename)%00%(upstream:remoteref) refs/heads/master refs/remotes/master [2ms]
2026-04-18 16:26:47.592 [warning] [Git][revParse] Unable to read file: ENOENT: no such file or directory, open '/home/surfiks/yay/.git/refs/remotes/origin/master'
2026-04-18 16:26:47.593 [info] > git rev-parse refs/remotes/origin/master [1ms]
2026-04-18 16:26:47.599 [info] > git status -z -uall [4ms]
2026-04-18 16:26:47.600 [info] > git for-each-ref --sort -committerdate --format %(refname)%00%(objectname)%00%(*objectname) [2ms]
2026-04-18 16:26:47.607 [info] > git for-each-ref --format=%(refname)%00%(upstream:short)%00%(objectname)%00%(upstream:track)%00%(upstream:remotename)%00%(upstream:remoteref) refs/heads/master refs/remotes/master [4ms]
2026-04-18 16:26:47.610 [info] > git config --get --local branch.master.vscode-merge-base [1ms]
2026-04-18 16:26:47.612 [info] > git config --get commit.template [5ms]
2026-04-18 16:26:47.615 [info] > git for-each-ref --format=%(refname)%00%(upstream:short)%00%(objectname)%00%(upstream:track)%00%(upstream:remotename)%00%(upstream:remoteref) refs/heads/origin/master refs/remotes/origin/master [3ms]
2026-04-18 16:26:47.618 [info] > git for-each-ref --format=%(refname)%00%(upstream:short)%00%(objectname)%00%(upstream:track)%00%(upstream:remotename)%00%(upstream:remoteref) refs/heads/master refs/remotes/master [3ms]
2026-04-18 16:26:47.621 [warning] [Git][revParse] Unable to read file: ENOENT: no such file or directory, open '/home/surfiks/yay/.git/refs/remotes/origin/master'
2026-04-18 16:26:47.621 [info] > git merge-base refs/heads/master refs/remotes/origin/master [3ms]
2026-04-18 16:26:47.624 [info] > git rev-parse refs/remotes/origin/master [3ms]
2026-04-18 16:26:47.629 [info] > git status -z -uall [3ms]
2026-04-18 16:26:47.629 [info] > git diff --raw --numstat --diff-filter=ADMR -z --find-renames=50% 1a092538ebdfa373ddb641ab1fe564a2ed62877d...refs/remotes/origin/master -- [5ms]
2026-04-18 16:26:47.629 [info] > git for-each-ref --sort -committerdate --format %(refname)%00%(objectname)%00%(*objectname) [1ms]
2026-04-18 16:26:47.771 [info] > git rev-parse --show-toplevel [1ms]
2026-04-18 16:26:47.771 [info] fatal: not a git repository (or any parent up to mount point /)
Stopping at filesystem boundary (GIT_DISCOVERY_ACROSS_FILESYSTEM not set).
2026-04-18 16:26:48.470 [info] > git rev-parse --show-toplevel [1ms]
2026-04-18 16:26:48.470 [info] fatal: not a git repository (or any parent up to mount point /)
Stopping at filesystem boundary (GIT_DISCOVERY_ACROSS_FILESYSTEM not set).
2026-04-18 16:26:48.885 [info] > git rev-parse --show-toplevel [4ms]
2026-04-18 16:26:48.885 [info] fatal: not a git repository (or any parent up to mount point /)
Stopping at filesystem boundary (GIT_DISCOVERY_ACROSS_FILESYSTEM not set).
2026-04-18 16:27:27.317 [info] > git rev-parse --show-toplevel [3ms]
2026-04-18 16:27:27.317 [info] fatal: not a git repository (or any parent up to mount point /)
Stopping at filesystem boundary (GIT_DISCOVERY_ACROSS_FILESYSTEM not set).
2026-04-18 16:27:32.776 [info] > git rev-parse --show-toplevel [3ms]
2026-04-18 16:27:32.776 [info] fatal: not a git repository (or any parent up to mount point /)
Stopping at filesystem boundary (GIT_DISCOVERY_ACROSS_FILESYSTEM not set).
2026-04-18 16:27:50.407 [info] > git rev-parse --show-toplevel [1ms]
2026-04-18 16:27:50.407 [info] fatal: not a git repository (or any parent up to mount point /)
Stopping at filesystem boundary (GIT_DISCOVERY_ACROSS_FILESYSTEM not set).
2026-04-18 16:28:14.421 [info] > git rev-parse --show-toplevel [2ms]
2026-04-18 16:28:14.421 [info] fatal: not a git repository (or any parent up to mount point /)
Stopping at filesystem boundary (GIT_DISCOVERY_ACROSS_FILESYSTEM not set).
2026-04-18 16:29:12.012 [info] > git rev-parse --show-toplevel [1ms]
2026-04-18 16:29:12.013 [info] fatal: not a git repository (or any parent up to mount point /)
Stopping at filesystem boundary (GIT_DISCOVERY_ACROSS_FILESYSTEM not set).
2026-04-18 16:29:48.161 [info] > git rev-parse --show-toplevel [2ms]
2026-04-18 16:29:48.161 [info] fatal: not a git repository (or any parent up to mount point /)
Stopping at filesystem boundary (GIT_DISCOVERY_ACROSS_FILESYSTEM not set).
2026-04-18 16:29:58.793 [info] > git rev-parse --show-toplevel [2ms]
2026-04-18 16:29:58.793 [info] fatal: not a git repository (or any parent up to mount point /)
Stopping at filesystem boundary (GIT_DISCOVERY_ACROSS_FILESYSTEM not set).
2026-04-18 16:30:19.951 [info] > git rev-parse --show-toplevel [3ms]
2026-04-18 16:30:19.951 [info] fatal: not a git repository (or any parent up to mount point /)
Stopping at filesystem boundary (GIT_DISCOVERY_ACROSS_FILESYSTEM not set).
2026-04-18 16:33:56.777 [info] > git rev-parse --show-toplevel [2ms]
2026-04-18 16:33:56.777 [info] fatal: not a git repository (or any parent up to mount point /)
Stopping at filesystem boundary (GIT_DISCOVERY_ACROSS_FILESYSTEM not set).
2026-04-18 16:34:45.853 [info] > git rev-parse --show-toplevel [1ms]
2026-04-18 16:34:45.853 [info] fatal: not a git repository (or any parent up to mount point /)
Stopping at filesystem boundary (GIT_DISCOVERY_ACROSS_FILESYSTEM not set).
2026-04-18 16:37:24.106 [info] > git rev-parse --show-toplevel [1ms]
2026-04-18 16:37:24.107 [info] fatal: not a git repository (or any parent up to mount point /)
Stopping at filesystem boundary (GIT_DISCOVERY_ACROSS_FILESYSTEM not set).
2026-04-18 16:38:07.578 [info] > git rev-parse --show-toplevel [2ms]
2026-04-18 16:38:07.578 [info] fatal: not a git repository (or any parent up to mount point /)
Stopping at filesystem boundary (GIT_DISCOVERY_ACROSS_FILESYSTEM not set).
2026-04-18 16:45:04.624 [info] > git rev-parse --show-toplevel [1ms]
2026-04-18 16:45:04.624 [info] fatal: not a git repository (or any parent up to mount point /)
Stopping at filesystem boundary (GIT_DISCOVERY_ACROSS_FILESYSTEM not set).
2026-04-18 16:45:40.347 [info] > git rev-parse --show-toplevel [2ms]
2026-04-18 16:45:40.347 [info] fatal: not a git repository (or any parent up to mount point /)
Stopping at filesystem boundary (GIT_DISCOVERY_ACROSS_FILESYSTEM not set).
