2026-04-18 15:38:51.990 [info] Reading sessions from keychain...
2026-04-18 15:38:51.990 [info] Getting sessions for all scopes...
2026-04-18 15:38:52.010 [info] Got stored sessions!
2026-04-18 15:38:52.010 [info] Got 1 verified sessions.
2026-04-18 15:38:52.010 [info] Got 1 sessions for ...
2026-04-18 15:38:52.010 [info] Getting sessions for all scopes...
2026-04-18 15:38:52.010 [info] Got 1 sessions for ...
2026-04-18 15:38:52.015 [info] Getting sessions for all scopes...
2026-04-18 15:38:52.015 [info] Got 1 sessions for ...
2026-04-18 15:38:52.061 [info] Getting sessions for all scopes...
2026-04-18 15:38:52.061 [info] Got 1 sessions for ...
2026-04-18 15:38:52.319 [info] Getting sessions for read:user,repo,user:email,workflow...
2026-04-18 15:38:52.319 [info] Got 1 sessions for read:user,repo,user:email,workflow...
2026-04-18 15:38:53.911 [info] Getting sessions for all scopes...
2026-04-18 15:38:53.911 [info] Got 1 sessions for ...
2026-04-18 15:39:48.918 [info] Getting sessions for all scopes...
2026-04-18 15:39:48.918 [info] Got 1 sessions for ...
2026-04-18 15:39:48.919 [info] Getting sessions for all scopes...
2026-04-18 15:39:48.919 [info] Got 1 sessions for ...
2026-04-18 15:39:54.872 [info] Getting sessions for all scopes...
2026-04-18 15:39:54.872 [info] Got 1 sessions for ...
2026-04-18 15:39:54.881 [info] Getting sessions for all scopes...
2026-04-18 15:39:54.881 [info] Got 1 sessions for ...
2026-04-18 15:40:24.010 [info] Getting sessions for all scopes...
2026-04-18 15:40:24.011 [info] Got 1 sessions for ...
2026-04-18 15:40:24.011 [info] Getting sessions for all scopes...
2026-04-18 15:40:24.011 [info] Got 1 sessions for ...
2026-04-18 15:40:39.328 [info] Getting sessions for all scopes...
2026-04-18 15:40:39.328 [info] Got 1 sessions for ...
2026-04-18 15:40:39.330 [info] Getting sessions for all scopes...
2026-04-18 15:40:39.330 [info] Got 1 sessions for ...
2026-04-18 15:41:45.065 [info] Getting sessions for all scopes...
2026-04-18 15:41:45.065 [info] Got 1 sessions for ...
2026-04-18 15:41:45.065 [info] Getting sessions for all scopes...
2026-04-18 15:41:45.066 [info] Got 1 sessions for ...
2026-04-18 15:41:45.860 [info] Getting sessions for all scopes...
2026-04-18 15:41:45.860 [info] Got 1 sessions for ...
2026-04-18 15:41:45.861 [info] Getting sessions for all scopes...
2026-04-18 15:41:45.861 [info] Got 1 sessions for ...
2026-04-18 15:42:27.097 [info] Getting sessions for all scopes...
2026-04-18 15:42:27.097 [info] Got 1 sessions for ...
2026-04-18 15:42:27.100 [info] Getting sessions for all scopes...
2026-04-18 15:42:27.100 [info] Got 1 sessions for ...
2026-04-18 15:42:40.906 [info] Getting sessions for all scopes...
2026-04-18 15:42:40.906 [info] Got 1 sessions for ...
2026-04-18 15:42:40.906 [info] Getting sessions for all scopes...
2026-04-18 15:42:40.906 [info] Got 1 sessions for ...
2026-04-18 15:42:50.879 [info] Getting sessions for all scopes...
2026-04-18 15:42:50.879 [info] Got 1 sessions for ...
2026-04-18 15:42:50.880 [info] Getting sessions for all scopes...
2026-04-18 15:42:50.880 [info] Got 1 sessions for ...
2026-04-18 15:42:51.900 [info] Getting sessions for all scopes...
2026-04-18 15:42:51.900 [info] Got 1 sessions for ...
2026-04-18 15:42:51.901 [info] Getting sessions for all scopes...
2026-04-18 15:42:51.901 [info] Got 1 sessions for ...
2026-04-18 15:42:56.280 [info] Getting sessions for all scopes...
2026-04-18 15:42:56.280 [info] Got 1 sessions for ...
2026-04-18 15:42:56.280 [info] Getting sessions for all scopes...
2026-04-18 15:42:56.280 [info] Got 1 sessions for ...
2026-04-18 15:43:01.716 [info] Getting sessions for all scopes...
2026-04-18 15:43:01.717 [info] Got 1 sessions for ...
2026-04-18 15:43:01.717 [info] Getting sessions for all scopes...
2026-04-18 15:43:01.717 [info] Got 1 sessions for ...
2026-04-18 15:43:36.215 [info] Getting sessions for all scopes...
2026-04-18 15:43:36.215 [info] Got 1 sessions for ...
2026-04-18 15:43:36.216 [info] Getting sessions for all scopes...
2026-04-18 15:43:36.216 [info] Got 1 sessions for ...
2026-04-18 15:43:42.561 [info] Getting sessions for all scopes...
2026-04-18 15:43:42.561 [info] Got 1 sessions for ...
2026-04-18 15:43:42.562 [info] Getting sessions for all scopes...
2026-04-18 15:43:42.562 [info] Got 1 sessions for ...
2026-04-18 15:43:45.844 [info] Getting sessions for all scopes...
2026-04-18 15:43:45.844 [info] Got 1 sessions for ...
2026-04-18 15:43:45.845 [info] Getting sessions for all scopes...
2026-04-18 15:43:45.845 [info] Got 1 sessions for ...
2026-04-18 15:43:49.382 [info] Getting sessions for all scopes...
2026-04-18 15:43:49.382 [info] Got 1 sessions for ...
2026-04-18 15:43:49.382 [info] Getting sessions for all scopes...
2026-04-18 15:43:49.382 [info] Got 1 sessions for ...
2026-04-18 15:43:53.953 [info] Getting sessions for all scopes...
2026-04-18 15:43:53.953 [info] Got 1 sessions for ...
2026-04-18 15:43:53.955 [info] Getting sessions for all scopes...
2026-04-18 15:43:53.956 [info] Got 1 sessions for ...
2026-04-18 15:44:05.300 [info] Getting sessions for all scopes...
2026-04-18 15:44:05.301 [info] Got 1 sessions for ...
2026-04-18 15:44:05.304 [info] Getting sessions for all scopes...
2026-04-18 15:44:05.304 [info] Got 1 sessions for ...
2026-04-18 15:44:09.153 [info] Getting sessions for all scopes...
2026-04-18 15:44:09.153 [info] Got 1 sessions for ...
2026-04-18 15:44:09.153 [info] Getting sessions for all scopes...
2026-04-18 15:44:09.154 [info] Got 1 sessions for ...
2026-04-18 15:44:20.454 [info] Getting sessions for all scopes...
2026-04-18 15:44:20.454 [info] Got 1 sessions for ...
2026-04-18 15:44:20.454 [info] Getting sessions for all scopes...
2026-04-18 15:44:20.454 [info] Got 1 sessions for ...
2026-04-18 15:45:37.730 [info] Getting sessions for all scopes...
2026-04-18 15:45:37.730 [info] Got 1 sessions for ...
2026-04-18 15:45:37.730 [info] Getting sessions for all scopes...
2026-04-18 15:45:37.730 [info] Got 1 sessions for ...
2026-04-18 15:45:38.179 [info] Getting sessions for all scopes...
2026-04-18 15:45:38.179 [info] Got 1 sessions for ...
2026-04-18 15:45:38.180 [info] Getting sessions for all scopes...
2026-04-18 15:45:38.180 [info] Got 1 sessions for ...
2026-04-18 15:45:47.221 [info] Getting sessions for all scopes...
2026-04-18 15:45:47.221 [info] Got 1 sessions for ...
2026-04-18 15:45:47.224 [info] Getting sessions for all scopes...
2026-04-18 15:45:47.224 [info] Got 1 sessions for ...
2026-04-18 15:45:50.097 [info] Getting sessions for all scopes...
2026-04-18 15:45:50.097 [info] Got 1 sessions for ...
2026-04-18 15:45:50.099 [info] Getting sessions for all scopes...
2026-04-18 15:45:50.099 [info] Got 1 sessions for ...
2026-04-18 15:45:51.738 [info] Getting sessions for all scopes...
2026-04-18 15:45:51.738 [info] Got 1 sessions for ...
2026-04-18 15:45:51.745 [info] Getting sessions for all scopes...
2026-04-18 15:45:51.745 [info] Got 1 sessions for ...
2026-04-18 15:46:05.772 [info] Getting sessions for all scopes...
2026-04-18 15:46:05.772 [info] Got 1 sessions for ...
2026-04-18 15:46:05.779 [info] Getting sessions for all scopes...
2026-04-18 15:46:05.779 [info] Got 1 sessions for ...
2026-04-18 15:46:10.692 [info] Getting sessions for all scopes...
2026-04-18 15:46:10.692 [info] Got 1 sessions for ...
2026-04-18 15:46:10.693 [info] Getting sessions for all scopes...
2026-04-18 15:46:10.693 [info] Got 1 sessions for ...
2026-04-18 15:46:10.839 [info] Getting sessions for all scopes...
2026-04-18 15:46:10.839 [info] Got 1 sessions for ...
2026-04-18 15:46:10.842 [info] Getting sessions for all scopes...
2026-04-18 15:46:10.842 [info] Got 1 sessions for ...
2026-04-18 15:46:16.192 [info] Getting sessions for all scopes...
2026-04-18 15:46:16.192 [info] Got 1 sessions for ...
2026-04-18 15:46:16.192 [info] Getting sessions for all scopes...
2026-04-18 15:46:16.192 [info] Got 1 sessions for ...
2026-04-18 15:46:58.638 [info] Getting sessions for all scopes...
2026-04-18 15:46:58.638 [info] Got 1 sessions for ...
2026-04-18 15:46:58.638 [info] Getting sessions for all scopes...
2026-04-18 15:46:58.638 [info] Got 1 sessions for ...
2026-04-18 15:47:06.620 [info] Getting sessions for all scopes...
2026-04-18 15:47:06.620 [info] Got 1 sessions for ...
2026-04-18 15:47:06.624 [info] Getting sessions for all scopes...
2026-04-18 15:47:06.624 [info] Got 1 sessions for ...
2026-04-18 15:47:24.088 [info] Getting sessions for all scopes...
2026-04-18 15:47:24.088 [info] Got 1 sessions for ...
2026-04-18 15:47:24.089 [info] Getting sessions for all scopes...
2026-04-18 15:47:24.089 [info] Got 1 sessions for ...
2026-04-18 15:47:32.055 [info] Getting sessions for all scopes...
2026-04-18 15:47:32.055 [info] Got 1 sessions for ...
2026-04-18 15:47:32.064 [info] Getting sessions for all scopes...
2026-04-18 15:47:32.064 [info] Got 1 sessions for ...
2026-04-18 15:47:33.099 [info] Getting sessions for all scopes...
2026-04-18 15:47:33.099 [info] Got 1 sessions for ...
2026-04-18 15:47:33.100 [info] Getting sessions for all scopes...
2026-04-18 15:47:33.100 [info] Got 1 sessions for ...
2026-04-18 15:47:33.713 [info] Getting sessions for all scopes...
2026-04-18 15:47:33.714 [info] Got 1 sessions for ...
2026-04-18 15:47:33.717 [info] Getting sessions for all scopes...
2026-04-18 15:47:33.717 [info] Got 1 sessions for ...
2026-04-18 15:47:49.872 [info] Getting sessions for all scopes...
2026-04-18 15:47:49.872 [info] Got 1 sessions for ...
2026-04-18 15:47:49.873 [info] Getting sessions for all scopes...
2026-04-18 15:47:49.873 [info] Got 1 sessions for ...
2026-04-18 15:48:31.525 [info] Getting sessions for all scopes...
2026-04-18 15:48:31.529 [info] Got 1 sessions for ...
2026-04-18 15:48:31.529 [info] Getting sessions for all scopes...
2026-04-18 15:48:31.529 [info] Got 1 sessions for ...
2026-04-18 15:48:40.094 [info] Getting sessions for all scopes...
2026-04-18 15:48:40.094 [info] Got 1 sessions for ...
2026-04-18 15:48:40.098 [info] Getting sessions for all scopes...
2026-04-18 15:48:40.098 [info] Got 1 sessions for ...
2026-04-18 15:49:05.317 [info] Getting sessions for all scopes...
2026-04-18 15:49:05.317 [info] Got 1 sessions for ...
2026-04-18 15:49:05.318 [info] Getting sessions for all scopes...
2026-04-18 15:49:05.318 [info] Got 1 sessions for ...
2026-04-18 15:49:10.675 [info] Getting sessions for all scopes...
2026-04-18 15:49:10.675 [info] Got 1 sessions for ...
2026-04-18 15:49:10.684 [info] Getting sessions for all scopes...
2026-04-18 15:49:10.684 [info] Got 1 sessions for ...
2026-04-18 15:49:13.490 [info] Getting sessions for all scopes...
2026-04-18 15:49:13.490 [info] Got 1 sessions for ...
2026-04-18 15:49:13.492 [info] Getting sessions for all scopes...
2026-04-18 15:49:13.492 [info] Got 1 sessions for ...
2026-04-18 15:49:23.524 [info] Getting sessions for all scopes...
2026-04-18 15:49:23.525 [info] Got 1 sessions for ...
2026-04-18 15:49:23.532 [info] Getting sessions for all scopes...
2026-04-18 15:49:23.532 [info] Got 1 sessions for ...
2026-04-18 15:49:36.871 [info] Getting sessions for all scopes...
2026-04-18 15:49:36.871 [info] Got 1 sessions for ...
2026-04-18 15:49:36.871 [info] Getting sessions for all scopes...
2026-04-18 15:49:36.871 [info] Got 1 sessions for ...
2026-04-18 15:49:39.193 [info] Getting sessions for all scopes...
2026-04-18 15:49:39.195 [info] Got 1 sessions for ...
2026-04-18 15:49:39.196 [info] Getting sessions for all scopes...
2026-04-18 15:49:39.196 [info] Got 1 sessions for ...
2026-04-18 15:49:54.110 [info] Getting sessions for all scopes...
2026-04-18 15:49:54.110 [info] Got 1 sessions for ...
2026-04-18 15:49:54.112 [info] Getting sessions for all scopes...
2026-04-18 15:49:54.112 [info] Got 1 sessions for ...
2026-04-18 15:49:56.373 [info] Getting sessions for all scopes...
2026-04-18 15:49:56.373 [info] Got 1 sessions for ...
2026-04-18 15:49:56.375 [info] Getting sessions for all scopes...
2026-04-18 15:49:56.375 [info] Got 1 sessions for ...
2026-04-18 15:49:56.855 [info] Getting sessions for all scopes...
2026-04-18 15:49:56.855 [info] Got 1 sessions for ...
2026-04-18 15:49:56.856 [info] Getting sessions for all scopes...
2026-04-18 15:49:56.856 [info] Got 1 sessions for ...
2026-04-18 15:50:02.942 [info] Getting sessions for all scopes...
2026-04-18 15:50:02.942 [info] Got 1 sessions for ...
2026-04-18 15:50:02.951 [info] Getting sessions for all scopes...
2026-04-18 15:50:02.958 [info] Got 1 sessions for ...
2026-04-18 15:50:16.249 [info] Getting sessions for all scopes...
2026-04-18 15:50:16.250 [info] Got 1 sessions for ...
2026-04-18 15:50:16.255 [info] Getting sessions for all scopes...
2026-04-18 15:50:16.255 [info] Got 1 sessions for ...
2026-04-18 15:50:34.343 [info] Getting sessions for all scopes...
2026-04-18 15:50:34.343 [info] Got 1 sessions for ...
2026-04-18 15:50:34.347 [info] Getting sessions for all scopes...
2026-04-18 15:50:34.347 [info] Got 1 sessions for ...
2026-04-18 15:50:37.910 [info] Getting sessions for all scopes...
2026-04-18 15:50:37.910 [info] Got 1 sessions for ...
2026-04-18 15:50:37.911 [info] Getting sessions for all scopes...
2026-04-18 15:50:37.911 [info] Got 1 sessions for ...
2026-04-18 15:50:41.486 [info] Getting sessions for all scopes...
2026-04-18 15:50:41.486 [info] Got 1 sessions for ...
2026-04-18 15:50:41.489 [info] Getting sessions for all scopes...
2026-04-18 15:50:41.489 [info] Got 1 sessions for ...
2026-04-18 15:50:55.652 [info] Getting sessions for all scopes...
2026-04-18 15:50:55.652 [info] Got 1 sessions for ...
2026-04-18 15:50:55.653 [info] Getting sessions for all scopes...
2026-04-18 15:50:55.653 [info] Got 1 sessions for ...
2026-04-18 15:51:04.237 [info] Getting sessions for all scopes...
2026-04-18 15:51:04.237 [info] Got 1 sessions for ...
2026-04-18 15:51:04.244 [info] Getting sessions for all scopes...
2026-04-18 15:51:04.244 [info] Got 1 sessions for ...
2026-04-18 15:51:34.645 [info] Getting sessions for all scopes...
2026-04-18 15:51:34.645 [info] Got 1 sessions for ...
2026-04-18 15:51:34.652 [info] Getting sessions for all scopes...
2026-04-18 15:51:34.652 [info] Got 1 sessions for ...
2026-04-18 15:52:29.643 [info] Getting sessions for all scopes...
2026-04-18 15:52:29.643 [info] Got 1 sessions for ...
2026-04-18 15:52:29.647 [info] Getting sessions for all scopes...
2026-04-18 15:52:29.647 [info] Got 1 sessions for ...
2026-04-18 15:53:15.565 [info] Getting sessions for all scopes...
2026-04-18 15:53:15.565 [info] Got 1 sessions for ...
2026-04-18 15:53:15.633 [info] Getting sessions for all scopes...
2026-04-18 15:53:15.633 [info] Got 1 sessions for ...
2026-04-18 15:53:33.553 [info] Getting sessions for all scopes...
2026-04-18 15:53:33.553 [info] Got 1 sessions for ...
2026-04-18 15:53:33.554 [info] Getting sessions for all scopes...
2026-04-18 15:53:33.554 [info] Got 1 sessions for ...
2026-04-18 15:53:39.772 [info] Getting sessions for all scopes...
2026-04-18 15:53:39.772 [info] Got 1 sessions for ...
2026-04-18 15:53:39.772 [info] Getting sessions for all scopes...
2026-04-18 15:53:39.772 [info] Got 1 sessions for ...
2026-04-18 15:53:40.783 [info] Getting sessions for all scopes...
2026-04-18 15:53:40.783 [info] Got 1 sessions for ...
2026-04-18 15:53:40.784 [info] Getting sessions for all scopes...
2026-04-18 15:53:40.784 [info] Got 1 sessions for ...
2026-04-18 15:54:18.006 [info] Getting sessions for all scopes...
2026-04-18 15:54:18.006 [info] Got 1 sessions for ...
2026-04-18 15:54:18.020 [info] Getting sessions for all scopes...
2026-04-18 15:54:18.020 [info] Got 1 sessions for ...
2026-04-18 15:54:23.615 [info] Getting sessions for all scopes...
2026-04-18 15:54:23.615 [info] Got 1 sessions for ...
2026-04-18 15:54:23.616 [info] Getting sessions for all scopes...
2026-04-18 15:54:23.616 [info] Got 1 sessions for ...
2026-04-18 15:54:30.074 [info] Getting sessions for all scopes...
2026-04-18 15:54:30.074 [info] Got 1 sessions for ...
2026-04-18 15:54:30.078 [info] Getting sessions for all scopes...
2026-04-18 15:54:30.078 [info] Got 1 sessions for ...
2026-04-18 15:54:32.696 [info] Getting sessions for all scopes...
2026-04-18 15:54:32.696 [info] Got 1 sessions for ...
2026-04-18 15:54:32.696 [info] Getting sessions for all scopes...
2026-04-18 15:54:32.696 [info] Got 1 sessions for ...
2026-04-18 15:54:38.020 [info] Getting sessions for all scopes...
2026-04-18 15:54:38.020 [info] Got 1 sessions for ...
2026-04-18 15:54:38.034 [info] Getting sessions for all scopes...
2026-04-18 15:54:38.034 [info] Got 1 sessions for ...
2026-04-18 15:55:09.933 [info] Getting sessions for all scopes...
2026-04-18 15:55:09.933 [info] Got 1 sessions for ...
2026-04-18 15:55:09.942 [info] Getting sessions for all scopes...
2026-04-18 15:55:09.942 [info] Got 1 sessions for ...
2026-04-18 15:55:13.569 [info] Getting sessions for all scopes...
2026-04-18 15:55:13.569 [info] Got 1 sessions for ...
2026-04-18 15:55:13.604 [info] Getting sessions for all scopes...
2026-04-18 15:55:13.604 [info] Got 1 sessions for ...
2026-04-18 15:55:16.411 [info] Getting sessions for all scopes...
2026-04-18 15:55:16.411 [info] Got 1 sessions for ...
2026-04-18 15:55:16.412 [info] Getting sessions for all scopes...
2026-04-18 15:55:16.412 [info] Got 1 sessions for ...
2026-04-18 15:55:21.754 [info] Getting sessions for all scopes...
2026-04-18 15:55:21.754 [info] Got 1 sessions for ...
2026-04-18 15:55:21.756 [info] Getting sessions for all scopes...
2026-04-18 15:55:21.756 [info] Got 1 sessions for ...
2026-04-18 15:55:25.094 [info] Getting sessions for all scopes...
2026-04-18 15:55:25.094 [info] Got 1 sessions for ...
2026-04-18 15:55:25.096 [info] Getting sessions for all scopes...
2026-04-18 15:55:25.096 [info] Got 1 sessions for ...
2026-04-18 15:55:25.575 [info] Getting sessions for all scopes...
2026-04-18 15:55:25.575 [info] Got 1 sessions for ...
2026-04-18 15:55:25.575 [info] Getting sessions for all scopes...
2026-04-18 15:55:25.575 [info] Got 1 sessions for ...
2026-04-18 15:55:28.130 [info] Getting sessions for all scopes...
2026-04-18 15:55:28.130 [info] Got 1 sessions for ...
2026-04-18 15:55:28.138 [info] Getting sessions for all scopes...
2026-04-18 15:55:28.138 [info] Got 1 sessions for ...
2026-04-18 15:55:32.643 [info] Getting sessions for all scopes...
2026-04-18 15:55:32.643 [info] Got 1 sessions for ...
2026-04-18 15:55:32.644 [info] Getting sessions for all scopes...
2026-04-18 15:55:32.644 [info] Got 1 sessions for ...
2026-04-18 15:55:40.494 [info] Getting sessions for all scopes...
2026-04-18 15:55:40.494 [info] Got 1 sessions for ...
2026-04-18 15:55:40.494 [info] Getting sessions for all scopes...
2026-04-18 15:55:40.494 [info] Got 1 sessions for ...
2026-04-18 15:56:37.718 [info] Getting sessions for all scopes...
2026-04-18 15:56:37.718 [info] Got 1 sessions for ...
2026-04-18 15:56:37.718 [info] Getting sessions for all scopes...
2026-04-18 15:56:37.718 [info] Got 1 sessions for ...
2026-04-18 15:56:43.954 [info] Getting sessions for all scopes...
2026-04-18 15:56:43.954 [info] Got 1 sessions for ...
2026-04-18 15:56:43.955 [info] Getting sessions for all scopes...
2026-04-18 15:56:43.955 [info] Got 1 sessions for ...
2026-04-18 15:57:39.020 [info] Getting sessions for all scopes...
2026-04-18 15:57:39.020 [info] Got 1 sessions for ...
2026-04-18 15:57:39.020 [info] Getting sessions for all scopes...
2026-04-18 15:57:39.020 [info] Got 1 sessions for ...
2026-04-18 15:57:56.265 [info] Getting sessions for all scopes...
2026-04-18 15:57:56.265 [info] Got 1 sessions for ...
2026-04-18 15:57:56.270 [info] Getting sessions for all scopes...
2026-04-18 15:57:56.270 [info] Got 1 sessions for ...
2026-04-18 15:57:59.536 [info] Getting sessions for all scopes...
2026-04-18 15:57:59.536 [info] Got 1 sessions for ...
2026-04-18 15:57:59.545 [info] Getting sessions for all scopes...
2026-04-18 15:57:59.545 [info] Got 1 sessions for ...
2026-04-18 15:58:14.548 [info] Getting sessions for all scopes...
2026-04-18 15:58:14.548 [info] Got 1 sessions for ...
2026-04-18 15:58:14.548 [info] Getting sessions for all scopes...
2026-04-18 15:58:14.548 [info] Got 1 sessions for ...
2026-04-18 15:58:16.700 [info] Getting sessions for all scopes...
2026-04-18 15:58:16.700 [info] Got 1 sessions for ...
2026-04-18 15:58:16.701 [info] Getting sessions for all scopes...
2026-04-18 15:58:16.701 [info] Got 1 sessions for ...
2026-04-18 15:58:17.789 [info] Getting sessions for all scopes...
2026-04-18 15:58:17.789 [info] Got 1 sessions for ...
2026-04-18 15:58:17.789 [info] Getting sessions for all scopes...
2026-04-18 15:58:17.789 [info] Got 1 sessions for ...
2026-04-18 15:58:18.779 [info] Getting sessions for all scopes...
2026-04-18 15:58:18.779 [info] Got 1 sessions for ...
2026-04-18 15:58:18.779 [info] Getting sessions for all scopes...
2026-04-18 15:58:18.779 [info] Got 1 sessions for ...
2026-04-18 15:58:22.131 [info] Getting sessions for all scopes...
2026-04-18 15:58:22.131 [info] Got 1 sessions for ...
2026-04-18 15:58:22.134 [info] Getting sessions for all scopes...
2026-04-18 15:58:22.134 [info] Got 1 sessions for ...
2026-04-18 15:58:22.922 [info] Getting sessions for all scopes...
2026-04-18 15:58:22.922 [info] Got 1 sessions for ...
2026-04-18 15:58:22.967 [info] Getting sessions for all scopes...
2026-04-18 15:58:22.967 [info] Got 1 sessions for ...
2026-04-18 15:58:25.860 [info] Getting sessions for all scopes...
2026-04-18 15:58:25.860 [info] Got 1 sessions for ...
2026-04-18 15:58:25.860 [info] Getting sessions for all scopes...
2026-04-18 15:58:25.860 [info] Got 1 sessions for ...
2026-04-18 15:58:28.240 [info] Getting sessions for all scopes...
2026-04-18 15:58:28.240 [info] Got 1 sessions for ...
2026-04-18 15:58:28.241 [info] Getting sessions for all scopes...
2026-04-18 15:58:28.241 [info] Got 1 sessions for ...
2026-04-18 15:58:43.469 [info] Getting sessions for all scopes...
2026-04-18 15:58:43.469 [info] Got 1 sessions for ...
2026-04-18 15:58:43.469 [info] Getting sessions for all scopes...
2026-04-18 15:58:43.470 [info] Got 1 sessions for ...
2026-04-18 15:58:46.508 [info] Getting sessions for all scopes...
2026-04-18 15:58:46.508 [info] Got 1 sessions for ...
2026-04-18 15:58:46.511 [info] Getting sessions for all scopes...
2026-04-18 15:58:46.511 [info] Got 1 sessions for ...
2026-04-18 15:59:04.096 [info] Getting sessions for all scopes...
2026-04-18 15:59:04.097 [info] Got 1 sessions for ...
2026-04-18 15:59:04.098 [info] Getting sessions for all scopes...
2026-04-18 15:59:04.098 [info] Got 1 sessions for ...
2026-04-18 15:59:06.428 [info] Getting sessions for all scopes...
2026-04-18 15:59:06.428 [info] Got 1 sessions for ...
2026-04-18 15:59:06.428 [info] Getting sessions for all scopes...
2026-04-18 15:59:06.428 [info] Got 1 sessions for ...
2026-04-18 15:59:12.094 [info] Getting sessions for all scopes...
2026-04-18 15:59:12.094 [info] Got 1 sessions for ...
2026-04-18 15:59:12.095 [info] Getting sessions for all scopes...
2026-04-18 15:59:12.095 [info] Got 1 sessions for ...
2026-04-18 15:59:46.840 [info] Getting sessions for all scopes...
2026-04-18 15:59:46.840 [info] Got 1 sessions for ...
2026-04-18 15:59:46.842 [info] Getting sessions for all scopes...
2026-04-18 15:59:46.842 [info] Got 1 sessions for ...
2026-04-18 15:59:58.729 [info] Getting sessions for all scopes...
2026-04-18 15:59:58.730 [info] Got 1 sessions for ...
2026-04-18 15:59:58.736 [info] Getting sessions for all scopes...
2026-04-18 15:59:58.736 [info] Got 1 sessions for ...
2026-04-18 16:00:52.474 [info] Getting sessions for all scopes...
2026-04-18 16:00:52.474 [info] Got 1 sessions for ...
2026-04-18 16:00:52.539 [info] Getting sessions for all scopes...
2026-04-18 16:00:52.539 [info] Got 1 sessions for ...
2026-04-18 16:01:03.873 [info] Getting sessions for all scopes...
2026-04-18 16:01:03.873 [info] Got 1 sessions for ...
2026-04-18 16:01:03.893 [info] Getting sessions for all scopes...
2026-04-18 16:01:03.893 [info] Got 1 sessions for ...
2026-04-18 16:01:05.512 [info] Getting sessions for all scopes...
2026-04-18 16:01:05.512 [info] Got 1 sessions for ...
2026-04-18 16:01:05.514 [info] Getting sessions for all scopes...
2026-04-18 16:01:05.514 [info] Got 1 sessions for ...
2026-04-18 16:01:08.130 [info] Getting sessions for all scopes...
2026-04-18 16:01:08.130 [info] Got 1 sessions for ...
2026-04-18 16:01:08.138 [info] Getting sessions for all scopes...
2026-04-18 16:01:08.138 [info] Got 1 sessions for ...
2026-04-18 16:01:20.025 [info] Getting sessions for all scopes...
2026-04-18 16:01:20.025 [info] Got 1 sessions for ...
2026-04-18 16:01:20.032 [info] Getting sessions for all scopes...
2026-04-18 16:01:20.032 [info] Got 1 sessions for ...
2026-04-18 16:01:32.851 [info] Getting sessions for all scopes...
2026-04-18 16:01:32.853 [info] Got 1 sessions for ...
2026-04-18 16:01:32.854 [info] Getting sessions for all scopes...
2026-04-18 16:01:32.855 [info] Got 1 sessions for ...
2026-04-18 16:01:41.883 [info] Getting sessions for all scopes...
2026-04-18 16:01:41.883 [info] Got 1 sessions for ...
2026-04-18 16:01:41.890 [info] Getting sessions for all scopes...
2026-04-18 16:01:41.890 [info] Got 1 sessions for ...
2026-04-18 16:02:02.532 [info] Getting sessions for all scopes...
2026-04-18 16:02:02.532 [info] Got 1 sessions for ...
2026-04-18 16:02:02.548 [info] Getting sessions for all scopes...
2026-04-18 16:02:02.548 [info] Got 1 sessions for ...
2026-04-18 16:02:04.754 [info] Getting sessions for all scopes...
2026-04-18 16:02:04.754 [info] Got 1 sessions for ...
2026-04-18 16:02:04.755 [info] Getting sessions for all scopes...
2026-04-18 16:02:04.755 [info] Got 1 sessions for ...
2026-04-18 16:02:07.445 [info] Getting sessions for all scopes...
2026-04-18 16:02:07.445 [info] Got 1 sessions for ...
2026-04-18 16:02:07.454 [info] Getting sessions for all scopes...
2026-04-18 16:02:07.454 [info] Got 1 sessions for ...
2026-04-18 16:02:08.871 [info] Getting sessions for all scopes...
2026-04-18 16:02:08.871 [info] Got 1 sessions for ...
2026-04-18 16:02:08.893 [info] Getting sessions for all scopes...
2026-04-18 16:02:08.893 [info] Got 1 sessions for ...
2026-04-18 16:02:14.983 [info] Getting sessions for all scopes...
2026-04-18 16:02:14.983 [info] Got 1 sessions for ...
2026-04-18 16:02:14.986 [info] Getting sessions for all scopes...
2026-04-18 16:02:14.986 [info] Got 1 sessions for ...
2026-04-18 16:02:27.750 [info] Getting sessions for all scopes...
2026-04-18 16:02:27.750 [info] Got 1 sessions for ...
2026-04-18 16:02:27.761 [info] Getting sessions for all scopes...
2026-04-18 16:02:27.762 [info] Got 1 sessions for ...
2026-04-18 16:03:12.011 [info] Getting sessions for all scopes...
2026-04-18 16:03:12.011 [info] Got 1 sessions for ...
2026-04-18 16:03:12.012 [info] Getting sessions for all scopes...
2026-04-18 16:03:12.012 [info] Got 1 sessions for ...
2026-04-18 16:03:45.799 [info] Getting sessions for all scopes...
2026-04-18 16:03:45.799 [info] Got 1 sessions for ...
2026-04-18 16:03:45.801 [info] Getting sessions for all scopes...
2026-04-18 16:03:45.801 [info] Got 1 sessions for ...
2026-04-18 16:03:47.871 [info] Getting sessions for all scopes...
2026-04-18 16:03:47.871 [info] Got 1 sessions for ...
2026-04-18 16:03:47.871 [info] Getting sessions for all scopes...
2026-04-18 16:03:47.871 [info] Got 1 sessions for ...
2026-04-18 16:04:05.761 [info] Getting sessions for all scopes...
2026-04-18 16:04:05.761 [info] Got 1 sessions for ...
2026-04-18 16:04:05.778 [info] Getting sessions for all scopes...
2026-04-18 16:04:05.778 [info] Got 1 sessions for ...
2026-04-18 16:04:19.389 [info] Getting sessions for all scopes...
2026-04-18 16:04:19.389 [info] Got 1 sessions for ...
2026-04-18 16:04:19.390 [info] Getting sessions for all scopes...
2026-04-18 16:04:19.390 [info] Got 1 sessions for ...
2026-04-18 16:04:27.016 [info] Getting sessions for all scopes...
2026-04-18 16:04:27.016 [info] Got 1 sessions for ...
2026-04-18 16:04:27.017 [info] Getting sessions for all scopes...
2026-04-18 16:04:27.017 [info] Got 1 sessions for ...
2026-04-18 16:04:31.735 [info] Getting sessions for all scopes...
2026-04-18 16:04:31.735 [info] Got 1 sessions for ...
2026-04-18 16:04:31.735 [info] Getting sessions for all scopes...
2026-04-18 16:04:31.735 [info] Got 1 sessions for ...
2026-04-18 16:06:29.460 [info] Getting sessions for all scopes...
2026-04-18 16:06:29.460 [info] Got 1 sessions for ...
2026-04-18 16:06:29.470 [info] Getting sessions for all scopes...
2026-04-18 16:06:29.470 [info] Got 1 sessions for ...
2026-04-18 16:06:50.810 [info] Getting sessions for all scopes...
2026-04-18 16:06:50.810 [info] Got 1 sessions for ...
2026-04-18 16:06:50.811 [info] Getting sessions for all scopes...
2026-04-18 16:06:50.811 [info] Got 1 sessions for ...
2026-04-18 16:07:04.275 [info] Getting sessions for all scopes...
2026-04-18 16:07:04.275 [info] Got 1 sessions for ...
2026-04-18 16:07:04.276 [info] Getting sessions for all scopes...
2026-04-18 16:07:04.276 [info] Got 1 sessions for ...
2026-04-18 16:07:27.018 [info] Getting sessions for all scopes...
2026-04-18 16:07:27.021 [info] Got 1 sessions for ...
2026-04-18 16:07:27.022 [info] Getting sessions for all scopes...
2026-04-18 16:07:27.022 [info] Got 1 sessions for ...
2026-04-18 16:07:36.384 [info] Getting sessions for all scopes...
2026-04-18 16:07:36.384 [info] Got 1 sessions for ...
2026-04-18 16:07:36.409 [info] Getting sessions for all scopes...
2026-04-18 16:07:36.409 [info] Got 1 sessions for ...
2026-04-18 16:07:38.383 [info] Getting sessions for all scopes...
2026-04-18 16:07:38.383 [info] Got 1 sessions for ...
2026-04-18 16:07:38.383 [info] Getting sessions for all scopes...
2026-04-18 16:07:38.384 [info] Got 1 sessions for ...
2026-04-18 16:07:45.565 [info] Getting sessions for all scopes...
2026-04-18 16:07:45.565 [info] Got 1 sessions for ...
2026-04-18 16:07:45.566 [info] Getting sessions for all scopes...
2026-04-18 16:07:45.566 [info] Got 1 sessions for ...
2026-04-18 16:08:19.036 [info] Getting sessions for all scopes...
2026-04-18 16:08:19.036 [info] Got 1 sessions for ...
2026-04-18 16:08:19.037 [info] Getting sessions for all scopes...
2026-04-18 16:08:19.037 [info] Got 1 sessions for ...
2026-04-18 16:08:23.609 [info] Getting sessions for all scopes...
2026-04-18 16:08:23.609 [info] Got 1 sessions for ...
2026-04-18 16:08:23.609 [info] Getting sessions for all scopes...
2026-04-18 16:08:23.609 [info] Got 1 sessions for ...
2026-04-18 16:08:26.873 [info] Getting sessions for all scopes...
2026-04-18 16:08:26.873 [info] Got 1 sessions for ...
2026-04-18 16:08:26.875 [info] Getting sessions for all scopes...
2026-04-18 16:08:26.875 [info] Got 1 sessions for ...
2026-04-18 16:08:32.336 [info] Getting sessions for all scopes...
2026-04-18 16:08:32.336 [info] Got 1 sessions for ...
2026-04-18 16:08:32.337 [info] Getting sessions for all scopes...
2026-04-18 16:08:32.337 [info] Got 1 sessions for ...
2026-04-18 16:08:46.973 [info] Getting sessions for all scopes...
2026-04-18 16:08:46.973 [info] Got 1 sessions for ...
2026-04-18 16:08:46.973 [info] Getting sessions for all scopes...
2026-04-18 16:08:46.973 [info] Got 1 sessions for ...
2026-04-18 16:09:02.084 [info] Getting sessions for all scopes...
2026-04-18 16:09:02.084 [info] Got 1 sessions for ...
2026-04-18 16:09:02.093 [info] Getting sessions for all scopes...
2026-04-18 16:09:02.095 [info] Got 1 sessions for ...
2026-04-18 16:09:31.102 [info] Getting sessions for all scopes...
2026-04-18 16:09:31.103 [info] Got 1 sessions for ...
2026-04-18 16:09:31.107 [info] Getting sessions for all scopes...
2026-04-18 16:09:31.107 [info] Got 1 sessions for ...
2026-04-18 16:09:35.038 [info] Getting sessions for all scopes...
2026-04-18 16:09:35.038 [info] Got 1 sessions for ...
2026-04-18 16:09:35.059 [info] Getting sessions for all scopes...
2026-04-18 16:09:35.059 [info] Got 1 sessions for ...
2026-04-18 16:09:36.683 [info] Getting sessions for all scopes...
2026-04-18 16:09:36.683 [info] Got 1 sessions for ...
2026-04-18 16:09:36.683 [info] Getting sessions for all scopes...
2026-04-18 16:09:36.683 [info] Got 1 sessions for ...
2026-04-18 16:09:41.585 [info] Getting sessions for all scopes...
2026-04-18 16:09:41.585 [info] Got 1 sessions for ...
2026-04-18 16:09:41.586 [info] Getting sessions for all scopes...
2026-04-18 16:09:41.586 [info] Got 1 sessions for ...
2026-04-18 16:11:19.164 [info] Getting sessions for all scopes...
2026-04-18 16:11:19.164 [info] Got 1 sessions for ...
2026-04-18 16:11:19.164 [info] Getting sessions for all scopes...
2026-04-18 16:11:19.164 [info] Got 1 sessions for ...
2026-04-18 16:12:05.589 [info] Getting sessions for all scopes...
2026-04-18 16:12:05.589 [info] Got 1 sessions for ...
2026-04-18 16:12:05.590 [info] Getting sessions for all scopes...
2026-04-18 16:12:05.590 [info] Got 1 sessions for ...
2026-04-18 16:12:43.815 [info] Getting sessions for all scopes...
2026-04-18 16:12:43.815 [info] Got 1 sessions for ...
2026-04-18 16:12:43.983 [info] Getting sessions for all scopes...
2026-04-18 16:12:43.983 [info] Got 1 sessions for ...
2026-04-18 16:12:45.541 [info] Getting sessions for all scopes...
2026-04-18 16:12:45.541 [info] Got 1 sessions for ...
2026-04-18 16:12:45.542 [info] Getting sessions for all scopes...
2026-04-18 16:12:45.542 [info] Got 1 sessions for ...
2026-04-18 16:12:46.154 [info] Getting sessions for all scopes...
2026-04-18 16:12:46.154 [info] Got 1 sessions for ...
2026-04-18 16:12:46.156 [info] Getting sessions for all scopes...
2026-04-18 16:12:46.156 [info] Got 1 sessions for ...
2026-04-18 16:13:26.782 [info] Getting sessions for all scopes...
2026-04-18 16:13:26.782 [info] Got 1 sessions for ...
2026-04-18 16:13:26.784 [info] Getting sessions for all scopes...
2026-04-18 16:13:26.784 [info] Got 1 sessions for ...
2026-04-18 16:13:28.501 [info] Getting sessions for all scopes...
2026-04-18 16:13:28.501 [info] Got 1 sessions for ...
2026-04-18 16:13:28.501 [info] Getting sessions for all scopes...
2026-04-18 16:13:28.501 [info] Got 1 sessions for ...
2026-04-18 16:13:28.903 [info] Getting sessions for all scopes...
2026-04-18 16:13:28.903 [info] Got 1 sessions for ...
2026-04-18 16:13:28.903 [info] Getting sessions for all scopes...
2026-04-18 16:13:28.903 [info] Got 1 sessions for ...
2026-04-18 16:14:26.086 [info] Getting sessions for all scopes...
2026-04-18 16:14:26.086 [info] Got 1 sessions for ...
2026-04-18 16:14:26.087 [info] Getting sessions for all scopes...
2026-04-18 16:14:26.087 [info] Got 1 sessions for ...
2026-04-18 16:14:51.918 [info] Getting sessions for all scopes...
2026-04-18 16:14:51.918 [info] Got 1 sessions for ...
2026-04-18 16:14:51.919 [info] Getting sessions for all scopes...
2026-04-18 16:14:51.919 [info] Got 1 sessions for ...
2026-04-18 16:14:54.845 [info] Getting sessions for all scopes...
2026-04-18 16:14:54.845 [info] Got 1 sessions for ...
2026-04-18 16:14:54.896 [info] Getting sessions for all scopes...
2026-04-18 16:14:54.896 [info] Got 1 sessions for ...
2026-04-18 16:15:04.557 [info] Getting sessions for all scopes...
2026-04-18 16:15:04.557 [info] Got 1 sessions for ...
2026-04-18 16:15:04.563 [info] Getting sessions for all scopes...
2026-04-18 16:15:04.563 [info] Got 1 sessions for ...
2026-04-18 16:15:06.610 [info] Getting sessions for all scopes...
2026-04-18 16:15:06.610 [info] Got 1 sessions for ...
2026-04-18 16:15:06.613 [info] Getting sessions for all scopes...
2026-04-18 16:15:06.613 [info] Got 1 sessions for ...
2026-04-18 16:15:31.181 [info] Getting sessions for all scopes...
2026-04-18 16:15:31.181 [info] Got 1 sessions for ...
2026-04-18 16:15:31.185 [info] Getting sessions for all scopes...
2026-04-18 16:15:31.186 [info] Got 1 sessions for ...
2026-04-18 16:15:38.406 [info] Getting sessions for all scopes...
2026-04-18 16:15:38.406 [info] Got 1 sessions for ...
2026-04-18 16:15:38.407 [info] Getting sessions for all scopes...
2026-04-18 16:15:38.407 [info] Got 1 sessions for ...
2026-04-18 16:15:51.106 [info] Getting sessions for all scopes...
2026-04-18 16:15:51.106 [info] Got 1 sessions for ...
2026-04-18 16:15:51.106 [info] Getting sessions for all scopes...
2026-04-18 16:15:51.106 [info] Got 1 sessions for ...
2026-04-18 16:15:52.853 [info] Getting sessions for all scopes...
2026-04-18 16:15:52.853 [info] Got 1 sessions for ...
2026-04-18 16:15:52.853 [info] Getting sessions for all scopes...
2026-04-18 16:15:52.853 [info] Got 1 sessions for ...
2026-04-18 16:16:14.456 [info] Getting sessions for all scopes...
2026-04-18 16:16:14.456 [info] Got 1 sessions for ...
2026-04-18 16:16:14.456 [info] Getting sessions for all scopes...
2026-04-18 16:16:14.456 [info] Got 1 sessions for ...
2026-04-18 16:16:28.952 [info] Getting sessions for all scopes...
2026-04-18 16:16:28.952 [info] Got 1 sessions for ...
2026-04-18 16:16:28.954 [info] Getting sessions for all scopes...
2026-04-18 16:16:28.954 [info] Got 1 sessions for ...
2026-04-18 16:17:01.806 [info] Getting sessions for all scopes...
2026-04-18 16:17:01.806 [info] Got 1 sessions for ...
2026-04-18 16:17:01.807 [info] Getting sessions for all scopes...
2026-04-18 16:17:01.807 [info] Got 1 sessions for ...
2026-04-18 16:17:21.679 [info] Getting sessions for all scopes...
2026-04-18 16:17:21.680 [info] Got 1 sessions for ...
2026-04-18 16:17:21.681 [info] Getting sessions for all scopes...
2026-04-18 16:17:21.681 [info] Got 1 sessions for ...
2026-04-18 16:17:23.380 [info] Getting sessions for all scopes...
2026-04-18 16:17:23.380 [info] Got 1 sessions for ...
2026-04-18 16:17:23.383 [info] Getting sessions for all scopes...
2026-04-18 16:17:23.383 [info] Got 1 sessions for ...
2026-04-18 16:17:25.591 [info] Getting sessions for all scopes...
2026-04-18 16:17:25.591 [info] Got 1 sessions for ...
2026-04-18 16:17:25.610 [info] Getting sessions for all scopes...
2026-04-18 16:17:25.610 [info] Got 1 sessions for ...
2026-04-18 16:17:46.819 [info] Getting sessions for all scopes...
2026-04-18 16:17:46.819 [info] Got 1 sessions for ...
2026-04-18 16:17:46.825 [info] Getting sessions for all scopes...
2026-04-18 16:17:46.826 [info] Got 1 sessions for ...
2026-04-18 16:17:50.586 [info] Getting sessions for all scopes...
2026-04-18 16:17:50.586 [info] Got 1 sessions for ...
2026-04-18 16:17:50.587 [info] Getting sessions for all scopes...
2026-04-18 16:17:50.587 [info] Got 1 sessions for ...
2026-04-18 16:18:07.584 [info] Getting sessions for all scopes...
2026-04-18 16:18:07.584 [info] Got 1 sessions for ...
2026-04-18 16:18:07.585 [info] Getting sessions for all scopes...
2026-04-18 16:18:07.585 [info] Got 1 sessions for ...
2026-04-18 16:18:49.370 [info] Getting sessions for all scopes...
2026-04-18 16:18:49.370 [info] Got 1 sessions for ...
2026-04-18 16:18:49.370 [info] Getting sessions for all scopes...
2026-04-18 16:18:49.370 [info] Got 1 sessions for ...
2026-04-18 16:18:56.940 [info] Getting sessions for all scopes...
2026-04-18 16:18:56.940 [info] Got 1 sessions for ...
2026-04-18 16:18:56.940 [info] Getting sessions for all scopes...
2026-04-18 16:18:56.940 [info] Got 1 sessions for ...
2026-04-18 16:19:02.893 [info] Getting sessions for all scopes...
2026-04-18 16:19:02.893 [info] Got 1 sessions for ...
2026-04-18 16:19:02.894 [info] Getting sessions for all scopes...
2026-04-18 16:19:02.894 [info] Got 1 sessions for ...
2026-04-18 16:19:05.505 [info] Getting sessions for all scopes...
2026-04-18 16:19:05.505 [info] Got 1 sessions for ...
2026-04-18 16:19:05.506 [info] Getting sessions for all scopes...
2026-04-18 16:19:05.506 [info] Got 1 sessions for ...
2026-04-18 16:19:12.244 [info] Getting sessions for all scopes...
2026-04-18 16:19:12.244 [info] Got 1 sessions for ...
2026-04-18 16:19:12.246 [info] Getting sessions for all scopes...
2026-04-18 16:19:12.246 [info] Got 1 sessions for ...
2026-04-18 16:19:20.270 [info] Getting sessions for all scopes...
2026-04-18 16:19:20.272 [info] Got 1 sessions for ...
2026-04-18 16:19:20.272 [info] Getting sessions for all scopes...
2026-04-18 16:19:20.272 [info] Got 1 sessions for ...
2026-04-18 16:19:27.725 [info] Getting sessions for all scopes...
2026-04-18 16:19:27.725 [info] Got 1 sessions for ...
2026-04-18 16:19:27.727 [info] Getting sessions for all scopes...
2026-04-18 16:19:27.727 [info] Got 1 sessions for ...
2026-04-18 16:20:24.553 [info] Getting sessions for all scopes...
2026-04-18 16:20:24.553 [info] Got 1 sessions for ...
2026-04-18 16:20:24.553 [info] Getting sessions for all scopes...
2026-04-18 16:20:24.553 [info] Got 1 sessions for ...
2026-04-18 16:20:50.111 [info] Getting sessions for all scopes...
2026-04-18 16:20:50.111 [info] Got 1 sessions for ...
2026-04-18 16:20:50.112 [info] Getting sessions for all scopes...
2026-04-18 16:20:50.112 [info] Got 1 sessions for ...
2026-04-18 16:21:00.531 [info] Getting sessions for all scopes...
2026-04-18 16:21:00.531 [info] Got 1 sessions for ...
2026-04-18 16:21:00.532 [info] Getting sessions for all scopes...
2026-04-18 16:21:00.532 [info] Got 1 sessions for ...
2026-04-18 16:21:09.228 [info] Getting sessions for all scopes...
2026-04-18 16:21:09.228 [info] Got 1 sessions for ...
2026-04-18 16:21:09.229 [info] Getting sessions for all scopes...
2026-04-18 16:21:09.229 [info] Got 1 sessions for ...
2026-04-18 16:21:34.036 [info] Getting sessions for all scopes...
2026-04-18 16:21:34.036 [info] Got 1 sessions for ...
2026-04-18 16:21:34.037 [info] Getting sessions for all scopes...
2026-04-18 16:21:34.037 [info] Got 1 sessions for ...
2026-04-18 16:22:22.344 [info] Getting sessions for all scopes...
2026-04-18 16:22:22.344 [info] Got 1 sessions for ...
2026-04-18 16:22:22.345 [info] Getting sessions for all scopes...
2026-04-18 16:22:22.345 [info] Got 1 sessions for ...
2026-04-18 16:22:31.057 [info] Getting sessions for all scopes...
2026-04-18 16:22:31.059 [info] Got 1 sessions for ...
2026-04-18 16:22:31.059 [info] Getting sessions for all scopes...
2026-04-18 16:22:31.059 [info] Got 1 sessions for ...
2026-04-18 16:22:41.158 [info] Getting sessions for all scopes...
2026-04-18 16:22:41.158 [info] Got 1 sessions for ...
2026-04-18 16:22:41.192 [info] Getting sessions for all scopes...
2026-04-18 16:22:41.192 [info] Got 1 sessions for ...
