2026-04-18 10:05:35.059 [info] Reading sessions from keychain...
2026-04-18 10:05:35.059 [info] Getting sessions for all scopes...
2026-04-18 10:05:35.059 [info] Got stored sessions!
2026-04-18 10:05:35.059 [info] Got 1 verified sessions.
2026-04-18 10:05:35.059 [info] Got 1 sessions for ...
2026-04-18 10:05:35.059 [info] Getting sessions for all scopes...
2026-04-18 10:05:35.059 [info] Got 1 sessions for ...
2026-04-18 10:05:35.059 [info] Getting sessions for all scopes...
2026-04-18 10:05:35.059 [info] Got 1 sessions for ...
2026-04-18 10:05:35.059 [info] Getting sessions for all scopes...
2026-04-18 10:05:35.059 [info] Got 1 sessions for ...
2026-04-18 10:05:35.059 [info] Getting sessions for all scopes...
2026-04-18 10:05:35.059 [info] Got 1 sessions for ...
2026-04-18 10:05:35.335 [info] Getting sessions for read:user,repo,user:email,workflow...
2026-04-18 10:05:35.335 [info] Got 1 sessions for read:user,repo,user:email,workflow...
2026-04-18 10:05:37.015 [info] Getting sessions for all scopes...
2026-04-18 10:05:37.015 [info] Got 1 sessions for ...
2026-04-18 10:06:27.715 [info] Getting sessions for all scopes...
2026-04-18 10:06:27.715 [info] Got 1 sessions for ...
2026-04-18 10:06:27.715 [info] Getting sessions for all scopes...
2026-04-18 10:06:27.715 [info] Got 1 sessions for ...
2026-04-18 10:06:38.364 [info] Getting sessions for all scopes...
2026-04-18 10:06:38.364 [info] Got 1 sessions for ...
2026-04-18 10:06:38.365 [info] Getting sessions for all scopes...
2026-04-18 10:06:38.365 [info] Got 1 sessions for ...
2026-04-18 10:07:04.710 [info] Getting sessions for all scopes...
2026-04-18 10:07:04.710 [info] Got 1 sessions for ...
2026-04-18 10:07:04.711 [info] Getting sessions for all scopes...
2026-04-18 10:07:04.711 [info] Got 1 sessions for ...
2026-04-18 10:07:20.113 [info] Getting sessions for all scopes...
2026-04-18 10:07:20.113 [info] Got 1 sessions for ...
2026-04-18 10:07:20.115 [info] Getting sessions for all scopes...
2026-04-18 10:07:20.115 [info] Got 1 sessions for ...
2026-04-18 10:07:35.999 [info] Getting sessions for all scopes...
2026-04-18 10:07:35.999 [info] Got 1 sessions for ...
2026-04-18 10:07:36.003 [info] Getting sessions for all scopes...
2026-04-18 10:07:36.003 [info] Got 1 sessions for ...
