2026-04-19 19:36:59.408 [info] Reading sessions from keychain...
2026-04-19 19:36:59.408 [info] Getting sessions for all scopes...
2026-04-19 19:36:59.426 [info] Got stored sessions!
2026-04-19 19:36:59.426 [info] Got 1 verified sessions.
2026-04-19 19:36:59.426 [info] Got 1 sessions for ...
2026-04-19 19:36:59.426 [info] Getting sessions for all scopes...
2026-04-19 19:36:59.426 [info] Got 1 sessions for ...
2026-04-19 19:36:59.431 [info] Getting sessions for all scopes...
2026-04-19 19:36:59.431 [info] Got 1 sessions for ...
2026-04-19 19:36:59.453 [info] Getting sessions for all scopes...
2026-04-19 19:36:59.453 [info] Got 1 sessions for ...
2026-04-19 19:36:59.880 [info] Getting sessions for read:user,repo,user:email,workflow...
2026-04-19 19:36:59.880 [info] Got 1 sessions for read:user,repo,user:email,workflow...
2026-04-19 19:37:01.075 [info] Getting sessions for all scopes...
2026-04-19 19:37:01.076 [info] Got 1 sessions for ...
2026-04-19 19:37:05.307 [info] Getting sessions for all scopes...
2026-04-19 19:37:05.307 [info] Got 1 sessions for ...
2026-04-19 19:37:05.308 [info] Getting sessions for all scopes...
2026-04-19 19:37:05.308 [info] Got 1 sessions for ...
2026-04-19 19:37:26.056 [info] Getting sessions for all scopes...
2026-04-19 19:37:26.056 [info] Got 1 sessions for ...
2026-04-19 19:37:26.056 [info] Getting sessions for all scopes...
2026-04-19 19:37:26.056 [info] Got 1 sessions for ...
2026-04-19 19:37:55.503 [info] Getting sessions for all scopes...
2026-04-19 19:37:55.503 [info] Got 1 sessions for ...
2026-04-19 19:37:55.504 [info] Getting sessions for all scopes...
2026-04-19 19:37:55.504 [info] Got 1 sessions for ...
2026-04-19 19:37:58.321 [info] Getting sessions for all scopes...
2026-04-19 19:37:58.321 [info] Got 1 sessions for ...
2026-04-19 19:37:58.321 [info] Getting sessions for all scopes...
2026-04-19 19:37:58.321 [info] Got 1 sessions for ...
2026-04-19 19:38:04.151 [info] Getting sessions for all scopes...
2026-04-19 19:38:04.151 [info] Got 1 sessions for ...
2026-04-19 19:38:04.152 [info] Getting sessions for all scopes...
2026-04-19 19:38:04.152 [info] Got 1 sessions for ...
2026-04-19 19:38:06.075 [info] Getting sessions for all scopes...
2026-04-19 19:38:06.075 [info] Got 1 sessions for ...
2026-04-19 19:38:06.075 [info] Getting sessions for all scopes...
2026-04-19 19:38:06.075 [info] Got 1 sessions for ...
2026-04-19 19:38:14.478 [info] Getting sessions for all scopes...
2026-04-19 19:38:14.478 [info] Got 1 sessions for ...
2026-04-19 19:38:14.480 [info] Getting sessions for all scopes...
2026-04-19 19:38:14.480 [info] Got 1 sessions for ...
2026-04-19 19:38:23.426 [info] Getting sessions for all scopes...
2026-04-19 19:38:23.426 [info] Got 1 sessions for ...
2026-04-19 19:38:23.427 [info] Getting sessions for all scopes...
2026-04-19 19:38:23.427 [info] Got 1 sessions for ...
2026-04-19 19:38:26.924 [info] Getting sessions for all scopes...
2026-04-19 19:38:26.924 [info] Got 1 sessions for ...
2026-04-19 19:38:26.925 [info] Getting sessions for all scopes...
2026-04-19 19:38:26.925 [info] Got 1 sessions for ...
2026-04-19 19:38:28.053 [info] Getting sessions for all scopes...
2026-04-19 19:38:28.053 [info] Got 1 sessions for ...
2026-04-19 19:38:28.054 [info] Getting sessions for all scopes...
2026-04-19 19:38:28.054 [info] Got 1 sessions for ...
2026-04-19 19:38:31.740 [info] Getting sessions for all scopes...
2026-04-19 19:38:31.740 [info] Got 1 sessions for ...
2026-04-19 19:38:31.741 [info] Getting sessions for all scopes...
2026-04-19 19:38:31.741 [info] Got 1 sessions for ...
2026-04-19 19:38:39.970 [info] Getting sessions for all scopes...
2026-04-19 19:38:39.970 [info] Got 1 sessions for ...
2026-04-19 19:38:39.971 [info] Getting sessions for all scopes...
2026-04-19 19:38:39.971 [info] Got 1 sessions for ...
2026-04-19 19:39:12.620 [info] Getting sessions for all scopes...
2026-04-19 19:39:12.620 [info] Got 1 sessions for ...
2026-04-19 19:39:12.620 [info] Getting sessions for all scopes...
2026-04-19 19:39:12.620 [info] Got 1 sessions for ...
2026-04-19 19:39:17.640 [info] Getting sessions for all scopes...
2026-04-19 19:39:17.640 [info] Got 1 sessions for ...
2026-04-19 19:39:17.640 [info] Getting sessions for all scopes...
2026-04-19 19:39:17.640 [info] Got 1 sessions for ...
2026-04-19 19:39:21.030 [info] Getting sessions for all scopes...
2026-04-19 19:39:21.030 [info] Got 1 sessions for ...
2026-04-19 19:39:21.030 [info] Getting sessions for all scopes...
2026-04-19 19:39:21.030 [info] Got 1 sessions for ...
2026-04-19 19:39:25.933 [info] Getting sessions for all scopes...
2026-04-19 19:39:25.933 [info] Got 1 sessions for ...
2026-04-19 19:39:25.936 [info] Getting sessions for all scopes...
2026-04-19 19:39:25.936 [info] Got 1 sessions for ...
2026-04-19 19:39:27.111 [info] Getting sessions for all scopes...
2026-04-19 19:39:27.111 [info] Got 1 sessions for ...
2026-04-19 19:39:27.111 [info] Getting sessions for all scopes...
2026-04-19 19:39:27.111 [info] Got 1 sessions for ...
2026-04-19 19:39:41.047 [info] Getting sessions for all scopes...
2026-04-19 19:39:41.047 [info] Got 1 sessions for ...
2026-04-19 19:39:41.047 [info] Getting sessions for all scopes...
2026-04-19 19:39:41.047 [info] Got 1 sessions for ...
2026-04-19 19:40:06.267 [info] Getting sessions for all scopes...
2026-04-19 19:40:06.267 [info] Got 1 sessions for ...
2026-04-19 19:40:06.271 [info] Getting sessions for all scopes...
2026-04-19 19:40:06.271 [info] Got 1 sessions for ...
2026-04-19 19:40:10.164 [info] Getting sessions for all scopes...
2026-04-19 19:40:10.164 [info] Got 1 sessions for ...
2026-04-19 19:40:10.165 [info] Getting sessions for all scopes...
2026-04-19 19:40:10.165 [info] Got 1 sessions for ...
2026-04-19 19:40:13.504 [info] Getting sessions for all scopes...
2026-04-19 19:40:13.504 [info] Got 1 sessions for ...
2026-04-19 19:40:13.504 [info] Getting sessions for all scopes...
2026-04-19 19:40:13.504 [info] Got 1 sessions for ...
2026-04-19 19:40:17.295 [info] Getting sessions for all scopes...
2026-04-19 19:40:17.295 [info] Got 1 sessions for ...
2026-04-19 19:40:17.296 [info] Getting sessions for all scopes...
2026-04-19 19:40:17.296 [info] Got 1 sessions for ...
2026-04-19 19:40:21.249 [info] Getting sessions for all scopes...
2026-04-19 19:40:21.249 [info] Got 1 sessions for ...
2026-04-19 19:40:21.249 [info] Getting sessions for all scopes...
2026-04-19 19:40:21.249 [info] Got 1 sessions for ...
2026-04-19 19:40:40.824 [info] Getting sessions for all scopes...
2026-04-19 19:40:40.824 [info] Got 1 sessions for ...
2026-04-19 19:40:40.824 [info] Getting sessions for all scopes...
2026-04-19 19:40:40.824 [info] Got 1 sessions for ...
2026-04-19 19:40:40.969 [info] Getting sessions for all scopes...
2026-04-19 19:40:40.969 [info] Got 1 sessions for ...
2026-04-19 19:40:40.970 [info] Getting sessions for all scopes...
2026-04-19 19:40:40.970 [info] Got 1 sessions for ...
2026-04-19 19:40:56.884 [info] Getting sessions for all scopes...
2026-04-19 19:40:56.884 [info] Got 1 sessions for ...
2026-04-19 19:40:56.884 [info] Getting sessions for all scopes...
2026-04-19 19:40:56.884 [info] Got 1 sessions for ...
2026-04-19 19:41:01.480 [info] Getting sessions for all scopes...
2026-04-19 19:41:01.480 [info] Got 1 sessions for ...
2026-04-19 19:41:01.480 [info] Getting sessions for all scopes...
2026-04-19 19:41:01.480 [info] Got 1 sessions for ...
2026-04-19 19:41:22.215 [info] Getting sessions for all scopes...
2026-04-19 19:41:22.215 [info] Got 1 sessions for ...
2026-04-19 19:41:22.216 [info] Getting sessions for all scopes...
2026-04-19 19:41:22.216 [info] Got 1 sessions for ...
2026-04-19 19:41:38.961 [info] Getting sessions for all scopes...
2026-04-19 19:41:38.961 [info] Got 1 sessions for ...
2026-04-19 19:41:38.962 [info] Getting sessions for all scopes...
2026-04-19 19:41:38.962 [info] Got 1 sessions for ...
2026-04-19 19:41:56.430 [info] Getting sessions for all scopes...
2026-04-19 19:41:56.430 [info] Got 1 sessions for ...
2026-04-19 19:41:56.431 [info] Getting sessions for all scopes...
2026-04-19 19:41:56.431 [info] Got 1 sessions for ...
2026-04-19 19:41:58.907 [info] Getting sessions for all scopes...
2026-04-19 19:41:58.907 [info] Got 1 sessions for ...
2026-04-19 19:41:58.907 [info] Getting sessions for all scopes...
2026-04-19 19:41:58.907 [info] Got 1 sessions for ...
2026-04-19 19:42:09.174 [info] Getting sessions for all scopes...
2026-04-19 19:42:09.174 [info] Got 1 sessions for ...
2026-04-19 19:42:09.190 [info] Getting sessions for all scopes...
2026-04-19 19:42:09.190 [info] Got 1 sessions for ...
2026-04-19 19:42:11.890 [info] Getting sessions for all scopes...
2026-04-19 19:42:11.890 [info] Got 1 sessions for ...
2026-04-19 19:42:11.895 [info] Getting sessions for all scopes...
2026-04-19 19:42:11.895 [info] Got 1 sessions for ...
2026-04-19 19:42:16.491 [info] Getting sessions for all scopes...
2026-04-19 19:42:16.491 [info] Got 1 sessions for ...
2026-04-19 19:42:16.494 [info] Getting sessions for all scopes...
2026-04-19 19:42:16.494 [info] Got 1 sessions for ...
2026-04-19 19:42:29.012 [info] Getting sessions for all scopes...
2026-04-19 19:42:29.012 [info] Got 1 sessions for ...
2026-04-19 19:42:29.015 [info] Getting sessions for all scopes...
2026-04-19 19:42:29.015 [info] Got 1 sessions for ...
2026-04-19 19:42:32.892 [info] Getting sessions for all scopes...
2026-04-19 19:42:32.892 [info] Got 1 sessions for ...
2026-04-19 19:42:32.894 [info] Getting sessions for all scopes...
2026-04-19 19:42:32.894 [info] Got 1 sessions for ...
2026-04-19 19:42:37.543 [info] Getting sessions for all scopes...
2026-04-19 19:42:37.543 [info] Got 1 sessions for ...
2026-04-19 19:42:37.544 [info] Getting sessions for all scopes...
2026-04-19 19:42:37.544 [info] Got 1 sessions for ...
2026-04-19 19:42:38.449 [info] Getting sessions for all scopes...
2026-04-19 19:42:38.449 [info] Got 1 sessions for ...
2026-04-19 19:42:38.449 [info] Getting sessions for all scopes...
2026-04-19 19:42:38.449 [info] Got 1 sessions for ...
2026-04-19 19:42:48.052 [info] Getting sessions for all scopes...
2026-04-19 19:42:48.052 [info] Got 1 sessions for ...
2026-04-19 19:42:48.057 [info] Getting sessions for all scopes...
2026-04-19 19:42:48.057 [info] Got 1 sessions for ...
2026-04-19 19:43:21.346 [info] Getting sessions for all scopes...
2026-04-19 19:43:21.346 [info] Got 1 sessions for ...
2026-04-19 19:43:21.346 [info] Getting sessions for all scopes...
2026-04-19 19:43:21.346 [info] Got 1 sessions for ...
2026-04-19 19:43:32.871 [info] Getting sessions for all scopes...
2026-04-19 19:43:32.871 [info] Got 1 sessions for ...
2026-04-19 19:43:32.871 [info] Getting sessions for all scopes...
2026-04-19 19:43:32.871 [info] Got 1 sessions for ...
2026-04-19 19:43:38.564 [info] Getting sessions for all scopes...
2026-04-19 19:43:38.564 [info] Got 1 sessions for ...
2026-04-19 19:43:38.564 [info] Getting sessions for all scopes...
2026-04-19 19:43:38.564 [info] Got 1 sessions for ...
2026-04-19 19:43:45.761 [info] Getting sessions for all scopes...
2026-04-19 19:43:45.761 [info] Got 1 sessions for ...
2026-04-19 19:43:45.765 [info] Getting sessions for all scopes...
2026-04-19 19:43:45.765 [info] Got 1 sessions for ...
2026-04-19 19:43:56.160 [info] Getting sessions for all scopes...
2026-04-19 19:43:56.160 [info] Got 1 sessions for ...
2026-04-19 19:43:56.163 [info] Getting sessions for all scopes...
2026-04-19 19:43:56.163 [info] Got 1 sessions for ...
2026-04-19 19:43:59.785 [info] Getting sessions for all scopes...
2026-04-19 19:43:59.786 [info] Got 1 sessions for ...
2026-04-19 19:43:59.786 [info] Getting sessions for all scopes...
2026-04-19 19:43:59.786 [info] Got 1 sessions for ...
2026-04-19 19:44:12.850 [info] Getting sessions for all scopes...
2026-04-19 19:44:12.850 [info] Got 1 sessions for ...
2026-04-19 19:44:12.851 [info] Getting sessions for all scopes...
2026-04-19 19:44:12.851 [info] Got 1 sessions for ...
2026-04-19 19:44:15.985 [info] Getting sessions for all scopes...
2026-04-19 19:44:15.985 [info] Got 1 sessions for ...
2026-04-19 19:44:15.985 [info] Getting sessions for all scopes...
2026-04-19 19:44:15.985 [info] Got 1 sessions for ...
2026-04-19 19:44:37.970 [info] Getting sessions for all scopes...
2026-04-19 19:44:37.971 [info] Got 1 sessions for ...
2026-04-19 19:44:37.975 [info] Getting sessions for all scopes...
2026-04-19 19:44:37.975 [info] Got 1 sessions for ...
2026-04-19 19:44:53.029 [info] Getting sessions for all scopes...
2026-04-19 19:44:53.029 [info] Got 1 sessions for ...
2026-04-19 19:44:53.032 [info] Getting sessions for all scopes...
2026-04-19 19:44:53.032 [info] Got 1 sessions for ...
2026-04-19 19:45:02.650 [info] Getting sessions for all scopes...
2026-04-19 19:45:02.650 [info] Got 1 sessions for ...
2026-04-19 19:45:02.650 [info] Getting sessions for all scopes...
2026-04-19 19:45:02.650 [info] Got 1 sessions for ...
2026-04-19 19:45:09.970 [info] Getting sessions for all scopes...
2026-04-19 19:45:09.970 [info] Got 1 sessions for ...
2026-04-19 19:45:09.970 [info] Getting sessions for all scopes...
2026-04-19 19:45:09.970 [info] Got 1 sessions for ...
2026-04-19 19:46:16.593 [info] Getting sessions for all scopes...
2026-04-19 19:46:16.596 [info] Got 1 sessions for ...
2026-04-19 19:46:16.597 [info] Getting sessions for all scopes...
2026-04-19 19:46:16.597 [info] Got 1 sessions for ...
2026-04-19 19:46:32.481 [info] Getting sessions for all scopes...
2026-04-19 19:46:32.481 [info] Got 1 sessions for ...
2026-04-19 19:46:32.486 [info] Getting sessions for all scopes...
2026-04-19 19:46:32.486 [info] Got 1 sessions for ...
2026-04-19 19:46:35.116 [info] Getting sessions for all scopes...
2026-04-19 19:46:35.116 [info] Got 1 sessions for ...
2026-04-19 19:46:35.116 [info] Getting sessions for all scopes...
2026-04-19 19:46:35.116 [info] Got 1 sessions for ...
2026-04-19 19:46:35.317 [info] Getting sessions for all scopes...
2026-04-19 19:46:35.317 [info] Got 1 sessions for ...
2026-04-19 19:46:35.318 [info] Getting sessions for all scopes...
2026-04-19 19:46:35.318 [info] Got 1 sessions for ...
2026-04-19 19:46:35.578 [info] Getting sessions for all scopes...
2026-04-19 19:46:35.578 [info] Got 1 sessions for ...
2026-04-19 19:46:35.578 [info] Getting sessions for all scopes...
2026-04-19 19:46:35.578 [info] Got 1 sessions for ...
2026-04-19 19:47:13.370 [info] Getting sessions for all scopes...
2026-04-19 19:47:13.370 [info] Got 1 sessions for ...
2026-04-19 19:47:13.374 [info] Getting sessions for all scopes...
2026-04-19 19:47:13.374 [info] Got 1 sessions for ...
2026-04-19 19:47:15.430 [info] Getting sessions for all scopes...
2026-04-19 19:47:15.430 [info] Got 1 sessions for ...
2026-04-19 19:47:15.432 [info] Getting sessions for all scopes...
2026-04-19 19:47:15.432 [info] Got 1 sessions for ...
2026-04-19 19:47:16.291 [info] Getting sessions for all scopes...
2026-04-19 19:47:16.291 [info] Got 1 sessions for ...
2026-04-19 19:47:16.292 [info] Getting sessions for all scopes...
2026-04-19 19:47:16.292 [info] Got 1 sessions for ...
2026-04-19 19:47:17.642 [info] Getting sessions for all scopes...
2026-04-19 19:47:17.642 [info] Got 1 sessions for ...
2026-04-19 19:47:17.645 [info] Getting sessions for all scopes...
2026-04-19 19:47:17.645 [info] Got 1 sessions for ...
2026-04-19 19:47:22.022 [info] Getting sessions for all scopes...
2026-04-19 19:47:22.022 [info] Got 1 sessions for ...
2026-04-19 19:47:22.022 [info] Getting sessions for all scopes...
2026-04-19 19:47:22.022 [info] Got 1 sessions for ...
2026-04-19 19:47:26.151 [info] Getting sessions for all scopes...
2026-04-19 19:47:26.151 [info] Got 1 sessions for ...
2026-04-19 19:47:26.151 [info] Getting sessions for all scopes...
2026-04-19 19:47:26.151 [info] Got 1 sessions for ...
2026-04-19 19:47:30.078 [info] Getting sessions for all scopes...
2026-04-19 19:47:30.078 [info] Got 1 sessions for ...
2026-04-19 19:47:30.079 [info] Getting sessions for all scopes...
2026-04-19 19:47:30.079 [info] Got 1 sessions for ...
2026-04-19 19:47:53.477 [info] Getting sessions for all scopes...
2026-04-19 19:47:53.477 [info] Got 1 sessions for ...
2026-04-19 19:47:53.483 [info] Getting sessions for all scopes...
2026-04-19 19:47:53.483 [info] Got 1 sessions for ...
2026-04-19 19:47:57.776 [info] Getting sessions for all scopes...
2026-04-19 19:47:57.776 [info] Got 1 sessions for ...
2026-04-19 19:47:57.776 [info] Getting sessions for all scopes...
2026-04-19 19:47:57.776 [info] Got 1 sessions for ...
2026-04-19 19:47:59.288 [info] Getting sessions for all scopes...
2026-04-19 19:47:59.288 [info] Got 1 sessions for ...
2026-04-19 19:47:59.292 [info] Getting sessions for all scopes...
2026-04-19 19:47:59.292 [info] Got 1 sessions for ...
2026-04-19 19:48:01.756 [info] Getting sessions for all scopes...
2026-04-19 19:48:01.756 [info] Got 1 sessions for ...
2026-04-19 19:48:01.757 [info] Getting sessions for all scopes...
2026-04-19 19:48:01.757 [info] Got 1 sessions for ...
2026-04-19 19:48:08.528 [info] Getting sessions for all scopes...
2026-04-19 19:48:08.528 [info] Got 1 sessions for ...
2026-04-19 19:48:08.528 [info] Getting sessions for all scopes...
2026-04-19 19:48:08.528 [info] Got 1 sessions for ...
2026-04-19 19:48:16.558 [info] Getting sessions for all scopes...
2026-04-19 19:48:16.558 [info] Got 1 sessions for ...
2026-04-19 19:48:16.560 [info] Getting sessions for all scopes...
2026-04-19 19:48:16.560 [info] Got 1 sessions for ...
2026-04-19 19:48:19.327 [info] Getting sessions for all scopes...
2026-04-19 19:48:19.327 [info] Got 1 sessions for ...
2026-04-19 19:48:19.327 [info] Getting sessions for all scopes...
2026-04-19 19:48:19.327 [info] Got 1 sessions for ...
2026-04-19 19:48:31.862 [info] Getting sessions for all scopes...
2026-04-19 19:48:31.862 [info] Got 1 sessions for ...
2026-04-19 19:48:31.866 [info] Getting sessions for all scopes...
2026-04-19 19:48:31.866 [info] Got 1 sessions for ...
2026-04-19 19:48:33.010 [info] Getting sessions for all scopes...
2026-04-19 19:48:33.010 [info] Got 1 sessions for ...
2026-04-19 19:48:33.020 [info] Getting sessions for all scopes...
2026-04-19 19:48:33.020 [info] Got 1 sessions for ...
