2026-04-21 18:00:35.411 [info] Reading sessions from keychain...
2026-04-21 18:00:35.411 [info] Getting sessions for all scopes...
2026-04-21 18:00:35.439 [info] Got stored sessions!
2026-04-21 18:00:35.439 [info] Got 1 verified sessions.
2026-04-21 18:00:35.439 [info] Got 1 sessions for ...
2026-04-21 18:00:35.439 [info] Getting sessions for all scopes...
2026-04-21 18:00:35.439 [info] Got 1 sessions for ...
2026-04-21 18:00:35.473 [info] Getting sessions for all scopes...
2026-04-21 18:00:35.473 [info] Got 1 sessions for ...
2026-04-21 18:00:35.479 [info] Getting sessions for all scopes...
2026-04-21 18:00:35.479 [info] Got 1 sessions for ...
2026-04-21 18:02:03.082 [info] Getting sessions for all scopes...
2026-04-21 18:02:03.082 [info] Got 1 sessions for ...
2026-04-21 18:02:03.149 [info] Getting sessions for all scopes...
2026-04-21 18:02:03.149 [info] Got 1 sessions for ...
2026-04-21 18:02:03.150 [info] Getting sessions for all scopes...
2026-04-21 18:02:03.150 [info] Got 1 sessions for ...
2026-04-21 18:02:04.143 [info] Getting sessions for all scopes...
2026-04-21 18:02:04.143 [info] Got 1 sessions for ...
2026-04-21 18:02:04.144 [info] Getting sessions for all scopes...
2026-04-21 18:02:04.144 [info] Got 1 sessions for ...
