2026-04-18 16:26:47.101 [info] Reading sessions from keychain...
2026-04-18 16:26:47.101 [info] Getting sessions for all scopes...
2026-04-18 16:26:47.101 [info] Got stored sessions!
2026-04-18 16:26:47.101 [info] Got 1 verified sessions.
2026-04-18 16:26:47.101 [info] Got 1 sessions for ...
2026-04-18 16:26:47.101 [info] Getting sessions for all scopes...
2026-04-18 16:26:47.101 [info] Got 1 sessions for ...
2026-04-18 16:26:47.105 [info] Getting sessions for all scopes...
2026-04-18 16:26:47.105 [info] Got 1 sessions for ...
2026-04-18 16:26:47.154 [info] Getting sessions for all scopes...
2026-04-18 16:26:47.154 [info] Got 1 sessions for ...
2026-04-18 16:26:47.566 [info] Getting sessions for read:user,repo,user:email,workflow...
2026-04-18 16:26:47.566 [info] Got 1 sessions for read:user,repo,user:email,workflow...
2026-04-18 16:26:48.939 [info] Getting sessions for all scopes...
2026-04-18 16:26:48.939 [info] Got 1 sessions for ...
2026-04-18 16:26:49.617 [info] Getting sessions for all scopes...
2026-04-18 16:26:49.617 [info] Got 1 sessions for ...
2026-04-18 16:26:49.619 [info] Getting sessions for all scopes...
2026-04-18 16:26:49.619 [info] Got 1 sessions for ...
2026-04-18 16:26:53.077 [info] Getting sessions for all scopes...
2026-04-18 16:26:53.077 [info] Got 1 sessions for ...
2026-04-18 16:26:53.077 [info] Getting sessions for all scopes...
2026-04-18 16:26:53.077 [info] Got 1 sessions for ...
2026-04-18 16:27:05.716 [info] Getting sessions for all scopes...
2026-04-18 16:27:05.716 [info] Got 1 sessions for ...
2026-04-18 16:27:05.719 [info] Getting sessions for all scopes...
2026-04-18 16:27:05.720 [info] Got 1 sessions for ...
2026-04-18 16:27:06.627 [info] Getting sessions for all scopes...
2026-04-18 16:27:06.627 [info] Got 1 sessions for ...
2026-04-18 16:27:06.628 [info] Getting sessions for all scopes...
2026-04-18 16:27:06.628 [info] Got 1 sessions for ...
2026-04-18 16:27:07.957 [info] Getting sessions for all scopes...
2026-04-18 16:27:07.957 [info] Got 1 sessions for ...
2026-04-18 16:27:07.960 [info] Getting sessions for all scopes...
2026-04-18 16:27:07.960 [info] Got 1 sessions for ...
2026-04-18 16:27:12.477 [info] Getting sessions for all scopes...
2026-04-18 16:27:12.477 [info] Got 1 sessions for ...
2026-04-18 16:27:12.478 [info] Getting sessions for all scopes...
2026-04-18 16:27:12.478 [info] Got 1 sessions for ...
2026-04-18 16:27:21.096 [info] Getting sessions for all scopes...
2026-04-18 16:27:21.096 [info] Got 1 sessions for ...
2026-04-18 16:27:21.100 [info] Getting sessions for all scopes...
2026-04-18 16:27:21.101 [info] Got 1 sessions for ...
2026-04-18 16:27:26.259 [info] Getting sessions for all scopes...
2026-04-18 16:27:26.259 [info] Got 1 sessions for ...
2026-04-18 16:27:26.260 [info] Getting sessions for all scopes...
2026-04-18 16:27:26.260 [info] Got 1 sessions for ...
2026-04-18 16:27:44.908 [info] Getting sessions for all scopes...
2026-04-18 16:27:44.908 [info] Got 1 sessions for ...
2026-04-18 16:27:44.913 [info] Getting sessions for all scopes...
2026-04-18 16:27:44.913 [info] Got 1 sessions for ...
2026-04-18 16:27:49.636 [info] Getting sessions for all scopes...
2026-04-18 16:27:49.636 [info] Got 1 sessions for ...
2026-04-18 16:27:49.638 [info] Getting sessions for all scopes...
2026-04-18 16:27:49.638 [info] Got 1 sessions for ...
2026-04-18 16:28:05.391 [info] Getting sessions for all scopes...
2026-04-18 16:28:05.391 [info] Got 1 sessions for ...
2026-04-18 16:28:05.392 [info] Getting sessions for all scopes...
2026-04-18 16:28:05.392 [info] Got 1 sessions for ...
2026-04-18 16:28:13.554 [info] Getting sessions for all scopes...
2026-04-18 16:28:13.554 [info] Got 1 sessions for ...
2026-04-18 16:28:13.556 [info] Getting sessions for all scopes...
2026-04-18 16:28:13.556 [info] Got 1 sessions for ...
2026-04-18 16:28:28.189 [info] Getting sessions for all scopes...
2026-04-18 16:28:28.189 [info] Got 1 sessions for ...
2026-04-18 16:28:28.194 [info] Getting sessions for all scopes...
2026-04-18 16:28:28.194 [info] Got 1 sessions for ...
2026-04-18 16:28:33.442 [info] Getting sessions for all scopes...
2026-04-18 16:28:33.442 [info] Got 1 sessions for ...
2026-04-18 16:28:33.444 [info] Getting sessions for all scopes...
2026-04-18 16:28:33.444 [info] Got 1 sessions for ...
2026-04-18 16:28:35.602 [info] Getting sessions for all scopes...
2026-04-18 16:28:35.602 [info] Got 1 sessions for ...
2026-04-18 16:28:35.603 [info] Getting sessions for all scopes...
2026-04-18 16:28:35.603 [info] Got 1 sessions for ...
2026-04-18 16:28:41.215 [info] Getting sessions for all scopes...
2026-04-18 16:28:41.215 [info] Got 1 sessions for ...
2026-04-18 16:28:41.215 [info] Getting sessions for all scopes...
2026-04-18 16:28:41.215 [info] Got 1 sessions for ...
2026-04-18 16:28:45.141 [info] Getting sessions for all scopes...
2026-04-18 16:28:45.141 [info] Got 1 sessions for ...
2026-04-18 16:28:45.142 [info] Getting sessions for all scopes...
2026-04-18 16:28:45.142 [info] Got 1 sessions for ...
2026-04-18 16:28:56.965 [info] Getting sessions for all scopes...
2026-04-18 16:28:56.965 [info] Got 1 sessions for ...
2026-04-18 16:28:56.973 [info] Getting sessions for all scopes...
2026-04-18 16:28:56.974 [info] Got 1 sessions for ...
2026-04-18 16:29:04.125 [info] Getting sessions for all scopes...
2026-04-18 16:29:04.125 [info] Got 1 sessions for ...
2026-04-18 16:29:04.128 [info] Getting sessions for all scopes...
2026-04-18 16:29:04.128 [info] Got 1 sessions for ...
2026-04-18 16:29:05.318 [info] Getting sessions for all scopes...
2026-04-18 16:29:05.318 [info] Got 1 sessions for ...
2026-04-18 16:29:05.319 [info] Getting sessions for all scopes...
2026-04-18 16:29:05.319 [info] Got 1 sessions for ...
2026-04-18 16:29:19.304 [info] Getting sessions for all scopes...
2026-04-18 16:29:19.304 [info] Got 1 sessions for ...
2026-04-18 16:29:19.305 [info] Getting sessions for all scopes...
2026-04-18 16:29:19.305 [info] Got 1 sessions for ...
2026-04-18 16:29:44.998 [info] Getting sessions for all scopes...
2026-04-18 16:29:44.998 [info] Got 1 sessions for ...
2026-04-18 16:29:44.998 [info] Getting sessions for all scopes...
2026-04-18 16:29:44.998 [info] Got 1 sessions for ...
2026-04-18 16:29:47.542 [info] Getting sessions for all scopes...
2026-04-18 16:29:47.542 [info] Got 1 sessions for ...
2026-04-18 16:29:47.543 [info] Getting sessions for all scopes...
2026-04-18 16:29:47.543 [info] Got 1 sessions for ...
2026-04-18 16:29:54.156 [info] Getting sessions for all scopes...
2026-04-18 16:29:54.159 [info] Got 1 sessions for ...
2026-04-18 16:29:54.162 [info] Getting sessions for all scopes...
2026-04-18 16:29:54.162 [info] Got 1 sessions for ...
2026-04-18 16:29:58.139 [info] Getting sessions for all scopes...
2026-04-18 16:29:58.139 [info] Got 1 sessions for ...
2026-04-18 16:29:58.140 [info] Getting sessions for all scopes...
2026-04-18 16:29:58.140 [info] Got 1 sessions for ...
2026-04-18 16:30:19.350 [info] Getting sessions for all scopes...
2026-04-18 16:30:19.351 [info] Got 1 sessions for ...
2026-04-18 16:30:19.351 [info] Getting sessions for all scopes...
2026-04-18 16:30:19.351 [info] Got 1 sessions for ...
2026-04-18 16:30:35.877 [info] Getting sessions for all scopes...
2026-04-18 16:30:35.877 [info] Got 1 sessions for ...
2026-04-18 16:30:35.934 [info] Getting sessions for all scopes...
2026-04-18 16:30:35.934 [info] Got 1 sessions for ...
2026-04-18 16:30:56.873 [info] Getting sessions for all scopes...
2026-04-18 16:30:56.873 [info] Got 1 sessions for ...
2026-04-18 16:30:56.874 [info] Getting sessions for all scopes...
2026-04-18 16:30:56.874 [info] Got 1 sessions for ...
2026-04-18 16:31:05.248 [info] Getting sessions for all scopes...
2026-04-18 16:31:05.248 [info] Got 1 sessions for ...
2026-04-18 16:31:05.248 [info] Getting sessions for all scopes...
2026-04-18 16:31:05.248 [info] Got 1 sessions for ...
2026-04-18 16:31:41.207 [info] Getting sessions for all scopes...
2026-04-18 16:31:41.207 [info] Got 1 sessions for ...
2026-04-18 16:31:41.211 [info] Getting sessions for all scopes...
2026-04-18 16:31:41.211 [info] Got 1 sessions for ...
2026-04-18 16:31:41.828 [info] Getting sessions for all scopes...
2026-04-18 16:31:41.828 [info] Got 1 sessions for ...
2026-04-18 16:31:41.828 [info] Getting sessions for all scopes...
2026-04-18 16:31:41.828 [info] Got 1 sessions for ...
2026-04-18 16:31:45.881 [info] Getting sessions for all scopes...
2026-04-18 16:31:45.881 [info] Got 1 sessions for ...
2026-04-18 16:31:45.883 [info] Getting sessions for all scopes...
2026-04-18 16:31:45.884 [info] Got 1 sessions for ...
2026-04-18 16:31:50.346 [info] Getting sessions for all scopes...
2026-04-18 16:31:50.346 [info] Got 1 sessions for ...
2026-04-18 16:31:50.346 [info] Getting sessions for all scopes...
2026-04-18 16:31:50.346 [info] Got 1 sessions for ...
2026-04-18 16:31:53.819 [info] Getting sessions for all scopes...
2026-04-18 16:31:53.819 [info] Got 1 sessions for ...
2026-04-18 16:31:53.820 [info] Getting sessions for all scopes...
2026-04-18 16:31:53.820 [info] Got 1 sessions for ...
2026-04-18 16:31:54.076 [info] Getting sessions for all scopes...
2026-04-18 16:31:54.076 [info] Got 1 sessions for ...
2026-04-18 16:31:54.077 [info] Getting sessions for all scopes...
2026-04-18 16:31:54.077 [info] Got 1 sessions for ...
2026-04-18 16:32:02.694 [info] Getting sessions for all scopes...
2026-04-18 16:32:02.695 [info] Got 1 sessions for ...
2026-04-18 16:32:02.696 [info] Getting sessions for all scopes...
2026-04-18 16:32:02.696 [info] Got 1 sessions for ...
2026-04-18 16:32:25.156 [info] Getting sessions for all scopes...
2026-04-18 16:32:25.160 [info] Got 1 sessions for ...
2026-04-18 16:32:25.160 [info] Getting sessions for all scopes...
2026-04-18 16:32:25.160 [info] Got 1 sessions for ...
2026-04-18 16:32:35.332 [info] Getting sessions for all scopes...
2026-04-18 16:32:35.332 [info] Got 1 sessions for ...
2026-04-18 16:32:35.333 [info] Getting sessions for all scopes...
2026-04-18 16:32:35.333 [info] Got 1 sessions for ...
2026-04-18 16:32:37.025 [info] Getting sessions for all scopes...
2026-04-18 16:32:37.025 [info] Got 1 sessions for ...
2026-04-18 16:32:37.026 [info] Getting sessions for all scopes...
2026-04-18 16:32:37.026 [info] Got 1 sessions for ...
2026-04-18 16:32:54.628 [info] Getting sessions for all scopes...
2026-04-18 16:32:54.628 [info] Got 1 sessions for ...
2026-04-18 16:32:54.630 [info] Getting sessions for all scopes...
2026-04-18 16:32:54.630 [info] Got 1 sessions for ...
2026-04-18 16:33:53.379 [info] Getting sessions for all scopes...
2026-04-18 16:33:53.379 [info] Got 1 sessions for ...
2026-04-18 16:33:53.384 [info] Getting sessions for all scopes...
2026-04-18 16:33:53.384 [info] Got 1 sessions for ...
2026-04-18 16:34:09.110 [info] Getting sessions for all scopes...
2026-04-18 16:34:09.110 [info] Got 1 sessions for ...
2026-04-18 16:34:09.116 [info] Getting sessions for all scopes...
2026-04-18 16:34:09.116 [info] Got 1 sessions for ...
2026-04-18 16:34:30.386 [info] Getting sessions for all scopes...
2026-04-18 16:34:30.386 [info] Got 1 sessions for ...
2026-04-18 16:34:30.390 [info] Getting sessions for all scopes...
2026-04-18 16:34:30.390 [info] Got 1 sessions for ...
2026-04-18 16:34:35.188 [info] Getting sessions for all scopes...
2026-04-18 16:34:35.188 [info] Got 1 sessions for ...
2026-04-18 16:34:35.190 [info] Getting sessions for all scopes...
2026-04-18 16:34:35.190 [info] Got 1 sessions for ...
2026-04-18 16:34:44.854 [info] Getting sessions for all scopes...
2026-04-18 16:34:44.854 [info] Got 1 sessions for ...
2026-04-18 16:34:44.855 [info] Getting sessions for all scopes...
2026-04-18 16:34:44.855 [info] Got 1 sessions for ...
2026-04-18 16:34:59.697 [info] Getting sessions for all scopes...
2026-04-18 16:34:59.697 [info] Got 1 sessions for ...
2026-04-18 16:34:59.699 [info] Getting sessions for all scopes...
2026-04-18 16:34:59.699 [info] Got 1 sessions for ...
2026-04-18 16:35:04.142 [info] Getting sessions for all scopes...
2026-04-18 16:35:04.142 [info] Got 1 sessions for ...
2026-04-18 16:35:04.142 [info] Getting sessions for all scopes...
2026-04-18 16:35:04.142 [info] Got 1 sessions for ...
2026-04-18 16:35:07.354 [info] Getting sessions for all scopes...
2026-04-18 16:35:07.354 [info] Got 1 sessions for ...
2026-04-18 16:35:07.354 [info] Getting sessions for all scopes...
2026-04-18 16:35:07.354 [info] Got 1 sessions for ...
2026-04-18 16:35:56.069 [info] Getting sessions for all scopes...
2026-04-18 16:35:56.073 [info] Got 1 sessions for ...
2026-04-18 16:35:56.082 [info] Getting sessions for all scopes...
2026-04-18 16:35:56.082 [info] Got 1 sessions for ...
2026-04-18 16:36:00.918 [info] Getting sessions for all scopes...
2026-04-18 16:36:00.918 [info] Got 1 sessions for ...
2026-04-18 16:36:00.924 [info] Getting sessions for all scopes...
2026-04-18 16:36:00.924 [info] Got 1 sessions for ...
2026-04-18 16:36:03.710 [info] Getting sessions for all scopes...
2026-04-18 16:36:03.710 [info] Got 1 sessions for ...
2026-04-18 16:36:03.711 [info] Getting sessions for all scopes...
2026-04-18 16:36:03.711 [info] Got 1 sessions for ...
2026-04-18 16:37:22.549 [info] Getting sessions for all scopes...
2026-04-18 16:37:22.550 [info] Got 1 sessions for ...
2026-04-18 16:37:22.578 [info] Getting sessions for all scopes...
2026-04-18 16:37:22.578 [info] Got 1 sessions for ...
2026-04-18 16:37:49.183 [info] Getting sessions for all scopes...
2026-04-18 16:37:49.183 [info] Got 1 sessions for ...
2026-04-18 16:37:49.185 [info] Getting sessions for all scopes...
2026-04-18 16:37:49.185 [info] Got 1 sessions for ...
2026-04-18 16:37:57.598 [info] Getting sessions for all scopes...
2026-04-18 16:37:57.598 [info] Got 1 sessions for ...
2026-04-18 16:37:57.604 [info] Getting sessions for all scopes...
2026-04-18 16:37:57.604 [info] Got 1 sessions for ...
2026-04-18 16:38:06.936 [info] Getting sessions for all scopes...
2026-04-18 16:38:06.936 [info] Got 1 sessions for ...
2026-04-18 16:38:06.939 [info] Getting sessions for all scopes...
2026-04-18 16:38:06.939 [info] Got 1 sessions for ...
2026-04-18 16:38:15.822 [info] Getting sessions for all scopes...
2026-04-18 16:38:15.822 [info] Got 1 sessions for ...
2026-04-18 16:38:15.823 [info] Getting sessions for all scopes...
2026-04-18 16:38:15.823 [info] Got 1 sessions for ...
2026-04-18 16:38:24.073 [info] Getting sessions for all scopes...
2026-04-18 16:38:24.075 [info] Got 1 sessions for ...
2026-04-18 16:38:24.076 [info] Getting sessions for all scopes...
2026-04-18 16:38:24.076 [info] Got 1 sessions for ...
2026-04-18 16:38:25.590 [info] Getting sessions for all scopes...
2026-04-18 16:38:25.590 [info] Got 1 sessions for ...
2026-04-18 16:38:25.590 [info] Getting sessions for all scopes...
2026-04-18 16:38:25.590 [info] Got 1 sessions for ...
2026-04-18 16:38:44.084 [info] Getting sessions for all scopes...
2026-04-18 16:38:44.084 [info] Got 1 sessions for ...
2026-04-18 16:38:44.085 [info] Getting sessions for all scopes...
2026-04-18 16:38:44.085 [info] Got 1 sessions for ...
2026-04-18 16:38:46.434 [info] Getting sessions for all scopes...
2026-04-18 16:38:46.434 [info] Got 1 sessions for ...
2026-04-18 16:38:46.434 [info] Getting sessions for all scopes...
2026-04-18 16:38:46.434 [info] Got 1 sessions for ...
2026-04-18 16:38:51.149 [info] Getting sessions for all scopes...
2026-04-18 16:38:51.149 [info] Got 1 sessions for ...
2026-04-18 16:38:51.149 [info] Getting sessions for all scopes...
2026-04-18 16:38:51.149 [info] Got 1 sessions for ...
2026-04-18 16:39:58.040 [info] Getting sessions for all scopes...
2026-04-18 16:39:58.041 [info] Got 1 sessions for ...
2026-04-18 16:39:58.042 [info] Getting sessions for all scopes...
2026-04-18 16:39:58.042 [info] Got 1 sessions for ...
2026-04-18 16:40:02.521 [info] Getting sessions for all scopes...
2026-04-18 16:40:02.521 [info] Got 1 sessions for ...
2026-04-18 16:40:02.521 [info] Getting sessions for all scopes...
2026-04-18 16:40:02.521 [info] Got 1 sessions for ...
2026-04-18 16:40:10.410 [info] Getting sessions for all scopes...
2026-04-18 16:40:10.410 [info] Got 1 sessions for ...
2026-04-18 16:40:10.410 [info] Getting sessions for all scopes...
2026-04-18 16:40:10.410 [info] Got 1 sessions for ...
2026-04-18 16:40:19.921 [info] Getting sessions for all scopes...
2026-04-18 16:40:19.921 [info] Got 1 sessions for ...
2026-04-18 16:40:19.940 [info] Getting sessions for all scopes...
2026-04-18 16:40:19.940 [info] Got 1 sessions for ...
2026-04-18 16:40:24.493 [info] Getting sessions for all scopes...
2026-04-18 16:40:24.493 [info] Got 1 sessions for ...
2026-04-18 16:40:24.496 [info] Getting sessions for all scopes...
2026-04-18 16:40:24.496 [info] Got 1 sessions for ...
2026-04-18 16:40:25.629 [info] Getting sessions for all scopes...
2026-04-18 16:40:25.629 [info] Got 1 sessions for ...
2026-04-18 16:40:25.632 [info] Getting sessions for all scopes...
2026-04-18 16:40:25.632 [info] Got 1 sessions for ...
2026-04-18 16:40:31.197 [info] Getting sessions for all scopes...
2026-04-18 16:40:31.197 [info] Got 1 sessions for ...
2026-04-18 16:40:31.197 [info] Getting sessions for all scopes...
2026-04-18 16:40:31.198 [info] Got 1 sessions for ...
2026-04-18 16:41:31.530 [info] Getting sessions for all scopes...
2026-04-18 16:41:31.530 [info] Got 1 sessions for ...
2026-04-18 16:41:31.530 [info] Getting sessions for all scopes...
2026-04-18 16:41:31.530 [info] Got 1 sessions for ...
2026-04-18 16:41:34.352 [info] Getting sessions for all scopes...
2026-04-18 16:41:34.352 [info] Got 1 sessions for ...
2026-04-18 16:41:34.352 [info] Getting sessions for all scopes...
2026-04-18 16:41:34.353 [info] Got 1 sessions for ...
2026-04-18 16:41:55.713 [info] Getting sessions for all scopes...
2026-04-18 16:41:55.713 [info] Got 1 sessions for ...
2026-04-18 16:41:55.715 [info] Getting sessions for all scopes...
2026-04-18 16:41:55.715 [info] Got 1 sessions for ...
2026-04-18 16:41:59.886 [info] Getting sessions for all scopes...
2026-04-18 16:41:59.886 [info] Got 1 sessions for ...
2026-04-18 16:41:59.886 [info] Getting sessions for all scopes...
2026-04-18 16:41:59.886 [info] Got 1 sessions for ...
2026-04-18 16:42:27.928 [info] Getting sessions for all scopes...
2026-04-18 16:42:27.928 [info] Got 1 sessions for ...
2026-04-18 16:42:27.947 [info] Getting sessions for all scopes...
2026-04-18 16:42:27.949 [info] Got 1 sessions for ...
2026-04-18 16:42:36.134 [info] Getting sessions for all scopes...
2026-04-18 16:42:36.134 [info] Got 1 sessions for ...
2026-04-18 16:42:36.134 [info] Getting sessions for all scopes...
2026-04-18 16:42:36.134 [info] Got 1 sessions for ...
2026-04-18 16:42:53.476 [info] Getting sessions for all scopes...
2026-04-18 16:42:53.476 [info] Got 1 sessions for ...
2026-04-18 16:42:53.477 [info] Getting sessions for all scopes...
2026-04-18 16:42:53.477 [info] Got 1 sessions for ...
2026-04-18 16:42:59.730 [info] Getting sessions for all scopes...
2026-04-18 16:42:59.733 [info] Got 1 sessions for ...
2026-04-18 16:42:59.735 [info] Getting sessions for all scopes...
2026-04-18 16:42:59.735 [info] Got 1 sessions for ...
2026-04-18 16:44:06.851 [info] Getting sessions for all scopes...
2026-04-18 16:44:06.851 [info] Got 1 sessions for ...
2026-04-18 16:44:06.854 [info] Getting sessions for all scopes...
2026-04-18 16:44:06.854 [info] Got 1 sessions for ...
2026-04-18 16:44:11.392 [info] Getting sessions for all scopes...
2026-04-18 16:44:11.392 [info] Got 1 sessions for ...
2026-04-18 16:44:11.392 [info] Getting sessions for all scopes...
2026-04-18 16:44:11.392 [info] Got 1 sessions for ...
2026-04-18 16:44:19.569 [info] Getting sessions for all scopes...
2026-04-18 16:44:19.570 [info] Got 1 sessions for ...
2026-04-18 16:44:19.570 [info] Getting sessions for all scopes...
2026-04-18 16:44:19.571 [info] Got 1 sessions for ...
2026-04-18 16:44:21.124 [info] Getting sessions for all scopes...
2026-04-18 16:44:21.124 [info] Got 1 sessions for ...
2026-04-18 16:44:21.129 [info] Getting sessions for all scopes...
2026-04-18 16:44:21.129 [info] Got 1 sessions for ...
2026-04-18 16:44:33.095 [info] Getting sessions for all scopes...
2026-04-18 16:44:33.095 [info] Got 1 sessions for ...
2026-04-18 16:44:33.131 [info] Getting sessions for all scopes...
2026-04-18 16:44:33.131 [info] Got 1 sessions for ...
2026-04-18 16:44:33.905 [info] Getting sessions for all scopes...
2026-04-18 16:44:33.905 [info] Got 1 sessions for ...
2026-04-18 16:44:33.907 [info] Getting sessions for all scopes...
2026-04-18 16:44:33.907 [info] Got 1 sessions for ...
2026-04-18 16:44:34.498 [info] Getting sessions for all scopes...
2026-04-18 16:44:34.498 [info] Got 1 sessions for ...
2026-04-18 16:44:34.499 [info] Getting sessions for all scopes...
2026-04-18 16:44:34.499 [info] Got 1 sessions for ...
2026-04-18 16:44:42.466 [info] Getting sessions for all scopes...
2026-04-18 16:44:42.466 [info] Got 1 sessions for ...
2026-04-18 16:44:42.467 [info] Getting sessions for all scopes...
2026-04-18 16:44:42.467 [info] Got 1 sessions for ...
2026-04-18 16:44:43.079 [info] Getting sessions for all scopes...
2026-04-18 16:44:43.079 [info] Got 1 sessions for ...
2026-04-18 16:44:43.081 [info] Getting sessions for all scopes...
2026-04-18 16:44:43.081 [info] Got 1 sessions for ...
2026-04-18 16:45:03.857 [info] Getting sessions for all scopes...
2026-04-18 16:45:03.857 [info] Got 1 sessions for ...
2026-04-18 16:45:03.893 [info] Getting sessions for all scopes...
2026-04-18 16:45:03.893 [info] Got 1 sessions for ...
2026-04-18 16:45:12.473 [info] Getting sessions for all scopes...
2026-04-18 16:45:12.473 [info] Got 1 sessions for ...
2026-04-18 16:45:12.475 [info] Getting sessions for all scopes...
2026-04-18 16:45:12.475 [info] Got 1 sessions for ...
2026-04-18 16:45:13.804 [info] Getting sessions for all scopes...
2026-04-18 16:45:13.804 [info] Got 1 sessions for ...
2026-04-18 16:45:13.806 [info] Getting sessions for all scopes...
2026-04-18 16:45:13.806 [info] Got 1 sessions for ...
2026-04-18 16:45:39.687 [info] Getting sessions for all scopes...
2026-04-18 16:45:39.687 [info] Got 1 sessions for ...
2026-04-18 16:45:39.691 [info] Getting sessions for all scopes...
2026-04-18 16:45:39.691 [info] Got 1 sessions for ...
2026-04-18 16:46:00.101 [info] Getting sessions for all scopes...
2026-04-18 16:46:00.101 [info] Got 1 sessions for ...
2026-04-18 16:46:00.103 [info] Getting sessions for all scopes...
2026-04-18 16:46:00.103 [info] Got 1 sessions for ...
2026-04-18 16:46:07.088 [info] Getting sessions for all scopes...
2026-04-18 16:46:07.088 [info] Got 1 sessions for ...
2026-04-18 16:46:07.089 [info] Getting sessions for all scopes...
2026-04-18 16:46:07.089 [info] Got 1 sessions for ...
2026-04-18 16:46:13.034 [info] Getting sessions for all scopes...
2026-04-18 16:46:13.034 [info] Got 1 sessions for ...
2026-04-18 16:46:13.034 [info] Getting sessions for all scopes...
2026-04-18 16:46:13.034 [info] Got 1 sessions for ...
2026-04-18 16:46:13.164 [info] Getting sessions for all scopes...
2026-04-18 16:46:13.164 [info] Got 1 sessions for ...
2026-04-18 16:46:13.166 [info] Getting sessions for all scopes...
2026-04-18 16:46:13.166 [info] Got 1 sessions for ...
2026-04-18 16:46:19.487 [info] Getting sessions for all scopes...
2026-04-18 16:46:19.487 [info] Got 1 sessions for ...
2026-04-18 16:46:19.488 [info] Getting sessions for all scopes...
2026-04-18 16:46:19.488 [info] Got 1 sessions for ...
2026-04-18 16:46:28.712 [info] Getting sessions for all scopes...
2026-04-18 16:46:28.712 [info] Got 1 sessions for ...
2026-04-18 16:46:28.713 [info] Getting sessions for all scopes...
2026-04-18 16:46:28.713 [info] Got 1 sessions for ...
2026-04-18 16:46:37.829 [info] Getting sessions for all scopes...
2026-04-18 16:46:37.829 [info] Got 1 sessions for ...
2026-04-18 16:46:37.830 [info] Getting sessions for all scopes...
2026-04-18 16:46:37.830 [info] Got 1 sessions for ...
2026-04-18 16:46:43.759 [info] Getting sessions for all scopes...
2026-04-18 16:46:43.759 [info] Got 1 sessions for ...
2026-04-18 16:46:43.759 [info] Getting sessions for all scopes...
2026-04-18 16:46:43.759 [info] Got 1 sessions for ...
2026-04-18 16:46:49.179 [info] Getting sessions for all scopes...
2026-04-18 16:46:49.179 [info] Got 1 sessions for ...
2026-04-18 16:46:49.180 [info] Getting sessions for all scopes...
2026-04-18 16:46:49.180 [info] Got 1 sessions for ...
2026-04-18 16:47:07.269 [info] Getting sessions for all scopes...
2026-04-18 16:47:07.269 [info] Got 1 sessions for ...
2026-04-18 16:47:07.269 [info] Getting sessions for all scopes...
2026-04-18 16:47:07.269 [info] Got 1 sessions for ...
2026-04-18 16:47:12.387 [info] Getting sessions for all scopes...
2026-04-18 16:47:12.387 [info] Got 1 sessions for ...
2026-04-18 16:47:12.394 [info] Getting sessions for all scopes...
2026-04-18 16:47:12.394 [info] Got 1 sessions for ...
