2026-04-18 10:09:17.287 [info] [main] Log level: Info
2026-04-18 10:09:17.287 [info] [main] Validating found git in: "git"
2026-04-18 10:09:17.287 [info] [main] Using git "2.53.0" from "git"
2026-04-18 10:09:17.287 [info] [Model][doInitialScan] Initial repository scan started
2026-04-18 10:09:17.287 [info] > git rev-parse --show-toplevel [6ms]
2026-04-18 10:09:17.287 [info] fatal: not a git repository (or any parent up to mount point /)
Stopping at filesystem boundary (GIT_DISCOVERY_ACROSS_FILESYSTEM not set).
2026-04-18 10:09:17.287 [info] > git rev-parse --show-toplevel [2ms]
2026-04-18 10:09:17.287 [info] fatal: not a git repository (or any parent up to mount point /)
Stopping at filesystem boundary (GIT_DISCOVERY_ACROSS_FILESYSTEM not set).
2026-04-18 10:09:17.287 [info] > git rev-parse --show-toplevel [1ms]
2026-04-18 10:09:17.287 [info] fatal: not a git repository (or any parent up to mount point /)
Stopping at filesystem boundary (GIT_DISCOVERY_ACROSS_FILESYSTEM not set).
2026-04-18 10:09:17.287 [info] > git rev-parse --show-toplevel [1ms]
2026-04-18 10:09:17.287 [info] fatal: not a git repository (or any parent up to mount point /)
Stopping at filesystem boundary (GIT_DISCOVERY_ACROSS_FILESYSTEM not set).
2026-04-18 10:09:17.287 [info] > git rev-parse --show-toplevel [1ms]
2026-04-18 10:09:17.287 [info] fatal: not a git repository (or any parent up to mount point /)
Stopping at filesystem boundary (GIT_DISCOVERY_ACROSS_FILESYSTEM not set).
2026-04-18 10:09:17.287 [info] > git rev-parse --show-toplevel [1ms]
2026-04-18 10:09:17.287 [info] fatal: not a git repository (or any parent up to mount point /)
Stopping at filesystem boundary (GIT_DISCOVERY_ACROSS_FILESYSTEM not set).
2026-04-18 10:09:17.287 [info] > git rev-parse --show-toplevel [0ms]
2026-04-18 10:09:17.287 [info] fatal: not a git repository (or any parent up to mount point /)
Stopping at filesystem boundary (GIT_DISCOVERY_ACROSS_FILESYSTEM not set).
2026-04-18 10:09:17.287 [info] > git rev-parse --show-toplevel [1ms]
2026-04-18 10:09:17.287 [info] fatal: not a git repository (or any parent up to mount point /)
Stopping at filesystem boundary (GIT_DISCOVERY_ACROSS_FILESYSTEM not set).
2026-04-18 10:09:17.287 [info] > git rev-parse --show-toplevel [0ms]
2026-04-18 10:09:17.287 [info] fatal: not a git repository (or any parent up to mount point /)
Stopping at filesystem boundary (GIT_DISCOVERY_ACROSS_FILESYSTEM not set).
2026-04-18 10:09:17.287 [info] > git rev-parse --show-toplevel [0ms]
2026-04-18 10:09:17.287 [info] fatal: not a git repository (or any parent up to mount point /)
Stopping at filesystem boundary (GIT_DISCOVERY_ACROSS_FILESYSTEM not set).
2026-04-18 10:09:17.287 [info] > git rev-parse --show-toplevel [1ms]
2026-04-18 10:09:17.287 [info] fatal: not a git repository (or any parent up to mount point /)
Stopping at filesystem boundary (GIT_DISCOVERY_ACROSS_FILESYSTEM not set).
2026-04-18 10:09:17.287 [info] > git rev-parse --show-toplevel [1ms]
2026-04-18 10:09:17.287 [info] fatal: not a git repository (or any parent up to mount point /)
Stopping at filesystem boundary (GIT_DISCOVERY_ACROSS_FILESYSTEM not set).
2026-04-18 10:09:17.287 [info] > git rev-parse --show-toplevel [0ms]
2026-04-18 10:09:17.287 [info] fatal: not a git repository (or any parent up to mount point /)
Stopping at filesystem boundary (GIT_DISCOVERY_ACROSS_FILESYSTEM not set).
2026-04-18 10:09:17.287 [info] > git rev-parse --show-toplevel [1ms]
2026-04-18 10:09:17.287 [info] fatal: not a git repository (or any parent up to mount point /)
Stopping at filesystem boundary (GIT_DISCOVERY_ACROSS_FILESYSTEM not set).
2026-04-18 10:09:17.287 [info] > git rev-parse --show-toplevel [0ms]
2026-04-18 10:09:17.287 [info] fatal: not a git repository (or any parent up to mount point /)
Stopping at filesystem boundary (GIT_DISCOVERY_ACROSS_FILESYSTEM not set).
2026-04-18 10:09:17.297 [info] > git rev-parse --show-toplevel [9ms]
2026-04-18 10:09:17.297 [info] fatal: not a git repository (or any parent up to mount point /)
Stopping at filesystem boundary (GIT_DISCOVERY_ACROSS_FILESYSTEM not set).
2026-04-18 10:09:17.325 [info] > git rev-parse --show-toplevel [25ms]
2026-04-18 10:09:17.325 [info] fatal: not a git repository (or any parent up to mount point /)
Stopping at filesystem boundary (GIT_DISCOVERY_ACROSS_FILESYSTEM not set).
2026-04-18 10:09:17.333 [info] > git rev-parse --show-toplevel [1ms]
2026-04-18 10:09:17.333 [info] fatal: not a git repository (or any parent up to mount point /)
Stopping at filesystem boundary (GIT_DISCOVERY_ACROSS_FILESYSTEM not set).
2026-04-18 10:09:17.337 [info] > git rev-parse --show-toplevel [1ms]
2026-04-18 10:09:17.337 [info] fatal: not a git repository (or any parent up to mount point /)
Stopping at filesystem boundary (GIT_DISCOVERY_ACROSS_FILESYSTEM not set).
2026-04-18 10:09:17.340 [info] > git rev-parse --show-toplevel [1ms]
2026-04-18 10:09:17.340 [info] fatal: not a git repository (or any parent up to mount point /)
Stopping at filesystem boundary (GIT_DISCOVERY_ACROSS_FILESYSTEM not set).
2026-04-18 10:09:17.342 [info] > git rev-parse --show-toplevel [0ms]
2026-04-18 10:09:17.342 [info] fatal: not a git repository (or any parent up to mount point /)
Stopping at filesystem boundary (GIT_DISCOVERY_ACROSS_FILESYSTEM not set).
2026-04-18 10:09:17.345 [info] > git rev-parse --show-toplevel [1ms]
2026-04-18 10:09:17.345 [info] fatal: not a git repository (or any parent up to mount point /)
Stopping at filesystem boundary (GIT_DISCOVERY_ACROSS_FILESYSTEM not set).
2026-04-18 10:09:17.347 [info] > git rev-parse --show-toplevel [1ms]
2026-04-18 10:09:17.347 [info] fatal: not a git repository (or any parent up to mount point /)
Stopping at filesystem boundary (GIT_DISCOVERY_ACROSS_FILESYSTEM not set).
2026-04-18 10:09:17.349 [info] > git rev-parse --show-toplevel [1ms]
2026-04-18 10:09:17.349 [info] fatal: not a git repository (or any parent up to mount point /)
Stopping at filesystem boundary (GIT_DISCOVERY_ACROSS_FILESYSTEM not set).
2026-04-18 10:09:17.351 [info] > git rev-parse --show-toplevel [1ms]
2026-04-18 10:09:17.351 [info] fatal: not a git repository (or any parent up to mount point /)
Stopping at filesystem boundary (GIT_DISCOVERY_ACROSS_FILESYSTEM not set).
2026-04-18 10:09:17.353 [info] > git rev-parse --show-toplevel [0ms]
2026-04-18 10:09:17.353 [info] fatal: not a git repository (or any parent up to mount point /)
Stopping at filesystem boundary (GIT_DISCOVERY_ACROSS_FILESYSTEM not set).
2026-04-18 10:09:17.356 [info] > git rev-parse --show-toplevel [0ms]
2026-04-18 10:09:17.356 [info] fatal: not a git repository (or any parent up to mount point /)
Stopping at filesystem boundary (GIT_DISCOVERY_ACROSS_FILESYSTEM not set).
2026-04-18 10:09:17.358 [info] > git rev-parse --show-toplevel [1ms]
2026-04-18 10:09:17.358 [info] fatal: not a git repository (or any parent up to mount point /)
Stopping at filesystem boundary (GIT_DISCOVERY_ACROSS_FILESYSTEM not set).
2026-04-18 10:09:17.360 [info] > git rev-parse --show-toplevel [1ms]
2026-04-18 10:09:17.360 [info] fatal: not a git repository (or any parent up to mount point /)
Stopping at filesystem boundary (GIT_DISCOVERY_ACROSS_FILESYSTEM not set).
2026-04-18 10:09:17.362 [info] > git rev-parse --show-toplevel [1ms]
2026-04-18 10:09:17.362 [info] fatal: not a git repository (or any parent up to mount point /)
Stopping at filesystem boundary (GIT_DISCOVERY_ACROSS_FILESYSTEM not set).
2026-04-18 10:09:17.365 [info] > git rev-parse --show-toplevel [1ms]
2026-04-18 10:09:17.368 [info] > git rev-parse --git-dir --git-common-dir --show-superproject-working-tree [1ms]
2026-04-18 10:09:17.377 [info] [Model][openRepository] Opened repository (path): /home/surfiks/clock-rs
2026-04-18 10:09:17.377 [info] [Model][openRepository] Opened repository (real path): /home/surfiks/clock-rs
2026-04-18 10:09:17.377 [info] [Model][openRepository] Opened repository (kind): repository
2026-04-18 10:09:17.383 [info] > git rev-parse --show-toplevel [1ms]
2026-04-18 10:09:17.383 [info] fatal: not a git repository (or any parent up to mount point /)
Stopping at filesystem boundary (GIT_DISCOVERY_ACROSS_FILESYSTEM not set).
2026-04-18 10:09:17.384 [info] > git config --get commit.template [3ms]
2026-04-18 10:09:17.389 [info] > git rev-parse --show-toplevel [3ms]
2026-04-18 10:09:17.389 [info] fatal: not a git repository (or any parent up to mount point /)
Stopping at filesystem boundary (GIT_DISCOVERY_ACROSS_FILESYSTEM not set).
2026-04-18 10:09:17.391 [info] > git for-each-ref --format=%(refname)%00%(upstream:short)%00%(objectname)%00%(upstream:track)%00%(upstream:remotename)%00%(upstream:remoteref) refs/heads/main refs/remotes/main [3ms]
2026-04-18 10:09:17.393 [warning] [Git][revParse] Unable to read file: ENOENT: no such file or directory, open '/home/surfiks/clock-rs/.git/refs/remotes/origin/main'
2026-04-18 10:09:17.394 [info] > git rev-parse --show-toplevel [3ms]
2026-04-18 10:09:17.394 [info] fatal: not a git repository (or any parent up to mount point /)
Stopping at filesystem boundary (GIT_DISCOVERY_ACROSS_FILESYSTEM not set).
2026-04-18 10:09:17.397 [info] > git rev-parse refs/remotes/origin/main [4ms]
2026-04-18 10:09:17.403 [info] > git status -z -uall [3ms]
2026-04-18 10:09:17.404 [info] > git rev-parse --show-toplevel [8ms]
2026-04-18 10:09:17.406 [info] > git for-each-ref --sort -committerdate --format %(refname)%00%(objectname)%00%(*objectname) [3ms]
2026-04-18 10:09:17.427 [info] > git for-each-ref --format=%(refname)%00%(upstream:short)%00%(objectname)%00%(upstream:track)%00%(upstream:remotename)%00%(upstream:remoteref) refs/heads/main refs/remotes/main [5ms]
2026-04-18 10:09:17.430 [info] > git rev-parse --git-dir --git-common-dir --show-superproject-working-tree [24ms]
2026-04-18 10:09:17.431 [info] > git config --get --local branch.main.vscode-merge-base [1ms]
2026-04-18 10:09:17.433 [info] > git config --get commit.template [8ms]
2026-04-18 10:09:17.436 [info] > git for-each-ref --format=%(refname)%00%(upstream:short)%00%(objectname)%00%(upstream:track)%00%(upstream:remotename)%00%(upstream:remoteref) refs/heads/origin/main refs/remotes/origin/main [3ms]
2026-04-18 10:09:17.440 [info] > git for-each-ref --format=%(refname)%00%(upstream:short)%00%(objectname)%00%(upstream:track)%00%(upstream:remotename)%00%(upstream:remoteref) refs/heads/main refs/remotes/main [4ms]
2026-04-18 10:09:17.442 [warning] [Git][revParse] Unable to read file: ENOENT: no such file or directory, open '/home/surfiks/clock-rs/.git/refs/remotes/origin/main'
2026-04-18 10:09:17.442 [info] > git merge-base refs/heads/main refs/remotes/origin/main [3ms]
2026-04-18 10:09:17.447 [info] [Model][openRepository] Opened repository (path): /home/surfiks/yay
2026-04-18 10:09:17.448 [info] [Model][openRepository] Opened repository (real path): /home/surfiks/yay
2026-04-18 10:09:17.448 [info] [Model][openRepository] Opened repository (kind): repository
2026-04-18 10:09:17.448 [info] [Model][doInitialScan] Initial repository scan completed - repositories (2), closed repositories (0), parent repositories (0), unsafe repositories (0)
2026-04-18 10:09:17.450 [info] > git diff --raw --numstat --diff-filter=ADMR -z --find-renames=50% eb23ae0de642211fa8b0bc49d30661ceeb6d17e7...refs/remotes/origin/main -- [5ms]
2026-04-18 10:09:17.451 [info] > git rev-parse refs/remotes/origin/main [9ms]
2026-04-18 10:09:17.456 [info] > git status -z -uall [3ms]
2026-04-18 10:09:17.456 [info] > git for-each-ref --sort -committerdate --format %(refname)%00%(objectname)%00%(*objectname) [1ms]
2026-04-18 10:09:17.458 [info] > git config --get commit.template [8ms]
2026-04-18 10:09:17.463 [info] > git for-each-ref --format=%(refname)%00%(upstream:short)%00%(objectname)%00%(upstream:track)%00%(upstream:remotename)%00%(upstream:remoteref) refs/heads/master refs/remotes/master [2ms]
2026-04-18 10:09:17.465 [warning] [Git][revParse] Unable to read file: ENOENT: no such file or directory, open '/home/surfiks/yay/.git/refs/remotes/origin/master'
2026-04-18 10:09:17.466 [info] > git rev-parse refs/remotes/origin/master [1ms]
2026-04-18 10:09:17.470 [info] > git status -z -uall [3ms]
2026-04-18 10:09:17.470 [info] > git for-each-ref --sort -committerdate --format %(refname)%00%(objectname)%00%(*objectname) [1ms]
2026-04-18 10:09:17.477 [info] > git for-each-ref --format=%(refname)%00%(upstream:short)%00%(objectname)%00%(upstream:track)%00%(upstream:remotename)%00%(upstream:remoteref) refs/heads/master refs/remotes/master [3ms]
2026-04-18 10:09:17.480 [info] > git config --get --local branch.master.vscode-merge-base [1ms]
2026-04-18 10:09:17.483 [info] > git config --get commit.template [6ms]
2026-04-18 10:09:17.485 [info] > git for-each-ref --format=%(refname)%00%(upstream:short)%00%(objectname)%00%(upstream:track)%00%(upstream:remotename)%00%(upstream:remoteref) refs/heads/origin/master refs/remotes/origin/master [2ms]
2026-04-18 10:09:17.488 [info] > git for-each-ref --format=%(refname)%00%(upstream:short)%00%(objectname)%00%(upstream:track)%00%(upstream:remotename)%00%(upstream:remoteref) refs/heads/master refs/remotes/master [3ms]
2026-04-18 10:09:17.490 [warning] [Git][revParse] Unable to read file: ENOENT: no such file or directory, open '/home/surfiks/yay/.git/refs/remotes/origin/master'
2026-04-18 10:09:17.490 [info] > git merge-base refs/heads/master refs/remotes/origin/master [2ms]
2026-04-18 10:09:17.493 [info] > git rev-parse refs/remotes/origin/master [3ms]
2026-04-18 10:09:17.496 [info] > git status -z -uall [2ms]
2026-04-18 10:09:17.497 [info] > git diff --raw --numstat --diff-filter=ADMR -z --find-renames=50% 1a092538ebdfa373ddb641ab1fe564a2ed62877d...refs/remotes/origin/master -- [5ms]
2026-04-18 10:09:17.497 [info] > git for-each-ref --sort -committerdate --format %(refname)%00%(objectname)%00%(*objectname) [1ms]
2026-04-18 10:09:17.967 [info] > git check-ignore -v -z --stdin [3ms]
2026-04-18 10:09:17.967 [info] > git check-ignore -v -z --stdin [1ms]
2026-04-18 10:09:18.748 [info] > git rev-parse --show-toplevel [1ms]
2026-04-18 10:09:18.748 [info] fatal: not a git repository (or any parent up to mount point /)
Stopping at filesystem boundary (GIT_DISCOVERY_ACROSS_FILESYSTEM not set).
2026-04-18 10:09:20.788 [info] > git rev-parse --show-toplevel [1ms]
2026-04-18 10:09:20.788 [info] fatal: not a git repository (or any parent up to mount point /)
Stopping at filesystem boundary (GIT_DISCOVERY_ACROSS_FILESYSTEM not set).
