2026-04-18 10:09:16.697 [info] Extension host with pid 10454 started
2026-04-18 10:09:16.697 [info] Skipping acquiring lock for /home/surfiks/.config/Code - OSS/User/workspaceStorage/36989f12283e5b71cae71fb506a45a24.
2026-04-18 10:09:16.863 [info] ExtensionService#_doActivateExtension vscode.github-authentication, startup: false, activationEvent: 'onAuthenticationRequest:github'
2026-04-18 10:09:16.882 [info] ExtensionService#_doActivateExtension vscode.emmet, startup: false, activationEvent: 'onLanguage'
2026-04-18 10:09:16.896 [info] ExtensionService#_doActivateExtension vscode.css-language-features, startup: false, activationEvent: 'onLanguage:css'
2026-04-18 10:09:17.149 [info] ExtensionService#_doActivateExtension vscode.git-base, startup: true, activationEvent: '*', root cause: vscode.git
2026-04-18 10:09:17.151 [info] ExtensionService#_doActivateExtension lazyvscode-theme.lazyvscode-theme, startup: true, activationEvent: '*'
2026-04-18 10:09:17.163 [info] ExtensionService#_doActivateExtension vscode.git, startup: true, activationEvent: '*'
2026-04-18 10:09:17.195 [info] ExtensionService#_doActivateExtension vscode.github, startup: true, activationEvent: '*'
2026-04-18 10:09:17.296 [info] Eager extensions activated
2026-04-18 10:09:17.301 [info] ExtensionService#_doActivateExtension vscode.debug-auto-launch, startup: false, activationEvent: 'onStartupFinished'
2026-04-18 10:09:17.303 [info] ExtensionService#_doActivateExtension vscode.merge-conflict, startup: false, activationEvent: 'onStartupFinished'
2026-04-18 10:09:17.320 [info] ExtensionService#_doActivateExtension unthrottled.doki-theme, startup: false, activationEvent: 'onStartupFinished'
2026-04-18 10:09:17.324 [error] Activating extension unthrottled.doki-theme failed due to an error:
2026-04-18 10:09:17.324 [error] Error: ENOENT: no such file or directory, scandir '/mnt/c/Users'
	at Object.readdirSync (node:fs:1597:26)
	at t.readdirSync (node:electron/js2c/node_init:2:16044)
	at resolveWorkbench (/home/surfiks/.vscode-oss/extensions/unthrottled.doki-theme-88.1.15-universal/out/ENV.js:23:32)
	at Object.<anonymous> (/home/surfiks/.vscode-oss/extensions/unthrottled.doki-theme-88.1.15-universal/out/ENV.js:28:30)
	at Module._compile (node:internal/modules/cjs/loader:1714:14)
	at Module._extensions..js (node:internal/modules/cjs/loader:1848:10)
	at Module.load (node:internal/modules/cjs/loader:1448:32)
	at Module._load (node:internal/modules/cjs/loader:1270:12)
	at c._load (node:electron/js2c/node_init:2:17993)
	at r._load (file:///usr/lib/code/out/vs/workbench/api/node/extensionHostProcess.js:821:6589)
	at e._load (file:///usr/lib/code/out/vs/workbench/api/node/extensionHostProcess.js:639:28611)
	at n._load (file:///usr/lib/code/out/vs/workbench/api/node/extensionHostProcess.js:631:27767)
	at TracingChannel.traceSync (node:diagnostics_channel:328:14)
	at wrapModuleLoad (node:internal/modules/cjs/loader:244:24)
	at Module.require (node:internal/modules/cjs/loader:1470:12)
	at require (node:internal/modules/helpers:147:16)
	at Object.<anonymous> (/home/surfiks/.vscode-oss/extensions/unthrottled.doki-theme-88.1.15-universal/out/StickerService.js:37:15)
	at Module._compile (node:internal/modules/cjs/loader:1714:14)
	at Module._extensions..js (node:internal/modules/cjs/loader:1848:10)
	at Module.load (node:internal/modules/cjs/loader:1448:32)
	at Module._load (node:internal/modules/cjs/loader:1270:12)
	at c._load (node:electron/js2c/node_init:2:17993)
	at r._load (file:///usr/lib/code/out/vs/workbench/api/node/extensionHostProcess.js:821:6589)
	at e._load (file:///usr/lib/code/out/vs/workbench/api/node/extensionHostProcess.js:639:28611)
	at n._load (file:///usr/lib/code/out/vs/workbench/api/node/extensionHostProcess.js:631:27767)
	at TracingChannel.traceSync (node:diagnostics_channel:328:14)
	at wrapModuleLoad (node:internal/modules/cjs/loader:244:24)
	at Module.require (node:internal/modules/cjs/loader:1470:12)
	at require (node:internal/modules/helpers:147:16)
	at Object.<anonymous> (/home/surfiks/.vscode-oss/extensions/unthrottled.doki-theme-88.1.15-universal/out/ThemeManager.js:37:26)
	at Module._compile (node:internal/modules/cjs/loader:1714:14)
	at Module._extensions..js (node:internal/modules/cjs/loader:1848:10)
	at Module.load (node:internal/modules/cjs/loader:1448:32)
	at Module._load (node:internal/modules/cjs/loader:1270:12)
	at c._load (node:electron/js2c/node_init:2:17993)
	at r._load (file:///usr/lib/code/out/vs/workbench/api/node/extensionHostProcess.js:821:6589)
	at e._load (file:///usr/lib/code/out/vs/workbench/api/node/extensionHostProcess.js:639:28611)
	at n._load (file:///usr/lib/code/out/vs/workbench/api/node/extensionHostProcess.js:631:27767)
	at TracingChannel.traceSync (node:diagnostics_channel:328:14)
	at wrapModuleLoad (node:internal/modules/cjs/loader:244:24)
	at Module.require (node:internal/modules/cjs/loader:1470:12)
	at require (node:internal/modules/helpers:147:16)
	at Object.<anonymous> (/home/surfiks/.vscode-oss/extensions/unthrottled.doki-theme-88.1.15-universal/out/extension.js:27:24)
	at Module._compile (node:internal/modules/cjs/loader:1714:14)
	at Module._extensions..js (node:internal/modules/cjs/loader:1848:10)
	at Module.load (node:internal/modules/cjs/loader:1448:32)
	at Module._load (node:internal/modules/cjs/loader:1270:12)
	at c._load (node:electron/js2c/node_init:2:17993)
	at r._load (file:///usr/lib/code/out/vs/workbench/api/node/extensionHostProcess.js:821:6589)
	at e._load (file:///usr/lib/code/out/vs/workbench/api/node/extensionHostProcess.js:639:28611)
	at n._load (file:///usr/lib/code/out/vs/workbench/api/node/extensionHostProcess.js:631:27767)
	at TracingChannel.traceSync (node:diagnostics_channel:328:14)
	at wrapModuleLoad (node:internal/modules/cjs/loader:244:24)
	at Module.require (node:internal/modules/cjs/loader:1470:12)
	at require (node:internal/modules/helpers:147:16)
	at lP._doLoadModule (file:///usr/lib/code/out/vs/workbench/api/node/extensionHostProcess.js:670:1614)
2026-04-18 10:09:20.831 [info] ExtensionService#_doActivateExtension vscode.configuration-editing, startup: false, activationEvent: 'onLanguage:json'
2026-04-18 10:09:20.838 [info] ExtensionService#_doActivateExtension vscode.extension-editing, startup: false, activationEvent: 'onLanguage:json'
2026-04-18 10:09:20.850 [info] ExtensionService#_doActivateExtension vscode.json-language-features, startup: false, activationEvent: 'onLanguage:json'
2026-04-18 10:09:20.901 [info] ExtensionService#_doActivateExtension vscode.npm, startup: false, activationEvent: 'onLanguage:json'
2026-04-18 10:09:21.570 [error] Error: Illegal argument: line must be non-negative
	at Fe (file:///usr/lib/code/out/vs/workbench/api/node/extensionHostProcess.js:383:1610)
	at new we (file:///usr/lib/code/out/vs/workbench/api/node/extensionHostProcess.js:497:19632)
	at new fe (file:///usr/lib/code/out/vs/workbench/api/node/extensionHostProcess.js:497:21355)
	at setTrailDecorations (/home/surfiks/.vscode-oss/extensions/lazyvscode-theme.lazyvscode-theme-6.5.2-universal/follow-cursor.js:101:19)
	at Timeout._onTimeout (/home/surfiks/.vscode-oss/extensions/lazyvscode-theme.lazyvscode-theme-6.5.2-universal/follow-cursor.js:139:9)
	at listOnTimeout (node:internal/timers:588:17)
	at process.processTimers (node:internal/timers:523:7)
2026-04-18 10:09:21.584 [error] Error: Illegal argument: line must be non-negative
	at Fe (file:///usr/lib/code/out/vs/workbench/api/node/extensionHostProcess.js:383:1610)
	at new we (file:///usr/lib/code/out/vs/workbench/api/node/extensionHostProcess.js:497:19632)
	at new fe (file:///usr/lib/code/out/vs/workbench/api/node/extensionHostProcess.js:497:21355)
	at setTrailDecorations (/home/surfiks/.vscode-oss/extensions/lazyvscode-theme.lazyvscode-theme-6.5.2-universal/follow-cursor.js:101:19)
	at Timeout._onTimeout (/home/surfiks/.vscode-oss/extensions/lazyvscode-theme.lazyvscode-theme-6.5.2-universal/follow-cursor.js:139:9)
	at listOnTimeout (node:internal/timers:588:17)
	at process.processTimers (node:internal/timers:523:7)
2026-04-18 10:09:21.599 [error] Error: Illegal argument: line must be non-negative
	at Fe (file:///usr/lib/code/out/vs/workbench/api/node/extensionHostProcess.js:383:1610)
	at new we (file:///usr/lib/code/out/vs/workbench/api/node/extensionHostProcess.js:497:19632)
	at new fe (file:///usr/lib/code/out/vs/workbench/api/node/extensionHostProcess.js:497:21355)
	at setTrailDecorations (/home/surfiks/.vscode-oss/extensions/lazyvscode-theme.lazyvscode-theme-6.5.2-universal/follow-cursor.js:101:19)
	at Timeout._onTimeout (/home/surfiks/.vscode-oss/extensions/lazyvscode-theme.lazyvscode-theme-6.5.2-universal/follow-cursor.js:139:9)
	at listOnTimeout (node:internal/timers:588:17)
	at process.processTimers (node:internal/timers:523:7)
2026-04-18 10:10:33.893 [info] Extension host terminating: received terminate message from renderer
2026-04-18 10:10:33.910 [info] Extension host with pid 10454 exiting with code 0
