2026-04-18 13:07:15.104 [info] Extension host with pid 93276 started
2026-04-18 13:07:15.104 [info] Skipping acquiring lock for /home/surfiks/.config/Code - OSS/User/workspaceStorage/36989f12283e5b71cae71fb506a45a24.
2026-04-18 13:07:15.222 [info] ExtensionService#_doActivateExtension vscode.github-authentication, startup: false, activationEvent: 'onAuthenticationRequest:github'
2026-04-18 13:07:15.248 [info] ExtensionService#_doActivateExtension vscode.emmet, startup: false, activationEvent: 'onLanguage'
2026-04-18 13:07:15.386 [info] ExtensionService#_doActivateExtension vscode.git-base, startup: true, activationEvent: '*', root cause: vscode.git
2026-04-18 13:07:15.388 [info] ExtensionService#_doActivateExtension lazyvscode-theme.lazyvscode-theme, startup: true, activationEvent: '*'
2026-04-18 13:07:15.398 [info] ExtensionService#_doActivateExtension vscode.git, startup: true, activationEvent: '*'
2026-04-18 13:07:15.432 [info] ExtensionService#_doActivateExtension vscode.github, startup: true, activationEvent: '*'
2026-04-18 13:07:15.534 [info] Eager extensions activated
2026-04-18 13:07:15.544 [info] ExtensionService#_doActivateExtension vscode.debug-auto-launch, startup: false, activationEvent: 'onStartupFinished'
2026-04-18 13:07:15.545 [info] ExtensionService#_doActivateExtension vscode.merge-conflict, startup: false, activationEvent: 'onStartupFinished'
2026-04-18 13:07:15.557 [info] ExtensionService#_doActivateExtension unthrottled.doki-theme, startup: false, activationEvent: 'onStartupFinished'
2026-04-18 13:07:15.563 [error] Activating extension unthrottled.doki-theme failed due to an error:
2026-04-18 13:07:15.563 [error] Error: ENOENT: no such file or directory, scandir '/mnt/c/Users'
	at Object.readdirSync (node:fs:1597:26)
	at t.readdirSync (node:electron/js2c/node_init:2:16044)
	at resolveWorkbench (/home/surfiks/.vscode-oss/extensions/unthrottled.doki-theme-88.1.15-universal/out/ENV.js:23:32)
	at Object.<anonymous> (/home/surfiks/.vscode-oss/extensions/unthrottled.doki-theme-88.1.15-universal/out/ENV.js:28:30)
	at Module._compile (node:internal/modules/cjs/loader:1714:14)
	at Module._extensions..js (node:internal/modules/cjs/loader:1848:10)
	at Module.load (node:internal/modules/cjs/loader:1448:32)
	at Module._load (node:internal/modules/cjs/loader:1270:12)
	at c._load (node:electron/js2c/node_init:2:17993)
	at r._load (file:///usr/lib/code/out/vs/workbench/api/node/extensionHostProcess.js:821:6589)
	at e._load (file:///usr/lib/code/out/vs/workbench/api/node/extensionHostProcess.js:639:28611)
	at n._load (file:///usr/lib/code/out/vs/workbench/api/node/extensionHostProcess.js:631:27767)
	at TracingChannel.traceSync (node:diagnostics_channel:328:14)
	at wrapModuleLoad (node:internal/modules/cjs/loader:244:24)
	at Module.require (node:internal/modules/cjs/loader:1470:12)
	at require (node:internal/modules/helpers:147:16)
	at Object.<anonymous> (/home/surfiks/.vscode-oss/extensions/unthrottled.doki-theme-88.1.15-universal/out/StickerService.js:37:15)
	at Module._compile (node:internal/modules/cjs/loader:1714:14)
	at Module._extensions..js (node:internal/modules/cjs/loader:1848:10)
	at Module.load (node:internal/modules/cjs/loader:1448:32)
	at Module._load (node:internal/modules/cjs/loader:1270:12)
	at c._load (node:electron/js2c/node_init:2:17993)
	at r._load (file:///usr/lib/code/out/vs/workbench/api/node/extensionHostProcess.js:821:6589)
	at e._load (file:///usr/lib/code/out/vs/workbench/api/node/extensionHostProcess.js:639:28611)
	at n._load (file:///usr/lib/code/out/vs/workbench/api/node/extensionHostProcess.js:631:27767)
	at TracingChannel.traceSync (node:diagnostics_channel:328:14)
	at wrapModuleLoad (node:internal/modules/cjs/loader:244:24)
	at Module.require (node:internal/modules/cjs/loader:1470:12)
	at require (node:internal/modules/helpers:147:16)
	at Object.<anonymous> (/home/surfiks/.vscode-oss/extensions/unthrottled.doki-theme-88.1.15-universal/out/ThemeManager.js:37:26)
	at Module._compile (node:internal/modules/cjs/loader:1714:14)
	at Module._extensions..js (node:internal/modules/cjs/loader:1848:10)
	at Module.load (node:internal/modules/cjs/loader:1448:32)
	at Module._load (node:internal/modules/cjs/loader:1270:12)
	at c._load (node:electron/js2c/node_init:2:17993)
	at r._load (file:///usr/lib/code/out/vs/workbench/api/node/extensionHostProcess.js:821:6589)
	at e._load (file:///usr/lib/code/out/vs/workbench/api/node/extensionHostProcess.js:639:28611)
	at n._load (file:///usr/lib/code/out/vs/workbench/api/node/extensionHostProcess.js:631:27767)
	at TracingChannel.traceSync (node:diagnostics_channel:328:14)
	at wrapModuleLoad (node:internal/modules/cjs/loader:244:24)
	at Module.require (node:internal/modules/cjs/loader:1470:12)
	at require (node:internal/modules/helpers:147:16)
	at Object.<anonymous> (/home/surfiks/.vscode-oss/extensions/unthrottled.doki-theme-88.1.15-universal/out/extension.js:27:24)
	at Module._compile (node:internal/modules/cjs/loader:1714:14)
	at Module._extensions..js (node:internal/modules/cjs/loader:1848:10)
	at Module.load (node:internal/modules/cjs/loader:1448:32)
	at Module._load (node:internal/modules/cjs/loader:1270:12)
	at c._load (node:electron/js2c/node_init:2:17993)
	at r._load (file:///usr/lib/code/out/vs/workbench/api/node/extensionHostProcess.js:821:6589)
	at e._load (file:///usr/lib/code/out/vs/workbench/api/node/extensionHostProcess.js:639:28611)
	at n._load (file:///usr/lib/code/out/vs/workbench/api/node/extensionHostProcess.js:631:27767)
	at TracingChannel.traceSync (node:diagnostics_channel:328:14)
	at wrapModuleLoad (node:internal/modules/cjs/loader:244:24)
	at Module.require (node:internal/modules/cjs/loader:1470:12)
	at require (node:internal/modules/helpers:147:16)
	at lP._doLoadModule (file:///usr/lib/code/out/vs/workbench/api/node/extensionHostProcess.js:670:1614)
