2026-04-18 13:07:15.375 [info] Reading sessions from keychain...
2026-04-18 13:07:15.375 [info] Getting sessions for all scopes...
2026-04-18 13:07:15.397 [info] Got stored sessions!
2026-04-18 13:07:15.397 [info] Got 1 verified sessions.
2026-04-18 13:07:15.397 [info] Got 1 sessions for ...
2026-04-18 13:07:15.398 [info] Getting sessions for all scopes...
2026-04-18 13:07:15.398 [info] Got 1 sessions for ...
2026-04-18 13:07:15.433 [info] Getting sessions for all scopes...
2026-04-18 13:07:15.433 [info] Got 1 sessions for ...
2026-04-18 13:07:15.477 [info] Getting sessions for all scopes...
2026-04-18 13:07:15.477 [info] Got 1 sessions for ...
2026-04-18 13:07:15.708 [info] Getting sessions for read:user,repo,user:email,workflow...
2026-04-18 13:07:15.708 [info] Got 1 sessions for read:user,repo,user:email,workflow...
2026-04-18 13:07:17.311 [info] Getting sessions for all scopes...
2026-04-18 13:07:17.311 [info] Got 1 sessions for ...
2026-04-18 13:07:17.864 [info] Getting sessions for all scopes...
2026-04-18 13:07:17.864 [info] Got 1 sessions for ...
2026-04-18 13:07:17.864 [info] Getting sessions for all scopes...
2026-04-18 13:07:17.864 [info] Got 1 sessions for ...
2026-04-18 13:07:19.715 [info] Getting sessions for all scopes...
2026-04-18 13:07:19.715 [info] Got 1 sessions for ...
2026-04-18 13:07:19.716 [info] Getting sessions for all scopes...
2026-04-18 13:07:19.716 [info] Got 1 sessions for ...
2026-04-18 13:07:23.268 [info] Getting sessions for all scopes...
2026-04-18 13:07:23.268 [info] Got 1 sessions for ...
2026-04-18 13:07:23.269 [info] Getting sessions for all scopes...
2026-04-18 13:07:23.269 [info] Got 1 sessions for ...
2026-04-18 13:07:23.684 [info] Getting sessions for all scopes...
2026-04-18 13:07:23.684 [info] Got 1 sessions for ...
2026-04-18 13:07:23.684 [info] Getting sessions for all scopes...
2026-04-18 13:07:23.684 [info] Got 1 sessions for ...
2026-04-18 13:07:24.003 [info] Getting sessions for all scopes...
2026-04-18 13:07:24.003 [info] Got 1 sessions for ...
2026-04-18 13:07:24.004 [info] Getting sessions for all scopes...
2026-04-18 13:07:24.004 [info] Got 1 sessions for ...
2026-04-18 13:07:24.343 [info] Getting sessions for all scopes...
2026-04-18 13:07:24.343 [info] Got 1 sessions for ...
2026-04-18 13:07:24.343 [info] Getting sessions for all scopes...
2026-04-18 13:07:24.343 [info] Got 1 sessions for ...
2026-04-18 13:07:24.697 [info] Getting sessions for all scopes...
2026-04-18 13:07:24.697 [info] Got 1 sessions for ...
2026-04-18 13:07:24.698 [info] Getting sessions for all scopes...
2026-04-18 13:07:24.698 [info] Got 1 sessions for ...
2026-04-18 13:07:25.094 [info] Getting sessions for all scopes...
2026-04-18 13:07:25.094 [info] Got 1 sessions for ...
2026-04-18 13:07:25.094 [info] Getting sessions for all scopes...
2026-04-18 13:07:25.094 [info] Got 1 sessions for ...
2026-04-18 13:07:25.415 [info] Getting sessions for all scopes...
2026-04-18 13:07:25.415 [info] Got 1 sessions for ...
2026-04-18 13:07:25.416 [info] Getting sessions for all scopes...
2026-04-18 13:07:25.416 [info] Got 1 sessions for ...
2026-04-18 13:07:26.107 [info] Getting sessions for all scopes...
2026-04-18 13:07:26.107 [info] Got 1 sessions for ...
2026-04-18 13:07:26.107 [info] Getting sessions for all scopes...
2026-04-18 13:07:26.107 [info] Got 1 sessions for ...
2026-04-18 13:07:26.559 [info] Getting sessions for all scopes...
2026-04-18 13:07:26.559 [info] Got 1 sessions for ...
2026-04-18 13:07:26.560 [info] Getting sessions for all scopes...
2026-04-18 13:07:26.560 [info] Got 1 sessions for ...
2026-04-18 13:07:26.923 [info] Getting sessions for all scopes...
2026-04-18 13:07:26.923 [info] Got 1 sessions for ...
2026-04-18 13:07:26.923 [info] Getting sessions for all scopes...
2026-04-18 13:07:26.923 [info] Got 1 sessions for ...
2026-04-18 13:07:27.245 [info] Getting sessions for all scopes...
2026-04-18 13:07:27.245 [info] Got 1 sessions for ...
2026-04-18 13:07:27.245 [info] Getting sessions for all scopes...
2026-04-18 13:07:27.245 [info] Got 1 sessions for ...
2026-04-18 13:07:27.567 [info] Getting sessions for all scopes...
2026-04-18 13:07:27.567 [info] Got 1 sessions for ...
2026-04-18 13:07:27.568 [info] Getting sessions for all scopes...
2026-04-18 13:07:27.568 [info] Got 1 sessions for ...
2026-04-18 13:07:27.878 [info] Getting sessions for all scopes...
2026-04-18 13:07:27.878 [info] Got 1 sessions for ...
2026-04-18 13:07:27.878 [info] Getting sessions for all scopes...
2026-04-18 13:07:27.878 [info] Got 1 sessions for ...
2026-04-18 13:07:28.174 [info] Getting sessions for all scopes...
2026-04-18 13:07:28.174 [info] Got 1 sessions for ...
2026-04-18 13:07:28.175 [info] Getting sessions for all scopes...
2026-04-18 13:07:28.175 [info] Got 1 sessions for ...
2026-04-18 13:07:28.469 [info] Getting sessions for all scopes...
2026-04-18 13:07:28.469 [info] Got 1 sessions for ...
2026-04-18 13:07:28.470 [info] Getting sessions for all scopes...
2026-04-18 13:07:28.470 [info] Got 1 sessions for ...
2026-04-18 13:07:28.728 [info] Getting sessions for all scopes...
2026-04-18 13:07:28.728 [info] Got 1 sessions for ...
2026-04-18 13:07:28.728 [info] Getting sessions for all scopes...
2026-04-18 13:07:28.728 [info] Got 1 sessions for ...
2026-04-18 13:07:29.010 [info] Getting sessions for all scopes...
2026-04-18 13:07:29.010 [info] Got 1 sessions for ...
2026-04-18 13:07:29.011 [info] Getting sessions for all scopes...
2026-04-18 13:07:29.011 [info] Got 1 sessions for ...
2026-04-18 13:07:29.273 [info] Getting sessions for all scopes...
2026-04-18 13:07:29.273 [info] Got 1 sessions for ...
2026-04-18 13:07:29.273 [info] Getting sessions for all scopes...
2026-04-18 13:07:29.273 [info] Got 1 sessions for ...
2026-04-18 13:07:29.590 [info] Getting sessions for all scopes...
2026-04-18 13:07:29.590 [info] Got 1 sessions for ...
2026-04-18 13:07:29.590 [info] Getting sessions for all scopes...
2026-04-18 13:07:29.590 [info] Got 1 sessions for ...
2026-04-18 13:07:29.940 [info] Getting sessions for all scopes...
2026-04-18 13:07:29.940 [info] Got 1 sessions for ...
2026-04-18 13:07:29.940 [info] Getting sessions for all scopes...
2026-04-18 13:07:29.940 [info] Got 1 sessions for ...
2026-04-18 13:07:30.687 [info] Getting sessions for all scopes...
2026-04-18 13:07:30.687 [info] Got 1 sessions for ...
2026-04-18 13:07:30.687 [info] Getting sessions for all scopes...
2026-04-18 13:07:30.687 [info] Got 1 sessions for ...
2026-04-18 13:07:31.437 [info] Getting sessions for all scopes...
2026-04-18 13:07:31.437 [info] Got 1 sessions for ...
2026-04-18 13:07:31.437 [info] Getting sessions for all scopes...
2026-04-18 13:07:31.440 [info] Got 1 sessions for ...
2026-04-18 13:07:32.235 [info] Getting sessions for all scopes...
2026-04-18 13:07:32.235 [info] Got 1 sessions for ...
2026-04-18 13:07:32.236 [info] Getting sessions for all scopes...
2026-04-18 13:07:32.236 [info] Got 1 sessions for ...
2026-04-18 13:07:32.759 [info] Getting sessions for all scopes...
2026-04-18 13:07:32.759 [info] Got 1 sessions for ...
2026-04-18 13:07:32.759 [info] Getting sessions for all scopes...
2026-04-18 13:07:32.759 [info] Got 1 sessions for ...
2026-04-18 13:07:33.603 [info] Getting sessions for all scopes...
2026-04-18 13:07:33.603 [info] Got 1 sessions for ...
2026-04-18 13:07:33.604 [info] Getting sessions for all scopes...
2026-04-18 13:07:33.604 [info] Got 1 sessions for ...
2026-04-18 13:08:06.844 [info] Getting sessions for all scopes...
2026-04-18 13:08:06.844 [info] Got 1 sessions for ...
2026-04-18 13:08:06.846 [info] Getting sessions for all scopes...
2026-04-18 13:08:06.846 [info] Got 1 sessions for ...
2026-04-18 13:08:21.461 [info] Getting sessions for all scopes...
2026-04-18 13:08:21.461 [info] Got 1 sessions for ...
2026-04-18 13:08:21.462 [info] Getting sessions for all scopes...
2026-04-18 13:08:21.462 [info] Got 1 sessions for ...
