2026-04-16 11:10:02.443 [info] Reading sessions from keychain...
2026-04-16 11:10:02.443 [info] Getting sessions for all scopes...
2026-04-16 11:10:02.443 [info] Got stored sessions!
2026-04-16 11:10:02.443 [info] Got 1 verified sessions.
2026-04-16 11:10:02.443 [info] Got 1 sessions for ...
2026-04-16 11:10:02.443 [info] Getting sessions for all scopes...
2026-04-16 11:10:02.443 [info] Got 1 sessions for ...
2026-04-16 11:10:02.443 [info] Getting sessions for all scopes...
2026-04-16 11:10:02.443 [info] Got 1 sessions for ...
2026-04-16 11:10:02.496 [info] Getting sessions for all scopes...
2026-04-16 11:10:02.496 [info] Got 1 sessions for ...
2026-04-16 11:10:02.725 [info] Getting sessions for read:user,repo,user:email,workflow...
2026-04-16 11:10:02.726 [info] Got 1 sessions for read:user,repo,user:email,workflow...
2026-04-16 11:10:04.371 [info] Getting sessions for all scopes...
2026-04-16 11:10:04.371 [info] Got 1 sessions for ...
2026-04-16 11:10:09.831 [info] Getting sessions for all scopes...
2026-04-16 11:10:09.831 [info] Got 1 sessions for ...
2026-04-16 11:10:09.831 [info] Getting sessions for all scopes...
2026-04-16 11:10:09.831 [info] Got 1 sessions for ...
2026-04-16 11:10:40.048 [info] Getting sessions for all scopes...
2026-04-16 11:10:40.049 [info] Got 1 sessions for ...
2026-04-16 11:10:40.050 [info] Getting sessions for all scopes...
2026-04-16 11:10:40.050 [info] Got 1 sessions for ...
2026-04-16 11:10:54.209 [info] Getting sessions for all scopes...
2026-04-16 11:10:54.209 [info] Got 1 sessions for ...
2026-04-16 11:10:54.211 [info] Getting sessions for all scopes...
2026-04-16 11:10:54.211 [info] Got 1 sessions for ...
2026-04-16 11:10:55.352 [info] Getting sessions for all scopes...
2026-04-16 11:10:55.352 [info] Got 1 sessions for ...
2026-04-16 11:10:55.352 [info] Getting sessions for all scopes...
2026-04-16 11:10:55.352 [info] Got 1 sessions for ...
2026-04-16 11:11:18.966 [info] Getting sessions for all scopes...
2026-04-16 11:11:18.967 [info] Got 1 sessions for ...
2026-04-16 11:11:18.967 [info] Getting sessions for all scopes...
2026-04-16 11:11:18.967 [info] Got 1 sessions for ...
2026-04-16 11:11:21.558 [info] Getting sessions for all scopes...
2026-04-16 11:11:21.558 [info] Got 1 sessions for ...
2026-04-16 11:11:21.558 [info] Getting sessions for all scopes...
2026-04-16 11:11:21.558 [info] Got 1 sessions for ...
2026-04-16 11:11:26.998 [info] Getting sessions for all scopes...
2026-04-16 11:11:26.998 [info] Got 1 sessions for ...
2026-04-16 11:11:26.999 [info] Getting sessions for all scopes...
2026-04-16 11:11:26.999 [info] Got 1 sessions for ...
2026-04-16 11:11:30.208 [info] Getting sessions for all scopes...
2026-04-16 11:11:30.208 [info] Got 1 sessions for ...
2026-04-16 11:11:30.209 [info] Getting sessions for all scopes...
2026-04-16 11:11:30.209 [info] Got 1 sessions for ...
2026-04-16 11:11:45.774 [info] Getting sessions for all scopes...
2026-04-16 11:11:45.774 [info] Got 1 sessions for ...
2026-04-16 11:11:45.775 [info] Getting sessions for all scopes...
2026-04-16 11:11:45.775 [info] Got 1 sessions for ...
2026-04-16 11:11:54.385 [info] Getting sessions for all scopes...
2026-04-16 11:11:54.385 [info] Got 1 sessions for ...
2026-04-16 11:11:54.385 [info] Getting sessions for all scopes...
2026-04-16 11:11:54.385 [info] Got 1 sessions for ...
2026-04-16 11:11:57.736 [info] Getting sessions for all scopes...
2026-04-16 11:11:57.736 [info] Got 1 sessions for ...
2026-04-16 11:11:57.736 [info] Getting sessions for all scopes...
2026-04-16 11:11:57.736 [info] Got 1 sessions for ...
2026-04-16 11:12:27.266 [info] Getting sessions for all scopes...
2026-04-16 11:12:27.266 [info] Got 1 sessions for ...
2026-04-16 11:12:27.267 [info] Getting sessions for all scopes...
2026-04-16 11:12:27.267 [info] Got 1 sessions for ...
2026-04-16 11:12:28.802 [info] Getting sessions for all scopes...
2026-04-16 11:12:28.802 [info] Got 1 sessions for ...
2026-04-16 11:12:28.804 [info] Getting sessions for all scopes...
2026-04-16 11:12:28.804 [info] Got 1 sessions for ...
2026-04-16 11:12:59.341 [info] Getting sessions for all scopes...
2026-04-16 11:12:59.341 [info] Got 1 sessions for ...
2026-04-16 11:12:59.343 [info] Getting sessions for all scopes...
2026-04-16 11:12:59.343 [info] Got 1 sessions for ...
2026-04-16 11:13:22.195 [info] Getting sessions for all scopes...
2026-04-16 11:13:22.195 [info] Got 1 sessions for ...
2026-04-16 11:13:22.196 [info] Getting sessions for all scopes...
2026-04-16 11:13:22.196 [info] Got 1 sessions for ...
2026-04-16 11:13:27.423 [info] Getting sessions for all scopes...
2026-04-16 11:13:27.423 [info] Got 1 sessions for ...
2026-04-16 11:13:27.425 [info] Getting sessions for all scopes...
2026-04-16 11:13:27.425 [info] Got 1 sessions for ...
2026-04-16 11:14:27.197 [info] Getting sessions for all scopes...
2026-04-16 11:14:27.198 [info] Got 1 sessions for ...
2026-04-16 11:14:27.202 [info] Getting sessions for all scopes...
2026-04-16 11:14:27.202 [info] Got 1 sessions for ...
2026-04-16 11:14:27.510 [info] Getting sessions for all scopes...
2026-04-16 11:14:27.510 [info] Got 1 sessions for ...
2026-04-16 11:14:27.515 [info] Getting sessions for all scopes...
2026-04-16 11:14:27.515 [info] Got 1 sessions for ...
2026-04-16 11:15:29.355 [info] Getting sessions for all scopes...
2026-04-16 11:15:29.355 [info] Got 1 sessions for ...
2026-04-16 11:15:29.355 [info] Getting sessions for all scopes...
2026-04-16 11:15:29.355 [info] Got 1 sessions for ...
2026-04-16 11:15:46.226 [info] Getting sessions for all scopes...
2026-04-16 11:15:46.226 [info] Got 1 sessions for ...
2026-04-16 11:15:46.226 [info] Getting sessions for all scopes...
2026-04-16 11:15:46.226 [info] Got 1 sessions for ...
2026-04-16 11:17:59.932 [info] Getting sessions for all scopes...
2026-04-16 11:17:59.932 [info] Got 1 sessions for ...
2026-04-16 11:17:59.933 [info] Getting sessions for all scopes...
2026-04-16 11:17:59.933 [info] Got 1 sessions for ...
2026-04-16 11:18:43.918 [info] Getting sessions for all scopes...
2026-04-16 11:18:43.918 [info] Got 1 sessions for ...
2026-04-16 11:18:43.919 [info] Getting sessions for all scopes...
2026-04-16 11:18:43.919 [info] Got 1 sessions for ...
2026-04-16 11:18:45.588 [info] Getting sessions for all scopes...
2026-04-16 11:18:45.588 [info] Got 1 sessions for ...
2026-04-16 11:18:45.589 [info] Getting sessions for all scopes...
2026-04-16 11:18:45.589 [info] Got 1 sessions for ...
2026-04-16 11:21:31.724 [info] Getting sessions for all scopes...
2026-04-16 11:21:31.724 [info] Got 1 sessions for ...
2026-04-16 11:21:31.725 [info] Getting sessions for all scopes...
2026-04-16 11:21:31.725 [info] Got 1 sessions for ...
2026-04-16 11:21:43.554 [info] Getting sessions for all scopes...
2026-04-16 11:21:43.554 [info] Got 1 sessions for ...
2026-04-16 11:21:43.554 [info] Getting sessions for all scopes...
2026-04-16 11:21:43.555 [info] Got 1 sessions for ...
2026-04-16 11:22:25.401 [info] Getting sessions for all scopes...
2026-04-16 11:22:25.401 [info] Got 1 sessions for ...
2026-04-16 11:22:25.401 [info] Getting sessions for all scopes...
2026-04-16 11:22:25.401 [info] Got 1 sessions for ...
