2026-04-18 10:58:44.932 [info] [main] Log level: Info
2026-04-18 10:58:44.932 [info] [main] Validating found git in: "git"
2026-04-18 10:58:44.932 [info] [main] Using git "2.53.0" from "git"
2026-04-18 10:58:44.932 [info] [Model][doInitialScan] Initial repository scan started
2026-04-18 10:58:44.932 [info] > git rev-parse --show-toplevel [8ms]
2026-04-18 10:58:44.932 [info] fatal: not a git repository (or any parent up to mount point /)
Stopping at filesystem boundary (GIT_DISCOVERY_ACROSS_FILESYSTEM not set).
2026-04-18 10:58:44.932 [info] > git rev-parse --show-toplevel [3ms]
2026-04-18 10:58:44.932 [info] fatal: not a git repository (or any parent up to mount point /)
Stopping at filesystem boundary (GIT_DISCOVERY_ACROSS_FILESYSTEM not set).
2026-04-18 10:58:44.932 [info] > git rev-parse --show-toplevel [2ms]
2026-04-18 10:58:44.932 [info] fatal: not a git repository (or any parent up to mount point /)
Stopping at filesystem boundary (GIT_DISCOVERY_ACROSS_FILESYSTEM not set).
2026-04-18 10:58:44.932 [info] > git rev-parse --show-toplevel [1ms]
2026-04-18 10:58:44.932 [info] fatal: not a git repository (or any parent up to mount point /)
Stopping at filesystem boundary (GIT_DISCOVERY_ACROSS_FILESYSTEM not set).
2026-04-18 10:58:44.932 [info] > git rev-parse --show-toplevel [2ms]
2026-04-18 10:58:44.932 [info] fatal: not a git repository (or any parent up to mount point /)
Stopping at filesystem boundary (GIT_DISCOVERY_ACROSS_FILESYSTEM not set).
2026-04-18 10:58:44.932 [info] > git rev-parse --show-toplevel [2ms]
2026-04-18 10:58:44.932 [info] fatal: not a git repository (or any parent up to mount point /)
Stopping at filesystem boundary (GIT_DISCOVERY_ACROSS_FILESYSTEM not set).
2026-04-18 10:58:44.932 [info] > git rev-parse --show-toplevel [2ms]
2026-04-18 10:58:44.932 [info] fatal: not a git repository (or any parent up to mount point /)
Stopping at filesystem boundary (GIT_DISCOVERY_ACROSS_FILESYSTEM not set).
2026-04-18 10:58:44.932 [info] > git rev-parse --show-toplevel [1ms]
2026-04-18 10:58:44.932 [info] fatal: not a git repository (or any parent up to mount point /)
Stopping at filesystem boundary (GIT_DISCOVERY_ACROSS_FILESYSTEM not set).
2026-04-18 10:58:44.932 [info] > git rev-parse --show-toplevel [2ms]
2026-04-18 10:58:44.932 [info] fatal: not a git repository (or any parent up to mount point /)
Stopping at filesystem boundary (GIT_DISCOVERY_ACROSS_FILESYSTEM not set).
2026-04-18 10:58:44.932 [info] > git rev-parse --show-toplevel [1ms]
2026-04-18 10:58:44.932 [info] fatal: not a git repository (or any parent up to mount point /)
Stopping at filesystem boundary (GIT_DISCOVERY_ACROSS_FILESYSTEM not set).
2026-04-18 10:58:44.932 [info] > git rev-parse --show-toplevel [13ms]
2026-04-18 10:58:44.932 [info] fatal: not a git repository (or any parent up to mount point /)
Stopping at filesystem boundary (GIT_DISCOVERY_ACROSS_FILESYSTEM not set).
2026-04-18 10:58:44.934 [info] > git rev-parse --show-toplevel [5ms]
2026-04-18 10:58:44.934 [info] fatal: not a git repository (or any parent up to mount point /)
Stopping at filesystem boundary (GIT_DISCOVERY_ACROSS_FILESYSTEM not set).
2026-04-18 10:58:44.969 [info] > git rev-parse --show-toplevel [5ms]
2026-04-18 10:58:44.969 [info] fatal: not a git repository (or any parent up to mount point /)
Stopping at filesystem boundary (GIT_DISCOVERY_ACROSS_FILESYSTEM not set).
2026-04-18 10:58:44.979 [info] > git rev-parse --show-toplevel [4ms]
2026-04-18 10:58:44.979 [info] fatal: not a git repository (or any parent up to mount point /)
Stopping at filesystem boundary (GIT_DISCOVERY_ACROSS_FILESYSTEM not set).
2026-04-18 10:58:44.984 [info] > git rev-parse --show-toplevel [2ms]
2026-04-18 10:58:44.984 [info] fatal: not a git repository (or any parent up to mount point /)
Stopping at filesystem boundary (GIT_DISCOVERY_ACROSS_FILESYSTEM not set).
2026-04-18 10:58:44.989 [info] > git rev-parse --show-toplevel [2ms]
2026-04-18 10:58:44.989 [info] fatal: not a git repository (or any parent up to mount point /)
Stopping at filesystem boundary (GIT_DISCOVERY_ACROSS_FILESYSTEM not set).
2026-04-18 10:58:44.994 [info] > git rev-parse --show-toplevel [1ms]
2026-04-18 10:58:44.994 [info] fatal: not a git repository (or any parent up to mount point /)
Stopping at filesystem boundary (GIT_DISCOVERY_ACROSS_FILESYSTEM not set).
2026-04-18 10:58:44.998 [info] > git rev-parse --show-toplevel [1ms]
2026-04-18 10:58:44.998 [info] fatal: not a git repository (or any parent up to mount point /)
Stopping at filesystem boundary (GIT_DISCOVERY_ACROSS_FILESYSTEM not set).
2026-04-18 10:58:45.005 [info] > git rev-parse --show-toplevel [2ms]
2026-04-18 10:58:45.005 [info] fatal: not a git repository (or any parent up to mount point /)
Stopping at filesystem boundary (GIT_DISCOVERY_ACROSS_FILESYSTEM not set).
2026-04-18 10:58:45.010 [info] > git rev-parse --show-toplevel [1ms]
2026-04-18 10:58:45.010 [info] fatal: not a git repository (or any parent up to mount point /)
Stopping at filesystem boundary (GIT_DISCOVERY_ACROSS_FILESYSTEM not set).
2026-04-18 10:58:45.015 [info] > git rev-parse --show-toplevel [1ms]
2026-04-18 10:58:45.015 [info] fatal: not a git repository (or any parent up to mount point /)
Stopping at filesystem boundary (GIT_DISCOVERY_ACROSS_FILESYSTEM not set).
2026-04-18 10:58:45.019 [info] > git rev-parse --show-toplevel [0ms]
2026-04-18 10:58:45.019 [info] fatal: not a git repository (or any parent up to mount point /)
Stopping at filesystem boundary (GIT_DISCOVERY_ACROSS_FILESYSTEM not set).
2026-04-18 10:58:45.023 [info] > git rev-parse --show-toplevel [0ms]
2026-04-18 10:58:45.023 [info] fatal: not a git repository (or any parent up to mount point /)
Stopping at filesystem boundary (GIT_DISCOVERY_ACROSS_FILESYSTEM not set).
2026-04-18 10:58:45.028 [info] > git rev-parse --show-toplevel [0ms]
2026-04-18 10:58:45.029 [info] fatal: not a git repository (or any parent up to mount point /)
Stopping at filesystem boundary (GIT_DISCOVERY_ACROSS_FILESYSTEM not set).
2026-04-18 10:58:45.033 [info] > git rev-parse --show-toplevel [2ms]
2026-04-18 10:58:45.033 [info] fatal: not a git repository (or any parent up to mount point /)
Stopping at filesystem boundary (GIT_DISCOVERY_ACROSS_FILESYSTEM not set).
2026-04-18 10:58:45.037 [info] > git rev-parse --show-toplevel [1ms]
2026-04-18 10:58:45.037 [info] fatal: not a git repository (or any parent up to mount point /)
Stopping at filesystem boundary (GIT_DISCOVERY_ACROSS_FILESYSTEM not set).
2026-04-18 10:58:45.040 [info] > git rev-parse --show-toplevel [0ms]
2026-04-18 10:58:45.040 [info] fatal: not a git repository (or any parent up to mount point /)
Stopping at filesystem boundary (GIT_DISCOVERY_ACROSS_FILESYSTEM not set).
2026-04-18 10:58:45.045 [info] > git rev-parse --show-toplevel [1ms]
2026-04-18 10:58:45.045 [info] fatal: not a git repository (or any parent up to mount point /)
Stopping at filesystem boundary (GIT_DISCOVERY_ACROSS_FILESYSTEM not set).
2026-04-18 10:58:45.049 [info] > git rev-parse --show-toplevel [0ms]
2026-04-18 10:58:45.049 [info] fatal: not a git repository (or any parent up to mount point /)
Stopping at filesystem boundary (GIT_DISCOVERY_ACROSS_FILESYSTEM not set).
2026-04-18 10:58:45.053 [info] > git rev-parse --show-toplevel [0ms]
2026-04-18 10:58:45.059 [info] > git rev-parse --git-dir --git-common-dir --show-superproject-working-tree [2ms]
2026-04-18 10:58:45.077 [info] [Model][openRepository] Opened repository (path): /home/surfiks/clock-rs
2026-04-18 10:58:45.077 [info] [Model][openRepository] Opened repository (real path): /home/surfiks/clock-rs
2026-04-18 10:58:45.077 [info] [Model][openRepository] Opened repository (kind): repository
2026-04-18 10:58:45.089 [info] > git rev-parse --show-toplevel [4ms]
2026-04-18 10:58:45.089 [info] fatal: not a git repository (or any parent up to mount point /)
Stopping at filesystem boundary (GIT_DISCOVERY_ACROSS_FILESYSTEM not set).
2026-04-18 10:58:45.089 [info] > git config --get commit.template [7ms]
2026-04-18 10:58:45.099 [info] > git rev-parse --show-toplevel [6ms]
2026-04-18 10:58:45.099 [info] fatal: not a git repository (or any parent up to mount point /)
Stopping at filesystem boundary (GIT_DISCOVERY_ACROSS_FILESYSTEM not set).
2026-04-18 10:58:45.103 [info] > git rev-parse --show-toplevel [1ms]
2026-04-18 10:58:45.103 [info] fatal: not a git repository (or any parent up to mount point /)
Stopping at filesystem boundary (GIT_DISCOVERY_ACROSS_FILESYSTEM not set).
2026-04-18 10:58:45.104 [info] > git for-each-ref --format=%(refname)%00%(upstream:short)%00%(objectname)%00%(upstream:track)%00%(upstream:remotename)%00%(upstream:remoteref) refs/heads/main refs/remotes/main [7ms]
2026-04-18 10:58:45.110 [warning] [Git][revParse] Unable to read file: ENOENT: no such file or directory, open '/home/surfiks/clock-rs/.git/refs/remotes/origin/main'
2026-04-18 10:58:45.111 [info] > git rev-parse --show-toplevel [4ms]
2026-04-18 10:58:45.114 [info] > git rev-parse refs/remotes/origin/main [4ms]
2026-04-18 10:58:45.124 [info] > git status -z -uall [7ms]
2026-04-18 10:58:45.125 [info] > git for-each-ref --sort -committerdate --format %(refname)%00%(objectname)%00%(*objectname) [2ms]
2026-04-18 10:58:45.143 [info] > git rev-parse --git-dir --git-common-dir --show-superproject-working-tree [29ms]
2026-04-18 10:58:45.147 [info] > git for-each-ref --format=%(refname)%00%(upstream:short)%00%(objectname)%00%(upstream:track)%00%(upstream:remotename)%00%(upstream:remoteref) refs/heads/main refs/remotes/main [5ms]
2026-04-18 10:58:45.152 [info] > git config --get --local branch.main.vscode-merge-base [1ms]
2026-04-18 10:58:45.155 [info] > git config --get commit.template [9ms]
2026-04-18 10:58:45.155 [info] > git for-each-ref --format=%(refname)%00%(upstream:short)%00%(objectname)%00%(upstream:track)%00%(upstream:remotename)%00%(upstream:remoteref) refs/heads/origin/main refs/remotes/origin/main [1ms]
2026-04-18 10:58:45.163 [info] > git for-each-ref --format=%(refname)%00%(upstream:short)%00%(objectname)%00%(upstream:track)%00%(upstream:remotename)%00%(upstream:remoteref) refs/heads/main refs/remotes/main [2ms]
2026-04-18 10:58:45.164 [info] > git merge-base refs/heads/main refs/remotes/origin/main [6ms]
2026-04-18 10:58:45.170 [warning] [Git][revParse] Unable to read file: ENOENT: no such file or directory, open '/home/surfiks/clock-rs/.git/refs/remotes/origin/main'
2026-04-18 10:58:45.174 [info] [Model][openRepository] Opened repository (path): /home/surfiks/yay
2026-04-18 10:58:45.174 [info] [Model][openRepository] Opened repository (real path): /home/surfiks/yay
2026-04-18 10:58:45.174 [info] [Model][openRepository] Opened repository (kind): repository
2026-04-18 10:58:45.182 [info] > git rev-parse refs/remotes/origin/main [12ms]
2026-04-18 10:58:45.189 [info] > git diff --raw --numstat --diff-filter=ADMR -z --find-renames=50% eb23ae0de642211fa8b0bc49d30661ceeb6d17e7...refs/remotes/origin/main -- [21ms]
2026-04-18 10:58:45.191 [info] > git status -z -uall [6ms]
2026-04-18 10:58:45.191 [info] > git for-each-ref --sort -committerdate --format %(refname)%00%(objectname)%00%(*objectname) [2ms]
2026-04-18 10:58:45.195 [info] > git rev-parse --show-toplevel [14ms]
2026-04-18 10:58:45.195 [info] fatal: not a git repository (or any parent up to mount point /)
Stopping at filesystem boundary (GIT_DISCOVERY_ACROSS_FILESYSTEM not set).
2026-04-18 10:58:45.196 [info] [Model][doInitialScan] Initial repository scan completed - repositories (2), closed repositories (0), parent repositories (0), unsafe repositories (0)
2026-04-18 10:58:45.196 [info] > git config --get commit.template [18ms]
2026-04-18 10:58:45.202 [info] > git for-each-ref --format=%(refname)%00%(upstream:short)%00%(objectname)%00%(upstream:track)%00%(upstream:remotename)%00%(upstream:remoteref) refs/heads/master refs/remotes/master [1ms]
2026-04-18 10:58:45.206 [warning] [Git][revParse] Unable to read file: ENOENT: no such file or directory, open '/home/surfiks/yay/.git/refs/remotes/origin/master'
2026-04-18 10:58:45.207 [info] > git rev-parse refs/remotes/origin/master [1ms]
2026-04-18 10:58:45.213 [info] > git status -z -uall [3ms]
2026-04-18 10:58:45.214 [info] > git for-each-ref --sort -committerdate --format %(refname)%00%(objectname)%00%(*objectname) [1ms]
2026-04-18 10:58:45.223 [info] > git for-each-ref --format=%(refname)%00%(upstream:short)%00%(objectname)%00%(upstream:track)%00%(upstream:remotename)%00%(upstream:remoteref) refs/heads/master refs/remotes/master [4ms]
2026-04-18 10:58:45.226 [info] > git config --get commit.template [3ms]
2026-04-18 10:58:45.227 [info] > git config --get --local branch.master.vscode-merge-base [1ms]
2026-04-18 10:58:45.233 [info] > git for-each-ref --format=%(refname)%00%(upstream:short)%00%(objectname)%00%(upstream:track)%00%(upstream:remotename)%00%(upstream:remoteref) refs/heads/origin/master refs/remotes/origin/master [3ms]
2026-04-18 10:58:45.237 [info] > git for-each-ref --format=%(refname)%00%(upstream:short)%00%(objectname)%00%(upstream:track)%00%(upstream:remotename)%00%(upstream:remoteref) refs/heads/master refs/remotes/master [4ms]
2026-04-18 10:58:45.240 [warning] [Git][revParse] Unable to read file: ENOENT: no such file or directory, open '/home/surfiks/yay/.git/refs/remotes/origin/master'
2026-04-18 10:58:45.241 [info] > git merge-base refs/heads/master refs/remotes/origin/master [5ms]
2026-04-18 10:58:45.244 [info] > git rev-parse refs/remotes/origin/master [4ms]
2026-04-18 10:58:45.252 [info] > git status -z -uall [5ms]
2026-04-18 10:58:45.252 [info] > git diff --raw --numstat --diff-filter=ADMR -z --find-renames=50% 1a092538ebdfa373ddb641ab1fe564a2ed62877d...refs/remotes/origin/master -- [8ms]
2026-04-18 10:58:45.252 [info] > git for-each-ref --sort -committerdate --format %(refname)%00%(objectname)%00%(*objectname) [1ms]
2026-04-18 10:58:45.341 [info] > git rev-parse --show-toplevel [1ms]
2026-04-18 10:58:45.341 [info] fatal: not a git repository (or any parent up to mount point /)
Stopping at filesystem boundary (GIT_DISCOVERY_ACROSS_FILESYSTEM not set).
2026-04-18 10:58:45.705 [info] > git check-ignore -v -z --stdin [4ms]
2026-04-18 10:58:45.705 [info] > git check-ignore -v -z --stdin [1ms]
2026-04-18 10:58:46.013 [info] > git rev-parse --show-toplevel [1ms]
2026-04-18 10:58:46.013 [info] fatal: not a git repository (or any parent up to mount point /)
Stopping at filesystem boundary (GIT_DISCOVERY_ACROSS_FILESYSTEM not set).
2026-04-18 10:58:52.727 [info] > git rev-parse --show-toplevel [3ms]
2026-04-18 10:58:52.727 [info] fatal: not a git repository (or any parent up to mount point /)
Stopping at filesystem boundary (GIT_DISCOVERY_ACROSS_FILESYSTEM not set).
2026-04-18 11:01:42.799 [info] > git rev-parse --show-toplevel [1ms]
2026-04-18 11:01:42.799 [info] fatal: not a git repository (or any parent up to mount point /)
Stopping at filesystem boundary (GIT_DISCOVERY_ACROSS_FILESYSTEM not set).
2026-04-18 11:01:58.556 [info] > git rev-parse --show-toplevel [5ms]
2026-04-18 11:01:58.556 [info] fatal: not a git repository (or any parent up to mount point /)
Stopping at filesystem boundary (GIT_DISCOVERY_ACROSS_FILESYSTEM not set).
2026-04-18 11:02:28.072 [info] > git rev-parse --show-toplevel [1ms]
2026-04-18 11:02:28.072 [info] fatal: not a git repository (or any parent up to mount point /)
Stopping at filesystem boundary (GIT_DISCOVERY_ACROSS_FILESYSTEM not set).
2026-04-18 11:02:32.788 [info] > git rev-parse --show-toplevel [1ms]
2026-04-18 11:02:32.791 [info] fatal: not a git repository (or any parent up to mount point /)
Stopping at filesystem boundary (GIT_DISCOVERY_ACROSS_FILESYSTEM not set).
2026-04-18 11:05:42.757 [info] > git rev-parse --show-toplevel [1ms]
2026-04-18 11:05:42.757 [info] fatal: not a git repository (or any parent up to mount point /)
Stopping at filesystem boundary (GIT_DISCOVERY_ACROSS_FILESYSTEM not set).
2026-04-18 11:05:44.842 [info] > git rev-parse --show-toplevel [1ms]
2026-04-18 11:05:44.843 [info] fatal: not a git repository (or any parent up to mount point /)
Stopping at filesystem boundary (GIT_DISCOVERY_ACROSS_FILESYSTEM not set).
2026-04-18 11:05:47.992 [info] > git rev-parse --show-toplevel [2ms]
2026-04-18 11:05:47.992 [info] fatal: not a git repository (or any parent up to mount point /)
Stopping at filesystem boundary (GIT_DISCOVERY_ACROSS_FILESYSTEM not set).
2026-04-18 11:05:52.859 [info] > git rev-parse --show-toplevel [2ms]
2026-04-18 11:05:52.860 [info] fatal: not a git repository (or any parent up to mount point /)
Stopping at filesystem boundary (GIT_DISCOVERY_ACROSS_FILESYSTEM not set).
2026-04-18 11:05:53.365 [info] > git rev-parse --show-toplevel [1ms]
2026-04-18 11:05:53.365 [info] fatal: not a git repository (or any parent up to mount point /)
Stopping at filesystem boundary (GIT_DISCOVERY_ACROSS_FILESYSTEM not set).
2026-04-18 11:05:56.672 [info] > git rev-parse --show-toplevel [1ms]
2026-04-18 11:05:56.672 [info] fatal: not a git repository (or any parent up to mount point /)
Stopping at filesystem boundary (GIT_DISCOVERY_ACROSS_FILESYSTEM not set).
2026-04-18 11:05:58.485 [info] > git rev-parse --show-toplevel [5ms]
2026-04-18 11:05:58.485 [info] fatal: not a git repository (or any parent up to mount point /)
Stopping at filesystem boundary (GIT_DISCOVERY_ACROSS_FILESYSTEM not set).
2026-04-18 11:06:09.160 [info] > git rev-parse --show-toplevel [1ms]
2026-04-18 11:06:09.160 [info] fatal: not a git repository (or any parent up to mount point /)
Stopping at filesystem boundary (GIT_DISCOVERY_ACROSS_FILESYSTEM not set).
2026-04-18 11:07:47.556 [info] > git rev-parse --show-toplevel [2ms]
2026-04-18 11:07:47.556 [info] fatal: not a git repository (or any parent up to mount point /)
Stopping at filesystem boundary (GIT_DISCOVERY_ACROSS_FILESYSTEM not set).
2026-04-18 11:08:04.649 [info] > git rev-parse --show-toplevel [1ms]
2026-04-18 11:08:04.649 [info] fatal: not a git repository (or any parent up to mount point /)
Stopping at filesystem boundary (GIT_DISCOVERY_ACROSS_FILESYSTEM not set).
2026-04-18 11:08:09.687 [info] > git rev-parse --show-toplevel [2ms]
2026-04-18 11:08:09.687 [info] fatal: not a git repository (or any parent up to mount point /)
Stopping at filesystem boundary (GIT_DISCOVERY_ACROSS_FILESYSTEM not set).
2026-04-18 11:08:10.945 [info] > git rev-parse --show-toplevel [1ms]
2026-04-18 11:08:10.945 [info] fatal: not a git repository (or any parent up to mount point /)
Stopping at filesystem boundary (GIT_DISCOVERY_ACROSS_FILESYSTEM not set).
2026-04-18 11:08:15.450 [info] > git rev-parse --show-toplevel [1ms]
2026-04-18 11:08:15.450 [info] fatal: not a git repository (or any parent up to mount point /)
Stopping at filesystem boundary (GIT_DISCOVERY_ACROSS_FILESYSTEM not set).
2026-04-18 11:14:17.063 [info] > git rev-parse --show-toplevel [1ms]
2026-04-18 11:14:17.063 [info] fatal: not a git repository (or any parent up to mount point /)
Stopping at filesystem boundary (GIT_DISCOVERY_ACROSS_FILESYSTEM not set).
2026-04-18 11:14:19.872 [info] > git rev-parse --show-toplevel [1ms]
2026-04-18 11:14:19.872 [info] fatal: not a git repository (or any parent up to mount point /)
Stopping at filesystem boundary (GIT_DISCOVERY_ACROSS_FILESYSTEM not set).
2026-04-18 11:27:57.974 [info] > git rev-parse --show-toplevel [1ms]
2026-04-18 11:27:57.976 [info] fatal: not a git repository (or any parent up to mount point /)
Stopping at filesystem boundary (GIT_DISCOVERY_ACROSS_FILESYSTEM not set).
2026-04-18 11:29:21.815 [info] > git rev-parse --show-toplevel [1ms]
2026-04-18 11:29:21.816 [info] fatal: not a git repository (or any parent up to mount point /)
Stopping at filesystem boundary (GIT_DISCOVERY_ACROSS_FILESYSTEM not set).
2026-04-18 11:29:26.618 [info] > git rev-parse --show-toplevel [1ms]
2026-04-18 11:29:26.618 [info] fatal: not a git repository (or any parent up to mount point /)
Stopping at filesystem boundary (GIT_DISCOVERY_ACROSS_FILESYSTEM not set).
2026-04-18 11:32:15.783 [info] > git rev-parse --show-toplevel [1ms]
2026-04-18 11:32:15.783 [info] fatal: not a git repository (or any parent up to mount point /)
Stopping at filesystem boundary (GIT_DISCOVERY_ACROSS_FILESYSTEM not set).
2026-04-18 11:32:25.881 [info] > git rev-parse --show-toplevel [2ms]
2026-04-18 11:32:25.881 [info] fatal: not a git repository (or any parent up to mount point /)
Stopping at filesystem boundary (GIT_DISCOVERY_ACROSS_FILESYSTEM not set).
2026-04-18 12:00:39.286 [info] > git rev-parse --show-toplevel [0ms]
2026-04-18 12:00:39.287 [info] fatal: not a git repository (or any parent up to mount point /)
Stopping at filesystem boundary (GIT_DISCOVERY_ACROSS_FILESYSTEM not set).
2026-04-18 12:01:22.504 [info] [main] Log level: Info
2026-04-18 12:01:22.506 [info] [main] Validating found git in: "git"
2026-04-18 12:01:22.506 [info] [main] Using git "2.53.0" from "git"
2026-04-18 12:01:22.506 [info] [Model][doInitialScan] Initial repository scan started
2026-04-18 12:01:22.511 [info] > git rev-parse --show-toplevel [19ms]
2026-04-18 12:01:22.513 [info] fatal: not a git repository (or any parent up to mount point /)
Stopping at filesystem boundary (GIT_DISCOVERY_ACROSS_FILESYSTEM not set).
2026-04-18 12:01:22.533 [info] > git rev-parse --show-toplevel [13ms]
2026-04-18 12:01:22.533 [info] fatal: not a git repository (or any parent up to mount point /)
Stopping at filesystem boundary (GIT_DISCOVERY_ACROSS_FILESYSTEM not set).
2026-04-18 12:01:22.553 [info] > git rev-parse --show-toplevel [1ms]
2026-04-18 12:01:22.553 [info] fatal: not a git repository (or any parent up to mount point /)
Stopping at filesystem boundary (GIT_DISCOVERY_ACROSS_FILESYSTEM not set).
2026-04-18 12:01:22.556 [info] > git rev-parse --show-toplevel [1ms]
2026-04-18 12:01:22.556 [info] fatal: not a git repository (or any parent up to mount point /)
Stopping at filesystem boundary (GIT_DISCOVERY_ACROSS_FILESYSTEM not set).
2026-04-18 12:01:22.560 [info] > git rev-parse --show-toplevel [1ms]
2026-04-18 12:01:22.560 [info] fatal: not a git repository (or any parent up to mount point /)
Stopping at filesystem boundary (GIT_DISCOVERY_ACROSS_FILESYSTEM not set).
2026-04-18 12:01:22.564 [info] > git rev-parse --show-toplevel [1ms]
2026-04-18 12:01:22.564 [info] fatal: not a git repository (or any parent up to mount point /)
Stopping at filesystem boundary (GIT_DISCOVERY_ACROSS_FILESYSTEM not set).
2026-04-18 12:01:22.567 [info] > git rev-parse --show-toplevel [1ms]
2026-04-18 12:01:22.567 [info] fatal: not a git repository (or any parent up to mount point /)
Stopping at filesystem boundary (GIT_DISCOVERY_ACROSS_FILESYSTEM not set).
2026-04-18 12:01:22.570 [info] > git rev-parse --show-toplevel [0ms]
2026-04-18 12:01:22.570 [info] fatal: not a git repository (or any parent up to mount point /)
Stopping at filesystem boundary (GIT_DISCOVERY_ACROSS_FILESYSTEM not set).
2026-04-18 12:01:22.574 [info] > git rev-parse --show-toplevel [1ms]
2026-04-18 12:01:22.574 [info] fatal: not a git repository (or any parent up to mount point /)
Stopping at filesystem boundary (GIT_DISCOVERY_ACROSS_FILESYSTEM not set).
2026-04-18 12:01:22.589 [info] > git rev-parse --show-toplevel [11ms]
2026-04-18 12:01:22.589 [info] fatal: not a git repository (or any parent up to mount point /)
Stopping at filesystem boundary (GIT_DISCOVERY_ACROSS_FILESYSTEM not set).
2026-04-18 12:01:22.595 [info] > git rev-parse --show-toplevel [1ms]
2026-04-18 12:01:22.595 [info] fatal: not a git repository (or any parent up to mount point /)
Stopping at filesystem boundary (GIT_DISCOVERY_ACROSS_FILESYSTEM not set).
2026-04-18 12:01:22.598 [info] > git rev-parse --show-toplevel [0ms]
2026-04-18 12:01:22.598 [info] fatal: not a git repository (or any parent up to mount point /)
Stopping at filesystem boundary (GIT_DISCOVERY_ACROSS_FILESYSTEM not set).
2026-04-18 12:01:22.601 [info] > git rev-parse --show-toplevel [1ms]
2026-04-18 12:01:22.601 [info] fatal: not a git repository (or any parent up to mount point /)
Stopping at filesystem boundary (GIT_DISCOVERY_ACROSS_FILESYSTEM not set).
2026-04-18 12:01:22.604 [info] > git rev-parse --show-toplevel [1ms]
2026-04-18 12:01:22.604 [info] fatal: not a git repository (or any parent up to mount point /)
Stopping at filesystem boundary (GIT_DISCOVERY_ACROSS_FILESYSTEM not set).
2026-04-18 12:01:22.606 [info] > git rev-parse --show-toplevel [0ms]
2026-04-18 12:01:22.607 [info] fatal: not a git repository (or any parent up to mount point /)
Stopping at filesystem boundary (GIT_DISCOVERY_ACROSS_FILESYSTEM not set).
2026-04-18 12:01:22.609 [info] > git rev-parse --show-toplevel [1ms]
2026-04-18 12:01:22.609 [info] fatal: not a git repository (or any parent up to mount point /)
Stopping at filesystem boundary (GIT_DISCOVERY_ACROSS_FILESYSTEM not set).
2026-04-18 12:01:22.615 [info] > git rev-parse --show-toplevel [1ms]
2026-04-18 12:01:22.615 [info] fatal: not a git repository (or any parent up to mount point /)
Stopping at filesystem boundary (GIT_DISCOVERY_ACROSS_FILESYSTEM not set).
2026-04-18 12:01:22.619 [info] > git rev-parse --show-toplevel [1ms]
2026-04-18 12:01:22.619 [info] fatal: not a git repository (or any parent up to mount point /)
Stopping at filesystem boundary (GIT_DISCOVERY_ACROSS_FILESYSTEM not set).
2026-04-18 12:01:22.621 [info] > git rev-parse --show-toplevel [0ms]
2026-04-18 12:01:22.621 [info] fatal: not a git repository (or any parent up to mount point /)
Stopping at filesystem boundary (GIT_DISCOVERY_ACROSS_FILESYSTEM not set).
2026-04-18 12:01:22.624 [info] > git rev-parse --show-toplevel [0ms]
2026-04-18 12:01:22.624 [info] fatal: not a git repository (or any parent up to mount point /)
Stopping at filesystem boundary (GIT_DISCOVERY_ACROSS_FILESYSTEM not set).
2026-04-18 12:01:22.628 [info] > git rev-parse --show-toplevel [1ms]
2026-04-18 12:01:22.628 [info] fatal: not a git repository (or any parent up to mount point /)
Stopping at filesystem boundary (GIT_DISCOVERY_ACROSS_FILESYSTEM not set).
2026-04-18 12:01:22.638 [info] > git rev-parse --show-toplevel [8ms]
2026-04-18 12:01:22.638 [info] fatal: not a git repository (or any parent up to mount point /)
Stopping at filesystem boundary (GIT_DISCOVERY_ACROSS_FILESYSTEM not set).
2026-04-18 12:01:22.644 [info] > git rev-parse --show-toplevel [3ms]
2026-04-18 12:01:22.644 [info] fatal: not a git repository (or any parent up to mount point /)
Stopping at filesystem boundary (GIT_DISCOVERY_ACROSS_FILESYSTEM not set).
2026-04-18 12:01:22.649 [info] > git rev-parse --show-toplevel [1ms]
2026-04-18 12:01:22.649 [info] fatal: not a git repository (or any parent up to mount point /)
Stopping at filesystem boundary (GIT_DISCOVERY_ACROSS_FILESYSTEM not set).
2026-04-18 12:01:22.653 [info] > git rev-parse --show-toplevel [1ms]
2026-04-18 12:01:22.653 [info] fatal: not a git repository (or any parent up to mount point /)
Stopping at filesystem boundary (GIT_DISCOVERY_ACROSS_FILESYSTEM not set).
2026-04-18 12:01:22.656 [info] > git rev-parse --show-toplevel [0ms]
2026-04-18 12:01:22.656 [info] fatal: not a git repository (or any parent up to mount point /)
Stopping at filesystem boundary (GIT_DISCOVERY_ACROSS_FILESYSTEM not set).
2026-04-18 12:01:22.658 [info] > git rev-parse --show-toplevel [0ms]
2026-04-18 12:01:22.658 [info] fatal: not a git repository (or any parent up to mount point /)
Stopping at filesystem boundary (GIT_DISCOVERY_ACROSS_FILESYSTEM not set).
2026-04-18 12:01:22.663 [info] > git rev-parse --show-toplevel [0ms]
2026-04-18 12:01:22.663 [info] fatal: not a git repository (or any parent up to mount point /)
Stopping at filesystem boundary (GIT_DISCOVERY_ACROSS_FILESYSTEM not set).
2026-04-18 12:01:22.666 [info] > git rev-parse --show-toplevel [1ms]
2026-04-18 12:01:22.666 [info] fatal: not a git repository (or any parent up to mount point /)
Stopping at filesystem boundary (GIT_DISCOVERY_ACROSS_FILESYSTEM not set).
2026-04-18 12:01:22.683 [info] > git rev-parse --show-toplevel [14ms]
2026-04-18 12:01:22.691 [info] > git rev-parse --git-dir --git-common-dir --show-superproject-working-tree [3ms]
2026-04-18 12:01:22.711 [info] [Model][openRepository] Opened repository (path): /home/surfiks/clock-rs
2026-04-18 12:01:22.711 [info] [Model][openRepository] Opened repository (real path): /home/surfiks/clock-rs
2026-04-18 12:01:22.711 [info] [Model][openRepository] Opened repository (kind): repository
2026-04-18 12:01:22.723 [info] > git rev-parse --show-toplevel [3ms]
2026-04-18 12:01:22.723 [info] fatal: not a git repository (or any parent up to mount point /)
Stopping at filesystem boundary (GIT_DISCOVERY_ACROSS_FILESYSTEM not set).
2026-04-18 12:01:22.723 [info] > git config --get commit.template [6ms]
2026-04-18 12:01:22.729 [info] > git rev-parse --show-toplevel [2ms]
2026-04-18 12:01:22.729 [info] fatal: not a git repository (or any parent up to mount point /)
Stopping at filesystem boundary (GIT_DISCOVERY_ACROSS_FILESYSTEM not set).
2026-04-18 12:01:22.732 [info] > git rev-parse --show-toplevel [1ms]
2026-04-18 12:01:22.732 [info] fatal: not a git repository (or any parent up to mount point /)
Stopping at filesystem boundary (GIT_DISCOVERY_ACROSS_FILESYSTEM not set).
2026-04-18 12:01:22.737 [info] > git rev-parse --show-toplevel [1ms]
2026-04-18 12:01:22.737 [info] fatal: not a git repository (or any parent up to mount point /)
Stopping at filesystem boundary (GIT_DISCOVERY_ACROSS_FILESYSTEM not set).
2026-04-18 12:01:22.743 [info] > git rev-parse --show-toplevel [4ms]
2026-04-18 12:01:22.747 [info] > git for-each-ref --format=%(refname)%00%(upstream:short)%00%(objectname)%00%(upstream:track)%00%(upstream:remotename)%00%(upstream:remoteref) refs/heads/main refs/remotes/main [18ms]
2026-04-18 12:01:22.751 [warning] [Git][revParse] Unable to read file: ENOENT: no such file or directory, open '/home/surfiks/clock-rs/.git/refs/remotes/origin/main'
2026-04-18 12:01:22.752 [info] > git rev-parse --git-dir --git-common-dir --show-superproject-working-tree [6ms]
2026-04-18 12:01:22.752 [info] > git rev-parse refs/remotes/origin/main [1ms]
2026-04-18 12:01:22.764 [info] [Model][openRepository] Opened repository (path): /home/surfiks/yay
2026-04-18 12:01:22.764 [info] [Model][openRepository] Opened repository (real path): /home/surfiks/yay
2026-04-18 12:01:22.764 [info] [Model][openRepository] Opened repository (kind): repository
2026-04-18 12:01:22.776 [info] > git status -z -uall [20ms]
2026-04-18 12:01:22.776 [info] > git for-each-ref --sort -committerdate --format %(refname)%00%(objectname)%00%(*objectname) [16ms]
2026-04-18 12:01:22.779 [info] > git rev-parse --show-toplevel [6ms]
2026-04-18 12:01:22.779 [info] fatal: not a git repository (or any parent up to mount point /)
Stopping at filesystem boundary (GIT_DISCOVERY_ACROSS_FILESYSTEM not set).
2026-04-18 12:01:22.779 [info] [Model][doInitialScan] Initial repository scan completed - repositories (2), closed repositories (0), parent repositories (0), unsafe repositories (0)
2026-04-18 12:01:22.780 [info] > git config --get commit.template [10ms]
2026-04-18 12:01:22.801 [info] > git for-each-ref --format=%(refname)%00%(upstream:short)%00%(objectname)%00%(upstream:track)%00%(upstream:remotename)%00%(upstream:remoteref) refs/heads/main refs/remotes/main [8ms]
2026-04-18 12:01:22.810 [info] > git config --get --local branch.main.vscode-merge-base [5ms]
2026-04-18 12:01:22.812 [info] > git config --get commit.template [12ms]
2026-04-18 12:01:22.837 [info] > git for-each-ref --format=%(refname)%00%(upstream:short)%00%(objectname)%00%(upstream:track)%00%(upstream:remotename)%00%(upstream:remoteref) refs/heads/origin/main refs/remotes/origin/main [25ms]
2026-04-18 12:01:22.841 [info] > git for-each-ref --format=%(refname)%00%(upstream:short)%00%(objectname)%00%(upstream:track)%00%(upstream:remotename)%00%(upstream:remoteref) refs/heads/master refs/remotes/master [31ms]
2026-04-18 12:01:22.847 [warning] [Git][revParse] Unable to read file: ENOENT: no such file or directory, open '/home/surfiks/yay/.git/refs/remotes/origin/master'
2026-04-18 12:01:22.847 [info] > git merge-base refs/heads/main refs/remotes/origin/main [7ms]
2026-04-18 12:01:22.853 [info] > git diff --raw --numstat --diff-filter=ADMR -z --find-renames=50% eb23ae0de642211fa8b0bc49d30661ceeb6d17e7...refs/remotes/origin/main -- [2ms]
2026-04-18 12:01:22.853 [info] > git rev-parse refs/remotes/origin/master [6ms]
2026-04-18 12:01:22.858 [info] > git for-each-ref --format=%(refname)%00%(upstream:short)%00%(objectname)%00%(upstream:track)%00%(upstream:remotename)%00%(upstream:remoteref) refs/heads/main refs/remotes/main [13ms]
2026-04-18 12:01:22.860 [warning] [Git][revParse] Unable to read file: ENOENT: no such file or directory, open '/home/surfiks/clock-rs/.git/refs/remotes/origin/main'
2026-04-18 12:01:22.860 [info] > git status -z -uall [4ms]
2026-04-18 12:01:22.861 [info] > git rev-parse refs/remotes/origin/main [1ms]
2026-04-18 12:01:22.865 [info] > git for-each-ref --sort -committerdate --format %(refname)%00%(objectname)%00%(*objectname) [7ms]
2026-04-18 12:01:22.879 [info] > git status -z -uall [16ms]
2026-04-18 12:01:22.879 [info] > git for-each-ref --format=%(refname)%00%(upstream:short)%00%(objectname)%00%(upstream:track)%00%(upstream:remotename)%00%(upstream:remoteref) refs/heads/master refs/remotes/master [4ms]
2026-04-18 12:01:22.881 [info] > git for-each-ref --sort -committerdate --format %(refname)%00%(objectname)%00%(*objectname) [16ms]
2026-04-18 12:01:22.887 [info] > git config --get --local branch.master.vscode-merge-base [6ms]
2026-04-18 12:01:22.891 [info] > git config --get commit.template [12ms]
2026-04-18 12:01:22.892 [info] > git for-each-ref --format=%(refname)%00%(upstream:short)%00%(objectname)%00%(upstream:track)%00%(upstream:remotename)%00%(upstream:remoteref) refs/heads/origin/master refs/remotes/origin/master [1ms]
2026-04-18 12:01:22.897 [info] > git merge-base refs/heads/master refs/remotes/origin/master [2ms]
2026-04-18 12:01:22.900 [info] > git for-each-ref --format=%(refname)%00%(upstream:short)%00%(objectname)%00%(upstream:track)%00%(upstream:remotename)%00%(upstream:remoteref) refs/heads/master refs/remotes/master [3ms]
2026-04-18 12:01:22.904 [warning] [Git][revParse] Unable to read file: ENOENT: no such file or directory, open '/home/surfiks/yay/.git/refs/remotes/origin/master'
2026-04-18 12:01:22.904 [info] > git diff --raw --numstat --diff-filter=ADMR -z --find-renames=50% 1a092538ebdfa373ddb641ab1fe564a2ed62877d...refs/remotes/origin/master -- [5ms]
2026-04-18 12:01:22.905 [info] > git rev-parse refs/remotes/origin/master [1ms]
2026-04-18 12:01:22.909 [info] > git status -z -uall [2ms]
2026-04-18 12:01:22.910 [info] > git for-each-ref --sort -committerdate --format %(refname)%00%(objectname)%00%(*objectname) [1ms]
2026-04-18 12:01:23.317 [info] > git check-ignore -v -z --stdin [12ms]
2026-04-18 12:01:23.318 [info] > git check-ignore -v -z --stdin [3ms]
2026-04-18 12:02:30.967 [info] > git rev-parse --show-toplevel [2ms]
2026-04-18 12:02:30.967 [info] fatal: not a git repository (or any parent up to mount point /)
Stopping at filesystem boundary (GIT_DISCOVERY_ACROSS_FILESYSTEM not set).
2026-04-18 12:02:33.003 [info] > git rev-parse --show-toplevel [1ms]
2026-04-18 12:02:33.003 [info] fatal: not a git repository (or any parent up to mount point /)
Stopping at filesystem boundary (GIT_DISCOVERY_ACROSS_FILESYSTEM not set).
2026-04-18 12:02:34.465 [info] > git rev-parse --show-toplevel [2ms]
2026-04-18 12:02:34.465 [info] fatal: not a git repository (or any parent up to mount point /)
Stopping at filesystem boundary (GIT_DISCOVERY_ACROSS_FILESYSTEM not set).
2026-04-18 12:02:37.345 [info] > git rev-parse --show-toplevel [6ms]
2026-04-18 12:02:37.345 [info] fatal: not a git repository (or any parent up to mount point /)
Stopping at filesystem boundary (GIT_DISCOVERY_ACROSS_FILESYSTEM not set).
2026-04-18 12:02:39.819 [info] > git rev-parse --show-toplevel [1ms]
2026-04-18 12:02:39.819 [info] fatal: not a git repository (or any parent up to mount point /)
Stopping at filesystem boundary (GIT_DISCOVERY_ACROSS_FILESYSTEM not set).
2026-04-18 12:11:02.560 [info] > git rev-parse --show-toplevel [2ms]
2026-04-18 12:11:02.561 [info] fatal: not a git repository (or any parent up to mount point /)
Stopping at filesystem boundary (GIT_DISCOVERY_ACROSS_FILESYSTEM not set).
2026-04-18 12:12:16.977 [info] > git rev-parse --show-toplevel [1ms]
2026-04-18 12:12:16.977 [info] fatal: not a git repository (or any parent up to mount point /)
Stopping at filesystem boundary (GIT_DISCOVERY_ACROSS_FILESYSTEM not set).
2026-04-18 12:14:56.534 [info] > git rev-parse --show-toplevel [2ms]
2026-04-18 12:14:56.534 [info] fatal: not a git repository (or any parent up to mount point /)
Stopping at filesystem boundary (GIT_DISCOVERY_ACROSS_FILESYSTEM not set).
2026-04-18 12:15:03.612 [info] > git rev-parse --show-toplevel [2ms]
2026-04-18 12:15:03.614 [info] fatal: not a git repository (or any parent up to mount point /)
Stopping at filesystem boundary (GIT_DISCOVERY_ACROSS_FILESYSTEM not set).
2026-04-18 12:16:00.960 [info] > git rev-parse --show-toplevel [1ms]
2026-04-18 12:16:00.960 [info] fatal: not a git repository (or any parent up to mount point /)
Stopping at filesystem boundary (GIT_DISCOVERY_ACROSS_FILESYSTEM not set).
2026-04-18 12:16:39.158 [info] > git rev-parse --show-toplevel [0ms]
2026-04-18 12:16:39.158 [info] fatal: not a git repository (or any parent up to mount point /)
Stopping at filesystem boundary (GIT_DISCOVERY_ACROSS_FILESYSTEM not set).
2026-04-18 12:20:22.848 [info] > git rev-parse --show-toplevel [3ms]
2026-04-18 12:20:22.849 [info] fatal: not a git repository (or any parent up to mount point /)
Stopping at filesystem boundary (GIT_DISCOVERY_ACROSS_FILESYSTEM not set).
2026-04-18 12:20:29.103 [info] > git rev-parse --show-toplevel [1ms]
2026-04-18 12:20:29.103 [info] fatal: not a git repository (or any parent up to mount point /)
Stopping at filesystem boundary (GIT_DISCOVERY_ACROSS_FILESYSTEM not set).
2026-04-18 12:21:00.507 [info] > git rev-parse --show-toplevel [1ms]
2026-04-18 12:21:00.507 [info] fatal: not a git repository (or any parent up to mount point /)
Stopping at filesystem boundary (GIT_DISCOVERY_ACROSS_FILESYSTEM not set).
2026-04-18 12:21:02.189 [info] > git rev-parse --show-toplevel [1ms]
2026-04-18 12:21:02.189 [info] fatal: not a git repository (or any parent up to mount point /)
Stopping at filesystem boundary (GIT_DISCOVERY_ACROSS_FILESYSTEM not set).
2026-04-18 12:21:04.621 [info] > git rev-parse --show-toplevel [1ms]
2026-04-18 12:21:04.622 [info] fatal: not a git repository (or any parent up to mount point /)
Stopping at filesystem boundary (GIT_DISCOVERY_ACROSS_FILESYSTEM not set).
2026-04-18 12:21:07.503 [info] > git rev-parse --show-toplevel [1ms]
2026-04-18 12:21:07.503 [info] fatal: not a git repository (or any parent up to mount point /)
Stopping at filesystem boundary (GIT_DISCOVERY_ACROSS_FILESYSTEM not set).
2026-04-18 12:21:09.662 [info] > git rev-parse --show-toplevel [2ms]
2026-04-18 12:21:09.662 [info] fatal: not a git repository (or any parent up to mount point /)
Stopping at filesystem boundary (GIT_DISCOVERY_ACROSS_FILESYSTEM not set).
2026-04-18 12:21:12.196 [info] > git rev-parse --show-toplevel [1ms]
2026-04-18 12:21:12.196 [info] fatal: not a git repository (or any parent up to mount point /)
Stopping at filesystem boundary (GIT_DISCOVERY_ACROSS_FILESYSTEM not set).
2026-04-18 12:21:12.595 [info] > git rev-parse --show-toplevel [3ms]
2026-04-18 12:21:12.595 [info] fatal: not a git repository (or any parent up to mount point /)
Stopping at filesystem boundary (GIT_DISCOVERY_ACROSS_FILESYSTEM not set).
2026-04-18 12:21:12.893 [info] > git rev-parse --show-toplevel [1ms]
2026-04-18 12:21:12.894 [info] fatal: not a git repository (or any parent up to mount point /)
Stopping at filesystem boundary (GIT_DISCOVERY_ACROSS_FILESYSTEM not set).
2026-04-18 12:21:13.260 [info] > git rev-parse --show-toplevel [1ms]
2026-04-18 12:21:13.260 [info] fatal: not a git repository (or any parent up to mount point /)
Stopping at filesystem boundary (GIT_DISCOVERY_ACROSS_FILESYSTEM not set).
2026-04-18 12:21:20.882 [info] > git rev-parse --show-toplevel [4ms]
2026-04-18 12:21:20.883 [info] fatal: not a git repository (or any parent up to mount point /)
Stopping at filesystem boundary (GIT_DISCOVERY_ACROSS_FILESYSTEM not set).
2026-04-18 12:21:23.762 [info] > git rev-parse --show-toplevel [1ms]
2026-04-18 12:21:23.762 [info] fatal: not a git repository (or any parent up to mount point /)
Stopping at filesystem boundary (GIT_DISCOVERY_ACROSS_FILESYSTEM not set).
2026-04-18 12:21:26.170 [info] > git rev-parse --show-toplevel [2ms]
2026-04-18 12:21:26.170 [info] fatal: not a git repository (or any parent up to mount point /)
Stopping at filesystem boundary (GIT_DISCOVERY_ACROSS_FILESYSTEM not set).
2026-04-18 12:21:46.810 [info] > git rev-parse --show-toplevel [2ms]
2026-04-18 12:21:46.810 [info] fatal: not a git repository (or any parent up to mount point /)
Stopping at filesystem boundary (GIT_DISCOVERY_ACROSS_FILESYSTEM not set).
2026-04-18 12:22:12.000 [info] > git rev-parse --show-toplevel [1ms]
2026-04-18 12:22:12.000 [info] fatal: not a git repository (or any parent up to mount point /)
Stopping at filesystem boundary (GIT_DISCOVERY_ACROSS_FILESYSTEM not set).
2026-04-18 12:22:15.817 [info] > git rev-parse --show-toplevel [2ms]
2026-04-18 12:22:15.817 [info] fatal: not a git repository (or any parent up to mount point /)
Stopping at filesystem boundary (GIT_DISCOVERY_ACROSS_FILESYSTEM not set).
2026-04-18 12:22:17.186 [info] > git rev-parse --show-toplevel [1ms]
2026-04-18 12:22:17.187 [info] fatal: not a git repository (or any parent up to mount point /)
Stopping at filesystem boundary (GIT_DISCOVERY_ACROSS_FILESYSTEM not set).
2026-04-18 12:22:18.914 [info] > git rev-parse --show-toplevel [1ms]
2026-04-18 12:22:18.914 [info] fatal: not a git repository (or any parent up to mount point /)
Stopping at filesystem boundary (GIT_DISCOVERY_ACROSS_FILESYSTEM not set).
2026-04-18 12:22:26.060 [info] > git rev-parse --show-toplevel [5ms]
2026-04-18 12:22:26.060 [info] fatal: not a git repository (or any parent up to mount point /)
Stopping at filesystem boundary (GIT_DISCOVERY_ACROSS_FILESYSTEM not set).
2026-04-18 12:22:28.052 [info] > git rev-parse --show-toplevel [1ms]
2026-04-18 12:22:28.052 [info] fatal: not a git repository (or any parent up to mount point /)
Stopping at filesystem boundary (GIT_DISCOVERY_ACROSS_FILESYSTEM not set).
2026-04-18 12:22:33.641 [info] > git rev-parse --show-toplevel [1ms]
2026-04-18 12:22:33.643 [info] fatal: not a git repository (or any parent up to mount point /)
Stopping at filesystem boundary (GIT_DISCOVERY_ACROSS_FILESYSTEM not set).
2026-04-18 12:23:00.317 [info] > git rev-parse --show-toplevel [1ms]
2026-04-18 12:23:00.317 [info] fatal: not a git repository (or any parent up to mount point /)
Stopping at filesystem boundary (GIT_DISCOVERY_ACROSS_FILESYSTEM not set).
2026-04-18 12:23:09.522 [info] > git rev-parse --show-toplevel [0ms]
2026-04-18 12:23:09.523 [info] fatal: not a git repository (or any parent up to mount point /)
Stopping at filesystem boundary (GIT_DISCOVERY_ACROSS_FILESYSTEM not set).
2026-04-18 12:23:24.791 [info] > git rev-parse --show-toplevel [2ms]
2026-04-18 12:23:24.791 [info] fatal: not a git repository (or any parent up to mount point /)
Stopping at filesystem boundary (GIT_DISCOVERY_ACROSS_FILESYSTEM not set).
2026-04-18 12:23:26.910 [info] > git rev-parse --show-toplevel [1ms]
2026-04-18 12:23:26.910 [info] fatal: not a git repository (or any parent up to mount point /)
Stopping at filesystem boundary (GIT_DISCOVERY_ACROSS_FILESYSTEM not set).
2026-04-18 12:23:41.338 [info] > git rev-parse --show-toplevel [1ms]
2026-04-18 12:23:41.338 [info] fatal: not a git repository (or any parent up to mount point /)
Stopping at filesystem boundary (GIT_DISCOVERY_ACROSS_FILESYSTEM not set).
2026-04-18 12:23:46.284 [info] > git rev-parse --show-toplevel [2ms]
2026-04-18 12:23:46.284 [info] fatal: not a git repository (or any parent up to mount point /)
Stopping at filesystem boundary (GIT_DISCOVERY_ACROSS_FILESYSTEM not set).
2026-04-18 12:23:47.343 [info] > git rev-parse --show-toplevel [5ms]
2026-04-18 12:23:47.343 [info] fatal: not a git repository (or any parent up to mount point /)
Stopping at filesystem boundary (GIT_DISCOVERY_ACROSS_FILESYSTEM not set).
2026-04-18 12:24:19.577 [info] > git rev-parse --show-toplevel [1ms]
2026-04-18 12:24:19.577 [info] fatal: not a git repository (or any parent up to mount point /)
Stopping at filesystem boundary (GIT_DISCOVERY_ACROSS_FILESYSTEM not set).
2026-04-18 12:24:29.404 [info] > git rev-parse --show-toplevel [1ms]
2026-04-18 12:24:29.404 [info] fatal: not a git repository (or any parent up to mount point /)
Stopping at filesystem boundary (GIT_DISCOVERY_ACROSS_FILESYSTEM not set).
2026-04-18 12:25:12.448 [info] > git rev-parse --show-toplevel [20ms]
2026-04-18 12:25:12.448 [info] fatal: not a git repository (or any parent up to mount point /)
Stopping at filesystem boundary (GIT_DISCOVERY_ACROSS_FILESYSTEM not set).
2026-04-18 12:25:20.072 [info] > git rev-parse --show-toplevel [1ms]
2026-04-18 12:25:20.072 [info] fatal: not a git repository (or any parent up to mount point /)
Stopping at filesystem boundary (GIT_DISCOVERY_ACROSS_FILESYSTEM not set).
2026-04-18 12:26:51.493 [info] > git rev-parse --show-toplevel [1ms]
2026-04-18 12:26:51.494 [info] fatal: not a git repository (or any parent up to mount point /)
Stopping at filesystem boundary (GIT_DISCOVERY_ACROSS_FILESYSTEM not set).
2026-04-18 12:26:53.111 [info] > git rev-parse --show-toplevel [0ms]
2026-04-18 12:26:53.111 [info] fatal: not a git repository (or any parent up to mount point /)
Stopping at filesystem boundary (GIT_DISCOVERY_ACROSS_FILESYSTEM not set).
2026-04-18 12:26:55.568 [info] > git rev-parse --show-toplevel [1ms]
2026-04-18 12:26:55.568 [info] fatal: not a git repository (or any parent up to mount point /)
Stopping at filesystem boundary (GIT_DISCOVERY_ACROSS_FILESYSTEM not set).
2026-04-18 12:26:58.810 [info] > git rev-parse --show-toplevel [1ms]
2026-04-18 12:26:58.810 [info] fatal: not a git repository (or any parent up to mount point /)
Stopping at filesystem boundary (GIT_DISCOVERY_ACROSS_FILESYSTEM not set).
2026-04-18 12:27:03.549 [info] > git rev-parse --show-toplevel [1ms]
2026-04-18 12:27:03.549 [info] fatal: not a git repository (or any parent up to mount point /)
Stopping at filesystem boundary (GIT_DISCOVERY_ACROSS_FILESYSTEM not set).
2026-04-18 12:27:08.604 [info] > git rev-parse --show-toplevel [1ms]
2026-04-18 12:27:08.605 [info] fatal: not a git repository (or any parent up to mount point /)
Stopping at filesystem boundary (GIT_DISCOVERY_ACROSS_FILESYSTEM not set).
2026-04-18 12:27:16.757 [info] > git rev-parse --show-toplevel [2ms]
2026-04-18 12:27:16.757 [info] fatal: not a git repository (or any parent up to mount point /)
Stopping at filesystem boundary (GIT_DISCOVERY_ACROSS_FILESYSTEM not set).
2026-04-18 12:27:37.591 [info] > git rev-parse --show-toplevel [1ms]
2026-04-18 12:27:37.591 [info] fatal: not a git repository (or any parent up to mount point /)
Stopping at filesystem boundary (GIT_DISCOVERY_ACROSS_FILESYSTEM not set).
2026-04-18 12:27:46.031 [info] > git rev-parse --show-toplevel [1ms]
2026-04-18 12:27:46.031 [info] fatal: not a git repository (or any parent up to mount point /)
Stopping at filesystem boundary (GIT_DISCOVERY_ACROSS_FILESYSTEM not set).
