    OpenRGB v0.9+ (1.0rc2)
    Commit:  from 
    Launched: 20260416_180433
====================================================================================================

3     |Info:    [ProfileManager] Found file: c.c.orp attempting to validate header
3     |Info:    [ProfileManager] Valid v5 profile found for c.c
3     |Info:    [ProfileManager] Found file: mahiru.orp attempting to validate header
3     |Info:    [ProfileManager] Valid v5 profile found for mahiru
4     |Info:    [ResourceManager] Initializing HID interfaces: Success
4     |Info:    ------------------------------------------------------
4     |Info:    |               Start device detection               |
4     |Info:    ------------------------------------------------------
10    |Info:    ------------------------------------------------------
10    |Info:    |             Detecting I2C interfaces               |
10    |Info:    ------------------------------------------------------
10    |Info:    [ResourceManager] Registering I2C interface: /dev/i2c-3 Device 0000:0000 Subsystem: 0000:0000
10    |Info:    [ResourceManager] Registering I2C interface: /dev/i2c-10 Device 10DE:2D05 Subsystem: 1458:41B3
10    |Info:    [ResourceManager] Registering I2C interface: /dev/i2c-1 Device 0000:0000 Subsystem: 0000:0000
10    |Info:    [ResourceManager] Registering I2C interface: /dev/i2c-8 Device 10DE:2D05 Subsystem: 1458:41B3
10    |Info:    [ResourceManager] Registering I2C interface: /dev/i2c-6 Device 8086:7AA3 Subsystem: 1458:5001
10    |Info:    [ResourceManager] Registering I2C interface: /dev/i2c-4 Device 0000:0000 Subsystem: 0000:0000
10    |Info:    [ResourceManager] Registering I2C interface: /dev/i2c-2 Device 0000:0000 Subsystem: 0000:0000
10    |Info:    [ResourceManager] Registering I2C interface: /dev/i2c-0 Device 0000:0000 Subsystem: 0000:0000
10    |Info:    [ResourceManager] Registering I2C interface: /dev/i2c-9 Device 10DE:2D05 Subsystem: 1458:41B3
10    |Info:    [ResourceManager] Registering I2C interface: /dev/i2c-7 Device 10DE:2D05 Subsystem: 1458:41B3
10    |Info:    [ResourceManager] Registering I2C interface: /dev/i2c-5 Device 0000:0000 Subsystem: 0000:0000
10    |Info:    ------------------------------------------------------
10    |Info:    |               Detecting I2C devices                |
10    |Info:    ------------------------------------------------------
396   |Info:    ------------------------------------------------------
396   |Info:    |            Detecting I2C DIMM modules              |
396   |Info:    ------------------------------------------------------
397   |Info:    [ResourceManager] Detected occupied slot 1, bus 4, type óúUH‰åSHƒì(H‹–°
398   |Info:    [ResourceManager] Detected occupied slot 3, bus 4, type óúUH‰åSHƒì(H‹–°
398   |Info:    ------------------------------------------------------
398   |Info:    |               Detecting I2C PCI devices            |
398   |Info:    ------------------------------------------------------
401   |Info:    ------------------------------------------------------
401   |Info:    |               Detecting HID devices                |
401   |Info:    ------------------------------------------------------
453   |Info:    [ROYUAN 2.4G Wireless Keyboard] Registering RGB controller
505   |Info:    [ROYUAN Epomaker RT80] Registering RGB controller
505   |Info:    ------------------------------------------------------
505   |Info:    |            Detecting libusb HID devices            |
505   |Info:    ------------------------------------------------------
526   |Info:    ------------------------------------------------------
526   |Info:    |              Detecting other devices               |
526   |Info:    ------------------------------------------------------
537   |Info:    [ResourceManager] Calling Post-detection callbacks
537   |Info:    ------------------------------------------------------
537   |Info:    |                Detection completed                 |
537   |Info:    ------------------------------------------------------
537   |Info:    [ProfileManager] Profile loading: Succeeded for ROYUAN 2.4G Wireless Keyboard @ HID: /dev/hidraw3
537   |Info:    [ProfileManager] Profile loading: Succeeded for ROYUAN Epomaker RT80 @ HID: /dev/hidraw8
