    OpenRGB v0.9+ (1.0rc2)
    Commit:  from 
    Launched: 20260416_162422
====================================================================================================

0     |Info:    [ProfileManager] Found file: c.c.orp attempting to validate header
1     |Info:    [ProfileManager] Valid v5 profile found for c.c
1     |Info:    [ProfileManager] Found file: mahiru.orp attempting to validate header
1     |Info:    [ProfileManager] Valid v5 profile found for mahiru
12    |Info:    [ResourceManager] Initializing HID interfaces: Success
12    |Info:    ------------------------------------------------------
12    |Info:    |               Start device detection               |
12    |Info:    ------------------------------------------------------
20    |Info:    ------------------------------------------------------
20    |Info:    |             Detecting I2C interfaces               |
20    |Info:    ------------------------------------------------------
20    |Info:    [ResourceManager] Registering I2C interface: /dev/i2c-3 Device 0000:0000 Subsystem: 0000:0000
20    |Info:    [ResourceManager] Registering I2C interface: /dev/i2c-1 Device 0000:0000 Subsystem: 0000:0000
20    |Info:    [ResourceManager] Registering I2C interface: /dev/i2c-6 Device 8086:7AA3 Subsystem: 1458:5001
20    |Info:    [ResourceManager] Registering I2C interface: /dev/i2c-4 Device 0000:0000 Subsystem: 0000:0000
21    |Info:    [ResourceManager] Registering I2C interface: /dev/i2c-2 Device 0000:0000 Subsystem: 0000:0000
21    |Info:    [ResourceManager] Registering I2C interface: /dev/i2c-0 Device 0000:0000 Subsystem: 0000:0000
21    |Info:    [ResourceManager] Registering I2C interface: /dev/i2c-5 Device 0000:0000 Subsystem: 0000:0000
21    |Info:    ------------------------------------------------------
21    |Info:    |               Detecting I2C devices                |
21    |Info:    ------------------------------------------------------
428   |Info:    ------------------------------------------------------
428   |Info:    |            Detecting I2C DIMM modules              |
428   |Info:    ------------------------------------------------------
530   |Info:    [ResourceManager] Detected occupied slot 1, bus 2, type Key: Number Pad .
623   |Info:    [ResourceManager] Detected occupied slot 3, bus 2, type Key: Number Pad .
623   |Info:    ------------------------------------------------------
623   |Info:    |               Detecting I2C PCI devices            |
623   |Info:    ------------------------------------------------------
625   |Info:    ------------------------------------------------------
625   |Info:    |               Detecting HID devices                |
625   |Info:    ------------------------------------------------------
676   |Info:    [ROYUAN 2.4G Wireless Keyboard] Registering RGB controller
730   |Info:    [ROYUAN Epomaker RT80] Registering RGB controller
730   |Info:    ------------------------------------------------------
730   |Info:    |            Detecting libusb HID devices            |
730   |Info:    ------------------------------------------------------
755   |Info:    ------------------------------------------------------
755   |Info:    |              Detecting other devices               |
755   |Info:    ------------------------------------------------------
781   |Info:    [ResourceManager] Calling Post-detection callbacks
781   |Info:    ------------------------------------------------------
781   |Info:    |                Detection completed                 |
781   |Info:    ------------------------------------------------------
782   |Info:    [ProfileManager] Profile loading: Succeeded for ROYUAN 2.4G Wireless Keyboard @ HID: /dev/hidraw3
782   |Info:    [ProfileManager] Profile loading: Succeeded for ROYUAN Epomaker RT80 @ HID: /dev/hidraw8
