    OpenRGB v0.9+ (1.0rc2)
    Commit:  from 
    Launched: 20260418_162512
====================================================================================================

0     |Info:    [ProfileManager] Found file: c.c.orp attempting to validate header
0     |Info:    [ProfileManager] Valid v5 profile found for c.c
0     |Info:    [ProfileManager] Found file: mahiru.orp attempting to validate header
0     |Info:    [ProfileManager] Valid v5 profile found for mahiru
1     |Info:    [ResourceManager] Initializing HID interfaces: Success
2     |Info:    ------------------------------------------------------
2     |Info:    |               Start device detection               |
2     |Info:    ------------------------------------------------------
7     |Info:    ------------------------------------------------------
7     |Info:    |             Detecting I2C interfaces               |
7     |Info:    ------------------------------------------------------
7     |Info:    [ResourceManager] Registering I2C interface: /dev/i2c-3 Device 0000:0000 Subsystem: 0000:0000
7     |Info:    [ResourceManager] Registering I2C interface: /dev/i2c-10 Device 10DE:2D05 Subsystem: 1458:41B3
7     |Info:    [ResourceManager] Registering I2C interface: /dev/i2c-1 Device 0000:0000 Subsystem: 0000:0000
7     |Info:    [ResourceManager] Registering I2C interface: /dev/i2c-8 Device 10DE:2D05 Subsystem: 1458:41B3
7     |Info:    [ResourceManager] Registering I2C interface: /dev/i2c-6 Device 8086:7AA3 Subsystem: 1458:5001
7     |Info:    [ResourceManager] Registering I2C interface: /dev/i2c-4 Device 0000:0000 Subsystem: 0000:0000
7     |Info:    [ResourceManager] Registering I2C interface: /dev/i2c-2 Device 0000:0000 Subsystem: 0000:0000
7     |Info:    [ResourceManager] Registering I2C interface: /dev/i2c-0 Device 0000:0000 Subsystem: 0000:0000
7     |Info:    [ResourceManager] Registering I2C interface: /dev/i2c-9 Device 10DE:2D05 Subsystem: 1458:41B3
7     |Info:    [ResourceManager] Registering I2C interface: /dev/i2c-7 Device 10DE:2D05 Subsystem: 1458:41B3
7     |Info:    [ResourceManager] Registering I2C interface: /dev/i2c-5 Device 0000:0000 Subsystem: 0000:0000
7     |Info:    ------------------------------------------------------
7     |Info:    |               Detecting I2C devices                |
7     |Info:    ------------------------------------------------------
395   |Info:    ------------------------------------------------------
395   |Info:    |            Detecting I2C DIMM modules              |
395   |Info:    ------------------------------------------------------
396   |Info:    [ResourceManager] Detected occupied slot 1, bus 4, type Reserved
401   |Info:    [ResourceManager] Detected occupied slot 3, bus 4, type Reserved
421   |Info:    ------------------------------------------------------
421   |Info:    |               Detecting I2C PCI devices            |
421   |Info:    ------------------------------------------------------
424   |Info:    ------------------------------------------------------
424   |Info:    |               Detecting HID devices                |
424   |Info:    ------------------------------------------------------
477   |Info:    [ROYUAN 2.4G Wireless Keyboard] Registering RGB controller
529   |Info:    [ROYUAN Epomaker RT80] Registering RGB controller
529   |Info:    ------------------------------------------------------
529   |Info:    |            Detecting libusb HID devices            |
529   |Info:    ------------------------------------------------------
550   |Info:    ------------------------------------------------------
550   |Info:    |              Detecting other devices               |
550   |Info:    ------------------------------------------------------
562   |Info:    [ResourceManager] Calling Post-detection callbacks
562   |Info:    ------------------------------------------------------
562   |Info:    |                Detection completed                 |
562   |Info:    ------------------------------------------------------
562   |Info:    [ProfileManager] Profile loading: Succeeded for ROYUAN 2.4G Wireless Keyboard @ HID: /dev/hidraw3
562   |Info:    [ProfileManager] Profile loading: Succeeded for ROYUAN Epomaker RT80 @ HID: /dev/hidraw8
