    OpenRGB v0.9+ (1.0rc2)
    Commit:  from 
    Launched: 20260419_194722
====================================================================================================

0     |Info:    [ProfileManager] Found file: c.c.orp attempting to validate header
0     |Info:    [ProfileManager] Valid v5 profile found for c.c
0     |Info:    [ProfileManager] Found file: mahiru.orp attempting to validate header
0     |Info:    [ProfileManager] Valid v5 profile found for mahiru
2     |Info:    [ResourceManager] Initializing HID interfaces: Success
2     |Info:    ------------------------------------------------------
2     |Info:    |               Start device detection               |
2     |Info:    ------------------------------------------------------
18    |Info:    ------------------------------------------------------
18    |Info:    |             Detecting I2C interfaces               |
18    |Info:    ------------------------------------------------------
19    |Info:    [ResourceManager] Registering I2C interface: /dev/i2c-3 Device 0000:0000 Subsystem: 0000:0000
19    |Info:    [ResourceManager] Registering I2C interface: /dev/i2c-10 Device 10DE:2D05 Subsystem: 1458:41B3
19    |Info:    [ResourceManager] Registering I2C interface: /dev/i2c-1 Device 0000:0000 Subsystem: 0000:0000
19    |Info:    [ResourceManager] Registering I2C interface: /dev/i2c-8 Device 10DE:2D05 Subsystem: 1458:41B3
19    |Info:    [ResourceManager] Registering I2C interface: /dev/i2c-6 Device 8086:7AA3 Subsystem: 1458:5001
19    |Info:    [ResourceManager] Registering I2C interface: /dev/i2c-4 Device 0000:0000 Subsystem: 0000:0000
19    |Info:    [ResourceManager] Registering I2C interface: /dev/i2c-2 Device 0000:0000 Subsystem: 0000:0000
19    |Info:    [ResourceManager] Registering I2C interface: /dev/i2c-0 Device 0000:0000 Subsystem: 0000:0000
19    |Info:    [ResourceManager] Registering I2C interface: /dev/i2c-9 Device 10DE:2D05 Subsystem: 1458:41B3
19    |Info:    [ResourceManager] Registering I2C interface: /dev/i2c-7 Device 10DE:2D05 Subsystem: 1458:41B3
19    |Info:    [ResourceManager] Registering I2C interface: /dev/i2c-5 Device 0000:0000 Subsystem: 0000:0000
19    |Info:    ------------------------------------------------------
19    |Info:    |               Detecting I2C devices                |
19    |Info:    ------------------------------------------------------
499   |Info:    ------------------------------------------------------
499   |Info:    |            Detecting I2C DIMM modules              |
499   |Info:    ------------------------------------------------------
500   |Info:    [ResourceManager] Detected occupied slot 1, bus 4, type Reserved
505   |Info:    [ResourceManager] Detected occupied slot 3, bus 4, type Reserved
525   |Info:    ------------------------------------------------------
525   |Info:    |               Detecting I2C PCI devices            |
525   |Info:    ------------------------------------------------------
526   |Info:    ------------------------------------------------------
526   |Info:    |               Detecting HID devices                |
526   |Info:    ------------------------------------------------------
578   |Info:    [ROYUAN 2.4G Wireless Keyboard] Registering RGB controller
630   |Info:    [ROYUAN Epomaker RT80] Registering RGB controller
630   |Info:    ------------------------------------------------------
630   |Info:    |            Detecting libusb HID devices            |
630   |Info:    ------------------------------------------------------
643   |Info:    ------------------------------------------------------
643   |Info:    |              Detecting other devices               |
643   |Info:    ------------------------------------------------------
664   |Info:    [ResourceManager] Calling Post-detection callbacks
664   |Info:    ------------------------------------------------------
664   |Info:    |                Detection completed                 |
664   |Info:    ------------------------------------------------------
664   |Info:    [ProfileManager] Profile loading: Succeeded for ROYUAN 2.4G Wireless Keyboard @ HID: /dev/hidraw3
664   |Info:    [ProfileManager] Profile loading: Succeeded for ROYUAN Epomaker RT80 @ HID: /dev/hidraw8
