    OpenRGB v0.9+ (1.0rc2)
    Commit:  from 
    Launched: 20260419_194718
====================================================================================================

0     |Info:    [ProfileManager] Found file: c.c.orp attempting to validate header
0     |Info:    [ProfileManager] Valid v5 profile found for c.c
0     |Info:    [ProfileManager] Found file: mahiru.orp attempting to validate header
0     |Info:    [ProfileManager] Valid v5 profile found for mahiru
3     |Info:    [ResourceManager] Initializing HID interfaces: Success
3     |Info:    ------------------------------------------------------
3     |Info:    |               Start device detection               |
3     |Info:    ------------------------------------------------------
35    |Info:    ------------------------------------------------------
35    |Info:    |             Detecting I2C interfaces               |
35    |Info:    ------------------------------------------------------
35    |Info:    [ResourceManager] Registering I2C interface: /dev/i2c-3 Device 0000:0000 Subsystem: 0000:0000
35    |Info:    [ResourceManager] Registering I2C interface: /dev/i2c-10 Device 10DE:2D05 Subsystem: 1458:41B3
35    |Info:    [ResourceManager] Registering I2C interface: /dev/i2c-1 Device 0000:0000 Subsystem: 0000:0000
35    |Info:    [ResourceManager] Registering I2C interface: /dev/i2c-8 Device 10DE:2D05 Subsystem: 1458:41B3
35    |Info:    [ResourceManager] Registering I2C interface: /dev/i2c-6 Device 8086:7AA3 Subsystem: 1458:5001
35    |Info:    [ResourceManager] Registering I2C interface: /dev/i2c-4 Device 0000:0000 Subsystem: 0000:0000
36    |Info:    [ResourceManager] Registering I2C interface: /dev/i2c-2 Device 0000:0000 Subsystem: 0000:0000
36    |Info:    [ResourceManager] Registering I2C interface: /dev/i2c-0 Device 0000:0000 Subsystem: 0000:0000
36    |Info:    [ResourceManager] Registering I2C interface: /dev/i2c-9 Device 10DE:2D05 Subsystem: 1458:41B3
36    |Info:    [ResourceManager] Registering I2C interface: /dev/i2c-7 Device 10DE:2D05 Subsystem: 1458:41B3
36    |Info:    [ResourceManager] Registering I2C interface: /dev/i2c-5 Device 0000:0000 Subsystem: 0000:0000
36    |Info:    ------------------------------------------------------
36    |Info:    |               Detecting I2C devices                |
36    |Info:    ------------------------------------------------------
457   |Info:    ------------------------------------------------------
457   |Info:    |            Detecting I2C DIMM modules              |
457   |Info:    ------------------------------------------------------
458   |Info:    [ResourceManager] Detected occupied slot 1, bus 4, type Reserved
463   |Info:    [ResourceManager] Detected occupied slot 3, bus 4, type Reserved
483   |Info:    ------------------------------------------------------
483   |Info:    |               Detecting I2C PCI devices            |
483   |Info:    ------------------------------------------------------
484   |Info:    ------------------------------------------------------
484   |Info:    |               Detecting HID devices                |
484   |Info:    ------------------------------------------------------
536   |Info:    [ROYUAN 2.4G Wireless Keyboard] Registering RGB controller
589   |Info:    [ROYUAN Epomaker RT80] Registering RGB controller
589   |Info:    ------------------------------------------------------
589   |Info:    |            Detecting libusb HID devices            |
589   |Info:    ------------------------------------------------------
604   |Info:    ------------------------------------------------------
604   |Info:    |              Detecting other devices               |
604   |Info:    ------------------------------------------------------
631   |Info:    [ResourceManager] Calling Post-detection callbacks
631   |Info:    ------------------------------------------------------
631   |Info:    |                Detection completed                 |
631   |Info:    ------------------------------------------------------
631   |Info:    [ProfileManager] Profile loading: Succeeded for ROYUAN 2.4G Wireless Keyboard @ HID: /dev/hidraw3
631   |Info:    [ProfileManager] Profile loading: Succeeded for ROYUAN Epomaker RT80 @ HID: /dev/hidraw8
