    OpenRGB v0.9+ (1.0rc2)
    Commit:  from 
    Launched: 20260419_194819
====================================================================================================

0     |Info:    [ProfileManager] Found file: c.c.orp attempting to validate header
0     |Info:    [ProfileManager] Valid v5 profile found for c.c
0     |Info:    [ProfileManager] Found file: mahiru.orp attempting to validate header
0     |Info:    [ProfileManager] Valid v5 profile found for mahiru
2     |Info:    [ResourceManager] Initializing HID interfaces: Success
2     |Info:    ------------------------------------------------------
3     |Info:    |               Start device detection               |
3     |Info:    ------------------------------------------------------
27    |Info:    ------------------------------------------------------
27    |Info:    |             Detecting I2C interfaces               |
27    |Info:    ------------------------------------------------------
27    |Info:    [ResourceManager] Registering I2C interface: /dev/i2c-3 Device 0000:0000 Subsystem: 0000:0000
27    |Info:    [ResourceManager] Registering I2C interface: /dev/i2c-10 Device 10DE:2D05 Subsystem: 1458:41B3
27    |Info:    [ResourceManager] Registering I2C interface: /dev/i2c-1 Device 0000:0000 Subsystem: 0000:0000
27    |Info:    [ResourceManager] Registering I2C interface: /dev/i2c-8 Device 10DE:2D05 Subsystem: 1458:41B3
27    |Info:    [ResourceManager] Registering I2C interface: /dev/i2c-6 Device 8086:7AA3 Subsystem: 1458:5001
27    |Info:    [ResourceManager] Registering I2C interface: /dev/i2c-4 Device 0000:0000 Subsystem: 0000:0000
28    |Info:    [ResourceManager] Registering I2C interface: /dev/i2c-2 Device 0000:0000 Subsystem: 0000:0000
28    |Info:    [ResourceManager] Registering I2C interface: /dev/i2c-0 Device 0000:0000 Subsystem: 0000:0000
28    |Info:    [ResourceManager] Registering I2C interface: /dev/i2c-9 Device 10DE:2D05 Subsystem: 1458:41B3
28    |Info:    [ResourceManager] Registering I2C interface: /dev/i2c-7 Device 10DE:2D05 Subsystem: 1458:41B3
28    |Info:    [ResourceManager] Registering I2C interface: /dev/i2c-5 Device 0000:0000 Subsystem: 0000:0000
28    |Info:    ------------------------------------------------------
28    |Info:    |               Detecting I2C devices                |
28    |Info:    ------------------------------------------------------
434   |Info:    ------------------------------------------------------
434   |Info:    |            Detecting I2C DIMM modules              |
434   |Info:    ------------------------------------------------------
435   |Info:    [ResourceManager] Detected occupied slot 1, bus 4, type Reserved
441   |Info:    [ResourceManager] Detected occupied slot 3, bus 4, type Reserved
462   |Info:    ------------------------------------------------------
462   |Info:    |               Detecting I2C PCI devices            |
462   |Info:    ------------------------------------------------------
463   |Info:    ------------------------------------------------------
463   |Info:    |               Detecting HID devices                |
463   |Info:    ------------------------------------------------------
515   |Info:    [ROYUAN 2.4G Wireless Keyboard] Registering RGB controller
567   |Info:    [ROYUAN Epomaker RT80] Registering RGB controller
567   |Info:    ------------------------------------------------------
567   |Info:    |            Detecting libusb HID devices            |
567   |Info:    ------------------------------------------------------
582   |Info:    ------------------------------------------------------
582   |Info:    |              Detecting other devices               |
582   |Info:    ------------------------------------------------------
603   |Info:    [ResourceManager] Calling Post-detection callbacks
603   |Info:    ------------------------------------------------------
603   |Info:    |                Detection completed                 |
603   |Info:    ------------------------------------------------------
603   |Info:    [ProfileManager] Profile loading: Succeeded for ROYUAN 2.4G Wireless Keyboard @ HID: /dev/hidraw3
603   |Info:    [ProfileManager] Profile loading: Succeeded for ROYUAN Epomaker RT80 @ HID: /dev/hidraw8
