    OpenRGB v0.9+ (1.0rc2)
    Commit:  from 
    Launched: 20260418_123408
====================================================================================================

0     |Info:    [ProfileManager] Found file: c.c.orp attempting to validate header
0     |Info:    [ProfileManager] Valid v5 profile found for c.c
0     |Info:    [ProfileManager] Found file: mahiru.orp attempting to validate header
0     |Info:    [ProfileManager] Valid v5 profile found for mahiru
3     |Info:    [ResourceManager] Initializing HID interfaces: Success
3     |Info:    ------------------------------------------------------
3     |Info:    |               Start device detection               |
3     |Info:    ------------------------------------------------------
25    |Info:    ------------------------------------------------------
25    |Info:    |             Detecting I2C interfaces               |
25    |Info:    ------------------------------------------------------
25    |Info:    [ResourceManager] Registering I2C interface: /dev/i2c-3 Device 0000:0000 Subsystem: 0000:0000
25    |Info:    [ResourceManager] Registering I2C interface: /dev/i2c-10 Device 10DE:2D05 Subsystem: 1458:41B3
25    |Info:    [ResourceManager] Registering I2C interface: /dev/i2c-1 Device 0000:0000 Subsystem: 0000:0000
26    |Info:    [ResourceManager] Registering I2C interface: /dev/i2c-8 Device 10DE:2D05 Subsystem: 1458:41B3
26    |Info:    [ResourceManager] Registering I2C interface: /dev/i2c-6 Device 8086:7AA3 Subsystem: 1458:5001
26    |Info:    [ResourceManager] Registering I2C interface: /dev/i2c-4 Device 0000:0000 Subsystem: 0000:0000
26    |Info:    [ResourceManager] Registering I2C interface: /dev/i2c-2 Device 0000:0000 Subsystem: 0000:0000
26    |Info:    [ResourceManager] Registering I2C interface: /dev/i2c-0 Device 0000:0000 Subsystem: 0000:0000
26    |Info:    [ResourceManager] Registering I2C interface: /dev/i2c-9 Device 10DE:2D05 Subsystem: 1458:41B3
27    |Info:    [ResourceManager] Registering I2C interface: /dev/i2c-7 Device 10DE:2D05 Subsystem: 1458:41B3
27    |Info:    [ResourceManager] Registering I2C interface: /dev/i2c-5 Device 0000:0000 Subsystem: 0000:0000
27    |Info:    ------------------------------------------------------
27    |Info:    |               Detecting I2C devices                |
27    |Info:    ------------------------------------------------------
428   |Info:    ------------------------------------------------------
428   |Info:    |            Detecting I2C DIMM modules              |
428   |Info:    ------------------------------------------------------
429   |Info:    [ResourceManager] Detected occupied slot 1, bus 4, type Key: F6
430   |Info:    [ResourceManager] Detected occupied slot 3, bus 4, type Key: F6
430   |Info:    ------------------------------------------------------
430   |Info:    |               Detecting I2C PCI devices            |
430   |Info:    ------------------------------------------------------
431   |Info:    ------------------------------------------------------
431   |Info:    |               Detecting HID devices                |
431   |Info:    ------------------------------------------------------
432   |Info:    [ROYUAN 2.4G Wireless Keyboard] Registering RGB controller
439   |Info:    [ROYUAN Epomaker RT80] Registering RGB controller
439   |Info:    ------------------------------------------------------
439   |Info:    |            Detecting libusb HID devices            |
439   |Info:    ------------------------------------------------------
468   |Info:    ------------------------------------------------------
468   |Info:    |              Detecting other devices               |
468   |Info:    ------------------------------------------------------
500   |Info:    [ResourceManager] Calling Post-detection callbacks
500   |Info:    ------------------------------------------------------
500   |Info:    |                Detection completed                 |
500   |Info:    ------------------------------------------------------
503   |Info:    [ProfileManager] Profile loading: Succeeded for ROYUAN 2.4G Wireless Keyboard @ HID: /dev/hidraw3
503   |Info:    [ProfileManager] Profile loading: Succeeded for ROYUAN Epomaker RT80 @ HID: /dev/hidraw8
