    OpenRGB v0.9+ (1.0rc2)
    Commit:  from 
    Launched: 20260421_153918
====================================================================================================

0     |Info:    [ProfileManager] Found file: c.c.orp attempting to validate header
1     |Info:    [ProfileManager] Valid v5 profile found for c.c
1     |Info:    [ProfileManager] Found file: mahiru.orp attempting to validate header
1     |Info:    [ProfileManager] Valid v5 profile found for mahiru
13    |Info:    [ResourceManager] Initializing HID interfaces: Success
13    |Info:    ------------------------------------------------------
13    |Info:    |               Start device detection               |
13    |Info:    ------------------------------------------------------
23    |Info:    ------------------------------------------------------
24    |Info:    |             Detecting I2C interfaces               |
24    |Info:    ------------------------------------------------------
24    |Info:    [ResourceManager] Registering I2C interface: /dev/i2c-3 Device 0000:0000 Subsystem: 0000:0000
24    |Info:    [ResourceManager] Registering I2C interface: /dev/i2c-10 Device 10DE:2D05 Subsystem: 1458:41B3
24    |Info:    [ResourceManager] Registering I2C interface: /dev/i2c-1 Device 0000:0000 Subsystem: 0000:0000
24    |Info:    [ResourceManager] Registering I2C interface: /dev/i2c-8 Device 10DE:2D05 Subsystem: 1458:41B3
24    |Info:    [ResourceManager] Registering I2C interface: /dev/i2c-6 Device 8086:7AA3 Subsystem: 1458:5001
24    |Info:    [ResourceManager] Registering I2C interface: /dev/i2c-4 Device 0000:0000 Subsystem: 0000:0000
24    |Info:    [ResourceManager] Registering I2C interface: /dev/i2c-2 Device 0000:0000 Subsystem: 0000:0000
24    |Info:    [ResourceManager] Registering I2C interface: /dev/i2c-0 Device 0000:0000 Subsystem: 0000:0000
24    |Info:    [ResourceManager] Registering I2C interface: /dev/i2c-9 Device 10DE:2D05 Subsystem: 1458:41B3
24    |Info:    [ResourceManager] Registering I2C interface: /dev/i2c-7 Device 10DE:2D05 Subsystem: 1458:41B3
24    |Info:    [ResourceManager] Registering I2C interface: /dev/i2c-5 Device 0000:0000 Subsystem: 0000:0000
24    |Info:    ------------------------------------------------------
24    |Info:    |               Detecting I2C devices                |
24    |Info:    ------------------------------------------------------
419   |Info:    ------------------------------------------------------
419   |Info:    |            Detecting I2C DIMM modules              |
419   |Info:    ------------------------------------------------------
505   |Info:    [ResourceManager] Detected occupied slot 1, bus 4, type Key: Number Pad .
586   |Info:    [ResourceManager] Detected occupied slot 3, bus 4, type Key: Number Pad .
586   |Info:    ------------------------------------------------------
586   |Info:    |               Detecting I2C PCI devices            |
586   |Info:    ------------------------------------------------------
588   |Info:    ------------------------------------------------------
588   |Info:    |               Detecting HID devices                |
588   |Info:    ------------------------------------------------------
641   |Info:    [ROYUAN 2.4G Wireless Keyboard] Registering RGB controller
695   |Info:    [ROYUAN Epomaker RT80] Registering RGB controller
695   |Info:    ------------------------------------------------------
695   |Info:    |            Detecting libusb HID devices            |
695   |Info:    ------------------------------------------------------
723   |Info:    ------------------------------------------------------
723   |Info:    |              Detecting other devices               |
723   |Info:    ------------------------------------------------------
744   |Info:    [ResourceManager] Calling Post-detection callbacks
744   |Info:    ------------------------------------------------------
744   |Info:    |                Detection completed                 |
744   |Info:    ------------------------------------------------------
745   |Info:    [ProfileManager] Profile loading: Succeeded for ROYUAN 2.4G Wireless Keyboard @ HID: /dev/hidraw3
745   |Info:    [ProfileManager] Profile loading: Succeeded for ROYUAN Epomaker RT80 @ HID: /dev/hidraw11
