    OpenRGB v0.9+ (1.0rc2)
    Commit:  from 
    Launched: 20260418_162712
====================================================================================================

0     |Info:    [ProfileManager] Found file: c.c.orp attempting to validate header
0     |Info:    [ProfileManager] Valid v5 profile found for c.c
0     |Info:    [ProfileManager] Found file: mahiru.orp attempting to validate header
0     |Info:    [ProfileManager] Valid v5 profile found for mahiru
2     |Info:    [ResourceManager] Initializing HID interfaces: Success
2     |Info:    ------------------------------------------------------
2     |Info:    |               Start device detection               |
2     |Info:    ------------------------------------------------------
14    |Info:    ------------------------------------------------------
14    |Info:    |             Detecting I2C interfaces               |
14    |Info:    ------------------------------------------------------
14    |Info:    [ResourceManager] Registering I2C interface: /dev/i2c-3 Device 0000:0000 Subsystem: 0000:0000
14    |Info:    [ResourceManager] Registering I2C interface: /dev/i2c-10 Device 10DE:2D05 Subsystem: 1458:41B3
14    |Info:    [ResourceManager] Registering I2C interface: /dev/i2c-1 Device 0000:0000 Subsystem: 0000:0000
14    |Info:    [ResourceManager] Registering I2C interface: /dev/i2c-8 Device 10DE:2D05 Subsystem: 1458:41B3
14    |Info:    [ResourceManager] Registering I2C interface: /dev/i2c-6 Device 8086:7AA3 Subsystem: 1458:5001
14    |Info:    [ResourceManager] Registering I2C interface: /dev/i2c-4 Device 0000:0000 Subsystem: 0000:0000
14    |Info:    [ResourceManager] Registering I2C interface: /dev/i2c-2 Device 0000:0000 Subsystem: 0000:0000
14    |Info:    [ResourceManager] Registering I2C interface: /dev/i2c-0 Device 0000:0000 Subsystem: 0000:0000
14    |Info:    [ResourceManager] Registering I2C interface: /dev/i2c-9 Device 10DE:2D05 Subsystem: 1458:41B3
14    |Info:    [ResourceManager] Registering I2C interface: /dev/i2c-7 Device 10DE:2D05 Subsystem: 1458:41B3
14    |Info:    [ResourceManager] Registering I2C interface: /dev/i2c-5 Device 0000:0000 Subsystem: 0000:0000
14    |Info:    ------------------------------------------------------
14    |Info:    |               Detecting I2C devices                |
14    |Info:    ------------------------------------------------------
407   |Info:    ------------------------------------------------------
407   |Info:    |            Detecting I2C DIMM modules              |
407   |Info:    ------------------------------------------------------
408   |Info:    [ResourceManager] Detected occupied slot 1, bus 4, type óúL‹‡ŕ
409   |Info:    [ResourceManager] Detected occupied slot 3, bus 4, type óúL‹‡ŕ
409   |Info:    ------------------------------------------------------
409   |Info:    |               Detecting I2C PCI devices            |
409   |Info:    ------------------------------------------------------
410   |Info:    ------------------------------------------------------
410   |Info:    |               Detecting HID devices                |
410   |Info:    ------------------------------------------------------
463   |Info:    [ROYUAN 2.4G Wireless Keyboard] Registering RGB controller
514   |Info:    [ROYUAN Epomaker RT80] Registering RGB controller
514   |Info:    ------------------------------------------------------
514   |Info:    |            Detecting libusb HID devices            |
514   |Info:    ------------------------------------------------------
527   |Info:    ------------------------------------------------------
527   |Info:    |              Detecting other devices               |
527   |Info:    ------------------------------------------------------
543   |Info:    [ResourceManager] Calling Post-detection callbacks
543   |Info:    ------------------------------------------------------
543   |Info:    |                Detection completed                 |
543   |Info:    ------------------------------------------------------
544   |Info:    [ProfileManager] Profile loading: Succeeded for ROYUAN 2.4G Wireless Keyboard @ HID: /dev/hidraw3
544   |Info:    [ProfileManager] Profile loading: Succeeded for ROYUAN Epomaker RT80 @ HID: /dev/hidraw8
