    OpenRGB v0.9+ (1.0rc2)
    Commit:  from 
    Launched: 20260418_123404
====================================================================================================

0     |Info:    [ProfileManager] Found file: c.c.orp attempting to validate header
0     |Info:    [ProfileManager] Valid v5 profile found for c.c
0     |Info:    [ProfileManager] Found file: mahiru.orp attempting to validate header
0     |Info:    [ProfileManager] Valid v5 profile found for mahiru
3     |Info:    [ResourceManager] Initializing HID interfaces: Success
3     |Info:    ------------------------------------------------------
3     |Info:    |               Start device detection               |
3     |Info:    ------------------------------------------------------
19    |Info:    ------------------------------------------------------
19    |Info:    |             Detecting I2C interfaces               |
19    |Info:    ------------------------------------------------------
19    |Info:    [ResourceManager] Registering I2C interface: /dev/i2c-3 Device 0000:0000 Subsystem: 0000:0000
20    |Info:    [ResourceManager] Registering I2C interface: /dev/i2c-10 Device 10DE:2D05 Subsystem: 1458:41B3
20    |Info:    [ResourceManager] Registering I2C interface: /dev/i2c-1 Device 0000:0000 Subsystem: 0000:0000
20    |Info:    [ResourceManager] Registering I2C interface: /dev/i2c-8 Device 10DE:2D05 Subsystem: 1458:41B3
20    |Info:    [ResourceManager] Registering I2C interface: /dev/i2c-6 Device 8086:7AA3 Subsystem: 1458:5001
20    |Info:    [ResourceManager] Registering I2C interface: /dev/i2c-4 Device 0000:0000 Subsystem: 0000:0000
20    |Info:    [ResourceManager] Registering I2C interface: /dev/i2c-2 Device 0000:0000 Subsystem: 0000:0000
20    |Info:    [ResourceManager] Registering I2C interface: /dev/i2c-0 Device 0000:0000 Subsystem: 0000:0000
20    |Info:    [ResourceManager] Registering I2C interface: /dev/i2c-9 Device 10DE:2D05 Subsystem: 1458:41B3
21    |Info:    [ResourceManager] Registering I2C interface: /dev/i2c-7 Device 10DE:2D05 Subsystem: 1458:41B3
21    |Info:    [ResourceManager] Registering I2C interface: /dev/i2c-5 Device 0000:0000 Subsystem: 0000:0000
21    |Info:    ------------------------------------------------------
21    |Info:    |               Detecting I2C devices                |
21    |Info:    ------------------------------------------------------
409   |Info:    ------------------------------------------------------
409   |Info:    |            Detecting I2C DIMM modules              |
409   |Info:    ------------------------------------------------------
410   |Info:    [ResourceManager] Detected occupied slot 1, bus 4, type Key: Number Pad .
411   |Info:    [ResourceManager] Detected occupied slot 3, bus 4, type Key: Number Pad .
411   |Info:    ------------------------------------------------------
411   |Info:    |               Detecting I2C PCI devices            |
411   |Info:    ------------------------------------------------------
412   |Info:    ------------------------------------------------------
412   |Info:    |               Detecting HID devices                |
412   |Info:    ------------------------------------------------------
413   |Info:    [ROYUAN 2.4G Wireless Keyboard] Registering RGB controller
413   |Info:    [ROYUAN Epomaker RT80] Registering RGB controller
414   |Info:    ------------------------------------------------------
414   |Info:    |            Detecting libusb HID devices            |
414   |Info:    ------------------------------------------------------
426   |Info:    ------------------------------------------------------
426   |Info:    |              Detecting other devices               |
426   |Info:    ------------------------------------------------------
446   |Info:    [ResourceManager] Calling Post-detection callbacks
446   |Info:    ------------------------------------------------------
446   |Info:    |                Detection completed                 |
446   |Info:    ------------------------------------------------------
446   |Info:    [ProfileManager] Profile loading: Succeeded for ROYUAN 2.4G Wireless Keyboard @ HID: /dev/hidraw3
446   |Info:    [ProfileManager] Profile loading: Succeeded for ROYUAN Epomaker RT80 @ HID: /dev/hidraw8
