    OpenRGB v0.9+ (1.0rc2)
    Commit:  from 
    Launched: 20260419_194726
====================================================================================================

0     |Info:    [ProfileManager] Found file: c.c.orp attempting to validate header
0     |Info:    [ProfileManager] Valid v5 profile found for c.c
0     |Info:    [ProfileManager] Found file: mahiru.orp attempting to validate header
0     |Info:    [ProfileManager] Valid v5 profile found for mahiru
2     |Info:    [ResourceManager] Initializing HID interfaces: Success
2     |Info:    ------------------------------------------------------
2     |Info:    |               Start device detection               |
2     |Info:    ------------------------------------------------------
20    |Info:    ------------------------------------------------------
20    |Info:    |             Detecting I2C interfaces               |
20    |Info:    ------------------------------------------------------
20    |Info:    [ResourceManager] Registering I2C interface: /dev/i2c-3 Device 0000:0000 Subsystem: 0000:0000
21    |Info:    [ResourceManager] Registering I2C interface: /dev/i2c-10 Device 10DE:2D05 Subsystem: 1458:41B3
21    |Info:    [ResourceManager] Registering I2C interface: /dev/i2c-1 Device 0000:0000 Subsystem: 0000:0000
21    |Info:    [ResourceManager] Registering I2C interface: /dev/i2c-8 Device 10DE:2D05 Subsystem: 1458:41B3
21    |Info:    [ResourceManager] Registering I2C interface: /dev/i2c-6 Device 8086:7AA3 Subsystem: 1458:5001
21    |Info:    [ResourceManager] Registering I2C interface: /dev/i2c-4 Device 0000:0000 Subsystem: 0000:0000
21    |Info:    [ResourceManager] Registering I2C interface: /dev/i2c-2 Device 0000:0000 Subsystem: 0000:0000
21    |Info:    [ResourceManager] Registering I2C interface: /dev/i2c-0 Device 0000:0000 Subsystem: 0000:0000
21    |Info:    [ResourceManager] Registering I2C interface: /dev/i2c-9 Device 10DE:2D05 Subsystem: 1458:41B3
21    |Info:    [ResourceManager] Registering I2C interface: /dev/i2c-7 Device 10DE:2D05 Subsystem: 1458:41B3
21    |Info:    [ResourceManager] Registering I2C interface: /dev/i2c-5 Device 0000:0000 Subsystem: 0000:0000
21    |Info:    ------------------------------------------------------
21    |Info:    |               Detecting I2C devices                |
21    |Info:    ------------------------------------------------------
454   |Info:    ------------------------------------------------------
454   |Info:    |            Detecting I2C DIMM modules              |
454   |Info:    ------------------------------------------------------
455   |Info:    [ResourceManager] Detected occupied slot 1, bus 4, type Reserved
461   |Info:    [ResourceManager] Detected occupied slot 3, bus 4, type Reserved
481   |Info:    ------------------------------------------------------
481   |Info:    |               Detecting I2C PCI devices            |
481   |Info:    ------------------------------------------------------
482   |Info:    ------------------------------------------------------
482   |Info:    |               Detecting HID devices                |
482   |Info:    ------------------------------------------------------
533   |Info:    [ROYUAN 2.4G Wireless Keyboard] Registering RGB controller
585   |Info:    [ROYUAN Epomaker RT80] Registering RGB controller
585   |Info:    ------------------------------------------------------
585   |Info:    |            Detecting libusb HID devices            |
585   |Info:    ------------------------------------------------------
597   |Info:    ------------------------------------------------------
597   |Info:    |              Detecting other devices               |
597   |Info:    ------------------------------------------------------
614   |Info:    [ResourceManager] Calling Post-detection callbacks
614   |Info:    ------------------------------------------------------
614   |Info:    |                Detection completed                 |
614   |Info:    ------------------------------------------------------
615   |Info:    [ProfileManager] Profile loading: Succeeded for ROYUAN 2.4G Wireless Keyboard @ HID: /dev/hidraw3
615   |Info:    [ProfileManager] Profile loading: Succeeded for ROYUAN Epomaker RT80 @ HID: /dev/hidraw8
