    OpenRGB v0.9+ (1.0rc2)
    Commit:  from 
    Launched: 20260418_100749
====================================================================================================

0     |Info:    [ProfileManager] Found file: c.c.orp attempting to validate header
1     |Info:    [ProfileManager] Valid v5 profile found for c.c
1     |Info:    [ProfileManager] Found file: mahiru.orp attempting to validate header
1     |Info:    [ProfileManager] Valid v5 profile found for mahiru
13    |Info:    [ResourceManager] Initializing HID interfaces: Success
13    |Info:    ------------------------------------------------------
13    |Info:    |               Start device detection               |
13    |Info:    ------------------------------------------------------
21    |Info:    ------------------------------------------------------
21    |Info:    |             Detecting I2C interfaces               |
21    |Info:    ------------------------------------------------------
22    |Info:    [ResourceManager] Registering I2C interface: /dev/i2c-3 Device 0000:0000 Subsystem: 0000:0000
22    |Info:    [ResourceManager] Registering I2C interface: /dev/i2c-10 Device 10DE:2D05 Subsystem: 1458:41B3
22    |Info:    [ResourceManager] Registering I2C interface: /dev/i2c-1 Device 0000:0000 Subsystem: 0000:0000
22    |Info:    [ResourceManager] Registering I2C interface: /dev/i2c-8 Device 10DE:2D05 Subsystem: 1458:41B3
22    |Info:    [ResourceManager] Registering I2C interface: /dev/i2c-6 Device 8086:7AA3 Subsystem: 1458:5001
22    |Info:    [ResourceManager] Registering I2C interface: /dev/i2c-4 Device 0000:0000 Subsystem: 0000:0000
22    |Info:    [ResourceManager] Registering I2C interface: /dev/i2c-2 Device 0000:0000 Subsystem: 0000:0000
22    |Info:    [ResourceManager] Registering I2C interface: /dev/i2c-0 Device 0000:0000 Subsystem: 0000:0000
22    |Info:    [ResourceManager] Registering I2C interface: /dev/i2c-9 Device 10DE:2D05 Subsystem: 1458:41B3
22    |Info:    [ResourceManager] Registering I2C interface: /dev/i2c-7 Device 10DE:2D05 Subsystem: 1458:41B3
22    |Info:    [ResourceManager] Registering I2C interface: /dev/i2c-5 Device 0000:0000 Subsystem: 0000:0000
22    |Info:    ------------------------------------------------------
22    |Info:    |               Detecting I2C devices                |
22    |Info:    ------------------------------------------------------
410   |Info:    ------------------------------------------------------
410   |Info:    |            Detecting I2C DIMM modules              |
410   |Info:    ------------------------------------------------------
493   |Info:    [ResourceManager] Detected occupied slot 1, bus 4, type Key: G
574   |Info:    [ResourceManager] Detected occupied slot 3, bus 4, type Key: G
574   |Info:    ------------------------------------------------------
574   |Info:    |               Detecting I2C PCI devices            |
574   |Info:    ------------------------------------------------------
577   |Info:    ------------------------------------------------------
577   |Info:    |               Detecting HID devices                |
577   |Info:    ------------------------------------------------------
628   |Info:    [ROYUAN 2.4G Wireless Keyboard] Registering RGB controller
681   |Info:    [ROYUAN Epomaker RT80] Registering RGB controller
681   |Info:    ------------------------------------------------------
681   |Info:    |            Detecting libusb HID devices            |
681   |Info:    ------------------------------------------------------
704   |Info:    ------------------------------------------------------
704   |Info:    |              Detecting other devices               |
704   |Info:    ------------------------------------------------------
720   |Info:    [ResourceManager] Calling Post-detection callbacks
720   |Info:    ------------------------------------------------------
720   |Info:    |                Detection completed                 |
720   |Info:    ------------------------------------------------------
720   |Info:    [ProfileManager] Profile loading: Succeeded for ROYUAN 2.4G Wireless Keyboard @ HID: /dev/hidraw3
720   |Info:    [ProfileManager] Profile loading: Succeeded for ROYUAN Epomaker RT80 @ HID: /dev/hidraw8
