    OpenRGB v0.9+ (1.0rc2)
    Commit:  from 
    Launched: 20260416_094756
====================================================================================================

0     |Info:    [ProfileManager] Found file: c.c.orp attempting to validate header
0     |Info:    [ProfileManager] Valid v5 profile found for c.c
0     |Info:    [ProfileManager] Found file: mahiru.orp attempting to validate header
0     |Info:    [ProfileManager] Valid v5 profile found for mahiru
2     |Info:    [ResourceManager] Initializing HID interfaces: Success
2     |Info:    ------------------------------------------------------
2     |Info:    |               Start device detection               |
2     |Info:    ------------------------------------------------------
9     |Info:    ------------------------------------------------------
9     |Info:    |             Detecting I2C interfaces               |
9     |Info:    ------------------------------------------------------
9     |Info:    [ResourceManager] Registering I2C interface: /dev/i2c-3 Device 0000:0000 Subsystem: 0000:0000
9     |Info:    [ResourceManager] Registering I2C interface: /dev/i2c-10 Device 10DE:2D05 Subsystem: 1458:41B3
9     |Info:    [ResourceManager] Registering I2C interface: /dev/i2c-1 Device 0000:0000 Subsystem: 0000:0000
9     |Info:    [ResourceManager] Registering I2C interface: /dev/i2c-8 Device 10DE:2D05 Subsystem: 1458:41B3
9     |Info:    [ResourceManager] Registering I2C interface: /dev/i2c-6 Device 8086:7AA3 Subsystem: 1458:5001
9     |Info:    [ResourceManager] Registering I2C interface: /dev/i2c-4 Device 0000:0000 Subsystem: 0000:0000
9     |Info:    [ResourceManager] Registering I2C interface: /dev/i2c-2 Device 0000:0000 Subsystem: 0000:0000
9     |Info:    [ResourceManager] Registering I2C interface: /dev/i2c-0 Device 0000:0000 Subsystem: 0000:0000
9     |Info:    [ResourceManager] Registering I2C interface: /dev/i2c-9 Device 10DE:2D05 Subsystem: 1458:41B3
9     |Info:    [ResourceManager] Registering I2C interface: /dev/i2c-7 Device 10DE:2D05 Subsystem: 1458:41B3
9     |Info:    [ResourceManager] Registering I2C interface: /dev/i2c-5 Device 0000:0000 Subsystem: 0000:0000
9     |Info:    ------------------------------------------------------
9     |Info:    |               Detecting I2C devices                |
9     |Info:    ------------------------------------------------------
305   |Info:    ------------------------------------------------------
305   |Info:    |            Detecting I2C DIMM modules              |
305   |Info:    ------------------------------------------------------
306   |Info:    [ResourceManager] Detected occupied slot 1, bus 4, type óú¸
306   |Info:    [ResourceManager] Detected occupied slot 3, bus 4, type óú¸
306   |Info:    ------------------------------------------------------
306   |Info:    |               Detecting I2C PCI devices            |
306   |Info:    ------------------------------------------------------
307   |Info:    ------------------------------------------------------
307   |Info:    |               Detecting HID devices                |
307   |Info:    ------------------------------------------------------
307   |Info:    [ROYUAN 2.4G Wireless Keyboard] Registering RGB controller
308   |Info:    [ROYUAN Epomaker RT80] Registering RGB controller
308   |Info:    ------------------------------------------------------
308   |Info:    |            Detecting libusb HID devices            |
308   |Info:    ------------------------------------------------------
318   |Info:    ------------------------------------------------------
318   |Info:    |              Detecting other devices               |
318   |Info:    ------------------------------------------------------
328   |Info:    [ResourceManager] Calling Post-detection callbacks
328   |Info:    ------------------------------------------------------
328   |Info:    |                Detection completed                 |
328   |Info:    ------------------------------------------------------
328   |Dialog:  <h2>Some internal devices may not be detected:</h2><p>One or more I2C or SMBus interfaces failed to initialize.</p><p><b>RGB DRAM modules, some motherboards' onboard RGB lighting, and RGB Graphics Cards, will not be available in OpenRGB</b> without I2C or SMBus.</p><h4>How to fix this:</h4><p>On Linux, this is usually because the i2c-dev module is not loaded.</p><p>You must load the i2c-dev module along with the correct i2c driver for your motherboard. This is usually i2c-piix4 for AMD systems and i2c-i801 for Intel systems.</p><p>See <a href='https://help.openrgb.org/'>help.openrgb.org</a> for additional troubleshooting steps if you keep seeing this message.<br></p><h3>If you are not using internal RGB on a desktop this message is not important to you.</h3>
328   |Info:    [ProfileManager] Profile loading: Succeeded for ROYUAN 2.4G Wireless Keyboard @ HID: /dev/hidraw2
328   |Info:    [ProfileManager] Profile loading: Succeeded for ROYUAN Epomaker RT80 @ HID: /dev/hidraw13
