    OpenRGB v0.9+ (1.0rc2)
    Commit:  from 
    Launched: 20260417_111622
====================================================================================================

0     |Info:    [ProfileManager] Found file: c.c.orp attempting to validate header
1     |Info:    [ProfileManager] Valid v5 profile found for c.c
1     |Info:    [ProfileManager] Found file: mahiru.orp attempting to validate header
1     |Info:    [ProfileManager] Valid v5 profile found for mahiru
14    |Info:    [ResourceManager] Initializing HID interfaces: Success
14    |Info:    ------------------------------------------------------
14    |Info:    |               Start device detection               |
14    |Info:    ------------------------------------------------------
20    |Info:    ------------------------------------------------------
20    |Info:    |             Detecting I2C interfaces               |
20    |Info:    ------------------------------------------------------
20    |Info:    [ResourceManager] Registering I2C interface: /dev/i2c-3 Device 0000:0000 Subsystem: 0000:0000
20    |Info:    [ResourceManager] Registering I2C interface: /dev/i2c-10 Device 10DE:2D05 Subsystem: 1458:41B3
20    |Info:    [ResourceManager] Registering I2C interface: /dev/i2c-1 Device 0000:0000 Subsystem: 0000:0000
20    |Info:    [ResourceManager] Registering I2C interface: /dev/i2c-8 Device 10DE:2D05 Subsystem: 1458:41B3
20    |Info:    [ResourceManager] Registering I2C interface: /dev/i2c-6 Device 8086:7AA3 Subsystem: 1458:5001
20    |Info:    [ResourceManager] Registering I2C interface: /dev/i2c-4 Device 0000:0000 Subsystem: 0000:0000
20    |Info:    [ResourceManager] Registering I2C interface: /dev/i2c-2 Device 0000:0000 Subsystem: 0000:0000
20    |Info:    [ResourceManager] Registering I2C interface: /dev/i2c-0 Device 0000:0000 Subsystem: 0000:0000
20    |Info:    [ResourceManager] Registering I2C interface: /dev/i2c-9 Device 10DE:2D05 Subsystem: 1458:41B3
21    |Info:    [ResourceManager] Registering I2C interface: /dev/i2c-7 Device 10DE:2D05 Subsystem: 1458:41B3
21    |Info:    [ResourceManager] Registering I2C interface: /dev/i2c-5 Device 0000:0000 Subsystem: 0000:0000
21    |Info:    ------------------------------------------------------
21    |Info:    |               Detecting I2C devices                |
21    |Info:    ------------------------------------------------------
406   |Info:    ------------------------------------------------------
406   |Info:    |            Detecting I2C DIMM modules              |
406   |Info:    ------------------------------------------------------
492   |Info:    [ResourceManager] Detected occupied slot 1, bus 4, type Reserved
575   |Info:    [ResourceManager] Detected occupied slot 3, bus 4, type Reserved
595   |Info:    ------------------------------------------------------
595   |Info:    |               Detecting I2C PCI devices            |
595   |Info:    ------------------------------------------------------
596   |Info:    ------------------------------------------------------
596   |Info:    |               Detecting HID devices                |
596   |Info:    ------------------------------------------------------
647   |Info:    [ROYUAN 2.4G Wireless Keyboard] Registering RGB controller
699   |Info:    [ROYUAN Epomaker RT80] Registering RGB controller
699   |Info:    ------------------------------------------------------
699   |Info:    |            Detecting libusb HID devices            |
699   |Info:    ------------------------------------------------------
710   |Info:    ------------------------------------------------------
710   |Info:    |              Detecting other devices               |
710   |Info:    ------------------------------------------------------
724   |Info:    [ResourceManager] Calling Post-detection callbacks
724   |Info:    ------------------------------------------------------
724   |Info:    |                Detection completed                 |
724   |Info:    ------------------------------------------------------
724   |Info:    [ProfileManager] Profile loading: Succeeded for ROYUAN 2.4G Wireless Keyboard @ HID: /dev/hidraw3
724   |Info:    [ProfileManager] Profile loading: Succeeded for ROYUAN Epomaker RT80 @ HID: /dev/hidraw8
