    OpenRGB v0.9+ (1.0rc2)
    Commit:  from 
    Launched: 20260418_123041
====================================================================================================

0     |Info:    [ProfileManager] Found file: c.c.orp attempting to validate header
0     |Info:    [ProfileManager] Valid v5 profile found for c.c
0     |Info:    [ProfileManager] Found file: mahiru.orp attempting to validate header
0     |Info:    [ProfileManager] Valid v5 profile found for mahiru
55    |Info:    [ResourceManager] Initializing HID interfaces: Success
55    |Info:    ------------------------------------------------------
55    |Info:    |               Start device detection               |
55    |Info:    ------------------------------------------------------
69    |Info:    ------------------------------------------------------
69    |Info:    |             Detecting I2C interfaces               |
69    |Info:    ------------------------------------------------------
69    |Info:    [ResourceManager] Registering I2C interface: /dev/i2c-3 Device 0000:0000 Subsystem: 0000:0000
69    |Info:    [ResourceManager] Registering I2C interface: /dev/i2c-10 Device 10DE:2D05 Subsystem: 1458:41B3
69    |Info:    [ResourceManager] Registering I2C interface: /dev/i2c-1 Device 0000:0000 Subsystem: 0000:0000
69    |Info:    [ResourceManager] Registering I2C interface: /dev/i2c-8 Device 10DE:2D05 Subsystem: 1458:41B3
69    |Info:    [ResourceManager] Registering I2C interface: /dev/i2c-6 Device 8086:7AA3 Subsystem: 1458:5001
69    |Info:    [ResourceManager] Registering I2C interface: /dev/i2c-4 Device 0000:0000 Subsystem: 0000:0000
69    |Info:    [ResourceManager] Registering I2C interface: /dev/i2c-2 Device 0000:0000 Subsystem: 0000:0000
70    |Info:    [ResourceManager] Registering I2C interface: /dev/i2c-0 Device 0000:0000 Subsystem: 0000:0000
70    |Info:    [ResourceManager] Registering I2C interface: /dev/i2c-9 Device 10DE:2D05 Subsystem: 1458:41B3
70    |Info:    [ResourceManager] Registering I2C interface: /dev/i2c-7 Device 10DE:2D05 Subsystem: 1458:41B3
70    |Info:    [ResourceManager] Registering I2C interface: /dev/i2c-5 Device 0000:0000 Subsystem: 0000:0000
70    |Info:    ------------------------------------------------------
70    |Info:    |               Detecting I2C devices                |
70    |Info:    ------------------------------------------------------
484   |Info:    ------------------------------------------------------
484   |Info:    |            Detecting I2C DIMM modules              |
484   |Info:    ------------------------------------------------------
485   |Info:    [ResourceManager] Detected occupied slot 1, bus 4, type SDR
486   |Info:    [ResourceManager] Detected occupied slot 3, bus 4, type SDR
486   |Info:    ------------------------------------------------------
486   |Info:    |               Detecting I2C PCI devices            |
486   |Info:    ------------------------------------------------------
487   |Info:    ------------------------------------------------------
487   |Info:    |               Detecting HID devices                |
487   |Info:    ------------------------------------------------------
488   |Info:    [ROYUAN 2.4G Wireless Keyboard] Registering RGB controller
488   |Info:    [ROYUAN Epomaker RT80] Registering RGB controller
488   |Info:    ------------------------------------------------------
488   |Info:    |            Detecting libusb HID devices            |
488   |Info:    ------------------------------------------------------
500   |Info:    ------------------------------------------------------
500   |Info:    |              Detecting other devices               |
500   |Info:    ------------------------------------------------------
520   |Info:    [ResourceManager] Calling Post-detection callbacks
520   |Info:    ------------------------------------------------------
520   |Info:    |                Detection completed                 |
520   |Info:    ------------------------------------------------------
6327  |Info:    [ProfileManager] Profile loading: Succeeded for ROYUAN 2.4G Wireless Keyboard @ HID: /dev/hidraw3
6327  |Info:    [ProfileManager] Profile loading: Succeeded for ROYUAN Epomaker RT80 @ HID: /dev/hidraw8
