    OpenRGB v0.9+ (1.0rc2)
    Commit:  from 
    Launched: 20260419_194331
====================================================================================================

0     |Info:    [ProfileManager] Found file: c.c.orp attempting to validate header
0     |Info:    [ProfileManager] Valid v5 profile found for c.c
0     |Info:    [ProfileManager] Found file: mahiru.orp attempting to validate header
0     |Info:    [ProfileManager] Valid v5 profile found for mahiru
2     |Info:    [ResourceManager] Initializing HID interfaces: Success
2     |Info:    ------------------------------------------------------
2     |Info:    |               Start device detection               |
2     |Info:    ------------------------------------------------------
16    |Info:    ------------------------------------------------------
16    |Info:    |             Detecting I2C interfaces               |
16    |Info:    ------------------------------------------------------
16    |Info:    [ResourceManager] Registering I2C interface: /dev/i2c-3 Device 0000:0000 Subsystem: 0000:0000
16    |Info:    [ResourceManager] Registering I2C interface: /dev/i2c-10 Device 10DE:2D05 Subsystem: 1458:41B3
16    |Info:    [ResourceManager] Registering I2C interface: /dev/i2c-1 Device 0000:0000 Subsystem: 0000:0000
16    |Info:    [ResourceManager] Registering I2C interface: /dev/i2c-8 Device 10DE:2D05 Subsystem: 1458:41B3
16    |Info:    [ResourceManager] Registering I2C interface: /dev/i2c-6 Device 8086:7AA3 Subsystem: 1458:5001
17    |Info:    [ResourceManager] Registering I2C interface: /dev/i2c-4 Device 0000:0000 Subsystem: 0000:0000
17    |Info:    [ResourceManager] Registering I2C interface: /dev/i2c-2 Device 0000:0000 Subsystem: 0000:0000
17    |Info:    [ResourceManager] Registering I2C interface: /dev/i2c-0 Device 0000:0000 Subsystem: 0000:0000
17    |Info:    [ResourceManager] Registering I2C interface: /dev/i2c-9 Device 10DE:2D05 Subsystem: 1458:41B3
17    |Info:    [ResourceManager] Registering I2C interface: /dev/i2c-7 Device 10DE:2D05 Subsystem: 1458:41B3
17    |Info:    [ResourceManager] Registering I2C interface: /dev/i2c-5 Device 0000:0000 Subsystem: 0000:0000
17    |Info:    ------------------------------------------------------
17    |Info:    |               Detecting I2C devices                |
17    |Info:    ------------------------------------------------------
403   |Info:    ------------------------------------------------------
403   |Info:    |            Detecting I2C DIMM modules              |
403   |Info:    ------------------------------------------------------
404   |Info:    [ResourceManager] Detected occupied slot 1, bus 4, type Reserved
409   |Info:    [ResourceManager] Detected occupied slot 3, bus 4, type Reserved
429   |Info:    ------------------------------------------------------
429   |Info:    |               Detecting I2C PCI devices            |
429   |Info:    ------------------------------------------------------
430   |Info:    ------------------------------------------------------
430   |Info:    |               Detecting HID devices                |
430   |Info:    ------------------------------------------------------
482   |Info:    [ROYUAN 2.4G Wireless Keyboard] Registering RGB controller
533   |Info:    [ROYUAN Epomaker RT80] Registering RGB controller
533   |Info:    ------------------------------------------------------
533   |Info:    |            Detecting libusb HID devices            |
533   |Info:    ------------------------------------------------------
546   |Info:    ------------------------------------------------------
546   |Info:    |              Detecting other devices               |
546   |Info:    ------------------------------------------------------
565   |Info:    [ResourceManager] Calling Post-detection callbacks
565   |Info:    ------------------------------------------------------
565   |Info:    |                Detection completed                 |
565   |Info:    ------------------------------------------------------
566   |Info:    [ProfileManager] Profile loading: Succeeded for ROYUAN 2.4G Wireless Keyboard @ HID: /dev/hidraw3
566   |Info:    [ProfileManager] Profile loading: Succeeded for ROYUAN Epomaker RT80 @ HID: /dev/hidraw8
