    OpenRGB v0.9+ (1.0rc2)
    Commit:  from 
    Launched: 20260418_123020
====================================================================================================

0     |Info:    [ProfileManager] Found file: c.c.orp attempting to validate header
0     |Info:    [ProfileManager] Valid v5 profile found for c.c
0     |Info:    [ProfileManager] Found file: mahiru.orp attempting to validate header
0     |Info:    [ProfileManager] Valid v5 profile found for mahiru
2     |Info:    [ResourceManager] Initializing HID interfaces: Success
2     |Info:    ------------------------------------------------------
2     |Info:    |               Start device detection               |
2     |Info:    ------------------------------------------------------
15    |Info:    ------------------------------------------------------
15    |Info:    |             Detecting I2C interfaces               |
15    |Info:    ------------------------------------------------------
15    |Info:    [ResourceManager] Registering I2C interface: /dev/i2c-3 Device 0000:0000 Subsystem: 0000:0000
15    |Info:    [ResourceManager] Registering I2C interface: /dev/i2c-10 Device 10DE:2D05 Subsystem: 1458:41B3
15    |Info:    [ResourceManager] Registering I2C interface: /dev/i2c-1 Device 0000:0000 Subsystem: 0000:0000
15    |Info:    [ResourceManager] Registering I2C interface: /dev/i2c-8 Device 10DE:2D05 Subsystem: 1458:41B3
15    |Info:    [ResourceManager] Registering I2C interface: /dev/i2c-6 Device 8086:7AA3 Subsystem: 1458:5001
15    |Info:    [ResourceManager] Registering I2C interface: /dev/i2c-4 Device 0000:0000 Subsystem: 0000:0000
16    |Info:    [ResourceManager] Registering I2C interface: /dev/i2c-2 Device 0000:0000 Subsystem: 0000:0000
16    |Info:    [ResourceManager] Registering I2C interface: /dev/i2c-0 Device 0000:0000 Subsystem: 0000:0000
16    |Info:    [ResourceManager] Registering I2C interface: /dev/i2c-9 Device 10DE:2D05 Subsystem: 1458:41B3
16    |Info:    [ResourceManager] Registering I2C interface: /dev/i2c-7 Device 10DE:2D05 Subsystem: 1458:41B3
16    |Info:    [ResourceManager] Registering I2C interface: /dev/i2c-5 Device 0000:0000 Subsystem: 0000:0000
16    |Info:    ------------------------------------------------------
16    |Info:    |               Detecting I2C devices                |
16    |Info:    ------------------------------------------------------
411   |Info:    ------------------------------------------------------
411   |Info:    |            Detecting I2C DIMM modules              |
411   |Info:    ------------------------------------------------------
412   |Info:    [ResourceManager] Detected occupied slot 1, bus 4, type óúUH‰ĺAVAUATLcćSMkäpL§ŕ
412   |Info:    [ResourceManager] Detected occupied slot 3, bus 4, type óúUH‰ĺAVAUATLcćSMkäpL§ŕ
412   |Info:    ------------------------------------------------------
412   |Info:    |               Detecting I2C PCI devices            |
412   |Info:    ------------------------------------------------------
413   |Info:    ------------------------------------------------------
413   |Info:    |               Detecting HID devices                |
413   |Info:    ------------------------------------------------------
415   |Info:    [ROYUAN 2.4G Wireless Keyboard] Registering RGB controller
417   |Info:    [ROYUAN Epomaker RT80] Registering RGB controller
417   |Info:    ------------------------------------------------------
417   |Info:    |            Detecting libusb HID devices            |
417   |Info:    ------------------------------------------------------
430   |Info:    ------------------------------------------------------
430   |Info:    |              Detecting other devices               |
430   |Info:    ------------------------------------------------------
459   |Info:    [ResourceManager] Calling Post-detection callbacks
459   |Info:    ------------------------------------------------------
459   |Info:    |                Detection completed                 |
459   |Info:    ------------------------------------------------------
461   |Info:    [ProfileManager] Profile loading: Succeeded for ROYUAN 2.4G Wireless Keyboard @ HID: /dev/hidraw3
462   |Info:    [ProfileManager] Profile loading: Succeeded for ROYUAN Epomaker RT80 @ HID: /dev/hidraw8
