    OpenRGB v0.9+ (1.0rc2)
    Commit:  from 
    Launched: 20260419_194759
====================================================================================================

0     |Info:    [ProfileManager] Found file: c.c.orp attempting to validate header
0     |Info:    [ProfileManager] Valid v5 profile found for c.c
0     |Info:    [ProfileManager] Found file: mahiru.orp attempting to validate header
0     |Info:    [ProfileManager] Valid v5 profile found for mahiru
2     |Info:    [ResourceManager] Initializing HID interfaces: Success
2     |Info:    ------------------------------------------------------
2     |Info:    |               Start device detection               |
2     |Info:    ------------------------------------------------------
37    |Info:    ------------------------------------------------------
37    |Info:    |             Detecting I2C interfaces               |
37    |Info:    ------------------------------------------------------
37    |Info:    [ResourceManager] Registering I2C interface: /dev/i2c-3 Device 0000:0000 Subsystem: 0000:0000
37    |Info:    [ResourceManager] Registering I2C interface: /dev/i2c-10 Device 10DE:2D05 Subsystem: 1458:41B3
37    |Info:    [ResourceManager] Registering I2C interface: /dev/i2c-1 Device 0000:0000 Subsystem: 0000:0000
38    |Info:    [ResourceManager] Registering I2C interface: /dev/i2c-8 Device 10DE:2D05 Subsystem: 1458:41B3
38    |Info:    [ResourceManager] Registering I2C interface: /dev/i2c-6 Device 8086:7AA3 Subsystem: 1458:5001
38    |Info:    [ResourceManager] Registering I2C interface: /dev/i2c-4 Device 0000:0000 Subsystem: 0000:0000
38    |Info:    [ResourceManager] Registering I2C interface: /dev/i2c-2 Device 0000:0000 Subsystem: 0000:0000
38    |Info:    [ResourceManager] Registering I2C interface: /dev/i2c-0 Device 0000:0000 Subsystem: 0000:0000
38    |Info:    [ResourceManager] Registering I2C interface: /dev/i2c-9 Device 10DE:2D05 Subsystem: 1458:41B3
38    |Info:    [ResourceManager] Registering I2C interface: /dev/i2c-7 Device 10DE:2D05 Subsystem: 1458:41B3
38    |Info:    [ResourceManager] Registering I2C interface: /dev/i2c-5 Device 0000:0000 Subsystem: 0000:0000
38    |Info:    ------------------------------------------------------
38    |Info:    |               Detecting I2C devices                |
38    |Info:    ------------------------------------------------------
452   |Info:    ------------------------------------------------------
452   |Info:    |            Detecting I2C DIMM modules              |
452   |Info:    ------------------------------------------------------
453   |Info:    [ResourceManager] Detected occupied slot 1, bus 4, type Reserved
457   |Info:    [ResourceManager] Detected occupied slot 3, bus 4, type Reserved
478   |Info:    ------------------------------------------------------
478   |Info:    |               Detecting I2C PCI devices            |
478   |Info:    ------------------------------------------------------
478   |Info:    ------------------------------------------------------
478   |Info:    |               Detecting HID devices                |
478   |Info:    ------------------------------------------------------
531   |Info:    [ROYUAN 2.4G Wireless Keyboard] Registering RGB controller
582   |Info:    [ROYUAN Epomaker RT80] Registering RGB controller
582   |Info:    ------------------------------------------------------
582   |Info:    |            Detecting libusb HID devices            |
582   |Info:    ------------------------------------------------------
594   |Info:    ------------------------------------------------------
594   |Info:    |              Detecting other devices               |
594   |Info:    ------------------------------------------------------
611   |Info:    [ResourceManager] Calling Post-detection callbacks
611   |Info:    ------------------------------------------------------
611   |Info:    |                Detection completed                 |
611   |Info:    ------------------------------------------------------
611   |Info:    [ProfileManager] Profile loading: Succeeded for ROYUAN 2.4G Wireless Keyboard @ HID: /dev/hidraw3
611   |Info:    [ProfileManager] Profile loading: Succeeded for ROYUAN Epomaker RT80 @ HID: /dev/hidraw8
