    OpenRGB v0.9+ (1.0rc2)
    Commit:  from 
    Launched: 20260418_123016
====================================================================================================

0     |Info:    [ProfileManager] Found file: c.c.orp attempting to validate header
1     |Info:    [ProfileManager] Valid v5 profile found for c.c
1     |Info:    [ProfileManager] Found file: mahiru.orp attempting to validate header
1     |Info:    [ProfileManager] Valid v5 profile found for mahiru
16    |Info:    [ResourceManager] Initializing HID interfaces: Success
17    |Info:    ------------------------------------------------------
17    |Info:    |               Start device detection               |
17    |Info:    ------------------------------------------------------
44    |Info:    ------------------------------------------------------
44    |Info:    |             Detecting I2C interfaces               |
44    |Info:    ------------------------------------------------------
44    |Info:    [ResourceManager] Registering I2C interface: /dev/i2c-3 Device 0000:0000 Subsystem: 0000:0000
44    |Info:    [ResourceManager] Registering I2C interface: /dev/i2c-10 Device 10DE:2D05 Subsystem: 1458:41B3
44    |Info:    [ResourceManager] Registering I2C interface: /dev/i2c-1 Device 0000:0000 Subsystem: 0000:0000
44    |Info:    [ResourceManager] Registering I2C interface: /dev/i2c-8 Device 10DE:2D05 Subsystem: 1458:41B3
45    |Info:    [ResourceManager] Registering I2C interface: /dev/i2c-6 Device 8086:7AA3 Subsystem: 1458:5001
45    |Info:    [ResourceManager] Registering I2C interface: /dev/i2c-4 Device 0000:0000 Subsystem: 0000:0000
45    |Info:    [ResourceManager] Registering I2C interface: /dev/i2c-2 Device 0000:0000 Subsystem: 0000:0000
45    |Info:    [ResourceManager] Registering I2C interface: /dev/i2c-0 Device 0000:0000 Subsystem: 0000:0000
45    |Info:    [ResourceManager] Registering I2C interface: /dev/i2c-9 Device 10DE:2D05 Subsystem: 1458:41B3
45    |Info:    [ResourceManager] Registering I2C interface: /dev/i2c-7 Device 10DE:2D05 Subsystem: 1458:41B3
45    |Info:    [ResourceManager] Registering I2C interface: /dev/i2c-5 Device 0000:0000 Subsystem: 0000:0000
45    |Info:    ------------------------------------------------------
45    |Info:    |               Detecting I2C devices                |
45    |Info:    ------------------------------------------------------
452   |Info:    ------------------------------------------------------
452   |Info:    |            Detecting I2C DIMM modules              |
452   |Info:    ------------------------------------------------------
