    OpenRGB v0.9+ (1.0rc2)
    Commit:  from 
    Launched: 20260418_101029
====================================================================================================

0     |Info:    [ProfileManager] Found file: c.c.orp attempting to validate header
0     |Info:    [ProfileManager] Valid v5 profile found for c.c
0     |Info:    [ProfileManager] Found file: mahiru.orp attempting to validate header
0     |Info:    [ProfileManager] Valid v5 profile found for mahiru
2     |Info:    [ResourceManager] Initializing HID interfaces: Success
2     |Info:    ------------------------------------------------------
2     |Info:    |               Start device detection               |
2     |Info:    ------------------------------------------------------
19    |Info:    ------------------------------------------------------
19    |Info:    |             Detecting I2C interfaces               |
19    |Info:    ------------------------------------------------------
19    |Info:    [ResourceManager] Registering I2C interface: /dev/i2c-3 Device 0000:0000 Subsystem: 0000:0000
19    |Info:    [ResourceManager] Registering I2C interface: /dev/i2c-10 Device 10DE:2D05 Subsystem: 1458:41B3
19    |Info:    [ResourceManager] Registering I2C interface: /dev/i2c-1 Device 0000:0000 Subsystem: 0000:0000
19    |Info:    [ResourceManager] Registering I2C interface: /dev/i2c-8 Device 10DE:2D05 Subsystem: 1458:41B3
19    |Info:    [ResourceManager] Registering I2C interface: /dev/i2c-6 Device 8086:7AA3 Subsystem: 1458:5001
19    |Info:    [ResourceManager] Registering I2C interface: /dev/i2c-4 Device 0000:0000 Subsystem: 0000:0000
19    |Info:    [ResourceManager] Registering I2C interface: /dev/i2c-2 Device 0000:0000 Subsystem: 0000:0000
20    |Info:    [ResourceManager] Registering I2C interface: /dev/i2c-0 Device 0000:0000 Subsystem: 0000:0000
20    |Info:    [ResourceManager] Registering I2C interface: /dev/i2c-9 Device 10DE:2D05 Subsystem: 1458:41B3
20    |Info:    [ResourceManager] Registering I2C interface: /dev/i2c-7 Device 10DE:2D05 Subsystem: 1458:41B3
20    |Info:    [ResourceManager] Registering I2C interface: /dev/i2c-5 Device 0000:0000 Subsystem: 0000:0000
20    |Info:    ------------------------------------------------------
20    |Info:    |               Detecting I2C devices                |
20    |Info:    ------------------------------------------------------
420   |Info:    ------------------------------------------------------
420   |Info:    |            Detecting I2C DIMM modules              |
420   |Info:    ------------------------------------------------------
421   |Info:    [ResourceManager] Detected occupied slot 1, bus 4, type Key: 2
422   |Info:    [ResourceManager] Detected occupied slot 3, bus 4, type Key: 2
422   |Info:    ------------------------------------------------------
422   |Info:    |               Detecting I2C PCI devices            |
422   |Info:    ------------------------------------------------------
423   |Info:    ------------------------------------------------------
423   |Info:    |               Detecting HID devices                |
423   |Info:    ------------------------------------------------------
475   |Info:    [ROYUAN 2.4G Wireless Keyboard] Registering RGB controller
527   |Info:    [ROYUAN Epomaker RT80] Registering RGB controller
528   |Info:    ------------------------------------------------------
528   |Info:    |            Detecting libusb HID devices            |
528   |Info:    ------------------------------------------------------
540   |Info:    ------------------------------------------------------
540   |Info:    |              Detecting other devices               |
540   |Info:    ------------------------------------------------------
573   |Info:    [ResourceManager] Calling Post-detection callbacks
574   |Info:    ------------------------------------------------------
574   |Info:    |                Detection completed                 |
574   |Info:    ------------------------------------------------------
574   |Info:    [ProfileManager] Profile loading: Succeeded for ROYUAN 2.4G Wireless Keyboard @ HID: /dev/hidraw3
574   |Info:    [ProfileManager] Profile loading: Succeeded for ROYUAN Epomaker RT80 @ HID: /dev/hidraw8
