    OpenRGB v0.9+ (1.0rc2)
    Commit:  from 
    Launched: 20260419_194154
====================================================================================================

0     |Info:    [ProfileManager] Found file: c.c.orp attempting to validate header
0     |Info:    [ProfileManager] Valid v5 profile found for c.c
0     |Info:    [ProfileManager] Found file: mahiru.orp attempting to validate header
0     |Info:    [ProfileManager] Valid v5 profile found for mahiru
6     |Info:    [ResourceManager] Initializing HID interfaces: Success
6     |Info:    ------------------------------------------------------
6     |Info:    |               Start device detection               |
6     |Info:    ------------------------------------------------------
30    |Info:    ------------------------------------------------------
30    |Info:    |             Detecting I2C interfaces               |
30    |Info:    ------------------------------------------------------
30    |Info:    [ResourceManager] Registering I2C interface: /dev/i2c-3 Device 0000:0000 Subsystem: 0000:0000
30    |Info:    [ResourceManager] Registering I2C interface: /dev/i2c-10 Device 10DE:2D05 Subsystem: 1458:41B3
30    |Info:    [ResourceManager] Registering I2C interface: /dev/i2c-1 Device 0000:0000 Subsystem: 0000:0000
30    |Info:    [ResourceManager] Registering I2C interface: /dev/i2c-8 Device 10DE:2D05 Subsystem: 1458:41B3
31    |Info:    [ResourceManager] Registering I2C interface: /dev/i2c-6 Device 8086:7AA3 Subsystem: 1458:5001
32    |Info:    [ResourceManager] Registering I2C interface: /dev/i2c-4 Device 0000:0000 Subsystem: 0000:0000
32    |Info:    [ResourceManager] Registering I2C interface: /dev/i2c-2 Device 0000:0000 Subsystem: 0000:0000
32    |Info:    [ResourceManager] Registering I2C interface: /dev/i2c-0 Device 0000:0000 Subsystem: 0000:0000
34    |Info:    [ResourceManager] Registering I2C interface: /dev/i2c-9 Device 10DE:2D05 Subsystem: 1458:41B3
36    |Info:    [ResourceManager] Registering I2C interface: /dev/i2c-7 Device 10DE:2D05 Subsystem: 1458:41B3
36    |Info:    [ResourceManager] Registering I2C interface: /dev/i2c-5 Device 0000:0000 Subsystem: 0000:0000
36    |Info:    ------------------------------------------------------
36    |Info:    |               Detecting I2C devices                |
36    |Info:    ------------------------------------------------------
437   |Info:    ------------------------------------------------------
437   |Info:    |            Detecting I2C DIMM modules              |
437   |Info:    ------------------------------------------------------
438   |Info:    [ResourceManager] Detected occupied slot 1, bus 4, type Reserved
443   |Info:    [ResourceManager] Detected occupied slot 3, bus 4, type Reserved
463   |Info:    ------------------------------------------------------
463   |Info:    |               Detecting I2C PCI devices            |
463   |Info:    ------------------------------------------------------
464   |Info:    ------------------------------------------------------
464   |Info:    |               Detecting HID devices                |
464   |Info:    ------------------------------------------------------
517   |Info:    [ROYUAN 2.4G Wireless Keyboard] Registering RGB controller
569   |Info:    [ROYUAN Epomaker RT80] Registering RGB controller
569   |Info:    ------------------------------------------------------
569   |Info:    |            Detecting libusb HID devices            |
569   |Info:    ------------------------------------------------------
584   |Info:    ------------------------------------------------------
585   |Info:    |              Detecting other devices               |
585   |Info:    ------------------------------------------------------
606   |Info:    [ResourceManager] Calling Post-detection callbacks
606   |Info:    ------------------------------------------------------
606   |Info:    |                Detection completed                 |
606   |Info:    ------------------------------------------------------
607   |Info:    [ProfileManager] Profile loading: Succeeded for ROYUAN 2.4G Wireless Keyboard @ HID: /dev/hidraw3
607   |Info:    [ProfileManager] Profile loading: Succeeded for ROYUAN Epomaker RT80 @ HID: /dev/hidraw8
