    OpenRGB v0.9+ (1.0rc2)
    Commit:  from 
    Launched: 20260418_100952
====================================================================================================

0     |Info:    [ProfileManager] Found file: c.c.orp attempting to validate header
0     |Info:    [ProfileManager] Valid v5 profile found for c.c
0     |Info:    [ProfileManager] Found file: mahiru.orp attempting to validate header
0     |Info:    [ProfileManager] Valid v5 profile found for mahiru
3     |Info:    [ResourceManager] Initializing HID interfaces: Success
3     |Info:    ------------------------------------------------------
3     |Info:    |               Start device detection               |
3     |Info:    ------------------------------------------------------
21    |Info:    ------------------------------------------------------
21    |Info:    |             Detecting I2C interfaces               |
21    |Info:    ------------------------------------------------------
21    |Info:    [ResourceManager] Registering I2C interface: /dev/i2c-3 Device 0000:0000 Subsystem: 0000:0000
21    |Info:    [ResourceManager] Registering I2C interface: /dev/i2c-10 Device 10DE:2D05 Subsystem: 1458:41B3
21    |Info:    [ResourceManager] Registering I2C interface: /dev/i2c-1 Device 0000:0000 Subsystem: 0000:0000
21    |Info:    [ResourceManager] Registering I2C interface: /dev/i2c-8 Device 10DE:2D05 Subsystem: 1458:41B3
21    |Info:    [ResourceManager] Registering I2C interface: /dev/i2c-6 Device 8086:7AA3 Subsystem: 1458:5001
21    |Info:    [ResourceManager] Registering I2C interface: /dev/i2c-4 Device 0000:0000 Subsystem: 0000:0000
21    |Info:    [ResourceManager] Registering I2C interface: /dev/i2c-2 Device 0000:0000 Subsystem: 0000:0000
21    |Info:    [ResourceManager] Registering I2C interface: /dev/i2c-0 Device 0000:0000 Subsystem: 0000:0000
21    |Info:    [ResourceManager] Registering I2C interface: /dev/i2c-9 Device 10DE:2D05 Subsystem: 1458:41B3
21    |Info:    [ResourceManager] Registering I2C interface: /dev/i2c-7 Device 10DE:2D05 Subsystem: 1458:41B3
21    |Info:    [ResourceManager] Registering I2C interface: /dev/i2c-5 Device 0000:0000 Subsystem: 0000:0000
21    |Info:    ------------------------------------------------------
21    |Info:    |               Detecting I2C devices                |
21    |Info:    ------------------------------------------------------
416   |Info:    ------------------------------------------------------
416   |Info:    |            Detecting I2C DIMM modules              |
416   |Info:    ------------------------------------------------------
417   |Info:    [ResourceManager] Detected occupied slot 1, bus 4, type (null)
418   |Info:    [ResourceManager] Detected occupied slot 3, bus 4, type (null)
418   |Info:    ------------------------------------------------------
418   |Info:    |               Detecting I2C PCI devices            |
418   |Info:    ------------------------------------------------------
419   |Info:    ------------------------------------------------------
419   |Info:    |               Detecting HID devices                |
419   |Info:    ------------------------------------------------------
470   |Info:    [ROYUAN 2.4G Wireless Keyboard] Registering RGB controller
521   |Info:    [ROYUAN Epomaker RT80] Registering RGB controller
521   |Info:    ------------------------------------------------------
521   |Info:    |            Detecting libusb HID devices            |
521   |Info:    ------------------------------------------------------
534   |Info:    ------------------------------------------------------
534   |Info:    |              Detecting other devices               |
534   |Info:    ------------------------------------------------------
553   |Info:    [ResourceManager] Calling Post-detection callbacks
553   |Info:    ------------------------------------------------------
553   |Info:    |                Detection completed                 |
553   |Info:    ------------------------------------------------------
553   |Info:    [ProfileManager] Profile loading: Succeeded for ROYUAN 2.4G Wireless Keyboard @ HID: /dev/hidraw3
553   |Info:    [ProfileManager] Profile loading: Succeeded for ROYUAN Epomaker RT80 @ HID: /dev/hidraw8
