    OpenRGB v0.9+ (1.0rc2)
    Commit:  from 
    Launched: 20260419_194816
====================================================================================================

0     |Info:    [ProfileManager] Found file: c.c.orp attempting to validate header
0     |Info:    [ProfileManager] Valid v5 profile found for c.c
0     |Info:    [ProfileManager] Found file: mahiru.orp attempting to validate header
0     |Info:    [ProfileManager] Valid v5 profile found for mahiru
3     |Info:    [ResourceManager] Initializing HID interfaces: Success
3     |Info:    ------------------------------------------------------
3     |Info:    |               Start device detection               |
3     |Info:    ------------------------------------------------------
22    |Info:    ------------------------------------------------------
22    |Info:    |             Detecting I2C interfaces               |
22    |Info:    ------------------------------------------------------
22    |Info:    [ResourceManager] Registering I2C interface: /dev/i2c-3 Device 0000:0000 Subsystem: 0000:0000
22    |Info:    [ResourceManager] Registering I2C interface: /dev/i2c-10 Device 10DE:2D05 Subsystem: 1458:41B3
22    |Info:    [ResourceManager] Registering I2C interface: /dev/i2c-1 Device 0000:0000 Subsystem: 0000:0000
22    |Info:    [ResourceManager] Registering I2C interface: /dev/i2c-8 Device 10DE:2D05 Subsystem: 1458:41B3
22    |Info:    [ResourceManager] Registering I2C interface: /dev/i2c-6 Device 8086:7AA3 Subsystem: 1458:5001
22    |Info:    [ResourceManager] Registering I2C interface: /dev/i2c-4 Device 0000:0000 Subsystem: 0000:0000
22    |Info:    [ResourceManager] Registering I2C interface: /dev/i2c-2 Device 0000:0000 Subsystem: 0000:0000
22    |Info:    [ResourceManager] Registering I2C interface: /dev/i2c-0 Device 0000:0000 Subsystem: 0000:0000
22    |Info:    [ResourceManager] Registering I2C interface: /dev/i2c-9 Device 10DE:2D05 Subsystem: 1458:41B3
22    |Info:    [ResourceManager] Registering I2C interface: /dev/i2c-7 Device 10DE:2D05 Subsystem: 1458:41B3
22    |Info:    [ResourceManager] Registering I2C interface: /dev/i2c-5 Device 0000:0000 Subsystem: 0000:0000
22    |Info:    ------------------------------------------------------
22    |Info:    |               Detecting I2C devices                |
22    |Info:    ------------------------------------------------------
418   |Info:    ------------------------------------------------------
418   |Info:    |            Detecting I2C DIMM modules              |
418   |Info:    ------------------------------------------------------
419   |Info:    [ResourceManager] Detected occupied slot 1, bus 4, type Reserved
424   |Info:    [ResourceManager] Detected occupied slot 3, bus 4, type Reserved
445   |Info:    ------------------------------------------------------
445   |Info:    |               Detecting I2C PCI devices            |
445   |Info:    ------------------------------------------------------
446   |Info:    ------------------------------------------------------
446   |Info:    |               Detecting HID devices                |
446   |Info:    ------------------------------------------------------
499   |Info:    [ROYUAN 2.4G Wireless Keyboard] Registering RGB controller
550   |Info:    [ROYUAN Epomaker RT80] Registering RGB controller
550   |Info:    ------------------------------------------------------
550   |Info:    |            Detecting libusb HID devices            |
550   |Info:    ------------------------------------------------------
570   |Info:    ------------------------------------------------------
570   |Info:    |              Detecting other devices               |
570   |Info:    ------------------------------------------------------
590   |Info:    [ResourceManager] Calling Post-detection callbacks
590   |Info:    ------------------------------------------------------
590   |Info:    |                Detection completed                 |
590   |Info:    ------------------------------------------------------
590   |Info:    [ProfileManager] Profile loading: Succeeded for ROYUAN 2.4G Wireless Keyboard @ HID: /dev/hidraw3
590   |Info:    [ProfileManager] Profile loading: Succeeded for ROYUAN Epomaker RT80 @ HID: /dev/hidraw8
