    OpenRGB v0.9+ (1.0rc2)
    Commit:  from 
    Launched: 20260419_194203
====================================================================================================

0     |Info:    [ProfileManager] Found file: c.c.orp attempting to validate header
0     |Info:    [ProfileManager] Valid v5 profile found for c.c
0     |Info:    [ProfileManager] Found file: mahiru.orp attempting to validate header
0     |Info:    [ProfileManager] Valid v5 profile found for mahiru
2     |Info:    [ResourceManager] Initializing HID interfaces: Success
2     |Info:    ------------------------------------------------------
2     |Info:    |               Start device detection               |
2     |Info:    ------------------------------------------------------
14    |Info:    ------------------------------------------------------
14    |Info:    |             Detecting I2C interfaces               |
14    |Info:    ------------------------------------------------------
14    |Info:    [ResourceManager] Registering I2C interface: /dev/i2c-3 Device 0000:0000 Subsystem: 0000:0000
14    |Info:    [ResourceManager] Registering I2C interface: /dev/i2c-10 Device 10DE:2D05 Subsystem: 1458:41B3
15    |Info:    [ResourceManager] Registering I2C interface: /dev/i2c-1 Device 0000:0000 Subsystem: 0000:0000
15    |Info:    [ResourceManager] Registering I2C interface: /dev/i2c-8 Device 10DE:2D05 Subsystem: 1458:41B3
15    |Info:    [ResourceManager] Registering I2C interface: /dev/i2c-6 Device 8086:7AA3 Subsystem: 1458:5001
15    |Info:    [ResourceManager] Registering I2C interface: /dev/i2c-4 Device 0000:0000 Subsystem: 0000:0000
15    |Info:    [ResourceManager] Registering I2C interface: /dev/i2c-2 Device 0000:0000 Subsystem: 0000:0000
15    |Info:    [ResourceManager] Registering I2C interface: /dev/i2c-0 Device 0000:0000 Subsystem: 0000:0000
15    |Info:    [ResourceManager] Registering I2C interface: /dev/i2c-9 Device 10DE:2D05 Subsystem: 1458:41B3
15    |Info:    [ResourceManager] Registering I2C interface: /dev/i2c-7 Device 10DE:2D05 Subsystem: 1458:41B3
15    |Info:    [ResourceManager] Registering I2C interface: /dev/i2c-5 Device 0000:0000 Subsystem: 0000:0000
15    |Info:    ------------------------------------------------------
15    |Info:    |               Detecting I2C devices                |
15    |Info:    ------------------------------------------------------
485   |Info:    ------------------------------------------------------
485   |Info:    |            Detecting I2C DIMM modules              |
485   |Info:    ------------------------------------------------------
486   |Info:    [ResourceManager] Detected occupied slot 1, bus 4, type Key: Number Pad 7
487   |Info:    [ResourceManager] Detected occupied slot 3, bus 4, type Key: Number Pad 7
487   |Info:    ------------------------------------------------------
487   |Info:    |               Detecting I2C PCI devices            |
487   |Info:    ------------------------------------------------------
488   |Info:    ------------------------------------------------------
488   |Info:    |               Detecting HID devices                |
488   |Info:    ------------------------------------------------------
541   |Info:    [ROYUAN 2.4G Wireless Keyboard] Registering RGB controller
593   |Info:    [ROYUAN Epomaker RT80] Registering RGB controller
593   |Info:    ------------------------------------------------------
593   |Info:    |            Detecting libusb HID devices            |
593   |Info:    ------------------------------------------------------
608   |Info:    ------------------------------------------------------
608   |Info:    |              Detecting other devices               |
608   |Info:    ------------------------------------------------------
643   |Info:    [ResourceManager] Calling Post-detection callbacks
643   |Info:    ------------------------------------------------------
643   |Info:    |                Detection completed                 |
643   |Info:    ------------------------------------------------------
643   |Info:    [ProfileManager] Profile loading: Succeeded for ROYUAN 2.4G Wireless Keyboard @ HID: /dev/hidraw3
643   |Info:    [ProfileManager] Profile loading: Succeeded for ROYUAN Epomaker RT80 @ HID: /dev/hidraw8
