2026-04-18 15:38:52.139 [info] [main] Log level: Info
2026-04-18 15:38:52.139 [info] [main] Validating found git in: "git"
2026-04-18 15:38:52.139 [info] [main] Using git "2.53.0" from "git"
2026-04-18 15:38:52.139 [info] [Model][doInitialScan] Initial repository scan started
2026-04-18 15:38:52.139 [info] > git rev-parse --show-toplevel [3ms]
2026-04-18 15:38:52.139 [info] fatal: not a git repository (or any parent up to mount point /)
Stopping at filesystem boundary (GIT_DISCOVERY_ACROSS_FILESYSTEM not set).
2026-04-18 15:38:52.139 [info] > git rev-parse --show-toplevel [1ms]
2026-04-18 15:38:52.139 [info] fatal: not a git repository (or any parent up to mount point /)
Stopping at filesystem boundary (GIT_DISCOVERY_ACROSS_FILESYSTEM not set).
2026-04-18 15:38:52.139 [info] > git rev-parse --show-toplevel [0ms]
2026-04-18 15:38:52.139 [info] fatal: not a git repository (or any parent up to mount point /)
Stopping at filesystem boundary (GIT_DISCOVERY_ACROSS_FILESYSTEM not set).
2026-04-18 15:38:52.139 [info] > git rev-parse --show-toplevel [1ms]
2026-04-18 15:38:52.139 [info] fatal: not a git repository (or any parent up to mount point /)
Stopping at filesystem boundary (GIT_DISCOVERY_ACROSS_FILESYSTEM not set).
2026-04-18 15:38:52.139 [info] > git rev-parse --show-toplevel [0ms]
2026-04-18 15:38:52.139 [info] fatal: not a git repository (or any parent up to mount point /)
Stopping at filesystem boundary (GIT_DISCOVERY_ACROSS_FILESYSTEM not set).
2026-04-18 15:38:52.139 [info] > git rev-parse --show-toplevel [1ms]
2026-04-18 15:38:52.139 [info] fatal: not a git repository (or any parent up to mount point /)
Stopping at filesystem boundary (GIT_DISCOVERY_ACROSS_FILESYSTEM not set).
2026-04-18 15:38:52.139 [info] > git rev-parse --show-toplevel [0ms]
2026-04-18 15:38:52.139 [info] fatal: not a git repository (or any parent up to mount point /)
Stopping at filesystem boundary (GIT_DISCOVERY_ACROSS_FILESYSTEM not set).
2026-04-18 15:38:52.139 [info] > git rev-parse --show-toplevel [3ms]
2026-04-18 15:38:52.139 [info] fatal: not a git repository (or any parent up to mount point /)
Stopping at filesystem boundary (GIT_DISCOVERY_ACROSS_FILESYSTEM not set).
2026-04-18 15:38:52.139 [info] > git rev-parse --show-toplevel [0ms]
2026-04-18 15:38:52.139 [info] fatal: not a git repository (or any parent up to mount point /)
Stopping at filesystem boundary (GIT_DISCOVERY_ACROSS_FILESYSTEM not set).
2026-04-18 15:38:52.139 [info] > git rev-parse --show-toplevel [1ms]
2026-04-18 15:38:52.139 [info] fatal: not a git repository (or any parent up to mount point /)
Stopping at filesystem boundary (GIT_DISCOVERY_ACROSS_FILESYSTEM not set).
2026-04-18 15:38:52.139 [info] > git rev-parse --show-toplevel [1ms]
2026-04-18 15:38:52.139 [info] fatal: not a git repository (or any parent up to mount point /)
Stopping at filesystem boundary (GIT_DISCOVERY_ACROSS_FILESYSTEM not set).
2026-04-18 15:38:52.139 [info] > git rev-parse --show-toplevel [0ms]
2026-04-18 15:38:52.139 [info] fatal: not a git repository (or any parent up to mount point /)
Stopping at filesystem boundary (GIT_DISCOVERY_ACROSS_FILESYSTEM not set).
2026-04-18 15:38:52.139 [info] > git rev-parse --show-toplevel [1ms]
2026-04-18 15:38:52.139 [info] fatal: not a git repository (or any parent up to mount point /)
Stopping at filesystem boundary (GIT_DISCOVERY_ACROSS_FILESYSTEM not set).
2026-04-18 15:38:52.148 [info] > git rev-parse --show-toplevel [7ms]
2026-04-18 15:38:52.148 [info] fatal: not a git repository (or any parent up to mount point /)
Stopping at filesystem boundary (GIT_DISCOVERY_ACROSS_FILESYSTEM not set).
2026-04-18 15:38:52.154 [info] > git rev-parse --show-toplevel [3ms]
2026-04-18 15:38:52.154 [info] fatal: not a git repository (or any parent up to mount point /)
Stopping at filesystem boundary (GIT_DISCOVERY_ACROSS_FILESYSTEM not set).
2026-04-18 15:38:52.156 [info] > git rev-parse --show-toplevel [0ms]
2026-04-18 15:38:52.156 [info] fatal: not a git repository (or any parent up to mount point /)
Stopping at filesystem boundary (GIT_DISCOVERY_ACROSS_FILESYSTEM not set).
2026-04-18 15:38:52.159 [info] > git rev-parse --show-toplevel [0ms]
2026-04-18 15:38:52.159 [info] fatal: not a git repository (or any parent up to mount point /)
Stopping at filesystem boundary (GIT_DISCOVERY_ACROSS_FILESYSTEM not set).
2026-04-18 15:38:52.161 [info] > git rev-parse --show-toplevel [0ms]
2026-04-18 15:38:52.161 [info] fatal: not a git repository (or any parent up to mount point /)
Stopping at filesystem boundary (GIT_DISCOVERY_ACROSS_FILESYSTEM not set).
2026-04-18 15:38:52.164 [info] > git rev-parse --show-toplevel [1ms]
2026-04-18 15:38:52.164 [info] fatal: not a git repository (or any parent up to mount point /)
Stopping at filesystem boundary (GIT_DISCOVERY_ACROSS_FILESYSTEM not set).
2026-04-18 15:38:52.166 [info] > git rev-parse --show-toplevel [1ms]
2026-04-18 15:38:52.166 [info] fatal: not a git repository (or any parent up to mount point /)
Stopping at filesystem boundary (GIT_DISCOVERY_ACROSS_FILESYSTEM not set).
2026-04-18 15:38:52.192 [info] > git rev-parse --show-toplevel [24ms]
2026-04-18 15:38:52.192 [info] fatal: not a git repository (or any parent up to mount point /)
Stopping at filesystem boundary (GIT_DISCOVERY_ACROSS_FILESYSTEM not set).
2026-04-18 15:38:52.198 [info] > git rev-parse --show-toplevel [1ms]
2026-04-18 15:38:52.198 [info] fatal: not a git repository (or any parent up to mount point /)
Stopping at filesystem boundary (GIT_DISCOVERY_ACROSS_FILESYSTEM not set).
2026-04-18 15:38:52.202 [info] > git rev-parse --show-toplevel [0ms]
2026-04-18 15:38:52.202 [info] fatal: not a git repository (or any parent up to mount point /)
Stopping at filesystem boundary (GIT_DISCOVERY_ACROSS_FILESYSTEM not set).
2026-04-18 15:38:52.205 [info] > git rev-parse --show-toplevel [1ms]
2026-04-18 15:38:52.205 [info] fatal: not a git repository (or any parent up to mount point /)
Stopping at filesystem boundary (GIT_DISCOVERY_ACROSS_FILESYSTEM not set).
2026-04-18 15:38:52.208 [info] > git rev-parse --show-toplevel [0ms]
2026-04-18 15:38:52.208 [info] fatal: not a git repository (or any parent up to mount point /)
Stopping at filesystem boundary (GIT_DISCOVERY_ACROSS_FILESYSTEM not set).
2026-04-18 15:38:52.210 [info] > git rev-parse --show-toplevel [1ms]
2026-04-18 15:38:52.210 [info] fatal: not a git repository (or any parent up to mount point /)
Stopping at filesystem boundary (GIT_DISCOVERY_ACROSS_FILESYSTEM not set).
2026-04-18 15:38:52.212 [info] > git rev-parse --show-toplevel [0ms]
2026-04-18 15:38:52.212 [info] fatal: not a git repository (or any parent up to mount point /)
Stopping at filesystem boundary (GIT_DISCOVERY_ACROSS_FILESYSTEM not set).
2026-04-18 15:38:52.215 [info] > git rev-parse --show-toplevel [1ms]
2026-04-18 15:38:52.215 [info] fatal: not a git repository (or any parent up to mount point /)
Stopping at filesystem boundary (GIT_DISCOVERY_ACROSS_FILESYSTEM not set).
2026-04-18 15:38:52.217 [info] > git rev-parse --show-toplevel [0ms]
2026-04-18 15:38:52.217 [info] fatal: not a git repository (or any parent up to mount point /)
Stopping at filesystem boundary (GIT_DISCOVERY_ACROSS_FILESYSTEM not set).
2026-04-18 15:38:52.224 [info] > git rev-parse --show-toplevel [5ms]
2026-04-18 15:38:52.228 [info] > git rev-parse --git-dir --git-common-dir --show-superproject-working-tree [2ms]
2026-04-18 15:38:52.238 [info] [Model][openRepository] Opened repository (path): /home/surfiks/clock-rs
2026-04-18 15:38:52.238 [info] [Model][openRepository] Opened repository (real path): /home/surfiks/clock-rs
2026-04-18 15:38:52.238 [info] [Model][openRepository] Opened repository (kind): repository
2026-04-18 15:38:52.245 [info] > git config --get commit.template [3ms]
2026-04-18 15:38:52.246 [info] > git rev-parse --show-toplevel [2ms]
2026-04-18 15:38:52.246 [info] fatal: not a git repository (or any parent up to mount point /)
Stopping at filesystem boundary (GIT_DISCOVERY_ACROSS_FILESYSTEM not set).
2026-04-18 15:38:52.253 [info] > git rev-parse --show-toplevel [1ms]
2026-04-18 15:38:52.253 [info] fatal: not a git repository (or any parent up to mount point /)
Stopping at filesystem boundary (GIT_DISCOVERY_ACROSS_FILESYSTEM not set).
2026-04-18 15:38:52.255 [info] > git rev-parse --show-toplevel [0ms]
2026-04-18 15:38:52.255 [info] fatal: not a git repository (or any parent up to mount point /)
Stopping at filesystem boundary (GIT_DISCOVERY_ACROSS_FILESYSTEM not set).
2026-04-18 15:38:52.258 [info] > git for-each-ref --format=%(refname)%00%(upstream:short)%00%(objectname)%00%(upstream:track)%00%(upstream:remotename)%00%(upstream:remoteref) refs/heads/main refs/remotes/main [8ms]
2026-04-18 15:38:52.260 [warning] [Git][revParse] Unable to read file: ENOENT: no such file or directory, open '/home/surfiks/clock-rs/.git/refs/remotes/origin/main'
2026-04-18 15:38:52.260 [info] > git rev-parse --show-toplevel [3ms]
2026-04-18 15:38:52.263 [info] > git rev-parse refs/remotes/origin/main [3ms]
2026-04-18 15:38:52.269 [info] > git rev-parse --git-dir --git-common-dir --show-superproject-working-tree [6ms]
2026-04-18 15:38:52.270 [info] > git status -z -uall [4ms]
2026-04-18 15:38:52.271 [info] > git for-each-ref --sort -committerdate --format %(refname)%00%(objectname)%00%(*objectname) [2ms]
2026-04-18 15:38:52.289 [info] > git for-each-ref --format=%(refname)%00%(upstream:short)%00%(objectname)%00%(upstream:track)%00%(upstream:remotename)%00%(upstream:remoteref) refs/heads/main refs/remotes/main [5ms]
2026-04-18 15:38:52.292 [info] > git config --get --local branch.main.vscode-merge-base [1ms]
2026-04-18 15:38:52.294 [info] > git config --get commit.template [6ms]
2026-04-18 15:38:52.295 [info] > git for-each-ref --format=%(refname)%00%(upstream:short)%00%(objectname)%00%(upstream:track)%00%(upstream:remotename)%00%(upstream:remoteref) refs/heads/origin/main refs/remotes/origin/main [1ms]
2026-04-18 15:38:52.301 [info] > git for-each-ref --format=%(refname)%00%(upstream:short)%00%(objectname)%00%(upstream:track)%00%(upstream:remotename)%00%(upstream:remoteref) refs/heads/main refs/remotes/main [1ms]
2026-04-18 15:38:52.301 [info] > git merge-base refs/heads/main refs/remotes/origin/main [4ms]
2026-04-18 15:38:52.306 [warning] [Git][revParse] Unable to read file: ENOENT: no such file or directory, open '/home/surfiks/clock-rs/.git/refs/remotes/origin/main'
2026-04-18 15:38:52.309 [info] [Model][openRepository] Opened repository (path): /home/surfiks/yay
2026-04-18 15:38:52.309 [info] [Model][openRepository] Opened repository (real path): /home/surfiks/yay
2026-04-18 15:38:52.309 [info] [Model][openRepository] Opened repository (kind): repository
2026-04-18 15:38:52.310 [info] [Model][doInitialScan] Initial repository scan completed - repositories (2), closed repositories (0), parent repositories (0), unsafe repositories (0)
2026-04-18 15:38:52.314 [info] > git rev-parse refs/remotes/origin/main [8ms]
2026-04-18 15:38:52.318 [info] > git diff --raw --numstat --diff-filter=ADMR -z --find-renames=50% eb23ae0de642211fa8b0bc49d30661ceeb6d17e7...refs/remotes/origin/main -- [14ms]
2026-04-18 15:38:52.320 [info] > git status -z -uall [4ms]
2026-04-18 15:38:52.320 [info] > git for-each-ref --sort -committerdate --format %(refname)%00%(objectname)%00%(*objectname) [2ms]
2026-04-18 15:38:52.322 [info] > git rev-parse --show-toplevel [8ms]
2026-04-18 15:38:52.322 [info] fatal: not a git repository (or any parent up to mount point /)
Stopping at filesystem boundary (GIT_DISCOVERY_ACROSS_FILESYSTEM not set).
2026-04-18 15:38:52.322 [info] > git config --get commit.template [10ms]
2026-04-18 15:38:52.328 [info] > git rev-parse --show-toplevel [3ms]
2026-04-18 15:38:52.328 [info] fatal: not a git repository (or any parent up to mount point /)
Stopping at filesystem boundary (GIT_DISCOVERY_ACROSS_FILESYSTEM not set).
2026-04-18 15:38:52.331 [info] > git for-each-ref --format=%(refname)%00%(upstream:short)%00%(objectname)%00%(upstream:track)%00%(upstream:remotename)%00%(upstream:remoteref) refs/heads/master refs/remotes/master [4ms]
2026-04-18 15:38:52.333 [warning] [Git][revParse] Unable to read file: ENOENT: no such file or directory, open '/home/surfiks/yay/.git/refs/remotes/origin/master'
2026-04-18 15:38:52.333 [info] > git rev-parse refs/remotes/origin/master [0ms]
2026-04-18 15:38:52.339 [info] > git status -z -uall [3ms]
2026-04-18 15:38:52.339 [info] > git for-each-ref --sort -committerdate --format %(refname)%00%(objectname)%00%(*objectname) [1ms]
2026-04-18 15:38:52.346 [info] > git for-each-ref --format=%(refname)%00%(upstream:short)%00%(objectname)%00%(upstream:track)%00%(upstream:remotename)%00%(upstream:remoteref) refs/heads/master refs/remotes/master [3ms]
2026-04-18 15:38:52.348 [info] > git config --get commit.template [3ms]
2026-04-18 15:38:52.349 [info] > git config --get --local branch.master.vscode-merge-base [1ms]
2026-04-18 15:38:52.353 [info] > git for-each-ref --format=%(refname)%00%(upstream:short)%00%(objectname)%00%(upstream:track)%00%(upstream:remotename)%00%(upstream:remoteref) refs/heads/origin/master refs/remotes/origin/master [2ms]
2026-04-18 15:38:52.358 [info] > git for-each-ref --format=%(refname)%00%(upstream:short)%00%(objectname)%00%(upstream:track)%00%(upstream:remotename)%00%(upstream:remoteref) refs/heads/master refs/remotes/master [5ms]
2026-04-18 15:38:52.360 [warning] [Git][revParse] Unable to read file: ENOENT: no such file or directory, open '/home/surfiks/yay/.git/refs/remotes/origin/master'
2026-04-18 15:38:52.360 [info] > git merge-base refs/heads/master refs/remotes/origin/master [4ms]
2026-04-18 15:38:52.363 [info] > git rev-parse refs/remotes/origin/master [3ms]
2026-04-18 15:38:52.367 [info] > git status -z -uall [2ms]
2026-04-18 15:38:52.368 [info] > git diff --raw --numstat --diff-filter=ADMR -z --find-renames=50% 1a092538ebdfa373ddb641ab1fe564a2ed62877d...refs/remotes/origin/master -- [6ms]
2026-04-18 15:38:52.368 [info] > git for-each-ref --sort -committerdate --format %(refname)%00%(objectname)%00%(*objectname) [1ms]
2026-04-18 15:38:52.421 [info] > git rev-parse --show-toplevel [0ms]
2026-04-18 15:38:52.421 [info] fatal: not a git repository (or any parent up to mount point /)
Stopping at filesystem boundary (GIT_DISCOVERY_ACROSS_FILESYSTEM not set).
2026-04-18 15:38:52.967 [info] > git check-ignore -v -z --stdin [3ms]
2026-04-18 15:38:52.967 [info] > git check-ignore -v -z --stdin [1ms]
2026-04-18 15:38:53.875 [info] > git rev-parse --show-toplevel [0ms]
2026-04-18 15:38:53.875 [info] fatal: not a git repository (or any parent up to mount point /)
Stopping at filesystem boundary (GIT_DISCOVERY_ACROSS_FILESYSTEM not set).
2026-04-18 15:39:12.791 [info] > git rev-parse --show-toplevel [1ms]
2026-04-18 15:39:12.791 [info] fatal: not a git repository (or any parent up to mount point /)
Stopping at filesystem boundary (GIT_DISCOVERY_ACROSS_FILESYSTEM not set).
2026-04-18 15:39:25.926 [info] > git rev-parse --show-toplevel [2ms]
2026-04-18 15:39:25.926 [info] fatal: not a git repository (or any parent up to mount point /)
Stopping at filesystem boundary (GIT_DISCOVERY_ACROSS_FILESYSTEM not set).
2026-04-18 15:39:29.124 [info] > git rev-parse --show-toplevel [2ms]
2026-04-18 15:39:29.124 [info] fatal: not a git repository (or any parent up to mount point /)
Stopping at filesystem boundary (GIT_DISCOVERY_ACROSS_FILESYSTEM not set).
2026-04-18 15:44:32.217 [info] > git rev-parse --show-toplevel [1ms]
2026-04-18 15:44:32.217 [info] fatal: not a git repository (or any parent up to mount point /)
Stopping at filesystem boundary (GIT_DISCOVERY_ACROSS_FILESYSTEM not set).
2026-04-18 15:44:37.976 [info] > git rev-parse --show-toplevel [3ms]
2026-04-18 15:44:37.979 [info] fatal: not a git repository (or any parent up to mount point /)
Stopping at filesystem boundary (GIT_DISCOVERY_ACROSS_FILESYSTEM not set).
2026-04-18 15:44:41.375 [info] > git rev-parse --show-toplevel [1ms]
2026-04-18 15:44:41.375 [info] fatal: not a git repository (or any parent up to mount point /)
Stopping at filesystem boundary (GIT_DISCOVERY_ACROSS_FILESYSTEM not set).
2026-04-18 15:46:11.490 [info] > git rev-parse --show-toplevel [2ms]
2026-04-18 15:46:11.490 [info] fatal: not a git repository (or any parent up to mount point /)
Stopping at filesystem boundary (GIT_DISCOVERY_ACROSS_FILESYSTEM not set).
2026-04-18 15:46:59.250 [info] > git rev-parse --show-toplevel [1ms]
2026-04-18 15:46:59.250 [info] fatal: not a git repository (or any parent up to mount point /)
Stopping at filesystem boundary (GIT_DISCOVERY_ACROSS_FILESYSTEM not set).
2026-04-18 15:47:07.583 [info] > git rev-parse --show-toplevel [2ms]
2026-04-18 15:47:07.584 [info] fatal: not a git repository (or any parent up to mount point /)
Stopping at filesystem boundary (GIT_DISCOVERY_ACROSS_FILESYSTEM not set).
2026-04-18 15:47:09.248 [info] > git rev-parse --show-toplevel [4ms]
2026-04-18 15:47:09.249 [info] fatal: not a git repository (or any parent up to mount point /)
Stopping at filesystem boundary (GIT_DISCOVERY_ACROSS_FILESYSTEM not set).
2026-04-18 15:47:10.919 [info] > git rev-parse --show-toplevel [2ms]
2026-04-18 15:47:10.919 [info] fatal: not a git repository (or any parent up to mount point /)
Stopping at filesystem boundary (GIT_DISCOVERY_ACROSS_FILESYSTEM not set).
2026-04-18 15:47:17.285 [info] > git rev-parse --show-toplevel [3ms]
2026-04-18 15:47:17.285 [info] fatal: not a git repository (or any parent up to mount point /)
Stopping at filesystem boundary (GIT_DISCOVERY_ACROSS_FILESYSTEM not set).
2026-04-18 15:51:06.972 [info] > git rev-parse --show-toplevel [1ms]
2026-04-18 15:51:06.972 [info] fatal: not a git repository (or any parent up to mount point /)
Stopping at filesystem boundary (GIT_DISCOVERY_ACROSS_FILESYSTEM not set).
2026-04-18 15:54:18.909 [info] > git rev-parse --show-toplevel [1ms]
2026-04-18 15:54:18.913 [info] fatal: not a git repository (or any parent up to mount point /)
Stopping at filesystem boundary (GIT_DISCOVERY_ACROSS_FILESYSTEM not set).
2026-04-18 15:55:33.262 [info] > git rev-parse --show-toplevel [2ms]
2026-04-18 15:55:33.262 [info] fatal: not a git repository (or any parent up to mount point /)
Stopping at filesystem boundary (GIT_DISCOVERY_ACROSS_FILESYSTEM not set).
2026-04-18 15:57:39.939 [info] > git rev-parse --show-toplevel [2ms]
2026-04-18 15:57:39.939 [info] fatal: not a git repository (or any parent up to mount point /)
Stopping at filesystem boundary (GIT_DISCOVERY_ACROSS_FILESYSTEM not set).
2026-04-18 15:59:15.452 [info] > git rev-parse --show-toplevel [1ms]
2026-04-18 15:59:15.452 [info] fatal: not a git repository (or any parent up to mount point /)
Stopping at filesystem boundary (GIT_DISCOVERY_ACROSS_FILESYSTEM not set).
2026-04-18 15:59:17.447 [info] > git rev-parse --show-toplevel [1ms]
2026-04-18 15:59:17.447 [info] fatal: not a git repository (or any parent up to mount point /)
Stopping at filesystem boundary (GIT_DISCOVERY_ACROSS_FILESYSTEM not set).
2026-04-18 15:59:48.445 [info] > git rev-parse --show-toplevel [2ms]
2026-04-18 15:59:48.446 [info] fatal: not a git repository (or any parent up to mount point /)
Stopping at filesystem boundary (GIT_DISCOVERY_ACROSS_FILESYSTEM not set).
2026-04-18 16:00:15.891 [info] > git rev-parse --show-toplevel [0ms]
2026-04-18 16:00:15.891 [info] fatal: not a git repository (or any parent up to mount point /)
Stopping at filesystem boundary (GIT_DISCOVERY_ACROSS_FILESYSTEM not set).
2026-04-18 16:01:20.752 [info] > git rev-parse --show-toplevel [0ms]
2026-04-18 16:01:20.753 [info] fatal: not a git repository (or any parent up to mount point /)
Stopping at filesystem boundary (GIT_DISCOVERY_ACROSS_FILESYSTEM not set).
2026-04-18 16:04:34.413 [info] > git rev-parse --show-toplevel [4ms]
2026-04-18 16:04:34.413 [info] fatal: not a git repository (or any parent up to mount point /)
Stopping at filesystem boundary (GIT_DISCOVERY_ACROSS_FILESYSTEM not set).
2026-04-18 16:16:03.762 [info] > git rev-parse --show-toplevel [1ms]
2026-04-18 16:16:03.762 [info] fatal: not a git repository (or any parent up to mount point /)
Stopping at filesystem boundary (GIT_DISCOVERY_ACROSS_FILESYSTEM not set).
2026-04-18 16:16:08.655 [info] > git rev-parse --show-toplevel [5ms]
2026-04-18 16:16:08.655 [info] fatal: not a git repository (or any parent up to mount point /)
Stopping at filesystem boundary (GIT_DISCOVERY_ACROSS_FILESYSTEM not set).
2026-04-18 16:16:48.722 [info] > git rev-parse --show-toplevel [1ms]
2026-04-18 16:16:48.722 [info] fatal: not a git repository (or any parent up to mount point /)
Stopping at filesystem boundary (GIT_DISCOVERY_ACROSS_FILESYSTEM not set).
2026-04-18 16:17:02.692 [info] > git rev-parse --show-toplevel [1ms]
2026-04-18 16:17:02.692 [info] fatal: not a git repository (or any parent up to mount point /)
Stopping at filesystem boundary (GIT_DISCOVERY_ACROSS_FILESYSTEM not set).
2026-04-18 16:22:32.600 [info] > git rev-parse --show-toplevel [1ms]
2026-04-18 16:22:32.600 [info] fatal: not a git repository (or any parent up to mount point /)
Stopping at filesystem boundary (GIT_DISCOVERY_ACROSS_FILESYSTEM not set).
2026-04-18 16:22:33.374 [info] > git rev-parse --show-toplevel [2ms]
2026-04-18 16:22:33.375 [info] fatal: not a git repository (or any parent up to mount point /)
Stopping at filesystem boundary (GIT_DISCOVERY_ACROSS_FILESYSTEM not set).
