2026-04-18 10:58:43.973 [info] Extension host with pid 43613 started
2026-04-18 10:58:43.974 [info] Skipping acquiring lock for /home/surfiks/.config/Code - OSS/User/workspaceStorage/36989f12283e5b71cae71fb506a45a24.
2026-04-18 10:58:44.182 [info] ExtensionService#_doActivateExtension vscode.github-authentication, startup: false, activationEvent: 'onAuthenticationRequest:github'
2026-04-18 10:58:44.202 [info] ExtensionService#_doActivateExtension vscode.emmet, startup: false, activationEvent: 'onLanguage'
2026-04-18 10:58:44.220 [info] ExtensionService#_doActivateExtension vscode.configuration-editing, startup: false, activationEvent: 'onLanguage:json'
2026-04-18 10:58:44.233 [info] ExtensionService#_doActivateExtension vscode.extension-editing, startup: false, activationEvent: 'onLanguage:json'
2026-04-18 10:58:44.249 [info] ExtensionService#_doActivateExtension vscode.json-language-features, startup: false, activationEvent: 'onLanguage:json'
2026-04-18 10:58:44.329 [info] ExtensionService#_doActivateExtension vscode.npm, startup: false, activationEvent: 'onLanguage:json'
2026-04-18 10:58:44.641 [info] ExtensionService#_doActivateExtension vscode.git-base, startup: true, activationEvent: '*', root cause: vscode.git
2026-04-18 10:58:44.646 [info] ExtensionService#_doActivateExtension lazyvscode-theme.lazyvscode-theme, startup: true, activationEvent: '*'
2026-04-18 10:58:44.718 [info] ExtensionService#_doActivateExtension vscode.git, startup: true, activationEvent: '*'
2026-04-18 10:58:44.771 [info] ExtensionService#_doActivateExtension vscode.github, startup: true, activationEvent: '*'
2026-04-18 10:58:44.924 [info] Eager extensions activated
2026-04-18 10:58:44.935 [info] ExtensionService#_doActivateExtension vscode.debug-auto-launch, startup: false, activationEvent: 'onStartupFinished'
2026-04-18 10:58:44.938 [info] ExtensionService#_doActivateExtension vscode.merge-conflict, startup: false, activationEvent: 'onStartupFinished'
2026-04-18 10:58:44.954 [info] ExtensionService#_doActivateExtension unthrottled.doki-theme, startup: false, activationEvent: 'onStartupFinished'
2026-04-18 10:58:44.961 [error] Activating extension unthrottled.doki-theme failed due to an error:
2026-04-18 10:58:44.961 [error] Error: ENOENT: no such file or directory, scandir '/mnt/c/Users'
	at Object.readdirSync (node:fs:1597:26)
	at t.readdirSync (node:electron/js2c/node_init:2:16044)
	at resolveWorkbench (/home/surfiks/.vscode-oss/extensions/unthrottled.doki-theme-88.1.15-universal/out/ENV.js:23:32)
	at Object.<anonymous> (/home/surfiks/.vscode-oss/extensions/unthrottled.doki-theme-88.1.15-universal/out/ENV.js:28:30)
	at Module._compile (node:internal/modules/cjs/loader:1714:14)
	at Module._extensions..js (node:internal/modules/cjs/loader:1848:10)
	at Module.load (node:internal/modules/cjs/loader:1448:32)
	at Module._load (node:internal/modules/cjs/loader:1270:12)
	at c._load (node:electron/js2c/node_init:2:17993)
	at r._load (file:///usr/lib/code/out/vs/workbench/api/node/extensionHostProcess.js:821:6589)
	at e._load (file:///usr/lib/code/out/vs/workbench/api/node/extensionHostProcess.js:639:28611)
	at n._load (file:///usr/lib/code/out/vs/workbench/api/node/extensionHostProcess.js:631:27767)
	at TracingChannel.traceSync (node:diagnostics_channel:328:14)
	at wrapModuleLoad (node:internal/modules/cjs/loader:244:24)
	at Module.require (node:internal/modules/cjs/loader:1470:12)
	at require (node:internal/modules/helpers:147:16)
	at Object.<anonymous> (/home/surfiks/.vscode-oss/extensions/unthrottled.doki-theme-88.1.15-universal/out/StickerService.js:37:15)
	at Module._compile (node:internal/modules/cjs/loader:1714:14)
	at Module._extensions..js (node:internal/modules/cjs/loader:1848:10)
	at Module.load (node:internal/modules/cjs/loader:1448:32)
	at Module._load (node:internal/modules/cjs/loader:1270:12)
	at c._load (node:electron/js2c/node_init:2:17993)
	at r._load (file:///usr/lib/code/out/vs/workbench/api/node/extensionHostProcess.js:821:6589)
	at e._load (file:///usr/lib/code/out/vs/workbench/api/node/extensionHostProcess.js:639:28611)
	at n._load (file:///usr/lib/code/out/vs/workbench/api/node/extensionHostProcess.js:631:27767)
	at TracingChannel.traceSync (node:diagnostics_channel:328:14)
	at wrapModuleLoad (node:internal/modules/cjs/loader:244:24)
	at Module.require (node:internal/modules/cjs/loader:1470:12)
	at require (node:internal/modules/helpers:147:16)
	at Object.<anonymous> (/home/surfiks/.vscode-oss/extensions/unthrottled.doki-theme-88.1.15-universal/out/ThemeManager.js:37:26)
	at Module._compile (node:internal/modules/cjs/loader:1714:14)
	at Module._extensions..js (node:internal/modules/cjs/loader:1848:10)
	at Module.load (node:internal/modules/cjs/loader:1448:32)
	at Module._load (node:internal/modules/cjs/loader:1270:12)
	at c._load (node:electron/js2c/node_init:2:17993)
	at r._load (file:///usr/lib/code/out/vs/workbench/api/node/extensionHostProcess.js:821:6589)
	at e._load (file:///usr/lib/code/out/vs/workbench/api/node/extensionHostProcess.js:639:28611)
	at n._load (file:///usr/lib/code/out/vs/workbench/api/node/extensionHostProcess.js:631:27767)
	at TracingChannel.traceSync (node:diagnostics_channel:328:14)
	at wrapModuleLoad (node:internal/modules/cjs/loader:244:24)
	at Module.require (node:internal/modules/cjs/loader:1470:12)
	at require (node:internal/modules/helpers:147:16)
	at Object.<anonymous> (/home/surfiks/.vscode-oss/extensions/unthrottled.doki-theme-88.1.15-universal/out/extension.js:27:24)
	at Module._compile (node:internal/modules/cjs/loader:1714:14)
	at Module._extensions..js (node:internal/modules/cjs/loader:1848:10)
	at Module.load (node:internal/modules/cjs/loader:1448:32)
	at Module._load (node:internal/modules/cjs/loader:1270:12)
	at c._load (node:electron/js2c/node_init:2:17993)
	at r._load (file:///usr/lib/code/out/vs/workbench/api/node/extensionHostProcess.js:821:6589)
	at e._load (file:///usr/lib/code/out/vs/workbench/api/node/extensionHostProcess.js:639:28611)
	at n._load (file:///usr/lib/code/out/vs/workbench/api/node/extensionHostProcess.js:631:27767)
	at TracingChannel.traceSync (node:diagnostics_channel:328:14)
	at wrapModuleLoad (node:internal/modules/cjs/loader:244:24)
	at Module.require (node:internal/modules/cjs/loader:1470:12)
	at require (node:internal/modules/helpers:147:16)
	at lP._doLoadModule (file:///usr/lib/code/out/vs/workbench/api/node/extensionHostProcess.js:670:1614)
2026-04-18 10:58:52.762 [info] ExtensionService#_doActivateExtension vscode.css-language-features, startup: false, activationEvent: 'onLanguage:css'
2026-04-18 11:02:11.251 [error] Error: Illegal argument: line must be non-negative
	at Fe (file:///usr/lib/code/out/vs/workbench/api/node/extensionHostProcess.js:383:1610)
	at new we (file:///usr/lib/code/out/vs/workbench/api/node/extensionHostProcess.js:497:19632)
	at new fe (file:///usr/lib/code/out/vs/workbench/api/node/extensionHostProcess.js:497:21355)
	at setTrailDecorations (/home/surfiks/.vscode-oss/extensions/lazyvscode-theme.lazyvscode-theme-6.5.2-universal/follow-cursor.js:101:19)
	at Timeout._onTimeout (/home/surfiks/.vscode-oss/extensions/lazyvscode-theme.lazyvscode-theme-6.5.2-universal/follow-cursor.js:139:9)
	at listOnTimeout (node:internal/timers:588:17)
	at process.processTimers (node:internal/timers:523:7)
2026-04-18 11:06:09.175 [error] Error: Illegal argument: line must be non-negative
	at Fe (file:///usr/lib/code/out/vs/workbench/api/node/extensionHostProcess.js:383:1610)
	at new we (file:///usr/lib/code/out/vs/workbench/api/node/extensionHostProcess.js:497:19632)
	at new fe (file:///usr/lib/code/out/vs/workbench/api/node/extensionHostProcess.js:497:21355)
	at setTrailDecorations (/home/surfiks/.vscode-oss/extensions/lazyvscode-theme.lazyvscode-theme-6.5.2-universal/follow-cursor.js:101:19)
	at Timeout._onTimeout (/home/surfiks/.vscode-oss/extensions/lazyvscode-theme.lazyvscode-theme-6.5.2-universal/follow-cursor.js:139:9)
	at listOnTimeout (node:internal/timers:588:17)
	at process.processTimers (node:internal/timers:523:7)
2026-04-18 11:06:09.190 [error] Error: Illegal argument: line must be non-negative
	at Fe (file:///usr/lib/code/out/vs/workbench/api/node/extensionHostProcess.js:383:1610)
	at new we (file:///usr/lib/code/out/vs/workbench/api/node/extensionHostProcess.js:497:19632)
	at new fe (file:///usr/lib/code/out/vs/workbench/api/node/extensionHostProcess.js:497:21355)
	at setTrailDecorations (/home/surfiks/.vscode-oss/extensions/lazyvscode-theme.lazyvscode-theme-6.5.2-universal/follow-cursor.js:101:19)
	at Timeout._onTimeout (/home/surfiks/.vscode-oss/extensions/lazyvscode-theme.lazyvscode-theme-6.5.2-universal/follow-cursor.js:139:9)
	at listOnTimeout (node:internal/timers:588:17)
	at process.processTimers (node:internal/timers:523:7)
2026-04-18 11:06:09.206 [error] Error: Illegal argument: line must be non-negative
	at Fe (file:///usr/lib/code/out/vs/workbench/api/node/extensionHostProcess.js:383:1610)
	at new we (file:///usr/lib/code/out/vs/workbench/api/node/extensionHostProcess.js:497:19632)
	at new fe (file:///usr/lib/code/out/vs/workbench/api/node/extensionHostProcess.js:497:21355)
	at setTrailDecorations (/home/surfiks/.vscode-oss/extensions/lazyvscode-theme.lazyvscode-theme-6.5.2-universal/follow-cursor.js:101:19)
	at Timeout._onTimeout (/home/surfiks/.vscode-oss/extensions/lazyvscode-theme.lazyvscode-theme-6.5.2-universal/follow-cursor.js:139:9)
	at listOnTimeout (node:internal/timers:588:17)
	at process.processTimers (node:internal/timers:523:7)
2026-04-18 11:08:10.180 [error] Error: Illegal argument: line must be non-negative
	at Fe (file:///usr/lib/code/out/vs/workbench/api/node/extensionHostProcess.js:383:1610)
	at new we (file:///usr/lib/code/out/vs/workbench/api/node/extensionHostProcess.js:497:19632)
	at new fe (file:///usr/lib/code/out/vs/workbench/api/node/extensionHostProcess.js:497:21355)
	at setTrailDecorations (/home/surfiks/.vscode-oss/extensions/lazyvscode-theme.lazyvscode-theme-6.5.2-universal/follow-cursor.js:101:19)
	at Timeout._onTimeout (/home/surfiks/.vscode-oss/extensions/lazyvscode-theme.lazyvscode-theme-6.5.2-universal/follow-cursor.js:139:9)
	at listOnTimeout (node:internal/timers:588:17)
	at process.processTimers (node:internal/timers:523:7)
2026-04-18 11:08:10.195 [error] Error: Illegal argument: line must be non-negative
	at Fe (file:///usr/lib/code/out/vs/workbench/api/node/extensionHostProcess.js:383:1610)
	at new we (file:///usr/lib/code/out/vs/workbench/api/node/extensionHostProcess.js:497:19632)
	at new fe (file:///usr/lib/code/out/vs/workbench/api/node/extensionHostProcess.js:497:21355)
	at setTrailDecorations (/home/surfiks/.vscode-oss/extensions/lazyvscode-theme.lazyvscode-theme-6.5.2-universal/follow-cursor.js:101:19)
	at Timeout._onTimeout (/home/surfiks/.vscode-oss/extensions/lazyvscode-theme.lazyvscode-theme-6.5.2-universal/follow-cursor.js:139:9)
	at listOnTimeout (node:internal/timers:588:17)
	at process.processTimers (node:internal/timers:523:7)
2026-04-18 11:08:10.211 [error] Error: Illegal argument: line must be non-negative
	at Fe (file:///usr/lib/code/out/vs/workbench/api/node/extensionHostProcess.js:383:1610)
	at new we (file:///usr/lib/code/out/vs/workbench/api/node/extensionHostProcess.js:497:19632)
	at new fe (file:///usr/lib/code/out/vs/workbench/api/node/extensionHostProcess.js:497:21355)
	at setTrailDecorations (/home/surfiks/.vscode-oss/extensions/lazyvscode-theme.lazyvscode-theme-6.5.2-universal/follow-cursor.js:101:19)
	at Timeout._onTimeout (/home/surfiks/.vscode-oss/extensions/lazyvscode-theme.lazyvscode-theme-6.5.2-universal/follow-cursor.js:139:9)
	at listOnTimeout (node:internal/timers:588:17)
	at process.processTimers (node:internal/timers:523:7)
2026-04-18 11:08:10.228 [error] Error: Illegal argument: line must be non-negative
	at Fe (file:///usr/lib/code/out/vs/workbench/api/node/extensionHostProcess.js:383:1610)
	at new we (file:///usr/lib/code/out/vs/workbench/api/node/extensionHostProcess.js:497:19632)
	at new fe (file:///usr/lib/code/out/vs/workbench/api/node/extensionHostProcess.js:497:21355)
	at setTrailDecorations (/home/surfiks/.vscode-oss/extensions/lazyvscode-theme.lazyvscode-theme-6.5.2-universal/follow-cursor.js:101:19)
	at Timeout._onTimeout (/home/surfiks/.vscode-oss/extensions/lazyvscode-theme.lazyvscode-theme-6.5.2-universal/follow-cursor.js:139:9)
	at listOnTimeout (node:internal/timers:588:17)
	at process.processTimers (node:internal/timers:523:7)
2026-04-18 11:08:10.243 [error] Error: Illegal argument: line must be non-negative
	at Fe (file:///usr/lib/code/out/vs/workbench/api/node/extensionHostProcess.js:383:1610)
	at new we (file:///usr/lib/code/out/vs/workbench/api/node/extensionHostProcess.js:497:19632)
	at new fe (file:///usr/lib/code/out/vs/workbench/api/node/extensionHostProcess.js:497:21355)
	at setTrailDecorations (/home/surfiks/.vscode-oss/extensions/lazyvscode-theme.lazyvscode-theme-6.5.2-universal/follow-cursor.js:101:19)
	at Timeout._onTimeout (/home/surfiks/.vscode-oss/extensions/lazyvscode-theme.lazyvscode-theme-6.5.2-universal/follow-cursor.js:139:9)
	at listOnTimeout (node:internal/timers:588:17)
	at process.processTimers (node:internal/timers:523:7)
2026-04-18 11:08:10.258 [error] Error: Illegal argument: line must be non-negative
	at Fe (file:///usr/lib/code/out/vs/workbench/api/node/extensionHostProcess.js:383:1610)
	at new we (file:///usr/lib/code/out/vs/workbench/api/node/extensionHostProcess.js:497:19632)
	at new fe (file:///usr/lib/code/out/vs/workbench/api/node/extensionHostProcess.js:497:21355)
	at setTrailDecorations (/home/surfiks/.vscode-oss/extensions/lazyvscode-theme.lazyvscode-theme-6.5.2-universal/follow-cursor.js:101:19)
	at Timeout._onTimeout (/home/surfiks/.vscode-oss/extensions/lazyvscode-theme.lazyvscode-theme-6.5.2-universal/follow-cursor.js:139:9)
	at listOnTimeout (node:internal/timers:588:17)
	at process.processTimers (node:internal/timers:523:7)
2026-04-18 11:08:12.169 [error] Error: Illegal argument: line must be non-negative
	at Fe (file:///usr/lib/code/out/vs/workbench/api/node/extensionHostProcess.js:383:1610)
	at new we (file:///usr/lib/code/out/vs/workbench/api/node/extensionHostProcess.js:497:19632)
	at new fe (file:///usr/lib/code/out/vs/workbench/api/node/extensionHostProcess.js:497:21355)
	at setTrailDecorations (/home/surfiks/.vscode-oss/extensions/lazyvscode-theme.lazyvscode-theme-6.5.2-universal/follow-cursor.js:101:19)
	at Timeout._onTimeout (/home/surfiks/.vscode-oss/extensions/lazyvscode-theme.lazyvscode-theme-6.5.2-universal/follow-cursor.js:139:9)
	at listOnTimeout (node:internal/timers:588:17)
	at process.processTimers (node:internal/timers:523:7)
2026-04-18 11:08:15.449 [error] Error: Illegal argument: line must be non-negative
	at Fe (file:///usr/lib/code/out/vs/workbench/api/node/extensionHostProcess.js:383:1610)
	at new we (file:///usr/lib/code/out/vs/workbench/api/node/extensionHostProcess.js:497:19632)
	at new fe (file:///usr/lib/code/out/vs/workbench/api/node/extensionHostProcess.js:497:21355)
	at setTrailDecorations (/home/surfiks/.vscode-oss/extensions/lazyvscode-theme.lazyvscode-theme-6.5.2-universal/follow-cursor.js:101:19)
	at Timeout._onTimeout (/home/surfiks/.vscode-oss/extensions/lazyvscode-theme.lazyvscode-theme-6.5.2-universal/follow-cursor.js:139:9)
	at listOnTimeout (node:internal/timers:588:17)
	at process.processTimers (node:internal/timers:523:7)
2026-04-18 11:08:15.465 [error] Error: Illegal argument: line must be non-negative
	at Fe (file:///usr/lib/code/out/vs/workbench/api/node/extensionHostProcess.js:383:1610)
	at new we (file:///usr/lib/code/out/vs/workbench/api/node/extensionHostProcess.js:497:19632)
	at new fe (file:///usr/lib/code/out/vs/workbench/api/node/extensionHostProcess.js:497:21355)
	at setTrailDecorations (/home/surfiks/.vscode-oss/extensions/lazyvscode-theme.lazyvscode-theme-6.5.2-universal/follow-cursor.js:101:19)
	at Timeout._onTimeout (/home/surfiks/.vscode-oss/extensions/lazyvscode-theme.lazyvscode-theme-6.5.2-universal/follow-cursor.js:139:9)
	at listOnTimeout (node:internal/timers:588:17)
	at process.processTimers (node:internal/timers:523:7)
2026-04-18 11:08:15.481 [error] Error: Illegal argument: line must be non-negative
	at Fe (file:///usr/lib/code/out/vs/workbench/api/node/extensionHostProcess.js:383:1610)
	at new we (file:///usr/lib/code/out/vs/workbench/api/node/extensionHostProcess.js:497:19632)
	at new fe (file:///usr/lib/code/out/vs/workbench/api/node/extensionHostProcess.js:497:21355)
	at setTrailDecorations (/home/surfiks/.vscode-oss/extensions/lazyvscode-theme.lazyvscode-theme-6.5.2-universal/follow-cursor.js:101:19)
	at Timeout._onTimeout (/home/surfiks/.vscode-oss/extensions/lazyvscode-theme.lazyvscode-theme-6.5.2-universal/follow-cursor.js:139:9)
	at listOnTimeout (node:internal/timers:588:17)
	at process.processTimers (node:internal/timers:523:7)
2026-04-18 11:08:15.499 [error] Error: Illegal argument: line must be non-negative
	at Fe (file:///usr/lib/code/out/vs/workbench/api/node/extensionHostProcess.js:383:1610)
	at new we (file:///usr/lib/code/out/vs/workbench/api/node/extensionHostProcess.js:497:19632)
	at new fe (file:///usr/lib/code/out/vs/workbench/api/node/extensionHostProcess.js:497:21355)
	at setTrailDecorations (/home/surfiks/.vscode-oss/extensions/lazyvscode-theme.lazyvscode-theme-6.5.2-universal/follow-cursor.js:101:19)
	at Timeout._onTimeout (/home/surfiks/.vscode-oss/extensions/lazyvscode-theme.lazyvscode-theme-6.5.2-universal/follow-cursor.js:139:9)
	at listOnTimeout (node:internal/timers:588:17)
	at process.processTimers (node:internal/timers:523:7)
2026-04-18 11:08:15.511 [error] Error: Illegal argument: line must be non-negative
	at Fe (file:///usr/lib/code/out/vs/workbench/api/node/extensionHostProcess.js:383:1610)
	at new we (file:///usr/lib/code/out/vs/workbench/api/node/extensionHostProcess.js:497:19632)
	at new fe (file:///usr/lib/code/out/vs/workbench/api/node/extensionHostProcess.js:497:21355)
	at setTrailDecorations (/home/surfiks/.vscode-oss/extensions/lazyvscode-theme.lazyvscode-theme-6.5.2-universal/follow-cursor.js:101:19)
	at Timeout._onTimeout (/home/surfiks/.vscode-oss/extensions/lazyvscode-theme.lazyvscode-theme-6.5.2-universal/follow-cursor.js:139:9)
	at listOnTimeout (node:internal/timers:588:17)
	at process.processTimers (node:internal/timers:523:7)
2026-04-18 11:14:18.448 [error] Error: Illegal argument: line must be non-negative
	at Fe (file:///usr/lib/code/out/vs/workbench/api/node/extensionHostProcess.js:383:1610)
	at new we (file:///usr/lib/code/out/vs/workbench/api/node/extensionHostProcess.js:497:19632)
	at new fe (file:///usr/lib/code/out/vs/workbench/api/node/extensionHostProcess.js:497:21355)
	at setTrailDecorations (/home/surfiks/.vscode-oss/extensions/lazyvscode-theme.lazyvscode-theme-6.5.2-universal/follow-cursor.js:101:19)
	at Timeout._onTimeout (/home/surfiks/.vscode-oss/extensions/lazyvscode-theme.lazyvscode-theme-6.5.2-universal/follow-cursor.js:139:9)
	at listOnTimeout (node:internal/timers:588:17)
	at process.processTimers (node:internal/timers:523:7)
2026-04-18 11:14:18.464 [error] Error: Illegal argument: line must be non-negative
	at Fe (file:///usr/lib/code/out/vs/workbench/api/node/extensionHostProcess.js:383:1610)
	at new we (file:///usr/lib/code/out/vs/workbench/api/node/extensionHostProcess.js:497:19632)
	at new fe (file:///usr/lib/code/out/vs/workbench/api/node/extensionHostProcess.js:497:21355)
	at setTrailDecorations (/home/surfiks/.vscode-oss/extensions/lazyvscode-theme.lazyvscode-theme-6.5.2-universal/follow-cursor.js:101:19)
	at Timeout._onTimeout (/home/surfiks/.vscode-oss/extensions/lazyvscode-theme.lazyvscode-theme-6.5.2-universal/follow-cursor.js:139:9)
	at listOnTimeout (node:internal/timers:588:17)
	at process.processTimers (node:internal/timers:523:7)
2026-04-18 11:14:18.478 [error] Error: Illegal argument: line must be non-negative
	at Fe (file:///usr/lib/code/out/vs/workbench/api/node/extensionHostProcess.js:383:1610)
	at new we (file:///usr/lib/code/out/vs/workbench/api/node/extensionHostProcess.js:497:19632)
	at new fe (file:///usr/lib/code/out/vs/workbench/api/node/extensionHostProcess.js:497:21355)
	at setTrailDecorations (/home/surfiks/.vscode-oss/extensions/lazyvscode-theme.lazyvscode-theme-6.5.2-universal/follow-cursor.js:101:19)
	at Timeout._onTimeout (/home/surfiks/.vscode-oss/extensions/lazyvscode-theme.lazyvscode-theme-6.5.2-universal/follow-cursor.js:139:9)
	at listOnTimeout (node:internal/timers:588:17)
	at process.processTimers (node:internal/timers:523:7)
2026-04-18 11:14:18.496 [error] Error: Illegal argument: line must be non-negative
	at Fe (file:///usr/lib/code/out/vs/workbench/api/node/extensionHostProcess.js:383:1610)
	at new we (file:///usr/lib/code/out/vs/workbench/api/node/extensionHostProcess.js:497:19632)
	at new fe (file:///usr/lib/code/out/vs/workbench/api/node/extensionHostProcess.js:497:21355)
	at setTrailDecorations (/home/surfiks/.vscode-oss/extensions/lazyvscode-theme.lazyvscode-theme-6.5.2-universal/follow-cursor.js:101:19)
	at Timeout._onTimeout (/home/surfiks/.vscode-oss/extensions/lazyvscode-theme.lazyvscode-theme-6.5.2-universal/follow-cursor.js:139:9)
	at listOnTimeout (node:internal/timers:588:17)
	at process.processTimers (node:internal/timers:523:7)
2026-04-18 11:14:18.511 [error] Error: Illegal argument: line must be non-negative
	at Fe (file:///usr/lib/code/out/vs/workbench/api/node/extensionHostProcess.js:383:1610)
	at new we (file:///usr/lib/code/out/vs/workbench/api/node/extensionHostProcess.js:497:19632)
	at new fe (file:///usr/lib/code/out/vs/workbench/api/node/extensionHostProcess.js:497:21355)
	at setTrailDecorations (/home/surfiks/.vscode-oss/extensions/lazyvscode-theme.lazyvscode-theme-6.5.2-universal/follow-cursor.js:101:19)
	at Timeout._onTimeout (/home/surfiks/.vscode-oss/extensions/lazyvscode-theme.lazyvscode-theme-6.5.2-universal/follow-cursor.js:139:9)
	at listOnTimeout (node:internal/timers:588:17)
	at process.processTimers (node:internal/timers:523:7)
2026-04-18 11:14:18.525 [error] Error: Illegal argument: line must be non-negative
	at Fe (file:///usr/lib/code/out/vs/workbench/api/node/extensionHostProcess.js:383:1610)
	at new we (file:///usr/lib/code/out/vs/workbench/api/node/extensionHostProcess.js:497:19632)
	at new fe (file:///usr/lib/code/out/vs/workbench/api/node/extensionHostProcess.js:497:21355)
	at setTrailDecorations (/home/surfiks/.vscode-oss/extensions/lazyvscode-theme.lazyvscode-theme-6.5.2-universal/follow-cursor.js:101:19)
	at Timeout._onTimeout (/home/surfiks/.vscode-oss/extensions/lazyvscode-theme.lazyvscode-theme-6.5.2-universal/follow-cursor.js:139:9)
	at listOnTimeout (node:internal/timers:588:17)
	at process.processTimers (node:internal/timers:523:7)
2026-04-18 11:28:00.734 [error] Error: Illegal argument: line must be non-negative
	at Fe (file:///usr/lib/code/out/vs/workbench/api/node/extensionHostProcess.js:383:1610)
	at new we (file:///usr/lib/code/out/vs/workbench/api/node/extensionHostProcess.js:497:19632)
	at new fe (file:///usr/lib/code/out/vs/workbench/api/node/extensionHostProcess.js:497:21355)
	at setTrailDecorations (/home/surfiks/.vscode-oss/extensions/lazyvscode-theme.lazyvscode-theme-6.5.2-universal/follow-cursor.js:101:19)
	at Timeout._onTimeout (/home/surfiks/.vscode-oss/extensions/lazyvscode-theme.lazyvscode-theme-6.5.2-universal/follow-cursor.js:139:9)
	at listOnTimeout (node:internal/timers:588:17)
	at process.processTimers (node:internal/timers:523:7)
2026-04-18 11:28:00.753 [error] Error: Illegal argument: line must be non-negative
	at Fe (file:///usr/lib/code/out/vs/workbench/api/node/extensionHostProcess.js:383:1610)
	at new we (file:///usr/lib/code/out/vs/workbench/api/node/extensionHostProcess.js:497:19632)
	at new fe (file:///usr/lib/code/out/vs/workbench/api/node/extensionHostProcess.js:497:21355)
	at setTrailDecorations (/home/surfiks/.vscode-oss/extensions/lazyvscode-theme.lazyvscode-theme-6.5.2-universal/follow-cursor.js:101:19)
	at Timeout._onTimeout (/home/surfiks/.vscode-oss/extensions/lazyvscode-theme.lazyvscode-theme-6.5.2-universal/follow-cursor.js:139:9)
	at listOnTimeout (node:internal/timers:588:17)
	at process.processTimers (node:internal/timers:523:7)
2026-04-18 11:28:00.765 [error] Error: Illegal argument: line must be non-negative
	at Fe (file:///usr/lib/code/out/vs/workbench/api/node/extensionHostProcess.js:383:1610)
	at new we (file:///usr/lib/code/out/vs/workbench/api/node/extensionHostProcess.js:497:19632)
	at new fe (file:///usr/lib/code/out/vs/workbench/api/node/extensionHostProcess.js:497:21355)
	at setTrailDecorations (/home/surfiks/.vscode-oss/extensions/lazyvscode-theme.lazyvscode-theme-6.5.2-universal/follow-cursor.js:101:19)
	at Timeout._onTimeout (/home/surfiks/.vscode-oss/extensions/lazyvscode-theme.lazyvscode-theme-6.5.2-universal/follow-cursor.js:139:9)
	at listOnTimeout (node:internal/timers:588:17)
	at process.processTimers (node:internal/timers:523:7)
2026-04-18 11:28:00.782 [error] Error: Illegal argument: line must be non-negative
	at Fe (file:///usr/lib/code/out/vs/workbench/api/node/extensionHostProcess.js:383:1610)
	at new we (file:///usr/lib/code/out/vs/workbench/api/node/extensionHostProcess.js:497:19632)
	at new fe (file:///usr/lib/code/out/vs/workbench/api/node/extensionHostProcess.js:497:21355)
	at setTrailDecorations (/home/surfiks/.vscode-oss/extensions/lazyvscode-theme.lazyvscode-theme-6.5.2-universal/follow-cursor.js:101:19)
	at Timeout._onTimeout (/home/surfiks/.vscode-oss/extensions/lazyvscode-theme.lazyvscode-theme-6.5.2-universal/follow-cursor.js:139:9)
	at listOnTimeout (node:internal/timers:588:17)
	at process.processTimers (node:internal/timers:523:7)
2026-04-18 11:28:00.800 [error] Error: Illegal argument: line must be non-negative
	at Fe (file:///usr/lib/code/out/vs/workbench/api/node/extensionHostProcess.js:383:1610)
	at new we (file:///usr/lib/code/out/vs/workbench/api/node/extensionHostProcess.js:497:19632)
	at new fe (file:///usr/lib/code/out/vs/workbench/api/node/extensionHostProcess.js:497:21355)
	at setTrailDecorations (/home/surfiks/.vscode-oss/extensions/lazyvscode-theme.lazyvscode-theme-6.5.2-universal/follow-cursor.js:101:19)
	at Timeout._onTimeout (/home/surfiks/.vscode-oss/extensions/lazyvscode-theme.lazyvscode-theme-6.5.2-universal/follow-cursor.js:139:9)
	at listOnTimeout (node:internal/timers:588:17)
	at process.processTimers (node:internal/timers:523:7)
2026-04-18 11:28:00.812 [error] Error: Illegal argument: line must be non-negative
	at Fe (file:///usr/lib/code/out/vs/workbench/api/node/extensionHostProcess.js:383:1610)
	at new we (file:///usr/lib/code/out/vs/workbench/api/node/extensionHostProcess.js:497:19632)
	at new fe (file:///usr/lib/code/out/vs/workbench/api/node/extensionHostProcess.js:497:21355)
	at setTrailDecorations (/home/surfiks/.vscode-oss/extensions/lazyvscode-theme.lazyvscode-theme-6.5.2-universal/follow-cursor.js:101:19)
	at Timeout._onTimeout (/home/surfiks/.vscode-oss/extensions/lazyvscode-theme.lazyvscode-theme-6.5.2-universal/follow-cursor.js:139:9)
	at listOnTimeout (node:internal/timers:588:17)
	at process.processTimers (node:internal/timers:523:7)
2026-04-18 12:01:22.181 [info] Extension host with pid 66295 started
2026-04-18 12:01:22.182 [info] Skipping acquiring lock for /home/surfiks/.config/Code - OSS/User/workspaceStorage/36989f12283e5b71cae71fb506a45a24.
2026-04-18 12:01:22.189 [info] ExtensionService#_doActivateExtension vscode.emmet, startup: false, activationEvent: 'onLanguage'
2026-04-18 12:01:22.204 [info] ExtensionService#_doActivateExtension vscode.configuration-editing, startup: false, activationEvent: 'onLanguage:json'
2026-04-18 12:01:22.209 [info] ExtensionService#_doActivateExtension vscode.extension-editing, startup: false, activationEvent: 'onLanguage:json'
2026-04-18 12:01:22.220 [info] ExtensionService#_doActivateExtension vscode.json-language-features, startup: false, activationEvent: 'onLanguage:json'
2026-04-18 12:01:22.278 [info] ExtensionService#_doActivateExtension vscode.npm, startup: false, activationEvent: 'onLanguage:json'
2026-04-18 12:01:22.296 [info] ExtensionService#_doActivateExtension vscode.github-authentication, startup: false, activationEvent: 'onAuthenticationRequest:github'
2026-04-18 12:01:22.311 [info] ExtensionService#_doActivateExtension vscode.git-base, startup: false, activationEvent: '*', root cause: vscode.git
2026-04-18 12:01:22.312 [info] ExtensionService#_doActivateExtension lazyvscode-theme.lazyvscode-theme, startup: false, activationEvent: '*'
2026-04-18 12:01:22.319 [info] ExtensionService#_doActivateExtension vscode.css-language-features, startup: false, activationEvent: 'onLanguage:css'
2026-04-18 12:01:22.398 [info] ExtensionService#_doActivateExtension vscode.git, startup: false, activationEvent: '*'
2026-04-18 12:01:22.432 [info] ExtensionService#_doActivateExtension vscode.github, startup: false, activationEvent: '*'
2026-04-18 12:01:22.807 [info] Eager extensions activated
2026-04-18 12:01:22.813 [info] ExtensionService#_doActivateExtension vscode.debug-auto-launch, startup: false, activationEvent: 'onStartupFinished'
2026-04-18 12:01:22.814 [info] ExtensionService#_doActivateExtension vscode.merge-conflict, startup: false, activationEvent: 'onStartupFinished'
2026-04-18 12:01:22.828 [info] ExtensionService#_doActivateExtension unthrottled.doki-theme, startup: false, activationEvent: 'onStartupFinished'
2026-04-18 12:01:22.836 [error] Activating extension unthrottled.doki-theme failed due to an error:
2026-04-18 12:01:22.836 [error] Error: ENOENT: no such file or directory, scandir '/mnt/c/Users'
	at Object.readdirSync (node:fs:1597:26)
	at t.readdirSync (node:electron/js2c/node_init:2:16044)
	at resolveWorkbench (/home/surfiks/.vscode-oss/extensions/unthrottled.doki-theme-88.1.15-universal/out/ENV.js:23:32)
	at Object.<anonymous> (/home/surfiks/.vscode-oss/extensions/unthrottled.doki-theme-88.1.15-universal/out/ENV.js:28:30)
	at Module._compile (node:internal/modules/cjs/loader:1714:14)
	at Module._extensions..js (node:internal/modules/cjs/loader:1848:10)
	at Module.load (node:internal/modules/cjs/loader:1448:32)
	at Module._load (node:internal/modules/cjs/loader:1270:12)
	at c._load (node:electron/js2c/node_init:2:17993)
	at r._load (file:///usr/lib/code/out/vs/workbench/api/node/extensionHostProcess.js:821:6589)
	at e._load (file:///usr/lib/code/out/vs/workbench/api/node/extensionHostProcess.js:639:28611)
	at n._load (file:///usr/lib/code/out/vs/workbench/api/node/extensionHostProcess.js:631:27767)
	at TracingChannel.traceSync (node:diagnostics_channel:328:14)
	at wrapModuleLoad (node:internal/modules/cjs/loader:244:24)
	at Module.require (node:internal/modules/cjs/loader:1470:12)
	at require (node:internal/modules/helpers:147:16)
	at Object.<anonymous> (/home/surfiks/.vscode-oss/extensions/unthrottled.doki-theme-88.1.15-universal/out/StickerService.js:37:15)
	at Module._compile (node:internal/modules/cjs/loader:1714:14)
	at Module._extensions..js (node:internal/modules/cjs/loader:1848:10)
	at Module.load (node:internal/modules/cjs/loader:1448:32)
	at Module._load (node:internal/modules/cjs/loader:1270:12)
	at c._load (node:electron/js2c/node_init:2:17993)
	at r._load (file:///usr/lib/code/out/vs/workbench/api/node/extensionHostProcess.js:821:6589)
	at e._load (file:///usr/lib/code/out/vs/workbench/api/node/extensionHostProcess.js:639:28611)
	at n._load (file:///usr/lib/code/out/vs/workbench/api/node/extensionHostProcess.js:631:27767)
	at TracingChannel.traceSync (node:diagnostics_channel:328:14)
	at wrapModuleLoad (node:internal/modules/cjs/loader:244:24)
	at Module.require (node:internal/modules/cjs/loader:1470:12)
	at require (node:internal/modules/helpers:147:16)
	at Object.<anonymous> (/home/surfiks/.vscode-oss/extensions/unthrottled.doki-theme-88.1.15-universal/out/ThemeManager.js:37:26)
	at Module._compile (node:internal/modules/cjs/loader:1714:14)
	at Module._extensions..js (node:internal/modules/cjs/loader:1848:10)
	at Module.load (node:internal/modules/cjs/loader:1448:32)
	at Module._load (node:internal/modules/cjs/loader:1270:12)
	at c._load (node:electron/js2c/node_init:2:17993)
	at r._load (file:///usr/lib/code/out/vs/workbench/api/node/extensionHostProcess.js:821:6589)
	at e._load (file:///usr/lib/code/out/vs/workbench/api/node/extensionHostProcess.js:639:28611)
	at n._load (file:///usr/lib/code/out/vs/workbench/api/node/extensionHostProcess.js:631:27767)
	at TracingChannel.traceSync (node:diagnostics_channel:328:14)
	at wrapModuleLoad (node:internal/modules/cjs/loader:244:24)
	at Module.require (node:internal/modules/cjs/loader:1470:12)
	at require (node:internal/modules/helpers:147:16)
	at Object.<anonymous> (/home/surfiks/.vscode-oss/extensions/unthrottled.doki-theme-88.1.15-universal/out/extension.js:27:24)
	at Module._compile (node:internal/modules/cjs/loader:1714:14)
	at Module._extensions..js (node:internal/modules/cjs/loader:1848:10)
	at Module.load (node:internal/modules/cjs/loader:1448:32)
	at Module._load (node:internal/modules/cjs/loader:1270:12)
	at c._load (node:electron/js2c/node_init:2:17993)
	at r._load (file:///usr/lib/code/out/vs/workbench/api/node/extensionHostProcess.js:821:6589)
	at e._load (file:///usr/lib/code/out/vs/workbench/api/node/extensionHostProcess.js:639:28611)
	at n._load (file:///usr/lib/code/out/vs/workbench/api/node/extensionHostProcess.js:631:27767)
	at TracingChannel.traceSync (node:diagnostics_channel:328:14)
	at wrapModuleLoad (node:internal/modules/cjs/loader:244:24)
	at Module.require (node:internal/modules/cjs/loader:1470:12)
	at require (node:internal/modules/helpers:147:16)
	at lP._doLoadModule (file:///usr/lib/code/out/vs/workbench/api/node/extensionHostProcess.js:670:1614)
2026-04-18 12:02:30.982 [error] Error: Illegal argument: line must be non-negative
	at Fe (file:///usr/lib/code/out/vs/workbench/api/node/extensionHostProcess.js:383:1610)
	at new we (file:///usr/lib/code/out/vs/workbench/api/node/extensionHostProcess.js:497:19632)
	at new fe (file:///usr/lib/code/out/vs/workbench/api/node/extensionHostProcess.js:497:21355)
	at setTrailDecorations (/home/surfiks/.vscode-oss/extensions/lazyvscode-theme.lazyvscode-theme-6.5.2-universal/follow-cursor.js:101:19)
	at Timeout._onTimeout (/home/surfiks/.vscode-oss/extensions/lazyvscode-theme.lazyvscode-theme-6.5.2-universal/follow-cursor.js:139:9)
	at listOnTimeout (node:internal/timers:588:17)
	at process.processTimers (node:internal/timers:523:7)
2026-04-18 12:02:31.005 [error] Error: Illegal argument: line must be non-negative
	at Fe (file:///usr/lib/code/out/vs/workbench/api/node/extensionHostProcess.js:383:1610)
	at new we (file:///usr/lib/code/out/vs/workbench/api/node/extensionHostProcess.js:497:19632)
	at new fe (file:///usr/lib/code/out/vs/workbench/api/node/extensionHostProcess.js:497:21355)
	at setTrailDecorations (/home/surfiks/.vscode-oss/extensions/lazyvscode-theme.lazyvscode-theme-6.5.2-universal/follow-cursor.js:101:19)
	at Timeout._onTimeout (/home/surfiks/.vscode-oss/extensions/lazyvscode-theme.lazyvscode-theme-6.5.2-universal/follow-cursor.js:139:9)
	at listOnTimeout (node:internal/timers:588:17)
	at process.processTimers (node:internal/timers:523:7)
2026-04-18 12:02:31.020 [error] Error: Illegal argument: line must be non-negative
	at Fe (file:///usr/lib/code/out/vs/workbench/api/node/extensionHostProcess.js:383:1610)
	at new we (file:///usr/lib/code/out/vs/workbench/api/node/extensionHostProcess.js:497:19632)
	at new fe (file:///usr/lib/code/out/vs/workbench/api/node/extensionHostProcess.js:497:21355)
	at setTrailDecorations (/home/surfiks/.vscode-oss/extensions/lazyvscode-theme.lazyvscode-theme-6.5.2-universal/follow-cursor.js:101:19)
	at Timeout._onTimeout (/home/surfiks/.vscode-oss/extensions/lazyvscode-theme.lazyvscode-theme-6.5.2-universal/follow-cursor.js:139:9)
	at listOnTimeout (node:internal/timers:588:17)
	at process.processTimers (node:internal/timers:523:7)
2026-04-18 12:02:31.036 [error] Error: Illegal argument: line must be non-negative
	at Fe (file:///usr/lib/code/out/vs/workbench/api/node/extensionHostProcess.js:383:1610)
	at new we (file:///usr/lib/code/out/vs/workbench/api/node/extensionHostProcess.js:497:19632)
	at new fe (file:///usr/lib/code/out/vs/workbench/api/node/extensionHostProcess.js:497:21355)
	at setTrailDecorations (/home/surfiks/.vscode-oss/extensions/lazyvscode-theme.lazyvscode-theme-6.5.2-universal/follow-cursor.js:101:19)
	at Timeout._onTimeout (/home/surfiks/.vscode-oss/extensions/lazyvscode-theme.lazyvscode-theme-6.5.2-universal/follow-cursor.js:139:9)
	at listOnTimeout (node:internal/timers:588:17)
	at process.processTimers (node:internal/timers:523:7)
2026-04-18 12:20:23.720 [error] Error: Illegal argument: line must be non-negative
	at Fe (file:///usr/lib/code/out/vs/workbench/api/node/extensionHostProcess.js:383:1610)
	at new we (file:///usr/lib/code/out/vs/workbench/api/node/extensionHostProcess.js:497:19632)
	at new fe (file:///usr/lib/code/out/vs/workbench/api/node/extensionHostProcess.js:497:21355)
	at setTrailDecorations (/home/surfiks/.vscode-oss/extensions/lazyvscode-theme.lazyvscode-theme-6.5.2-universal/follow-cursor.js:101:19)
	at Timeout._onTimeout (/home/surfiks/.vscode-oss/extensions/lazyvscode-theme.lazyvscode-theme-6.5.2-universal/follow-cursor.js:139:9)
	at listOnTimeout (node:internal/timers:588:17)
	at process.processTimers (node:internal/timers:523:7)
2026-04-18 12:20:23.732 [error] Error: Illegal argument: line must be non-negative
	at Fe (file:///usr/lib/code/out/vs/workbench/api/node/extensionHostProcess.js:383:1610)
	at new we (file:///usr/lib/code/out/vs/workbench/api/node/extensionHostProcess.js:497:19632)
	at new fe (file:///usr/lib/code/out/vs/workbench/api/node/extensionHostProcess.js:497:21355)
	at setTrailDecorations (/home/surfiks/.vscode-oss/extensions/lazyvscode-theme.lazyvscode-theme-6.5.2-universal/follow-cursor.js:101:19)
	at Timeout._onTimeout (/home/surfiks/.vscode-oss/extensions/lazyvscode-theme.lazyvscode-theme-6.5.2-universal/follow-cursor.js:139:9)
	at listOnTimeout (node:internal/timers:588:17)
	at process.processTimers (node:internal/timers:523:7)
2026-04-18 12:44:28.145 [info] Extension host terminating: received terminate message from renderer
2026-04-18 12:44:28.173 [info] Extension host with pid 66295 exiting with code 0
