2026-04-18 10:05:35.151 [info] [main] Log level: Info
2026-04-18 10:05:35.151 [info] [main] Validating found git in: "git"
2026-04-18 10:05:35.151 [info] [main] Using git "2.53.0" from "git"
2026-04-18 10:05:35.151 [info] [Model][doInitialScan] Initial repository scan started
2026-04-18 10:05:35.151 [info] > git rev-parse --show-toplevel [5ms]
2026-04-18 10:05:35.151 [info] fatal: not a git repository (or any parent up to mount point /)
Stopping at filesystem boundary (GIT_DISCOVERY_ACROSS_FILESYSTEM not set).
2026-04-18 10:05:35.151 [info] > git rev-parse --show-toplevel [2ms]
2026-04-18 10:05:35.151 [info] fatal: not a git repository (or any parent up to mount point /)
Stopping at filesystem boundary (GIT_DISCOVERY_ACROSS_FILESYSTEM not set).
2026-04-18 10:05:35.151 [info] > git rev-parse --show-toplevel [2ms]
2026-04-18 10:05:35.151 [info] fatal: not a git repository (or any parent up to mount point /)
Stopping at filesystem boundary (GIT_DISCOVERY_ACROSS_FILESYSTEM not set).
2026-04-18 10:05:35.151 [info] > git rev-parse --show-toplevel [1ms]
2026-04-18 10:05:35.151 [info] fatal: not a git repository (or any parent up to mount point /)
Stopping at filesystem boundary (GIT_DISCOVERY_ACROSS_FILESYSTEM not set).
2026-04-18 10:05:35.151 [info] > git rev-parse --show-toplevel [1ms]
2026-04-18 10:05:35.151 [info] fatal: not a git repository (or any parent up to mount point /)
Stopping at filesystem boundary (GIT_DISCOVERY_ACROSS_FILESYSTEM not set).
2026-04-18 10:05:35.151 [info] > git rev-parse --show-toplevel [0ms]
2026-04-18 10:05:35.151 [info] fatal: not a git repository (or any parent up to mount point /)
Stopping at filesystem boundary (GIT_DISCOVERY_ACROSS_FILESYSTEM not set).
2026-04-18 10:05:35.151 [info] > git rev-parse --show-toplevel [1ms]
2026-04-18 10:05:35.151 [info] fatal: not a git repository (or any parent up to mount point /)
Stopping at filesystem boundary (GIT_DISCOVERY_ACROSS_FILESYSTEM not set).
2026-04-18 10:05:35.151 [info] > git rev-parse --show-toplevel [1ms]
2026-04-18 10:05:35.151 [info] fatal: not a git repository (or any parent up to mount point /)
Stopping at filesystem boundary (GIT_DISCOVERY_ACROSS_FILESYSTEM not set).
2026-04-18 10:05:35.151 [info] > git rev-parse --show-toplevel [0ms]
2026-04-18 10:05:35.151 [info] fatal: not a git repository (or any parent up to mount point /)
Stopping at filesystem boundary (GIT_DISCOVERY_ACROSS_FILESYSTEM not set).
2026-04-18 10:05:35.151 [info] > git rev-parse --show-toplevel [1ms]
2026-04-18 10:05:35.151 [info] fatal: not a git repository (or any parent up to mount point /)
Stopping at filesystem boundary (GIT_DISCOVERY_ACROSS_FILESYSTEM not set).
2026-04-18 10:05:35.151 [info] > git rev-parse --show-toplevel [1ms]
2026-04-18 10:05:35.151 [info] fatal: not a git repository (or any parent up to mount point /)
Stopping at filesystem boundary (GIT_DISCOVERY_ACROSS_FILESYSTEM not set).
2026-04-18 10:05:35.151 [info] > git rev-parse --show-toplevel [14ms]
2026-04-18 10:05:35.151 [info] fatal: not a git repository (or any parent up to mount point /)
Stopping at filesystem boundary (GIT_DISCOVERY_ACROSS_FILESYSTEM not set).
2026-04-18 10:05:35.152 [info] > git rev-parse --show-toplevel [1ms]
2026-04-18 10:05:35.152 [info] fatal: not a git repository (or any parent up to mount point /)
Stopping at filesystem boundary (GIT_DISCOVERY_ACROSS_FILESYSTEM not set).
2026-04-18 10:05:35.183 [info] > git rev-parse --show-toplevel [3ms]
2026-04-18 10:05:35.183 [info] fatal: not a git repository (or any parent up to mount point /)
Stopping at filesystem boundary (GIT_DISCOVERY_ACROSS_FILESYSTEM not set).
2026-04-18 10:05:35.186 [info] > git rev-parse --show-toplevel [1ms]
2026-04-18 10:05:35.186 [info] fatal: not a git repository (or any parent up to mount point /)
Stopping at filesystem boundary (GIT_DISCOVERY_ACROSS_FILESYSTEM not set).
2026-04-18 10:05:35.188 [info] > git rev-parse --show-toplevel [1ms]
2026-04-18 10:05:35.188 [info] fatal: not a git repository (or any parent up to mount point /)
Stopping at filesystem boundary (GIT_DISCOVERY_ACROSS_FILESYSTEM not set).
2026-04-18 10:05:35.190 [info] > git rev-parse --show-toplevel [1ms]
2026-04-18 10:05:35.190 [info] fatal: not a git repository (or any parent up to mount point /)
Stopping at filesystem boundary (GIT_DISCOVERY_ACROSS_FILESYSTEM not set).
2026-04-18 10:05:35.192 [info] > git rev-parse --show-toplevel [1ms]
2026-04-18 10:05:35.192 [info] fatal: not a git repository (or any parent up to mount point /)
Stopping at filesystem boundary (GIT_DISCOVERY_ACROSS_FILESYSTEM not set).
2026-04-18 10:05:35.195 [info] > git rev-parse --show-toplevel [1ms]
2026-04-18 10:05:35.195 [info] fatal: not a git repository (or any parent up to mount point /)
Stopping at filesystem boundary (GIT_DISCOVERY_ACROSS_FILESYSTEM not set).
2026-04-18 10:05:35.197 [info] > git rev-parse --show-toplevel [1ms]
2026-04-18 10:05:35.197 [info] fatal: not a git repository (or any parent up to mount point /)
Stopping at filesystem boundary (GIT_DISCOVERY_ACROSS_FILESYSTEM not set).
2026-04-18 10:05:35.199 [info] > git rev-parse --show-toplevel [1ms]
2026-04-18 10:05:35.199 [info] fatal: not a git repository (or any parent up to mount point /)
Stopping at filesystem boundary (GIT_DISCOVERY_ACROSS_FILESYSTEM not set).
2026-04-18 10:05:35.201 [info] > git rev-parse --show-toplevel [1ms]
2026-04-18 10:05:35.201 [info] fatal: not a git repository (or any parent up to mount point /)
Stopping at filesystem boundary (GIT_DISCOVERY_ACROSS_FILESYSTEM not set).
2026-04-18 10:05:35.203 [info] > git rev-parse --show-toplevel [1ms]
2026-04-18 10:05:35.203 [info] fatal: not a git repository (or any parent up to mount point /)
Stopping at filesystem boundary (GIT_DISCOVERY_ACROSS_FILESYSTEM not set).
2026-04-18 10:05:35.205 [info] > git rev-parse --show-toplevel [0ms]
2026-04-18 10:05:35.205 [info] fatal: not a git repository (or any parent up to mount point /)
Stopping at filesystem boundary (GIT_DISCOVERY_ACROSS_FILESYSTEM not set).
2026-04-18 10:05:35.208 [info] > git rev-parse --show-toplevel [1ms]
2026-04-18 10:05:35.208 [info] fatal: not a git repository (or any parent up to mount point /)
Stopping at filesystem boundary (GIT_DISCOVERY_ACROSS_FILESYSTEM not set).
2026-04-18 10:05:35.210 [info] > git rev-parse --show-toplevel [1ms]
2026-04-18 10:05:35.210 [info] fatal: not a git repository (or any parent up to mount point /)
Stopping at filesystem boundary (GIT_DISCOVERY_ACROSS_FILESYSTEM not set).
2026-04-18 10:05:35.212 [info] > git rev-parse --show-toplevel [0ms]
2026-04-18 10:05:35.212 [info] fatal: not a git repository (or any parent up to mount point /)
Stopping at filesystem boundary (GIT_DISCOVERY_ACROSS_FILESYSTEM not set).
2026-04-18 10:05:35.215 [info] > git rev-parse --show-toplevel [0ms]
2026-04-18 10:05:35.215 [info] fatal: not a git repository (or any parent up to mount point /)
Stopping at filesystem boundary (GIT_DISCOVERY_ACROSS_FILESYSTEM not set).
2026-04-18 10:05:35.217 [info] > git rev-parse --show-toplevel [0ms]
2026-04-18 10:05:35.217 [info] fatal: not a git repository (or any parent up to mount point /)
Stopping at filesystem boundary (GIT_DISCOVERY_ACROSS_FILESYSTEM not set).
2026-04-18 10:05:35.220 [info] > git rev-parse --show-toplevel [1ms]
2026-04-18 10:05:35.220 [info] fatal: not a git repository (or any parent up to mount point /)
Stopping at filesystem boundary (GIT_DISCOVERY_ACROSS_FILESYSTEM not set).
2026-04-18 10:05:35.226 [info] > git rev-parse --show-toplevel [5ms]
2026-04-18 10:05:35.230 [info] > git rev-parse --git-dir --git-common-dir --show-superproject-working-tree [2ms]
2026-04-18 10:05:35.243 [info] [Model][openRepository] Opened repository (path): /home/surfiks/clock-rs
2026-04-18 10:05:35.243 [info] [Model][openRepository] Opened repository (real path): /home/surfiks/clock-rs
2026-04-18 10:05:35.243 [info] [Model][openRepository] Opened repository (kind): repository
2026-04-18 10:05:35.249 [info] > git rev-parse --show-toplevel [1ms]
2026-04-18 10:05:35.249 [info] fatal: not a git repository (or any parent up to mount point /)
Stopping at filesystem boundary (GIT_DISCOVERY_ACROSS_FILESYSTEM not set).
2026-04-18 10:05:35.250 [info] > git config --get commit.template [3ms]
2026-04-18 10:05:35.255 [info] > git rev-parse --show-toplevel [3ms]
2026-04-18 10:05:35.255 [info] fatal: not a git repository (or any parent up to mount point /)
Stopping at filesystem boundary (GIT_DISCOVERY_ACROSS_FILESYSTEM not set).
2026-04-18 10:05:35.258 [info] > git rev-parse --show-toplevel [0ms]
2026-04-18 10:05:35.258 [info] fatal: not a git repository (or any parent up to mount point /)
Stopping at filesystem boundary (GIT_DISCOVERY_ACROSS_FILESYSTEM not set).
2026-04-18 10:05:35.262 [info] > git for-each-ref --format=%(refname)%00%(upstream:short)%00%(objectname)%00%(upstream:track)%00%(upstream:remotename)%00%(upstream:remoteref) refs/heads/main refs/remotes/main [8ms]
2026-04-18 10:05:35.264 [warning] [Git][revParse] Unable to read file: ENOENT: no such file or directory, open '/home/surfiks/clock-rs/.git/refs/remotes/origin/main'
2026-04-18 10:05:35.265 [info] > git rev-parse --show-toplevel [5ms]
2026-04-18 10:05:35.267 [info] > git rev-parse refs/remotes/origin/main [3ms]
2026-04-18 10:05:35.272 [info] > git rev-parse --git-dir --git-common-dir --show-superproject-working-tree [5ms]
2026-04-18 10:05:35.273 [info] > git for-each-ref --sort -committerdate --format %(refname)%00%(objectname)%00%(*objectname) [2ms]
2026-04-18 10:05:35.274 [info] > git status -z -uall [5ms]
2026-04-18 10:05:35.291 [info] > git for-each-ref --format=%(refname)%00%(upstream:short)%00%(objectname)%00%(upstream:track)%00%(upstream:remotename)%00%(upstream:remoteref) refs/heads/main refs/remotes/main [4ms]
2026-04-18 10:05:35.296 [info] [Model][openRepository] Opened repository (path): /home/surfiks/yay
2026-04-18 10:05:35.296 [info] [Model][openRepository] Opened repository (real path): /home/surfiks/yay
2026-04-18 10:05:35.296 [info] [Model][openRepository] Opened repository (kind): repository
2026-04-18 10:05:35.296 [info] [Model][doInitialScan] Initial repository scan completed - repositories (2), closed repositories (0), parent repositories (0), unsafe repositories (0)
2026-04-18 10:05:35.300 [info] > git config --get --local branch.main.vscode-merge-base [7ms]
2026-04-18 10:05:35.302 [info] > git config --get commit.template [12ms]
2026-04-18 10:05:35.303 [info] > git for-each-ref --format=%(refname)%00%(upstream:short)%00%(objectname)%00%(upstream:track)%00%(upstream:remotename)%00%(upstream:remoteref) refs/heads/origin/main refs/remotes/origin/main [1ms]
2026-04-18 10:05:35.306 [info] > git rev-parse --show-toplevel [6ms]
2026-04-18 10:05:35.306 [info] fatal: not a git repository (or any parent up to mount point /)
Stopping at filesystem boundary (GIT_DISCOVERY_ACROSS_FILESYSTEM not set).
2026-04-18 10:05:35.306 [info] > git config --get commit.template [8ms]
2026-04-18 10:05:35.310 [info] > git merge-base refs/heads/main refs/remotes/origin/main [4ms]
2026-04-18 10:05:35.312 [info] > git for-each-ref --format=%(refname)%00%(upstream:short)%00%(objectname)%00%(upstream:track)%00%(upstream:remotename)%00%(upstream:remoteref) refs/heads/main refs/remotes/main [4ms]
2026-04-18 10:05:35.314 [warning] [Git][revParse] Unable to read file: ENOENT: no such file or directory, open '/home/surfiks/clock-rs/.git/refs/remotes/origin/main'
2026-04-18 10:05:35.314 [info] > git diff --raw --numstat --diff-filter=ADMR -z --find-renames=50% eb23ae0de642211fa8b0bc49d30661ceeb6d17e7...refs/remotes/origin/main -- [2ms]
2026-04-18 10:05:35.315 [info] > git for-each-ref --format=%(refname)%00%(upstream:short)%00%(objectname)%00%(upstream:track)%00%(upstream:remotename)%00%(upstream:remoteref) refs/heads/master refs/remotes/master [5ms]
2026-04-18 10:05:35.317 [warning] [Git][revParse] Unable to read file: ENOENT: no such file or directory, open '/home/surfiks/yay/.git/refs/remotes/origin/master'
2026-04-18 10:05:35.317 [info] > git rev-parse refs/remotes/origin/main [3ms]
2026-04-18 10:05:35.321 [info] > git status -z -uall [2ms]
2026-04-18 10:05:35.321 [info] > git rev-parse refs/remotes/origin/master [4ms]
2026-04-18 10:05:35.326 [info] > git for-each-ref --sort -committerdate --format %(refname)%00%(objectname)%00%(*objectname) [5ms]
2026-04-18 10:05:35.330 [info] > git status -z -uall [6ms]
2026-04-18 10:05:35.330 [info] > git for-each-ref --sort -committerdate --format %(refname)%00%(objectname)%00%(*objectname) [5ms]
2026-04-18 10:05:35.338 [info] > git for-each-ref --format=%(refname)%00%(upstream:short)%00%(objectname)%00%(upstream:track)%00%(upstream:remotename)%00%(upstream:remoteref) refs/heads/master refs/remotes/master [5ms]
2026-04-18 10:05:35.341 [info] > git config --get --local branch.master.vscode-merge-base [1ms]
2026-04-18 10:05:35.344 [info] > git config --get commit.template [6ms]
2026-04-18 10:05:35.345 [info] > git for-each-ref --format=%(refname)%00%(upstream:short)%00%(objectname)%00%(upstream:track)%00%(upstream:remotename)%00%(upstream:remoteref) refs/heads/origin/master refs/remotes/origin/master [2ms]
2026-04-18 10:05:35.351 [info] > git for-each-ref --format=%(refname)%00%(upstream:short)%00%(objectname)%00%(upstream:track)%00%(upstream:remotename)%00%(upstream:remoteref) refs/heads/master refs/remotes/master [2ms]
2026-04-18 10:05:35.351 [info] > git merge-base refs/heads/master refs/remotes/origin/master [4ms]
2026-04-18 10:05:35.355 [warning] [Git][revParse] Unable to read file: ENOENT: no such file or directory, open '/home/surfiks/yay/.git/refs/remotes/origin/master'
2026-04-18 10:05:35.355 [info] > git diff --raw --numstat --diff-filter=ADMR -z --find-renames=50% 1a092538ebdfa373ddb641ab1fe564a2ed62877d...refs/remotes/origin/master -- [2ms]
2026-04-18 10:05:35.356 [info] > git rev-parse refs/remotes/origin/master [1ms]
2026-04-18 10:05:35.359 [info] > git status -z -uall [2ms]
2026-04-18 10:05:35.360 [info] > git for-each-ref --sort -committerdate --format %(refname)%00%(objectname)%00%(*objectname) [1ms]
2026-04-18 10:05:35.372 [info] > git rev-parse --show-toplevel [0ms]
2026-04-18 10:05:35.372 [info] fatal: not a git repository (or any parent up to mount point /)
Stopping at filesystem boundary (GIT_DISCOVERY_ACROSS_FILESYSTEM not set).
2026-04-18 10:05:36.993 [info] > git rev-parse --show-toplevel [1ms]
2026-04-18 10:05:36.993 [info] fatal: not a git repository (or any parent up to mount point /)
Stopping at filesystem boundary (GIT_DISCOVERY_ACROSS_FILESYSTEM not set).
2026-04-18 10:05:52.531 [info] > git check-ignore -v -z --stdin [3ms]
2026-04-18 10:05:52.531 [info] > git check-ignore -v -z --stdin [1ms]
2026-04-18 10:06:00.937 [info] > git rev-parse --show-toplevel [1ms]
2026-04-18 10:06:00.937 [info] fatal: not a git repository (or any parent up to mount point /)
Stopping at filesystem boundary (GIT_DISCOVERY_ACROSS_FILESYSTEM not set).
2026-04-18 10:06:03.923 [info] > git rev-parse --show-toplevel [1ms]
2026-04-18 10:06:03.923 [info] fatal: not a git repository (or any parent up to mount point /)
Stopping at filesystem boundary (GIT_DISCOVERY_ACROSS_FILESYSTEM not set).
