2026-04-18 10:09:16.983 [info] Reading sessions from keychain...
2026-04-18 10:09:16.983 [info] Getting sessions for all scopes...
2026-04-18 10:09:16.983 [info] Got stored sessions!
2026-04-18 10:09:16.983 [info] Got 1 verified sessions.
2026-04-18 10:09:16.983 [info] Got 1 sessions for ...
2026-04-18 10:09:16.983 [info] Getting sessions for all scopes...
2026-04-18 10:09:16.983 [info] Got 1 sessions for ...
2026-04-18 10:09:16.983 [info] Getting sessions for all scopes...
2026-04-18 10:09:16.983 [info] Got 1 sessions for ...
2026-04-18 10:09:17.003 [info] Getting sessions for all scopes...
2026-04-18 10:09:17.004 [info] Got 1 sessions for ...
2026-04-18 10:09:17.434 [info] Getting sessions for read:user,repo,user:email,workflow...
2026-04-18 10:09:17.434 [info] Got 1 sessions for read:user,repo,user:email,workflow...
2026-04-18 10:09:18.314 [info] Getting sessions for all scopes...
2026-04-18 10:09:18.314 [info] Got 1 sessions for ...
2026-04-18 10:09:18.314 [info] Getting sessions for all scopes...
2026-04-18 10:09:18.314 [info] Got 1 sessions for ...
2026-04-18 10:09:18.776 [info] Getting sessions for all scopes...
2026-04-18 10:09:18.776 [info] Got 1 sessions for ...
2026-04-18 10:10:31.894 [info] Getting sessions for all scopes...
2026-04-18 10:10:31.894 [info] Got 1 sessions for ...
2026-04-18 10:10:31.896 [info] Getting sessions for all scopes...
2026-04-18 10:10:31.896 [info] Got 1 sessions for ...
2026-04-18 10:10:32.926 [info] Getting sessions for all scopes...
2026-04-18 10:10:32.926 [info] Got 1 sessions for ...
2026-04-18 10:10:32.927 [info] Getting sessions for all scopes...
2026-04-18 10:10:32.927 [info] Got 1 sessions for ...
