2026-04-19 19:36:58.997 [info] Extension host with pid 5088 started
2026-04-19 19:36:58.997 [info] Skipping acquiring lock for /home/surfiks/.config/Code - OSS/User/workspaceStorage/36989f12283e5b71cae71fb506a45a24.
2026-04-19 19:36:59.237 [info] ExtensionService#_doActivateExtension vscode.github-authentication, startup: false, activationEvent: 'onAuthenticationRequest:github'
2026-04-19 19:36:59.256 [info] ExtensionService#_doActivateExtension vscode.emmet, startup: false, activationEvent: 'onLanguage'
2026-04-19 19:36:59.267 [info] ExtensionService#_doActivateExtension vscode.css-language-features, startup: false, activationEvent: 'onLanguage:css'
2026-04-19 19:36:59.570 [info] ExtensionService#_doActivateExtension vscode.git-base, startup: true, activationEvent: '*', root cause: vscode.git
2026-04-19 19:36:59.572 [info] ExtensionService#_doActivateExtension lazyvscode-theme.lazyvscode-theme, startup: true, activationEvent: '*'
2026-04-19 19:36:59.582 [info] ExtensionService#_doActivateExtension vscode.git, startup: true, activationEvent: '*'
2026-04-19 19:36:59.625 [info] ExtensionService#_doActivateExtension vscode.github, startup: true, activationEvent: '*'
2026-04-19 19:36:59.728 [info] Eager extensions activated
2026-04-19 19:36:59.760 [info] ExtensionService#_doActivateExtension vscode.debug-auto-launch, startup: false, activationEvent: 'onStartupFinished'
2026-04-19 19:36:59.762 [info] ExtensionService#_doActivateExtension vscode.merge-conflict, startup: false, activationEvent: 'onStartupFinished'
2026-04-19 19:36:59.775 [info] ExtensionService#_doActivateExtension unthrottled.doki-theme, startup: false, activationEvent: 'onStartupFinished'
2026-04-19 19:36:59.780 [error] Activating extension unthrottled.doki-theme failed due to an error:
2026-04-19 19:36:59.780 [error] Error: ENOENT: no such file or directory, scandir '/mnt/c/Users'
	at Object.readdirSync (node:fs:1597:26)
	at t.readdirSync (node:electron/js2c/node_init:2:16044)
	at resolveWorkbench (/home/surfiks/.vscode-oss/extensions/unthrottled.doki-theme-88.1.15-universal/out/ENV.js:23:32)
	at Object.<anonymous> (/home/surfiks/.vscode-oss/extensions/unthrottled.doki-theme-88.1.15-universal/out/ENV.js:28:30)
	at Module._compile (node:internal/modules/cjs/loader:1714:14)
	at Module._extensions..js (node:internal/modules/cjs/loader:1848:10)
	at Module.load (node:internal/modules/cjs/loader:1448:32)
	at Module._load (node:internal/modules/cjs/loader:1270:12)
	at c._load (node:electron/js2c/node_init:2:17993)
	at r._load (file:///usr/lib/code/out/vs/workbench/api/node/extensionHostProcess.js:821:6589)
	at e._load (file:///usr/lib/code/out/vs/workbench/api/node/extensionHostProcess.js:639:28611)
	at n._load (file:///usr/lib/code/out/vs/workbench/api/node/extensionHostProcess.js:631:27767)
	at TracingChannel.traceSync (node:diagnostics_channel:328:14)
	at wrapModuleLoad (node:internal/modules/cjs/loader:244:24)
	at Module.require (node:internal/modules/cjs/loader:1470:12)
	at require (node:internal/modules/helpers:147:16)
	at Object.<anonymous> (/home/surfiks/.vscode-oss/extensions/unthrottled.doki-theme-88.1.15-universal/out/StickerService.js:37:15)
	at Module._compile (node:internal/modules/cjs/loader:1714:14)
	at Module._extensions..js (node:internal/modules/cjs/loader:1848:10)
	at Module.load (node:internal/modules/cjs/loader:1448:32)
	at Module._load (node:internal/modules/cjs/loader:1270:12)
	at c._load (node:electron/js2c/node_init:2:17993)
	at r._load (file:///usr/lib/code/out/vs/workbench/api/node/extensionHostProcess.js:821:6589)
	at e._load (file:///usr/lib/code/out/vs/workbench/api/node/extensionHostProcess.js:639:28611)
	at n._load (file:///usr/lib/code/out/vs/workbench/api/node/extensionHostProcess.js:631:27767)
	at TracingChannel.traceSync (node:diagnostics_channel:328:14)
	at wrapModuleLoad (node:internal/modules/cjs/loader:244:24)
	at Module.require (node:internal/modules/cjs/loader:1470:12)
	at require (node:internal/modules/helpers:147:16)
	at Object.<anonymous> (/home/surfiks/.vscode-oss/extensions/unthrottled.doki-theme-88.1.15-universal/out/ThemeManager.js:37:26)
	at Module._compile (node:internal/modules/cjs/loader:1714:14)
	at Module._extensions..js (node:internal/modules/cjs/loader:1848:10)
	at Module.load (node:internal/modules/cjs/loader:1448:32)
	at Module._load (node:internal/modules/cjs/loader:1270:12)
	at c._load (node:electron/js2c/node_init:2:17993)
	at r._load (file:///usr/lib/code/out/vs/workbench/api/node/extensionHostProcess.js:821:6589)
	at e._load (file:///usr/lib/code/out/vs/workbench/api/node/extensionHostProcess.js:639:28611)
	at n._load (file:///usr/lib/code/out/vs/workbench/api/node/extensionHostProcess.js:631:27767)
	at TracingChannel.traceSync (node:diagnostics_channel:328:14)
	at wrapModuleLoad (node:internal/modules/cjs/loader:244:24)
	at Module.require (node:internal/modules/cjs/loader:1470:12)
	at require (node:internal/modules/helpers:147:16)
	at Object.<anonymous> (/home/surfiks/.vscode-oss/extensions/unthrottled.doki-theme-88.1.15-universal/out/extension.js:27:24)
	at Module._compile (node:internal/modules/cjs/loader:1714:14)
	at Module._extensions..js (node:internal/modules/cjs/loader:1848:10)
	at Module.load (node:internal/modules/cjs/loader:1448:32)
	at Module._load (node:internal/modules/cjs/loader:1270:12)
	at c._load (node:electron/js2c/node_init:2:17993)
	at r._load (file:///usr/lib/code/out/vs/workbench/api/node/extensionHostProcess.js:821:6589)
	at e._load (file:///usr/lib/code/out/vs/workbench/api/node/extensionHostProcess.js:639:28611)
	at n._load (file:///usr/lib/code/out/vs/workbench/api/node/extensionHostProcess.js:631:27767)
	at TracingChannel.traceSync (node:diagnostics_channel:328:14)
	at wrapModuleLoad (node:internal/modules/cjs/loader:244:24)
	at Module.require (node:internal/modules/cjs/loader:1470:12)
	at require (node:internal/modules/helpers:147:16)
	at lP._doLoadModule (file:///usr/lib/code/out/vs/workbench/api/node/extensionHostProcess.js:670:1614)
2026-04-19 19:41:25.611 [info] ExtensionService#_doActivateExtension vscode.configuration-editing, startup: false, activationEvent: 'onLanguage:json'
2026-04-19 19:41:25.617 [info] ExtensionService#_doActivateExtension vscode.extension-editing, startup: false, activationEvent: 'onLanguage:json'
2026-04-19 19:41:25.626 [info] ExtensionService#_doActivateExtension vscode.json-language-features, startup: false, activationEvent: 'onLanguage:json'
2026-04-19 19:41:25.681 [info] ExtensionService#_doActivateExtension vscode.npm, startup: false, activationEvent: 'onLanguage:json'
2026-04-19 19:42:19.482 [error] Error: Illegal argument: line must be non-negative
	at Fe (file:///usr/lib/code/out/vs/workbench/api/node/extensionHostProcess.js:383:1610)
	at new we (file:///usr/lib/code/out/vs/workbench/api/node/extensionHostProcess.js:497:19632)
	at new fe (file:///usr/lib/code/out/vs/workbench/api/node/extensionHostProcess.js:497:21355)
	at setTrailDecorations (/home/surfiks/.vscode-oss/extensions/lazyvscode-theme.lazyvscode-theme-6.5.2-universal/follow-cursor.js:101:19)
	at Timeout._onTimeout (/home/surfiks/.vscode-oss/extensions/lazyvscode-theme.lazyvscode-theme-6.5.2-universal/follow-cursor.js:139:9)
	at listOnTimeout (node:internal/timers:588:17)
	at process.processTimers (node:internal/timers:523:7)
2026-04-19 19:42:19.500 [error] Error: Illegal argument: line must be non-negative
	at Fe (file:///usr/lib/code/out/vs/workbench/api/node/extensionHostProcess.js:383:1610)
	at new we (file:///usr/lib/code/out/vs/workbench/api/node/extensionHostProcess.js:497:19632)
	at new fe (file:///usr/lib/code/out/vs/workbench/api/node/extensionHostProcess.js:497:21355)
	at setTrailDecorations (/home/surfiks/.vscode-oss/extensions/lazyvscode-theme.lazyvscode-theme-6.5.2-universal/follow-cursor.js:101:19)
	at Timeout._onTimeout (/home/surfiks/.vscode-oss/extensions/lazyvscode-theme.lazyvscode-theme-6.5.2-universal/follow-cursor.js:139:9)
	at listOnTimeout (node:internal/timers:588:17)
	at process.processTimers (node:internal/timers:523:7)
2026-04-19 19:42:19.515 [error] Error: Illegal argument: line must be non-negative
	at Fe (file:///usr/lib/code/out/vs/workbench/api/node/extensionHostProcess.js:383:1610)
	at new we (file:///usr/lib/code/out/vs/workbench/api/node/extensionHostProcess.js:497:19632)
	at new fe (file:///usr/lib/code/out/vs/workbench/api/node/extensionHostProcess.js:497:21355)
	at setTrailDecorations (/home/surfiks/.vscode-oss/extensions/lazyvscode-theme.lazyvscode-theme-6.5.2-universal/follow-cursor.js:101:19)
	at Timeout._onTimeout (/home/surfiks/.vscode-oss/extensions/lazyvscode-theme.lazyvscode-theme-6.5.2-universal/follow-cursor.js:139:9)
	at listOnTimeout (node:internal/timers:588:17)
	at process.processTimers (node:internal/timers:523:7)
2026-04-19 19:42:19.530 [error] Error: Illegal argument: line must be non-negative
	at Fe (file:///usr/lib/code/out/vs/workbench/api/node/extensionHostProcess.js:383:1610)
	at new we (file:///usr/lib/code/out/vs/workbench/api/node/extensionHostProcess.js:497:19632)
	at new fe (file:///usr/lib/code/out/vs/workbench/api/node/extensionHostProcess.js:497:21355)
	at setTrailDecorations (/home/surfiks/.vscode-oss/extensions/lazyvscode-theme.lazyvscode-theme-6.5.2-universal/follow-cursor.js:101:19)
	at Timeout._onTimeout (/home/surfiks/.vscode-oss/extensions/lazyvscode-theme.lazyvscode-theme-6.5.2-universal/follow-cursor.js:139:9)
	at listOnTimeout (node:internal/timers:588:17)
	at process.processTimers (node:internal/timers:523:7)
2026-04-19 19:43:49.477 [error] Error: Illegal argument: line must be non-negative
	at Fe (file:///usr/lib/code/out/vs/workbench/api/node/extensionHostProcess.js:383:1610)
	at new we (file:///usr/lib/code/out/vs/workbench/api/node/extensionHostProcess.js:497:19632)
	at new fe (file:///usr/lib/code/out/vs/workbench/api/node/extensionHostProcess.js:497:21355)
	at setTrailDecorations (/home/surfiks/.vscode-oss/extensions/lazyvscode-theme.lazyvscode-theme-6.5.2-universal/follow-cursor.js:101:19)
	at Timeout._onTimeout (/home/surfiks/.vscode-oss/extensions/lazyvscode-theme.lazyvscode-theme-6.5.2-universal/follow-cursor.js:139:9)
	at listOnTimeout (node:internal/timers:588:17)
	at process.processTimers (node:internal/timers:523:7)
2026-04-19 19:43:49.493 [error] Error: Illegal argument: line must be non-negative
	at Fe (file:///usr/lib/code/out/vs/workbench/api/node/extensionHostProcess.js:383:1610)
	at new we (file:///usr/lib/code/out/vs/workbench/api/node/extensionHostProcess.js:497:19632)
	at new fe (file:///usr/lib/code/out/vs/workbench/api/node/extensionHostProcess.js:497:21355)
	at setTrailDecorations (/home/surfiks/.vscode-oss/extensions/lazyvscode-theme.lazyvscode-theme-6.5.2-universal/follow-cursor.js:101:19)
	at Timeout._onTimeout (/home/surfiks/.vscode-oss/extensions/lazyvscode-theme.lazyvscode-theme-6.5.2-universal/follow-cursor.js:139:9)
	at listOnTimeout (node:internal/timers:588:17)
	at process.processTimers (node:internal/timers:523:7)
2026-04-19 19:43:49.506 [error] Error: Illegal argument: line must be non-negative
	at Fe (file:///usr/lib/code/out/vs/workbench/api/node/extensionHostProcess.js:383:1610)
	at new we (file:///usr/lib/code/out/vs/workbench/api/node/extensionHostProcess.js:497:19632)
	at new fe (file:///usr/lib/code/out/vs/workbench/api/node/extensionHostProcess.js:497:21355)
	at setTrailDecorations (/home/surfiks/.vscode-oss/extensions/lazyvscode-theme.lazyvscode-theme-6.5.2-universal/follow-cursor.js:101:19)
	at Timeout._onTimeout (/home/surfiks/.vscode-oss/extensions/lazyvscode-theme.lazyvscode-theme-6.5.2-universal/follow-cursor.js:139:9)
	at listOnTimeout (node:internal/timers:588:17)
	at process.processTimers (node:internal/timers:523:7)
2026-04-19 19:43:49.522 [error] Error: Illegal argument: line must be non-negative
	at Fe (file:///usr/lib/code/out/vs/workbench/api/node/extensionHostProcess.js:383:1610)
	at new we (file:///usr/lib/code/out/vs/workbench/api/node/extensionHostProcess.js:497:19632)
	at new fe (file:///usr/lib/code/out/vs/workbench/api/node/extensionHostProcess.js:497:21355)
	at setTrailDecorations (/home/surfiks/.vscode-oss/extensions/lazyvscode-theme.lazyvscode-theme-6.5.2-universal/follow-cursor.js:101:19)
	at Timeout._onTimeout (/home/surfiks/.vscode-oss/extensions/lazyvscode-theme.lazyvscode-theme-6.5.2-universal/follow-cursor.js:139:9)
	at listOnTimeout (node:internal/timers:588:17)
	at process.processTimers (node:internal/timers:523:7)
2026-04-19 19:44:08.244 [error] Error: Illegal argument: line must be non-negative
	at Fe (file:///usr/lib/code/out/vs/workbench/api/node/extensionHostProcess.js:383:1610)
	at new we (file:///usr/lib/code/out/vs/workbench/api/node/extensionHostProcess.js:497:19632)
	at new fe (file:///usr/lib/code/out/vs/workbench/api/node/extensionHostProcess.js:497:21355)
	at setTrailDecorations (/home/surfiks/.vscode-oss/extensions/lazyvscode-theme.lazyvscode-theme-6.5.2-universal/follow-cursor.js:101:19)
	at Timeout._onTimeout (/home/surfiks/.vscode-oss/extensions/lazyvscode-theme.lazyvscode-theme-6.5.2-universal/follow-cursor.js:139:9)
	at listOnTimeout (node:internal/timers:588:17)
	at process.processTimers (node:internal/timers:523:7)
2026-04-19 19:44:08.260 [error] Error: Illegal argument: line must be non-negative
	at Fe (file:///usr/lib/code/out/vs/workbench/api/node/extensionHostProcess.js:383:1610)
	at new we (file:///usr/lib/code/out/vs/workbench/api/node/extensionHostProcess.js:497:19632)
	at new fe (file:///usr/lib/code/out/vs/workbench/api/node/extensionHostProcess.js:497:21355)
	at setTrailDecorations (/home/surfiks/.vscode-oss/extensions/lazyvscode-theme.lazyvscode-theme-6.5.2-universal/follow-cursor.js:101:19)
	at Timeout._onTimeout (/home/surfiks/.vscode-oss/extensions/lazyvscode-theme.lazyvscode-theme-6.5.2-universal/follow-cursor.js:139:9)
	at listOnTimeout (node:internal/timers:588:17)
	at process.processTimers (node:internal/timers:523:7)
2026-04-19 19:44:08.277 [error] Error: Illegal argument: line must be non-negative
	at Fe (file:///usr/lib/code/out/vs/workbench/api/node/extensionHostProcess.js:383:1610)
	at new we (file:///usr/lib/code/out/vs/workbench/api/node/extensionHostProcess.js:497:19632)
	at new fe (file:///usr/lib/code/out/vs/workbench/api/node/extensionHostProcess.js:497:21355)
	at setTrailDecorations (/home/surfiks/.vscode-oss/extensions/lazyvscode-theme.lazyvscode-theme-6.5.2-universal/follow-cursor.js:101:19)
	at Timeout._onTimeout (/home/surfiks/.vscode-oss/extensions/lazyvscode-theme.lazyvscode-theme-6.5.2-universal/follow-cursor.js:139:9)
	at listOnTimeout (node:internal/timers:588:17)
	at process.processTimers (node:internal/timers:523:7)
2026-04-19 19:44:08.291 [error] Error: Illegal argument: line must be non-negative
	at Fe (file:///usr/lib/code/out/vs/workbench/api/node/extensionHostProcess.js:383:1610)
	at new we (file:///usr/lib/code/out/vs/workbench/api/node/extensionHostProcess.js:497:19632)
	at new fe (file:///usr/lib/code/out/vs/workbench/api/node/extensionHostProcess.js:497:21355)
	at setTrailDecorations (/home/surfiks/.vscode-oss/extensions/lazyvscode-theme.lazyvscode-theme-6.5.2-universal/follow-cursor.js:101:19)
	at Timeout._onTimeout (/home/surfiks/.vscode-oss/extensions/lazyvscode-theme.lazyvscode-theme-6.5.2-universal/follow-cursor.js:139:9)
	at listOnTimeout (node:internal/timers:588:17)
	at process.processTimers (node:internal/timers:523:7)
2026-04-19 19:45:04.064 [error] Error: Illegal argument: line must be non-negative
	at Fe (file:///usr/lib/code/out/vs/workbench/api/node/extensionHostProcess.js:383:1610)
	at new we (file:///usr/lib/code/out/vs/workbench/api/node/extensionHostProcess.js:497:19632)
	at new fe (file:///usr/lib/code/out/vs/workbench/api/node/extensionHostProcess.js:497:21355)
	at setTrailDecorations (/home/surfiks/.vscode-oss/extensions/lazyvscode-theme.lazyvscode-theme-6.5.2-universal/follow-cursor.js:101:19)
	at Timeout._onTimeout (/home/surfiks/.vscode-oss/extensions/lazyvscode-theme.lazyvscode-theme-6.5.2-universal/follow-cursor.js:139:9)
	at listOnTimeout (node:internal/timers:588:17)
	at process.processTimers (node:internal/timers:523:7)
2026-04-19 19:45:04.079 [error] Error: Illegal argument: line must be non-negative
	at Fe (file:///usr/lib/code/out/vs/workbench/api/node/extensionHostProcess.js:383:1610)
	at new we (file:///usr/lib/code/out/vs/workbench/api/node/extensionHostProcess.js:497:19632)
	at new fe (file:///usr/lib/code/out/vs/workbench/api/node/extensionHostProcess.js:497:21355)
	at setTrailDecorations (/home/surfiks/.vscode-oss/extensions/lazyvscode-theme.lazyvscode-theme-6.5.2-universal/follow-cursor.js:101:19)
	at Timeout._onTimeout (/home/surfiks/.vscode-oss/extensions/lazyvscode-theme.lazyvscode-theme-6.5.2-universal/follow-cursor.js:139:9)
	at listOnTimeout (node:internal/timers:588:17)
	at process.processTimers (node:internal/timers:523:7)
2026-04-19 19:45:04.096 [error] Error: Illegal argument: line must be non-negative
	at Fe (file:///usr/lib/code/out/vs/workbench/api/node/extensionHostProcess.js:383:1610)
	at new we (file:///usr/lib/code/out/vs/workbench/api/node/extensionHostProcess.js:497:19632)
	at new fe (file:///usr/lib/code/out/vs/workbench/api/node/extensionHostProcess.js:497:21355)
	at setTrailDecorations (/home/surfiks/.vscode-oss/extensions/lazyvscode-theme.lazyvscode-theme-6.5.2-universal/follow-cursor.js:101:19)
	at Timeout._onTimeout (/home/surfiks/.vscode-oss/extensions/lazyvscode-theme.lazyvscode-theme-6.5.2-universal/follow-cursor.js:139:9)
	at listOnTimeout (node:internal/timers:588:17)
	at process.processTimers (node:internal/timers:523:7)
2026-04-19 19:45:04.112 [error] Error: Illegal argument: line must be non-negative
	at Fe (file:///usr/lib/code/out/vs/workbench/api/node/extensionHostProcess.js:383:1610)
	at new we (file:///usr/lib/code/out/vs/workbench/api/node/extensionHostProcess.js:497:19632)
	at new fe (file:///usr/lib/code/out/vs/workbench/api/node/extensionHostProcess.js:497:21355)
	at setTrailDecorations (/home/surfiks/.vscode-oss/extensions/lazyvscode-theme.lazyvscode-theme-6.5.2-universal/follow-cursor.js:101:19)
	at Timeout._onTimeout (/home/surfiks/.vscode-oss/extensions/lazyvscode-theme.lazyvscode-theme-6.5.2-universal/follow-cursor.js:139:9)
	at listOnTimeout (node:internal/timers:588:17)
	at process.processTimers (node:internal/timers:523:7)
2026-04-19 19:48:33.310 [info] Extension host terminating: received terminate message from renderer
2026-04-19 19:48:33.329 [info] Extension host with pid 5088 exiting with code 0
