2026-04-18 13:07:15.524 [info] [main] Log level: Info
2026-04-18 13:07:15.524 [info] [main] Validating found git in: "git"
2026-04-18 13:07:15.524 [info] [main] Using git "2.53.0" from "git"
2026-04-18 13:07:15.524 [info] [Model][doInitialScan] Initial repository scan started
2026-04-18 13:07:15.524 [info] > git rev-parse --show-toplevel [6ms]
2026-04-18 13:07:15.524 [info] fatal: not a git repository (or any parent up to mount point /)
Stopping at filesystem boundary (GIT_DISCOVERY_ACROSS_FILESYSTEM not set).
2026-04-18 13:07:15.524 [info] > git rev-parse --show-toplevel [1ms]
2026-04-18 13:07:15.524 [info] fatal: not a git repository (or any parent up to mount point /)
Stopping at filesystem boundary (GIT_DISCOVERY_ACROSS_FILESYSTEM not set).
2026-04-18 13:07:15.524 [info] > git rev-parse --show-toplevel [1ms]
2026-04-18 13:07:15.524 [info] fatal: not a git repository (or any parent up to mount point /)
Stopping at filesystem boundary (GIT_DISCOVERY_ACROSS_FILESYSTEM not set).
2026-04-18 13:07:15.524 [info] > git rev-parse --show-toplevel [0ms]
2026-04-18 13:07:15.524 [info] fatal: not a git repository (or any parent up to mount point /)
Stopping at filesystem boundary (GIT_DISCOVERY_ACROSS_FILESYSTEM not set).
2026-04-18 13:07:15.524 [info] > git rev-parse --show-toplevel [1ms]
2026-04-18 13:07:15.524 [info] fatal: not a git repository (or any parent up to mount point /)
Stopping at filesystem boundary (GIT_DISCOVERY_ACROSS_FILESYSTEM not set).
2026-04-18 13:07:15.524 [info] > git rev-parse --show-toplevel [0ms]
2026-04-18 13:07:15.524 [info] fatal: not a git repository (or any parent up to mount point /)
Stopping at filesystem boundary (GIT_DISCOVERY_ACROSS_FILESYSTEM not set).
2026-04-18 13:07:15.524 [info] > git rev-parse --show-toplevel [1ms]
2026-04-18 13:07:15.524 [info] fatal: not a git repository (or any parent up to mount point /)
Stopping at filesystem boundary (GIT_DISCOVERY_ACROSS_FILESYSTEM not set).
2026-04-18 13:07:15.524 [info] > git rev-parse --show-toplevel [0ms]
2026-04-18 13:07:15.524 [info] fatal: not a git repository (or any parent up to mount point /)
Stopping at filesystem boundary (GIT_DISCOVERY_ACROSS_FILESYSTEM not set).
2026-04-18 13:07:15.524 [info] > git rev-parse --show-toplevel [1ms]
2026-04-18 13:07:15.524 [info] fatal: not a git repository (or any parent up to mount point /)
Stopping at filesystem boundary (GIT_DISCOVERY_ACROSS_FILESYSTEM not set).
2026-04-18 13:07:15.524 [info] > git rev-parse --show-toplevel [0ms]
2026-04-18 13:07:15.524 [info] fatal: not a git repository (or any parent up to mount point /)
Stopping at filesystem boundary (GIT_DISCOVERY_ACROSS_FILESYSTEM not set).
2026-04-18 13:07:15.524 [info] > git rev-parse --show-toplevel [2ms]
2026-04-18 13:07:15.524 [info] fatal: not a git repository (or any parent up to mount point /)
Stopping at filesystem boundary (GIT_DISCOVERY_ACROSS_FILESYSTEM not set).
2026-04-18 13:07:15.524 [info] > git rev-parse --show-toplevel [1ms]
2026-04-18 13:07:15.524 [info] fatal: not a git repository (or any parent up to mount point /)
Stopping at filesystem boundary (GIT_DISCOVERY_ACROSS_FILESYSTEM not set).
2026-04-18 13:07:15.524 [info] > git rev-parse --show-toplevel [3ms]
2026-04-18 13:07:15.524 [info] fatal: not a git repository (or any parent up to mount point /)
Stopping at filesystem boundary (GIT_DISCOVERY_ACROSS_FILESYSTEM not set).
2026-04-18 13:07:15.524 [info] > git rev-parse --show-toplevel [1ms]
2026-04-18 13:07:15.524 [info] fatal: not a git repository (or any parent up to mount point /)
Stopping at filesystem boundary (GIT_DISCOVERY_ACROSS_FILESYSTEM not set).
2026-04-18 13:07:15.535 [info] > git rev-parse --show-toplevel [8ms]
2026-04-18 13:07:15.535 [info] fatal: not a git repository (or any parent up to mount point /)
Stopping at filesystem boundary (GIT_DISCOVERY_ACROSS_FILESYSTEM not set).
2026-04-18 13:07:15.538 [info] > git rev-parse --show-toplevel [1ms]
2026-04-18 13:07:15.538 [info] fatal: not a git repository (or any parent up to mount point /)
Stopping at filesystem boundary (GIT_DISCOVERY_ACROSS_FILESYSTEM not set).
2026-04-18 13:07:15.541 [info] > git rev-parse --show-toplevel [1ms]
2026-04-18 13:07:15.541 [info] fatal: not a git repository (or any parent up to mount point /)
Stopping at filesystem boundary (GIT_DISCOVERY_ACROSS_FILESYSTEM not set).
2026-04-18 13:07:15.563 [info] > git rev-parse --show-toplevel [20ms]
2026-04-18 13:07:15.563 [info] fatal: not a git repository (or any parent up to mount point /)
Stopping at filesystem boundary (GIT_DISCOVERY_ACROSS_FILESYSTEM not set).
2026-04-18 13:07:15.569 [info] > git rev-parse --show-toplevel [1ms]
2026-04-18 13:07:15.569 [info] fatal: not a git repository (or any parent up to mount point /)
Stopping at filesystem boundary (GIT_DISCOVERY_ACROSS_FILESYSTEM not set).
2026-04-18 13:07:15.572 [info] > git rev-parse --show-toplevel [1ms]
2026-04-18 13:07:15.572 [info] fatal: not a git repository (or any parent up to mount point /)
Stopping at filesystem boundary (GIT_DISCOVERY_ACROSS_FILESYSTEM not set).
2026-04-18 13:07:15.576 [info] > git rev-parse --show-toplevel [1ms]
2026-04-18 13:07:15.576 [info] fatal: not a git repository (or any parent up to mount point /)
Stopping at filesystem boundary (GIT_DISCOVERY_ACROSS_FILESYSTEM not set).
2026-04-18 13:07:15.579 [info] > git rev-parse --show-toplevel [1ms]
2026-04-18 13:07:15.579 [info] fatal: not a git repository (or any parent up to mount point /)
Stopping at filesystem boundary (GIT_DISCOVERY_ACROSS_FILESYSTEM not set).
2026-04-18 13:07:15.582 [info] > git rev-parse --show-toplevel [1ms]
2026-04-18 13:07:15.582 [info] fatal: not a git repository (or any parent up to mount point /)
Stopping at filesystem boundary (GIT_DISCOVERY_ACROSS_FILESYSTEM not set).
2026-04-18 13:07:15.585 [info] > git rev-parse --show-toplevel [1ms]
2026-04-18 13:07:15.585 [info] fatal: not a git repository (or any parent up to mount point /)
Stopping at filesystem boundary (GIT_DISCOVERY_ACROSS_FILESYSTEM not set).
2026-04-18 13:07:15.588 [info] > git rev-parse --show-toplevel [1ms]
2026-04-18 13:07:15.588 [info] fatal: not a git repository (or any parent up to mount point /)
Stopping at filesystem boundary (GIT_DISCOVERY_ACROSS_FILESYSTEM not set).
2026-04-18 13:07:15.591 [info] > git rev-parse --show-toplevel [1ms]
2026-04-18 13:07:15.591 [info] fatal: not a git repository (or any parent up to mount point /)
Stopping at filesystem boundary (GIT_DISCOVERY_ACROSS_FILESYSTEM not set).
2026-04-18 13:07:15.594 [info] > git rev-parse --show-toplevel [1ms]
2026-04-18 13:07:15.594 [info] fatal: not a git repository (or any parent up to mount point /)
Stopping at filesystem boundary (GIT_DISCOVERY_ACROSS_FILESYSTEM not set).
2026-04-18 13:07:15.597 [info] > git rev-parse --show-toplevel [1ms]
2026-04-18 13:07:15.597 [info] fatal: not a git repository (or any parent up to mount point /)
Stopping at filesystem boundary (GIT_DISCOVERY_ACROSS_FILESYSTEM not set).
2026-04-18 13:07:15.600 [info] > git rev-parse --show-toplevel [1ms]
2026-04-18 13:07:15.600 [info] fatal: not a git repository (or any parent up to mount point /)
Stopping at filesystem boundary (GIT_DISCOVERY_ACROSS_FILESYSTEM not set).
2026-04-18 13:07:15.602 [info] > git rev-parse --show-toplevel [1ms]
2026-04-18 13:07:15.606 [info] > git rev-parse --git-dir --git-common-dir --show-superproject-working-tree [1ms]
2026-04-18 13:07:15.627 [info] [Model][openRepository] Opened repository (path): /home/surfiks/clock-rs
2026-04-18 13:07:15.627 [info] [Model][openRepository] Opened repository (real path): /home/surfiks/clock-rs
2026-04-18 13:07:15.627 [info] [Model][openRepository] Opened repository (kind): repository
2026-04-18 13:07:15.635 [info] > git rev-parse --show-toplevel [1ms]
2026-04-18 13:07:15.635 [info] fatal: not a git repository (or any parent up to mount point /)
Stopping at filesystem boundary (GIT_DISCOVERY_ACROSS_FILESYSTEM not set).
2026-04-18 13:07:15.635 [info] > git config --get commit.template [3ms]
2026-04-18 13:07:15.642 [info] > git rev-parse --show-toplevel [4ms]
2026-04-18 13:07:15.642 [info] fatal: not a git repository (or any parent up to mount point /)
Stopping at filesystem boundary (GIT_DISCOVERY_ACROSS_FILESYSTEM not set).
2026-04-18 13:07:15.645 [info] > git for-each-ref --format=%(refname)%00%(upstream:short)%00%(objectname)%00%(upstream:track)%00%(upstream:remotename)%00%(upstream:remoteref) refs/heads/main refs/remotes/main [4ms]
2026-04-18 13:07:15.647 [warning] [Git][revParse] Unable to read file: ENOENT: no such file or directory, open '/home/surfiks/clock-rs/.git/refs/remotes/origin/main'
2026-04-18 13:07:15.647 [info] > git rev-parse --show-toplevel [3ms]
2026-04-18 13:07:15.647 [info] fatal: not a git repository (or any parent up to mount point /)
Stopping at filesystem boundary (GIT_DISCOVERY_ACROSS_FILESYSTEM not set).
2026-04-18 13:07:15.650 [info] > git rev-parse refs/remotes/origin/main [3ms]
2026-04-18 13:07:15.658 [info] > git status -z -uall [5ms]
2026-04-18 13:07:15.658 [info] > git rev-parse --show-toplevel [8ms]
2026-04-18 13:07:15.658 [info] fatal: not a git repository (or any parent up to mount point /)
Stopping at filesystem boundary (GIT_DISCOVERY_ACROSS_FILESYSTEM not set).
2026-04-18 13:07:15.662 [info] > git for-each-ref --sort -committerdate --format %(refname)%00%(objectname)%00%(*objectname) [5ms]
2026-04-18 13:07:15.685 [info] > git for-each-ref --format=%(refname)%00%(upstream:short)%00%(objectname)%00%(upstream:track)%00%(upstream:remotename)%00%(upstream:remoteref) refs/heads/main refs/remotes/main [4ms]
2026-04-18 13:07:15.688 [info] > git rev-parse --show-toplevel [26ms]
2026-04-18 13:07:15.692 [info] > git config --get --local branch.main.vscode-merge-base [4ms]
2026-04-18 13:07:15.695 [info] > git config --get commit.template [10ms]
2026-04-18 13:07:15.698 [info] > git for-each-ref --format=%(refname)%00%(upstream:short)%00%(objectname)%00%(upstream:track)%00%(upstream:remotename)%00%(upstream:remoteref) refs/heads/origin/main refs/remotes/origin/main [3ms]
2026-04-18 13:07:15.702 [info] > git rev-parse --git-dir --git-common-dir --show-superproject-working-tree [10ms]
2026-04-18 13:07:15.705 [info] > git merge-base refs/heads/main refs/remotes/origin/main [4ms]
2026-04-18 13:07:15.709 [info] > git diff --raw --numstat --diff-filter=ADMR -z --find-renames=50% eb23ae0de642211fa8b0bc49d30661ceeb6d17e7...refs/remotes/origin/main -- [1ms]
2026-04-18 13:07:15.709 [info] > git for-each-ref --format=%(refname)%00%(upstream:short)%00%(objectname)%00%(upstream:track)%00%(upstream:remotename)%00%(upstream:remoteref) refs/heads/main refs/remotes/main [5ms]
2026-04-18 13:07:15.712 [warning] [Git][revParse] Unable to read file: ENOENT: no such file or directory, open '/home/surfiks/clock-rs/.git/refs/remotes/origin/main'
2026-04-18 13:07:15.713 [info] > git rev-parse refs/remotes/origin/main [1ms]
2026-04-18 13:07:15.718 [info] > git status -z -uall [3ms]
2026-04-18 13:07:15.723 [info] [Model][openRepository] Opened repository (path): /home/surfiks/yay
2026-04-18 13:07:15.723 [info] [Model][openRepository] Opened repository (real path): /home/surfiks/yay
2026-04-18 13:07:15.723 [info] [Model][openRepository] Opened repository (kind): repository
2026-04-18 13:07:15.728 [info] > git for-each-ref --sort -committerdate --format %(refname)%00%(objectname)%00%(*objectname) [10ms]
2026-04-18 13:07:15.733 [info] > git rev-parse --show-toplevel [5ms]
2026-04-18 13:07:15.733 [info] fatal: not a git repository (or any parent up to mount point /)
Stopping at filesystem boundary (GIT_DISCOVERY_ACROSS_FILESYSTEM not set).
2026-04-18 13:07:15.733 [info] [Model][doInitialScan] Initial repository scan completed - repositories (2), closed repositories (0), parent repositories (0), unsafe repositories (0)
2026-04-18 13:07:15.733 [info] > git config --get commit.template [7ms]
2026-04-18 13:07:15.739 [info] > git rev-parse --show-toplevel [3ms]
2026-04-18 13:07:15.739 [info] fatal: not a git repository (or any parent up to mount point /)
Stopping at filesystem boundary (GIT_DISCOVERY_ACROSS_FILESYSTEM not set).
2026-04-18 13:07:15.742 [info] > git for-each-ref --format=%(refname)%00%(upstream:short)%00%(objectname)%00%(upstream:track)%00%(upstream:remotename)%00%(upstream:remoteref) refs/heads/master refs/remotes/master [3ms]
2026-04-18 13:07:15.745 [warning] [Git][revParse] Unable to read file: ENOENT: no such file or directory, open '/home/surfiks/yay/.git/refs/remotes/origin/master'
2026-04-18 13:07:15.745 [info] > git rev-parse --show-toplevel [4ms]
2026-04-18 13:07:15.745 [info] fatal: not a git repository (or any parent up to mount point /)
Stopping at filesystem boundary (GIT_DISCOVERY_ACROSS_FILESYSTEM not set).
2026-04-18 13:07:15.746 [info] > git rev-parse refs/remotes/origin/master [1ms]
2026-04-18 13:07:15.750 [info] > git status -z -uall [2ms]
2026-04-18 13:07:15.751 [info] > git for-each-ref --sort -committerdate --format %(refname)%00%(objectname)%00%(*objectname) [1ms]
2026-04-18 13:07:15.758 [info] > git for-each-ref --format=%(refname)%00%(upstream:short)%00%(objectname)%00%(upstream:track)%00%(upstream:remotename)%00%(upstream:remoteref) refs/heads/master refs/remotes/master [3ms]
2026-04-18 13:07:15.761 [info] > git config --get --local branch.master.vscode-merge-base [1ms]
2026-04-18 13:07:15.763 [info] > git config --get commit.template [5ms]
2026-04-18 13:07:15.765 [info] > git for-each-ref --format=%(refname)%00%(upstream:short)%00%(objectname)%00%(upstream:track)%00%(upstream:remotename)%00%(upstream:remoteref) refs/heads/origin/master refs/remotes/origin/master [2ms]
2026-04-18 13:07:15.767 [info] > git for-each-ref --format=%(refname)%00%(upstream:short)%00%(objectname)%00%(upstream:track)%00%(upstream:remotename)%00%(upstream:remoteref) refs/heads/master refs/remotes/master [2ms]
2026-04-18 13:07:15.769 [warning] [Git][revParse] Unable to read file: ENOENT: no such file or directory, open '/home/surfiks/yay/.git/refs/remotes/origin/master'
2026-04-18 13:07:15.769 [info] > git merge-base refs/heads/master refs/remotes/origin/master [2ms]
2026-04-18 13:07:15.772 [info] > git rev-parse refs/remotes/origin/master [3ms]
2026-04-18 13:07:15.776 [info] > git status -z -uall [2ms]
2026-04-18 13:07:15.776 [info] > git diff --raw --numstat --diff-filter=ADMR -z --find-renames=50% 1a092538ebdfa373ddb641ab1fe564a2ed62877d...refs/remotes/origin/master -- [4ms]
2026-04-18 13:07:15.777 [info] > git for-each-ref --sort -committerdate --format %(refname)%00%(objectname)%00%(*objectname) [1ms]
2026-04-18 13:07:15.794 [info] > git rev-parse --show-toplevel [3ms]
2026-04-18 13:07:15.794 [info] fatal: not a git repository (or any parent up to mount point /)
Stopping at filesystem boundary (GIT_DISCOVERY_ACROSS_FILESYSTEM not set).
2026-04-18 13:07:16.248 [info] > git check-ignore -v -z --stdin [3ms]
2026-04-18 13:07:16.248 [info] > git check-ignore -v -z --stdin [1ms]
2026-04-18 13:07:17.300 [info] > git rev-parse --show-toplevel [0ms]
2026-04-18 13:07:17.300 [info] fatal: not a git repository (or any parent up to mount point /)
Stopping at filesystem boundary (GIT_DISCOVERY_ACROSS_FILESYSTEM not set).
